── Attaching packages ─────────────────────────────────────── tidyverse 1.2.1 ──
✔ ggplot2 2.2.1     ✔ purrr   0.2.4
✔ tibble  1.3.4     ✔ dplyr   0.7.4
✔ tidyr   0.7.2     ✔ stringr 1.2.0
✔ readr   1.1.1     ✔ forcats 0.2.0
── Conflicts ────────────────────────────────────────── tidyverse_conflicts() ──
✖ dplyr::filter() masks stats::filter()
✖ dplyr::lag()    masks stats::lag()
Loading required package: StanHeaders
rstan (Version 2.16.2, packaged: 2017-07-03 09:24:58 UTC, GitRev: 2e1f913d3ca3)
For execution on a local, multicore CPU with excess RAM we recommend calling
rstan_options(auto_write = TRUE)
options(mc.cores = parallel::detectCores())

Attaching package: ‘rstan’

The following object is masked from ‘package:tidyr’:

    extract

This is loo version 1.1.0
[1] 8
Parsed with column specification:
cols(
  .default = col_double(),
  sp = col_character(),
  DE = col_character(),
  GF = col_character(),
  BIOME = col_character()
)
See spec(...) for full column specifications.
Parsed with column specification:
cols(
  .default = col_double(),
  sp = col_character(),
  site = col_character(),
  strata = col_character(),
  sp.site.strata = col_character(),
  site2 = col_character(),
  sp_site_strata = col_character(),
  site_strata = col_character()
)
See spec(...) for full column specifications.
[1] "load sim_data.r"
[1] potLL
[1] "GL1"
[1] 2000
[1] 1000
[1] 20
[1] 2
In file included from file2b4c7d5e6f09.cpp:8:
In file included from /usr/local/lib/R/3.4/site-library/StanHeaders/include/src/stan/model/model_header.hpp:4:
In file included from /usr/local/lib/R/3.4/site-library/StanHeaders/include/stan/math.hpp:4:
In file included from /usr/local/lib/R/3.4/site-library/StanHeaders/include/stan/math/rev/mat.hpp:4:
In file included from /usr/local/lib/R/3.4/site-library/StanHeaders/include/stan/math/rev/core.hpp:12:
In file included from /usr/local/lib/R/3.4/site-library/StanHeaders/include/stan/math/rev/core/gevv_vvv_vari.hpp:5:
In file included from /usr/local/lib/R/3.4/site-library/StanHeaders/include/stan/math/rev/core/var.hpp:7:
In file included from /usr/local/lib/R/3.4/site-library/BH/include/boost/math/tools/config.hpp:13:
In file included from /usr/local/lib/R/3.4/site-library/BH/include/boost/config.hpp:39:
/usr/local/lib/R/3.4/site-library/BH/include/boost/config/compiler/clang.hpp:200:11: warning: 'BOOST_NO_CXX11_RVALUE_REFERENCES' macro redefined [-Wmacro-redefined]
#  define BOOST_NO_CXX11_RVALUE_REFERENCES
          ^
<command line>:6:9: note: previous definition is here
#define BOOST_NO_CXX11_RVALUE_REFERENCES 1
        ^
1 warning generated.

SAMPLING FOR MODEL '0444ad13bf319ac0f1650fd9d9ac6f20' NOW (CHAIN 1).

Gradient evaluation took 0.000422 seconds
1000 transitions using 10 leapfrog steps per transition would take 4.22 seconds.
Adjust your expectations accordingly!


WARNING: No variance estimation is
         performed for num_warmup < 20

Iteration: 1 / 1 [100%]  (Sampling)

 Elapsed Time: 1e-06 seconds (Warm-up)
               0.000935 seconds (Sampling)
               0.000936 seconds (Total)


SAMPLING FOR MODEL '0444ad13bf319ac0f1650fd9d9ac6f20' NOW (CHAIN 1).

Gradient evaluation took 0.000509 seconds
1000 transitions using 10 leapfrog steps per transition would take 5.09 seconds.
Adjust your expectations accordingly!


WARNING: There aren't enough warmup iterations to fit the
         three stages of adaptation as currently configured.
         Reducing each adaptation stage to 15%/75%/10% of
         the given number of warmup iterations:
           init_buffer = 15
           adapt_window = 75
           term_buffer = 10

Iteration:   1 / 200 [  0%]  (Warmup)

SAMPLING FOR MODEL '0444ad13bf319ac0f1650fd9d9ac6f20' NOW (CHAIN 2).

Gradient evaluation took 0.000516 seconds
1000 transitions using 10 leapfrog steps per transition would take 5.16 seconds.
Adjust your expectations accordingly!


WARNING: There aren't enough warmup iterations to fit the
         three stages of adaptation as currently configured.
         Reducing each adaptation stage to 15%/75%/10% of
         the given number of warmup iterations:
           init_buffer = 15
           adapt_window = 75
           term_buffer = 10

Iteration:   1 / 200 [  0%]  (Warmup)
Iteration:  20 / 200 [ 10%]  (Warmup)
Iteration:  20 / 200 [ 10%]  (Warmup)
Iteration:  40 / 200 [ 20%]  (Warmup)
Iteration:  40 / 200 [ 20%]  (Warmup)
Iteration:  60 / 200 [ 30%]  (Warmup)
Iteration:  60 / 200 [ 30%]  (Warmup)
Iteration:  80 / 200 [ 40%]  (Warmup)
Iteration:  80 / 200 [ 40%]  (Warmup)
Iteration: 100 / 200 [ 50%]  (Warmup)
Iteration: 101 / 200 [ 50%]  (Sampling)
Iteration: 100 / 200 [ 50%]  (Warmup)
Iteration: 101 / 200 [ 50%]  (Sampling)
Iteration: 120 / 200 [ 60%]  (Sampling)
Iteration: 120 / 200 [ 60%]  (Sampling)
Iteration: 140 / 200 [ 70%]  (Sampling)
Iteration: 140 / 200 [ 70%]  (Sampling)
Iteration: 160 / 200 [ 80%]  (Sampling)
Iteration: 160 / 200 [ 80%]  (Sampling)
Iteration: 180 / 200 [ 90%]  (Sampling)
Iteration: 180 / 200 [ 90%]  (Sampling)
Iteration: 200 / 200 [100%]  (Sampling)

 Elapsed Time: 40.6222 seconds (Warm-up)
               51.6982 seconds (Sampling)
               92.3204 seconds (Total)

Iteration: 200 / 200 [100%]  (Sampling)

 Elapsed Time: 46.4373 seconds (Warm-up)
               48.6798 seconds (Sampling)
               95.1171 seconds (Total)


SAMPLING FOR MODEL '0444ad13bf319ac0f1650fd9d9ac6f20' NOW (CHAIN 1).

Gradient evaluation took 0.000418 seconds
1000 transitions using 10 leapfrog steps per transition would take 4.18 seconds.
Adjust your expectations accordingly!


WARNING: No variance estimation is
         performed for num_warmup < 20

Iteration: 1 / 1 [100%]  (Sampling)

 Elapsed Time: 1e-06 seconds (Warm-up)
               0.000929 seconds (Sampling)
               0.00093 seconds (Total)


SAMPLING FOR MODEL '0444ad13bf319ac0f1650fd9d9ac6f20' NOW (CHAIN 1).

Gradient evaluation took 0.000783 seconds
1000 transitions using 10 leapfrog steps per transition would take 7.83 seconds.
Adjust your expectations accordingly!


WARNING: There aren't enough warmup iterations to fit the
         three stages of adaptation as currently configured.
         Reducing each adaptation stage to 15%/75%/10% of
         the given number of warmup iterations:
           init_buffer = 15
           adapt_window = 75
           term_buffer = 10

Iteration:   1 / 200 [  0%]  (Warmup)

SAMPLING FOR MODEL '0444ad13bf319ac0f1650fd9d9ac6f20' NOW (CHAIN 2).

Gradient evaluation took 0.000725 seconds
1000 transitions using 10 leapfrog steps per transition would take 7.25 seconds.
Adjust your expectations accordingly!


WARNING: There aren't enough warmup iterations to fit the
         three stages of adaptation as currently configured.
         Reducing each adaptation stage to 15%/75%/10% of
         the given number of warmup iterations:
           init_buffer = 15
           adapt_window = 75
           term_buffer = 10

Iteration:   1 / 200 [  0%]  (Warmup)
Iteration:  20 / 200 [ 10%]  (Warmup)
Iteration:  20 / 200 [ 10%]  (Warmup)
Iteration:  40 / 200 [ 20%]  (Warmup)
Iteration:  40 / 200 [ 20%]  (Warmup)
Iteration:  60 / 200 [ 30%]  (Warmup)
Iteration:  60 / 200 [ 30%]  (Warmup)
Iteration:  80 / 200 [ 40%]  (Warmup)
Iteration:  80 / 200 [ 40%]  (Warmup)
Iteration: 100 / 200 [ 50%]  (Warmup)
Iteration: 101 / 200 [ 50%]  (Sampling)
Iteration: 100 / 200 [ 50%]  (Warmup)
Iteration: 101 / 200 [ 50%]  (Sampling)
Iteration: 120 / 200 [ 60%]  (Sampling)
Iteration: 120 / 200 [ 60%]  (Sampling)
Iteration: 140 / 200 [ 70%]  (Sampling)
Iteration: 140 / 200 [ 70%]  (Sampling)
Iteration: 160 / 200 [ 80%]  (Sampling)
Iteration: 160 / 200 [ 80%]  (Sampling)
Iteration: 180 / 200 [ 90%]  (Sampling)
Iteration: 180 / 200 [ 90%]  (Sampling)
Iteration: 200 / 200 [100%]  (Sampling)

 Elapsed Time: 40.0369 seconds (Warm-up)
               51.3375 seconds (Sampling)
               91.3744 seconds (Total)

