[1] "Model: GL_LMAms"
[1] "Model dir: ./model/GL_LMAms.stan"
[1] "Data: GL"
[1] "n_iter = 2"
[1] "n_warm = 1"
[1] "n_thin = 1"
[1] "n_chains = 4"

SAMPLING FOR MODEL 'GL_LMAms' NOW (CHAIN 2).

SAMPLING FOR MODEL 'GL_LMAms' NOW (CHAIN 1).

SAMPLING FOR MODEL 'GL_LMAms' NOW (CHAIN 3).
Chain 2: 
Chain 2: Gradient evaluation took 0.00161 seconds
Chain 2: 1000 transitions using 10 leapfrog steps per transition would take 16.1 seconds.
Chain 2: Adjust your expectations accordingly!
Chain 2: 
Chain 2: 
Chain 2: WARNING: No variance estimation is
Chain 2:          performed for num_warmup < 20
Chain 2: 
Chain 2: Iteration: 1 / 2 [ 50%]  (Warmup)
Chain 3: 
Chain 3: Gradient evaluation took 0.000692 seconds
Chain 3: 1000 transitions using 10 leapfrog steps per transition would take 6.92 seconds.
Chain 3: Adjust your expectations accordingly!
Chain 3: 
Chain 3: 
Chain 3: WARNING: No variance estimation is
Chain 3:          performed for num_warmup < 20
Chain 3: 
Chain 1: 
Chain 1: Gradient evaluation took 0.00077 seconds
Chain 1: 1000 transitions using 10 leapfrog steps per transition would take 7.7 seconds.
Chain 1: Adjust your expectations accordingly!
Chain 1: 
Chain 1: 
Chain 1: WARNING: No variance estimation is
Chain 1:          performed for num_warmup < 20
Chain 1: 
Chain 2: Iteration: 2 / 2 [100%]  (Sampling)
Chain 2: 
Chain 2:  Elapsed Time: 0.006377 seconds (Warm-up)
Chain 2:                0.00342 seconds (Sampling)
Chain 2:                0.009797 seconds (Total)
Chain 2: 
Chain 3: Iteration: 1 / 2 [ 50%]  (Warmup)
Chain 3: Iteration: 2 / 2 [100%]  (Sampling)
Chain 3: 
Chain 3:  Elapsed Time: 0.001923 seconds (Warm-up)
Chain 3:                0.000966 seconds (Sampling)
Chain 3:                0.002889 seconds (Total)
Chain 3: 
Chain 1: Iteration: 1 / 2 [ 50%]  (Warmup)
Chain 1: Iteration: 2 / 2 [100%]  (Sampling)
Chain 1: 
Chain 1:  Elapsed Time: 0.003006 seconds (Warm-up)
Chain 1:                0.001516 seconds (Sampling)
Chain 1:                0.004522 seconds (Total)
Chain 1: 

SAMPLING FOR MODEL 'GL_LMAms' NOW (CHAIN 4).
Chain 4: 
Chain 4: Gradient evaluation took 0.000768 seconds
Chain 4: 1000 transitions using 10 leapfrog steps per transition would take 7.68 seconds.
Chain 4: Adjust your expectations accordingly!
Chain 4: 
Chain 4: 
Chain 4: WARNING: No variance estimation is
Chain 4:          performed for num_warmup < 20
Chain 4: 
Chain 4: Iteration: 1 / 2 [ 50%]  (Warmup)
Chain 4: Iteration: 2 / 2 [100%]  (Sampling)
Chain 4: 
Chain 4:  Elapsed Time: 0.004334 seconds (Warm-up)
Chain 4:                0.003002 seconds (Sampling)
Chain 4:                0.007336 seconds (Total)
Chain 4: 

SAMPLING FOR MODEL 'GL_LMAms' NOW (CHAIN 6).

SAMPLING FOR MODEL 'GL_LMAms' NOW (CHAIN 7).
Chain 6: 
Chain 6: Gradient evaluation took 0.000522 seconds
Chain 6: 1000 transitions using 10 leapfrog steps per transition would take 5.22 seconds.
Chain 6: Adjust your expectations accordingly!
Chain 6: 
Chain 6: 
Chain 6: WARNING: No variance estimation is
Chain 6:          performed for num_warmup < 20
Chain 6: 
Chain 7: 
Chain 7: Gradient evaluation took 0.000343 seconds
Chain 7: 1000 transitions using 10 leapfrog steps per transition would take 3.43 seconds.
Chain 7: Adjust your expectations accordingly!
Chain 7: 
Chain 7: 
Chain 7: WARNING: No variance estimation is
Chain 7:          performed for num_warmup < 20
Chain 7: 
Chain 6: Iteration: 1 / 2 [ 50%]  (Warmup)
Chain 6: Iteration: 2 / 2 [100%]  (Sampling)
Chain 6: 
Chain 6:  Elapsed Time: 0.001496 seconds (Warm-up)
Chain 6:                0.000713 seconds (Sampling)
Chain 6:                0.002209 seconds (Total)
Chain 6: 
Chain 7: Iteration: 1 / 2 [ 50%]  (Warmup)
Chain 7: Iteration: 2 / 2 [100%]  (Sampling)
Chain 7: 
Chain 7:  Elapsed Time: 0.005031 seconds (Warm-up)
Chain 7:                0.000819 seconds (Sampling)
Chain 7:                0.00585 seconds (Total)
Chain 7: 

SAMPLING FOR MODEL 'GL_LMAms' NOW (CHAIN 5).
Chain 5: 
Chain 5: Gradient evaluation took 0.000404 seconds
Chain 5: 1000 transitions using 10 leapfrog steps per transition would take 4.04 seconds.
Chain 5: Adjust your expectations accordingly!
Chain 5: 
Chain 5: 
Chain 5: WARNING: No variance estimation is
Chain 5:          performed for num_warmup < 20
Chain 5: 
Chain 5: Iteration: 1 / 2 [ 50%]  (Warmup)
Chain 5: Iteration: 2 / 2 [100%]  (Sampling)
Chain 5: 
Chain 5:  Elapsed Time: 0.000852 seconds (Warm-up)
Chain 5:                0.000799 seconds (Sampling)
Chain 5:                0.001651 seconds (Total)
Chain 5: 

SAMPLING FOR MODEL 'GL_LMAms' NOW (CHAIN 8).
Chain 8: 
Chain 8: Gradient evaluation took 0.000332 seconds
Chain 8: 1000 transitions using 10 leapfrog steps per transition would take 3.32 seconds.
Chain 8: Adjust your expectations accordingly!
Chain 8: 
Chain 8: 
Chain 8: WARNING: No variance estimation is
Chain 8:          performed for num_warmup < 20
Chain 8: 
Chain 8: Iteration: 1 / 2 [ 50%]  (Warmup)
Chain 8: Iteration: 2 / 2 [100%]  (Sampling)
Chain 8: 
Chain 8:  Elapsed Time: 0.00325 seconds (Warm-up)
Chain 8:                0.001231 seconds (Sampling)
Chain 8:                0.004481 seconds (Total)
Chain 8: 

SAMPLING FOR MODEL 'GL_LMAms' NOW (CHAIN 11).
Chain 11: 
Chain 11: Gradient evaluation took 0.000353 seconds
Chain 11: 1000 transitions using 10 leapfrog steps per transition would take 3.53 seconds.
Chain 11: Adjust your expectations accordingly!
Chain 11: 
Chain 11: 
Chain 11: WARNING: No variance estimation is
Chain 11:          performed for num_warmup < 20
Chain 11: 
Chain 11: Iteration: 1 / 2 [ 50%]  (Warmup)

SAMPLING FOR MODEL 'GL_LMAms' NOW (CHAIN 10).
Chain 11: Iteration: 2 / 2 [100%]  (Sampling)
Chain 11: 
Chain 11:  Elapsed Time: 0.003219 seconds (Warm-up)
Chain 11:                0.000917 seconds (Sampling)
Chain 11:                0.004136 seconds (Total)
Chain 11: 
Chain 10: 
Chain 10: Gradient evaluation took 0.000327 seconds
Chain 10: 1000 transitions using 10 leapfrog steps per transition would take 3.27 seconds.
Chain 10: Adjust your expectations accordingly!
Chain 10: 
Chain 10: 
Chain 10: WARNING: No variance estimation is
Chain 10:          performed for num_warmup < 20
Chain 10: 
Chain 10: Iteration: 1 / 2 [ 50%]  (Warmup)
Chain 10: Iteration: 2 / 2 [100%]  (Sampling)
Chain 10: 
Chain 10:  Elapsed Time: 0.00331 seconds (Warm-up)
Chain 10:                0.001604 seconds (Sampling)
Chain 10:                0.004914 seconds (Total)
Chain 10: 

SAMPLING FOR MODEL 'GL_LMAms' NOW (CHAIN 9).
Chain 9: 
Chain 9: Gradient evaluation took 0.000311 seconds
Chain 9: 1000 transitions using 10 leapfrog steps per transition would take 3.11 seconds.
Chain 9: Adjust your expectations accordingly!
Chain 9: 
Chain 9: 
Chain 9: WARNING: No variance estimation is
Chain 9:          performed for num_warmup < 20
Chain 9: 
Chain 9: Iteration: 1 / 2 [ 50%]  (Warmup)
Chain 9: Iteration: 2 / 2 [100%]  (Sampling)
Chain 9: 
Chain 9:  Elapsed Time: 0.00159 seconds (Warm-up)
Chain 9:                0.000766 seconds (Sampling)
Chain 9:                0.002356 seconds (Total)
Chain 9: 

SAMPLING FOR MODEL 'GL_LMAms' NOW (CHAIN 12).
Chain 12: 
Chain 12: Gradient evaluation took 0.000332 seconds
Chain 12: 1000 transitions using 10 leapfrog steps per transition would take 3.32 seconds.
Chain 12: Adjust your expectations accordingly!
Chain 12: 
Chain 12: 
Chain 12: WARNING: No variance estimation is
Chain 12:          performed for num_warmup < 20
Chain 12: 
Chain 12: Iteration: 1 / 2 [ 50%]  (Warmup)
Chain 12: Iteration: 2 / 2 [100%]  (Sampling)
Chain 12: 
Chain 12:  Elapsed Time: 0.001911 seconds (Warm-up)
Chain 12:                0.000923 seconds (Sampling)
Chain 12:                0.002834 seconds (Total)
Chain 12: 

SAMPLING FOR MODEL 'GL_LMAms' NOW (CHAIN 14).
Chain 14: 
Chain 14: Gradient evaluation took 0.000298 seconds
Chain 14: 1000 transitions using 10 leapfrog steps per transition would take 2.98 seconds.
Chain 14: Adjust your expectations accordingly!
Chain 14: 
Chain 14: 
Chain 14: WARNING: No variance estimation is
Chain 14:          performed for num_warmup < 20
Chain 14: 
Chain 14: Iteration: 1 / 2 [ 50%]  (Warmup)
Chain 14: Iteration: 2 / 2 [100%]  (Sampling)
Chain 14: 
Chain 14:  Elapsed Time: 0.002094 seconds (Warm-up)
Chain 14:                0.001126 seconds (Sampling)
Chain 14:                0.00322 seconds (Total)
Chain 14: 

SAMPLING FOR MODEL 'GL_LMAms' NOW (CHAIN 15).
Chain 15: 
Chain 15: Gradient evaluation took 0.000587 seconds
Chain 15: 1000 transitions using 10 leapfrog steps per transition would take 5.87 seconds.
Chain 15: Adjust your expectations accordingly!
Chain 15: 
Chain 15: 
Chain 15: WARNING: No variance estimation is
Chain 15:          performed for num_warmup < 20
Chain 15: 
Chain 15: Iteration: 1 / 2 [ 50%]  (Warmup)
Chain 15: Iteration: 2 / 2 [100%]  (Sampling)
Chain 15: 
Chain 15:  Elapsed Time: 0.002477 seconds (Warm-up)
Chain 15:                0.001238 seconds (Sampling)
Chain 15:                0.003715 seconds (Total)
Chain 15: 

SAMPLING FOR MODEL 'GL_LMAms' NOW (CHAIN 13).
Chain 13: 
Chain 13: Gradient evaluation took 0.000285 seconds
Chain 13: 1000 transitions using 10 leapfrog steps per transition would take 2.85 seconds.
Chain 13: Adjust your expectations accordingly!
Chain 13: 
Chain 13: 
Chain 13: WARNING: No variance estimation is
Chain 13:          performed for num_warmup < 20
Chain 13: 
Chain 13: Iteration: 1 / 2 [ 50%]  (Warmup)
Chain 13: Iteration: 2 / 2 [100%]  (Sampling)
Chain 13: 
Chain 13:  Elapsed Time: 0.001126 seconds (Warm-up)
Chain 13:                0.00082 seconds (Sampling)
Chain 13:                0.001946 seconds (Total)
Chain 13: 

SAMPLING FOR MODEL 'GL_LMAms' NOW (CHAIN 16).
Chain 16: 
Chain 16: Gradient evaluation took 0.000445 seconds
Chain 16: 1000 transitions using 10 leapfrog steps per transition would take 4.45 seconds.
Chain 16: Adjust your expectations accordingly!
Chain 16: 
Chain 16: 
Chain 16: WARNING: No variance estimation is
Chain 16:          performed for num_warmup < 20
Chain 16: 
Chain 16: Iteration: 1 / 2 [ 50%]  (Warmup)
Chain 16: Iteration: 2 / 2 [100%]  (Sampling)
Chain 16: 
Chain 16:  Elapsed Time: 0.002803 seconds (Warm-up)
Chain 16:                0.000754 seconds (Sampling)
Chain 16:                0.003557 seconds (Total)
Chain 16: 

SAMPLING FOR MODEL 'GL_LMAms' NOW (CHAIN 18).
Chain 18: 
Chain 18: Gradient evaluation took 0.00029 seconds
Chain 18: 1000 transitions using 10 leapfrog steps per transition would take 2.9 seconds.
Chain 18: Adjust your expectations accordingly!
Chain 18: 
Chain 18: 
Chain 18: WARNING: No variance estimation is
Chain 18:          performed for num_warmup < 20
Chain 18: 
Chain 18: Iteration: 1 / 2 [ 50%]  (Warmup)
Chain 18: Iteration: 2 / 2 [100%]  (Sampling)
Chain 18: 
Chain 18:  Elapsed Time: 0.00301 seconds (Warm-up)
Chain 18:                0.001522 seconds (Sampling)
Chain 18:                0.004532 seconds (Total)
Chain 18: 

SAMPLING FOR MODEL 'GL_LMAms' NOW (CHAIN 19).
Chain 19: 
Chain 19: Gradient evaluation took 0.000296 seconds
Chain 19: 1000 transitions using 10 leapfrog steps per transition would take 2.96 seconds.
Chain 19: Adjust your expectations accordingly!
Chain 19: 
Chain 19: 
Chain 19: WARNING: No variance estimation is
Chain 19:          performed for num_warmup < 20
Chain 19: 

SAMPLING FOR MODEL 'GL_LMAms' NOW (CHAIN 17).
Chain 19: Iteration: 1 / 2 [ 50%]  (Warmup)
Chain 19: Iteration: 2 / 2 [100%]  (Sampling)
Chain 19: 
Chain 19:  Elapsed Time: 0.0009 seconds (Warm-up)
Chain 19:                0.0007 seconds (Sampling)
Chain 19:                0.0016 seconds (Total)
Chain 19: 
Chain 17: 
Chain 17: Gradient evaluation took 0.000295 seconds
Chain 17: 1000 transitions using 10 leapfrog steps per transition would take 2.95 seconds.
Chain 17: Adjust your expectations accordingly!
Chain 17: 
Chain 17: 
Chain 17: WARNING: No variance estimation is
Chain 17:          performed for num_warmup < 20
Chain 17: 
Chain 17: Iteration: 1 / 2 [ 50%]  (Warmup)
Chain 17: Iteration: 2 / 2 [100%]  (Sampling)
Chain 17: 
Chain 17:  Elapsed Time: 0.003013 seconds (Warm-up)
Chain 17:                0.00095 seconds (Sampling)
Chain 17:                0.003963 seconds (Total)
Chain 17: 

SAMPLING FOR MODEL 'GL_LMAms' NOW (CHAIN 20).
Chain 20: 
Chain 20: Gradient evaluation took 0.000317 seconds
Chain 20: 1000 transitions using 10 leapfrog steps per transition would take 3.17 seconds.
Chain 20: Adjust your expectations accordingly!
Chain 20: 
Chain 20: 
Chain 20: WARNING: No variance estimation is
Chain 20:          performed for num_warmup < 20
Chain 20: 
Chain 20: Iteration: 1 / 2 [ 50%]  (Warmup)
Chain 20: Iteration: 2 / 2 [100%]  (Sampling)
Chain 20: 
Chain 20:  Elapsed Time: 0.002159 seconds (Warm-up)
Chain 20:                0.001141 seconds (Sampling)
Chain 20:                0.0033 seconds (Total)
Chain 20: 

SAMPLING FOR MODEL 'GL_LMAms' NOW (CHAIN 22).
Chain 22: 
Chain 22: Gradient evaluation took 0.000319 seconds
Chain 22: 1000 transitions using 10 leapfrog steps per transition would take 3.19 seconds.
Chain 22: Adjust your expectations accordingly!
Chain 22: 
Chain 22: 
Chain 22: WARNING: No variance estimation is
Chain 22:          performed for num_warmup < 20
Chain 22: 
Chain 22: Iteration: 1 / 2 [ 50%]  (Warmup)
Chain 22: Iteration: 2 / 2 [100%]  (Sampling)
Chain 22: 
Chain 22:  Elapsed Time: 0.000939 seconds (Warm-up)
Chain 22:                0.000755 seconds (Sampling)
Chain 22:                0.001694 seconds (Total)
Chain 22: 

SAMPLING FOR MODEL 'GL_LMAms' NOW (CHAIN 21).
Chain 21: 
Chain 21: Gradient evaluation took 0.000555 seconds
Chain 21: 1000 transitions using 10 leapfrog steps per transition would take 5.55 seconds.
Chain 21: Adjust your expectations accordingly!
Chain 21: 
Chain 21: 
Chain 21: WARNING: No variance estimation is
Chain 21:          performed for num_warmup < 20
Chain 21: 
Chain 21: Iteration: 1 / 2 [ 50%]  (Warmup)
Chain 21: Iteration: 2 / 2 [100%]  (Sampling)
Chain 21: 
Chain 21:  Elapsed Time: 0.006781 seconds (Warm-up)
Chain 21:                0.000872 seconds (Sampling)
Chain 21:                0.007653 seconds (Total)
Chain 21: 

SAMPLING FOR MODEL 'GL_LMAms' NOW (CHAIN 23).
Chain 23: 
Chain 23: Gradient evaluation took 0.000572 seconds
Chain 23: 1000 transitions using 10 leapfrog steps per transition would take 5.72 seconds.
Chain 23: Adjust your expectations accordingly!
Chain 23: 
Chain 23: 
Chain 23: WARNING: No variance estimation is
Chain 23:          performed for num_warmup < 20
Chain 23: 
Chain 23: Iteration: 1 / 2 [ 50%]  (Warmup)
Chain 23: Iteration: 2 / 2 [100%]  (Sampling)
Chain 23: 
Chain 23:  Elapsed Time: 0.002206 seconds (Warm-up)
Chain 23:                0.001199 seconds (Sampling)
Chain 23:                0.003405 seconds (Total)
Chain 23: 

SAMPLING FOR MODEL 'GL_LMAms' NOW (CHAIN 24).
Chain 24: 
Chain 24: Gradient evaluation took 0.000673 seconds
Chain 24: 1000 transitions using 10 leapfrog steps per transition would take 6.73 seconds.
Chain 24: Adjust your expectations accordingly!
Chain 24: 
Chain 24: 
Chain 24: WARNING: No variance estimation is
Chain 24:          performed for num_warmup < 20
Chain 24: 
Chain 24: Iteration: 1 / 2 [ 50%]  (Warmup)
Chain 24: Iteration: 2 / 2 [100%]  (Sampling)
Chain 24: 
Chain 24:  Elapsed Time: 0.001805 seconds (Warm-up)
Chain 24:                0.000904 seconds (Sampling)
Chain 24:                0.002709 seconds (Total)
Chain 24: 

SAMPLING FOR MODEL 'GL_LMAms' NOW (CHAIN 25).

SAMPLING FOR MODEL 'GL_LMAms' NOW (CHAIN 26).
Chain 25: 
Chain 25: Gradient evaluation took 0.000345 seconds
Chain 25: 1000 transitions using 10 leapfrog steps per transition would take 3.45 seconds.
Chain 25: Adjust your expectations accordingly!
Chain 25: 
Chain 25: 
Chain 25: WARNING: No variance estimation is
Chain 25:          performed for num_warmup < 20
Chain 25: 
Chain 26: 
Chain 26: Gradient evaluation took 0.00036 seconds
Chain 26: 1000 transitions using 10 leapfrog steps per transition would take 3.6 seconds.
Chain 26: Adjust your expectations accordingly!
Chain 26: 
Chain 26: 
Chain 26: WARNING: No variance estimation is
Chain 26:          performed for num_warmup < 20
Chain 26: 
Chain 26: Iteration: 1 / 2 [ 50%]  (Warmup)
Chain 25: Iteration: 1 / 2 [ 50%]  (Warmup)
Chain 26: Iteration: 2 / 2 [100%]  (Sampling)
Chain 26: 
Chain 26:  Elapsed Time: 0.005457 seconds (Warm-up)
Chain 26:                0.000753 seconds (Sampling)
Chain 26:                0.00621 seconds (Total)
Chain 26: 
Chain 25: Iteration: 2 / 2 [100%]  (Sampling)
Chain 25: 
Chain 25:  Elapsed Time: 0.004197 seconds (Warm-up)
Chain 25:                0.001266 seconds (Sampling)
Chain 25:                0.005463 seconds (Total)
Chain 25: 

SAMPLING FOR MODEL 'GL_LMAms' NOW (CHAIN 28).
Chain 28: 
Chain 28: Gradient evaluation took 0.000347 seconds
Chain 28: 1000 transitions using 10 leapfrog steps per transition would take 3.47 seconds.
Chain 28: Adjust your expectations accordingly!
Chain 28: 
Chain 28: 
Chain 28: WARNING: No variance estimation is
Chain 28:          performed for num_warmup < 20
Chain 28: 
Chain 28: Iteration: 1 / 2 [ 50%]  (Warmup)
Chain 28: Iteration: 2 / 2 [100%]  (Sampling)
Chain 28: 
Chain 28:  Elapsed Time: 0.000871 seconds (Warm-up)
Chain 28:                0.000731 seconds (Sampling)
Chain 28:                0.001602 seconds (Total)
Chain 28: 

SAMPLING FOR MODEL 'GL_LMAms' NOW (CHAIN 27).
Chain 27: 
Chain 27: Gradient evaluation took 0.000327 seconds
Chain 27: 1000 transitions using 10 leapfrog steps per transition would take 3.27 seconds.
Chain 27: Adjust your expectations accordingly!
Chain 27: 
Chain 27: 
Chain 27: WARNING: No variance estimation is
Chain 27:          performed for num_warmup < 20
Chain 27: 
Chain 27: Iteration: 1 / 2 [ 50%]  (Warmup)
Chain 27: Iteration: 2 / 2 [100%]  (Sampling)
Chain 27: 
Chain 27:  Elapsed Time: 0.004787 seconds (Warm-up)
Chain 27:                0.001192 seconds (Sampling)
Chain 27:                0.005979 seconds (Total)
Chain 27: 

SAMPLING FOR MODEL 'GL_LMAms' NOW (CHAIN 29).

SAMPLING FOR MODEL 'GL_LMAms' NOW (CHAIN 30).
Chain 29: 
Chain 29: Gradient evaluation took 0.000364 seconds
Chain 29: 1000 transitions using 10 leapfrog steps per transition would take 3.64 seconds.
Chain 29: Adjust your expectations accordingly!
Chain 29: 
Chain 29: 
Chain 29: WARNING: No variance estimation is
Chain 29:          performed for num_warmup < 20
Chain 29: 
Chain 30: 
Chain 30: Gradient evaluation took 0.000338 seconds
Chain 30: 1000 transitions using 10 leapfrog steps per transition would take 3.38 seconds.
Chain 30: Adjust your expectations accordingly!
Chain 30: 
Chain 30: 
Chain 30: WARNING: No variance estimation is
Chain 30:          performed for num_warmup < 20
Chain 30: 
Chain 29: Iteration: 1 / 2 [ 50%]  (Warmup)
Chain 30: Iteration: 1 / 2 [ 50%]  (Warmup)
Chain 29: Iteration: 2 / 2 [100%]  (Sampling)
Chain 29: 
Chain 29:  Elapsed Time: 0.004994 seconds (Warm-up)
Chain 29:                0.000883 seconds (Sampling)
Chain 29:                0.005877 seconds (Total)
Chain 29: 
Chain 30: Iteration: 2 / 2 [100%]  (Sampling)
Chain 30: 
Chain 30:  Elapsed Time: 0.009673 seconds (Warm-up)
Chain 30:                0.000735 seconds (Sampling)
Chain 30:                0.010408 seconds (Total)
Chain 30: 

SAMPLING FOR MODEL 'GL_LMAms' NOW (CHAIN 32).
Chain 32: 
Chain 32: Gradient evaluation took 0.000326 seconds
Chain 32: 1000 transitions using 10 leapfrog steps per transition would take 3.26 seconds.
Chain 32: Adjust your expectations accordingly!
Chain 32: 
Chain 32: 
Chain 32: WARNING: No variance estimation is
Chain 32:          performed for num_warmup < 20
Chain 32: 
Chain 32: Iteration: 1 / 2 [ 50%]  (Warmup)
Chain 32: Iteration: 2 / 2 [100%]  (Sampling)
Chain 32: 
Chain 32:  Elapsed Time: 0.008312 seconds (Warm-up)
Chain 32:                0.00197 seconds (Sampling)
Chain 32:                0.010282 seconds (Total)
Chain 32: 

SAMPLING FOR MODEL 'GL_LMAms' NOW (CHAIN 31).
Chain 31: 
Chain 31: Gradient evaluation took 0.0003 seconds
Chain 31: 1000 transitions using 10 leapfrog steps per transition would take 3 seconds.
Chain 31: Adjust your expectations accordingly!
Chain 31: 
Chain 31: 
Chain 31: WARNING: No variance estimation is
Chain 31:          performed for num_warmup < 20
Chain 31: 
Chain 31: Iteration: 1 / 2 [ 50%]  (Warmup)
Chain 31: Iteration: 2 / 2 [100%]  (Sampling)
Chain 31: 
Chain 31:  Elapsed Time: 0.000866 seconds (Warm-up)
Chain 31:                0.000724 seconds (Sampling)
Chain 31:                0.00159 seconds (Total)
Chain 31: 

SAMPLING FOR MODEL 'GL_LMAms' NOW (CHAIN 33).

SAMPLING FOR MODEL 'GL_LMAms' NOW (CHAIN 34).
Chain 33: 
Chain 33: Gradient evaluation took 0.000283 seconds
Chain 33: 1000 transitions using 10 leapfrog steps per transition would take 2.83 seconds.
Chain 33: Adjust your expectations accordingly!
Chain 33: 
Chain 33: 
Chain 33: WARNING: No variance estimation is
Chain 33:          performed for num_warmup < 20
Chain 33: 
Chain 34: 
Chain 34: Gradient evaluation took 0.000281 seconds
Chain 34: 1000 transitions using 10 leapfrog steps per transition would take 2.81 seconds.
Chain 34: Adjust your expectations accordingly!
Chain 34: 
Chain 34: 
Chain 34: WARNING: No variance estimation is
Chain 34:          performed for num_warmup < 20
Chain 34: 
Chain 33: Iteration: 1 / 2 [ 50%]  (Warmup)
Chain 34: Iteration: 1 / 2 [ 50%]  (Warmup)
Chain 34: Iteration: 2 / 2 [100%]  (Sampling)
Chain 34: 
Chain 34:  Elapsed Time: 0.000832 seconds (Warm-up)
Chain 34:                0.000685 seconds (Sampling)
Chain 34:                0.001517 seconds (Total)
Chain 34: 
Chain 33: Iteration: 2 / 2 [100%]  (Sampling)
Chain 33: 
Chain 33:  Elapsed Time: 0.004377 seconds (Warm-up)
Chain 33:                0.000668 seconds (Sampling)
Chain 33:                0.005045 seconds (Total)
Chain 33: 

SAMPLING FOR MODEL 'GL_LMAms' NOW (CHAIN 36).
Chain 36: 
Chain 36: Gradient evaluation took 0.000287 seconds
Chain 36: 1000 transitions using 10 leapfrog steps per transition would take 2.87 seconds.
Chain 36: Adjust your expectations accordingly!
Chain 36: 
Chain 36: 
Chain 36: WARNING: No variance estimation is
Chain 36:          performed for num_warmup < 20
Chain 36: 
Chain 36: Iteration: 1 / 2 [ 50%]  (Warmup)
Chain 36: Iteration: 2 / 2 [100%]  (Sampling)
Chain 36: 
Chain 36:  Elapsed Time: 0.002334 seconds (Warm-up)
Chain 36:                0.001866 seconds (Sampling)
Chain 36:                0.0042 seconds (Total)
Chain 36: 

SAMPLING FOR MODEL 'GL_LMAms' NOW (CHAIN 35).
Chain 35: 
Chain 35: Gradient evaluation took 0.000277 seconds
Chain 35: 1000 transitions using 10 leapfrog steps per transition would take 2.77 seconds.
Chain 35: Adjust your expectations accordingly!
Chain 35: 
Chain 35: 
Chain 35: WARNING: No variance estimation is
Chain 35:          performed for num_warmup < 20
Chain 35: 
Chain 35: Iteration: 1 / 2 [ 50%]  (Warmup)
Chain 35: Iteration: 2 / 2 [100%]  (Sampling)
Chain 35: 
Chain 35:  Elapsed Time: 0.003078 seconds (Warm-up)
Chain 35:                0.001431 seconds (Sampling)
Chain 35:                0.004509 seconds (Total)
Chain 35: 

SAMPLING FOR MODEL 'GL_LMAms' NOW (CHAIN 38).

SAMPLING FOR MODEL 'GL_LMAms' NOW (CHAIN 37).
Chain 38: 
Chain 38: Gradient evaluation took 0.000284 seconds
Chain 38: 1000 transitions using 10 leapfrog steps per transition would take 2.84 seconds.
Chain 38: Adjust your expectations accordingly!
Chain 38: 
Chain 38: 
Chain 38: WARNING: No variance estimation is
Chain 38:          performed for num_warmup < 20
Chain 38: 
Chain 37: 
Chain 37: Gradient evaluation took 0.000286 seconds
Chain 37: 1000 transitions using 10 leapfrog steps per transition would take 2.86 seconds.
Chain 37: Adjust your expectations accordingly!
Chain 37: 
Chain 37: 
Chain 37: WARNING: No variance estimation is
Chain 37:          performed for num_warmup < 20
Chain 37: 
Chain 38: Iteration: 1 / 2 [ 50%]  (Warmup)
Chain 38: Iteration: 2 / 2 [100%]  (Sampling)
Chain 38: 
Chain 38:  Elapsed Time: 0.00132 seconds (Warm-up)
Chain 38:                0.00066 seconds (Sampling)
Chain 38:                0.00198 seconds (Total)
Chain 38: 
Chain 37: Iteration: 1 / 2 [ 50%]  (Warmup)
Chain 37: Iteration: 2 / 2 [100%]  (Sampling)
Chain 37: 
Chain 37:  Elapsed Time: 0.001359 seconds (Warm-up)
Chain 37:                0.001055 seconds (Sampling)
Chain 37:                0.002414 seconds (Total)
Chain 37: 

SAMPLING FOR MODEL 'GL_LMAms' NOW (CHAIN 40).
Chain 40: 
Chain 40: Gradient evaluation took 0.000277 seconds
Chain 40: 1000 transitions using 10 leapfrog steps per transition would take 2.77 seconds.
Chain 40: Adjust your expectations accordingly!
Chain 40: 
Chain 40: 
Chain 40: WARNING: No variance estimation is
Chain 40:          performed for num_warmup < 20
Chain 40: 
Chain 40: Iteration: 1 / 2 [ 50%]  (Warmup)
Chain 40: Iteration: 2 / 2 [100%]  (Sampling)
Chain 40: 
Chain 40:  Elapsed Time: 0.001346 seconds (Warm-up)
Chain 40:                0.000686 seconds (Sampling)
Chain 40:                0.002032 seconds (Total)
Chain 40: 

SAMPLING FOR MODEL 'GL_LMAms' NOW (CHAIN 39).
Chain 39: 
Chain 39: Gradient evaluation took 0.000288 seconds
Chain 39: 1000 transitions using 10 leapfrog steps per transition would take 2.88 seconds.
Chain 39: Adjust your expectations accordingly!
Chain 39: 
Chain 39: 
Chain 39: WARNING: No variance estimation is
Chain 39:          performed for num_warmup < 20
Chain 39: 
Chain 39: Iteration: 1 / 2 [ 50%]  (Warmup)
Chain 39: Iteration: 2 / 2 [100%]  (Sampling)
Chain 39: 
Chain 39:  Elapsed Time: 0.001487 seconds (Warm-up)
Chain 39:                0.000746 seconds (Sampling)
Chain 39:                0.002233 seconds (Total)
Chain 39: 
