[1] "Model: LMAm_LMAs2"
[1] "Model dir: ./model/LMAm_LMAs2.stan"
[1] "Data: GL"
[1] "n_iter = 2000"
[1] "n_warm = 1000"
[1] "n_thin = 1"
[1] "n_chains = 4"
In file included from file1161c70a26f89.cpp:8:
In file included from /usr/local/lib/R/3.5/site-library/StanHeaders/include/src/stan/model/model_header.hpp:4:
In file included from /usr/local/lib/R/3.5/site-library/StanHeaders/include/stan/math.hpp:4:
In file included from /usr/local/lib/R/3.5/site-library/StanHeaders/include/stan/math/rev/mat.hpp:4:
In file included from /usr/local/lib/R/3.5/site-library/StanHeaders/include/stan/math/rev/core.hpp:14:
In file included from /usr/local/lib/R/3.5/site-library/StanHeaders/include/stan/math/rev/core/matrix_vari.hpp:4:
In file included from /usr/local/lib/R/3.5/site-library/StanHeaders/include/stan/math/rev/mat/fun/Eigen_NumTraits.hpp:4:
In file included from /usr/local/lib/R/3.5/site-library/StanHeaders/include/stan/math/prim/mat/fun/Eigen.hpp:4:
In file included from /usr/local/lib/R/3.5/site-library/RcppEigen/include/Eigen/Dense:1:
In file included from /usr/local/lib/R/3.5/site-library/RcppEigen/include/Eigen/Core:531:
/usr/local/lib/R/3.5/site-library/RcppEigen/include/Eigen/src/Core/util/ReenableStupidWarnings.h:10:30: warning: pragma diagnostic pop could not pop, no matching push [-Wunknown-pragmas]
    #pragma clang diagnostic pop
                             ^
In file included from file1161c70a26f89.cpp:8:
In file included from /usr/local/lib/R/3.5/site-library/StanHeaders/include/src/stan/model/model_header.hpp:4:
In file included from /usr/local/lib/R/3.5/site-library/StanHeaders/include/stan/math.hpp:4:
In file included from /usr/local/lib/R/3.5/site-library/StanHeaders/include/stan/math/rev/mat.hpp:4:
In file included from /usr/local/lib/R/3.5/site-library/StanHeaders/include/stan/math/rev/core.hpp:14:
In file included from /usr/local/lib/R/3.5/site-library/StanHeaders/include/stan/math/rev/core/matrix_vari.hpp:4:
In file included from /usr/local/lib/R/3.5/site-library/StanHeaders/include/stan/math/rev/mat/fun/Eigen_NumTraits.hpp:4:
In file included from /usr/local/lib/R/3.5/site-library/StanHeaders/include/stan/math/prim/mat/fun/Eigen.hpp:4:
In file included from /usr/local/lib/R/3.5/site-library/RcppEigen/include/Eigen/Dense:2:
In file included from /usr/local/lib/R/3.5/site-library/RcppEigen/include/Eigen/LU:47:
/usr/local/lib/R/3.5/site-library/RcppEigen/include/Eigen/src/Core/util/ReenableStupidWarnings.h:10:30: warning: pragma diagnostic pop could not pop, no matching push [-Wunknown-pragmas]
    #pragma clang diagnostic pop
                             ^
In file included from file1161c70a26f89.cpp:8:
In file included from /usr/local/lib/R/3.5/site-library/StanHeaders/include/src/stan/model/model_header.hpp:4:
In file included from /usr/local/lib/R/3.5/site-library/StanHeaders/include/stan/math.hpp:4:
In file included from /usr/local/lib/R/3.5/site-library/StanHeaders/include/stan/math/rev/mat.hpp:4:
In file included from /usr/local/lib/R/3.5/site-library/StanHeaders/include/stan/math/rev/core.hpp:14:
In file included from /usr/local/lib/R/3.5/site-library/StanHeaders/include/stan/math/rev/core/matrix_vari.hpp:4:
In file included from /usr/local/lib/R/3.5/site-library/StanHeaders/include/stan/math/rev/mat/fun/Eigen_NumTraits.hpp:4:
In file included from /usr/local/lib/R/3.5/site-library/StanHeaders/include/stan/math/prim/mat/fun/Eigen.hpp:4:
In file included from /usr/local/lib/R/3.5/site-library/RcppEigen/include/Eigen/Dense:3:
In file included from /usr/local/lib/R/3.5/site-library/RcppEigen/include/Eigen/Cholesky:12:
In file included from /usr/local/lib/R/3.5/site-library/RcppEigen/include/Eigen/Jacobi:29:
/usr/local/lib/R/3.5/site-library/RcppEigen/include/Eigen/src/Core/util/ReenableStupidWarnings.h:10:30: warning: pragma diagnostic pop could not pop, no matching push [-Wunknown-pragmas]
    #pragma clang diagnostic pop
                             ^
In file included from file1161c70a26f89.cpp:8:
In file included from /usr/local/lib/R/3.5/site-library/StanHeaders/include/src/stan/model/model_header.hpp:4:
In file included from /usr/local/lib/R/3.5/site-library/StanHeaders/include/stan/math.hpp:4:
In file included from /usr/local/lib/R/3.5/site-library/StanHeaders/include/stan/math/rev/mat.hpp:4:
In file included from /usr/local/lib/R/3.5/site-library/StanHeaders/include/stan/math/rev/core.hpp:14:
In file included from /usr/local/lib/R/3.5/site-library/StanHeaders/include/stan/math/rev/core/matrix_vari.hpp:4:
In file included from /usr/local/lib/R/3.5/site-library/StanHeaders/include/stan/math/rev/mat/fun/Eigen_NumTraits.hpp:4:
In file included from /usr/local/lib/R/3.5/site-library/StanHeaders/include/stan/math/prim/mat/fun/Eigen.hpp:4:
In file included from /usr/local/lib/R/3.5/site-library/RcppEigen/include/Eigen/Dense:3:
In file included from /usr/local/lib/R/3.5/site-library/RcppEigen/include/Eigen/Cholesky:43:
/usr/local/lib/R/3.5/site-library/RcppEigen/include/Eigen/src/Core/util/ReenableStupidWarnings.h:10:30: warning: pragma diagnostic pop could not pop, no matching push [-Wunknown-pragmas]
    #pragma clang diagnostic pop
                             ^
In file included from file1161c70a26f89.cpp:8:
In file included from /usr/local/lib/R/3.5/site-library/StanHeaders/include/src/stan/model/model_header.hpp:4:
In file included from /usr/local/lib/R/3.5/site-library/StanHeaders/include/stan/math.hpp:4:
In file included from /usr/local/lib/R/3.5/site-library/StanHeaders/include/stan/math/rev/mat.hpp:4:
In file included from /usr/local/lib/R/3.5/site-library/StanHeaders/include/stan/math/rev/core.hpp:14:
In file included from /usr/local/lib/R/3.5/site-library/StanHeaders/include/stan/math/rev/core/matrix_vari.hpp:4:
In file included from /usr/local/lib/R/3.5/site-library/StanHeaders/include/stan/math/rev/mat/fun/Eigen_NumTraits.hpp:4:
In file included from /usr/local/lib/R/3.5/site-library/StanHeaders/include/stan/math/prim/mat/fun/Eigen.hpp:4:
In file included from /usr/local/lib/R/3.5/site-library/RcppEigen/include/Eigen/Dense:4:
In file included from /usr/local/lib/R/3.5/site-library/RcppEigen/include/Eigen/QR:17:
In file included from /usr/local/lib/R/3.5/site-library/RcppEigen/include/Eigen/Householder:27:
/usr/local/lib/R/3.5/site-library/RcppEigen/include/Eigen/src/Core/util/ReenableStupidWarnings.h:10:30: warning: pragma diagnostic pop could not pop, no matching push [-Wunknown-pragmas]
    #pragma clang diagnostic pop
                             ^
In file included from file1161c70a26f89.cpp:8:
In file included from /usr/local/lib/R/3.5/site-library/StanHeaders/include/src/stan/model/model_header.hpp:4:
In file included from /usr/local/lib/R/3.5/site-library/StanHeaders/include/stan/math.hpp:4:
In file included from /usr/local/lib/R/3.5/site-library/StanHeaders/include/stan/math/rev/mat.hpp:4:
In file included from /usr/local/lib/R/3.5/site-library/StanHeaders/include/stan/math/rev/core.hpp:14:
In file included from /usr/local/lib/R/3.5/site-library/StanHeaders/include/stan/math/rev/core/matrix_vari.hpp:4:
In file included from /usr/local/lib/R/3.5/site-library/StanHeaders/include/stan/math/rev/mat/fun/Eigen_NumTraits.hpp:4:
In file included from /usr/local/lib/R/3.5/site-library/StanHeaders/include/stan/math/prim/mat/fun/Eigen.hpp:4:
In file included from /usr/local/lib/R/3.5/site-library/RcppEigen/include/Eigen/Dense:5:
In file included from /usr/local/lib/R/3.5/site-library/RcppEigen/include/Eigen/SVD:48:
/usr/local/lib/R/3.5/site-library/RcppEigen/include/Eigen/src/Core/util/ReenableStupidWarnings.h:10:30: warning: pragma diagnostic pop could not pop, no matching push [-Wunknown-pragmas]
    #pragma clang diagnostic pop
                             ^
In file included from file1161c70a26f89.cpp:8:
In file included from /usr/local/lib/R/3.5/site-library/StanHeaders/include/src/stan/model/model_header.hpp:4:
In file included from /usr/local/lib/R/3.5/site-library/StanHeaders/include/stan/math.hpp:4:
In file included from /usr/local/lib/R/3.5/site-library/StanHeaders/include/stan/math/rev/mat.hpp:4:
In file included from /usr/local/lib/R/3.5/site-library/StanHeaders/include/stan/math/rev/core.hpp:14:
In file included from /usr/local/lib/R/3.5/site-library/StanHeaders/include/stan/math/rev/core/matrix_vari.hpp:4:
In file included from /usr/local/lib/R/3.5/site-library/StanHeaders/include/stan/math/rev/mat/fun/Eigen_NumTraits.hpp:4:
In file included from /usr/local/lib/R/3.5/site-library/StanHeaders/include/stan/math/prim/mat/fun/Eigen.hpp:4:
In file included from /usr/local/lib/R/3.5/site-library/RcppEigen/include/Eigen/Dense:6:
In file included from /usr/local/lib/R/3.5/site-library/RcppEigen/include/Eigen/Geometry:58:
/usr/local/lib/R/3.5/site-library/RcppEigen/include/Eigen/src/Core/util/ReenableStupidWarnings.h:10:30: warning: pragma diagnostic pop could not pop, no matching push [-Wunknown-pragmas]
    #pragma clang diagnostic pop
                             ^
In file included from file1161c70a26f89.cpp:8:
In file included from /usr/local/lib/R/3.5/site-library/StanHeaders/include/src/stan/model/model_header.hpp:4:
In file included from /usr/local/lib/R/3.5/site-library/StanHeaders/include/stan/math.hpp:4:
In file included from /usr/local/lib/R/3.5/site-library/StanHeaders/include/stan/math/rev/mat.hpp:4:
In file included from /usr/local/lib/R/3.5/site-library/StanHeaders/include/stan/math/rev/core.hpp:14:
In file included from /usr/local/lib/R/3.5/site-library/StanHeaders/include/stan/math/rev/core/matrix_vari.hpp:4:
In file included from /usr/local/lib/R/3.5/site-library/StanHeaders/include/stan/math/rev/mat/fun/Eigen_NumTraits.hpp:4:
In file included from /usr/local/lib/R/3.5/site-library/StanHeaders/include/stan/math/prim/mat/fun/Eigen.hpp:4:
In file included from /usr/local/lib/R/3.5/site-library/RcppEigen/include/Eigen/Dense:7:
In file included from /usr/local/lib/R/3.5/site-library/RcppEigen/include/Eigen/Eigenvalues:58:
/usr/local/lib/R/3.5/site-library/RcppEigen/include/Eigen/src/Core/util/ReenableStupidWarnings.h:10:30: warning: pragma diagnostic pop could not pop, no matching push [-Wunknown-pragmas]
    #pragma clang diagnostic pop
                             ^
In file included from file1161c70a26f89.cpp:8:
In file included from /usr/local/lib/R/3.5/site-library/StanHeaders/include/src/stan/model/model_header.hpp:4:
In file included from /usr/local/lib/R/3.5/site-library/StanHeaders/include/stan/math.hpp:4:
In file included from /usr/local/lib/R/3.5/site-library/StanHeaders/include/stan/math/rev/mat.hpp:12:
In file included from /usr/local/lib/R/3.5/site-library/StanHeaders/include/stan/math/prim/mat.hpp:83:
In file included from /usr/local/lib/R/3.5/site-library/StanHeaders/include/stan/math/prim/mat/fun/csr_extract_u.hpp:6:
In file included from /usr/local/lib/R/3.5/site-library/RcppEigen/include/Eigen/Sparse:26:
In file included from /usr/local/lib/R/3.5/site-library/RcppEigen/include/Eigen/SparseCore:66:
/usr/local/lib/R/3.5/site-library/RcppEigen/include/Eigen/src/Core/util/ReenableStupidWarnings.h:10:30: warning: pragma diagnostic pop could not pop, no matching push [-Wunknown-pragmas]
    #pragma clang diagnostic pop
                             ^
In file included from file1161c70a26f89.cpp:8:
In file included from /usr/local/lib/R/3.5/site-library/StanHeaders/include/src/stan/model/model_header.hpp:4:
In file included from /usr/local/lib/R/3.5/site-library/StanHeaders/include/stan/math.hpp:4:
In file included from /usr/local/lib/R/3.5/site-library/StanHeaders/include/stan/math/rev/mat.hpp:12:
In file included from /usr/local/lib/R/3.5/site-library/StanHeaders/include/stan/math/prim/mat.hpp:83:
In file included from /usr/local/lib/R/3.5/site-library/StanHeaders/include/stan/math/prim/mat/fun/csr_extract_u.hpp:6:
In file included from /usr/local/lib/R/3.5/site-library/RcppEigen/include/Eigen/Sparse:27:
In file included from /usr/local/lib/R/3.5/site-library/RcppEigen/include/Eigen/OrderingMethods:71:
/usr/local/lib/R/3.5/site-library/RcppEigen/include/Eigen/src/Core/util/ReenableStupidWarnings.h:10:30: warning: pragma diagnostic pop could not pop, no matching push [-Wunknown-pragmas]
    #pragma clang diagnostic pop
                             ^
In file included from file1161c70a26f89.cpp:8:
In file included from /usr/local/lib/R/3.5/site-library/StanHeaders/include/src/stan/model/model_header.hpp:4:
In file included from /usr/local/lib/R/3.5/site-library/StanHeaders/include/stan/math.hpp:4:
In file included from /usr/local/lib/R/3.5/site-library/StanHeaders/include/stan/math/rev/mat.hpp:12:
In file included from /usr/local/lib/R/3.5/site-library/StanHeaders/include/stan/math/prim/mat.hpp:83:
In file included from /usr/local/lib/R/3.5/site-library/StanHeaders/include/stan/math/prim/mat/fun/csr_extract_u.hpp:6:
In file included from /usr/local/lib/R/3.5/site-library/RcppEigen/include/Eigen/Sparse:29:
In file included from /usr/local/lib/R/3.5/site-library/RcppEigen/include/Eigen/SparseCholesky:43:
/usr/local/lib/R/3.5/site-library/RcppEigen/include/Eigen/src/Core/util/ReenableStupidWarnings.h:10:30: warning: pragma diagnostic pop could not pop, no matching push [-Wunknown-pragmas]
    #pragma clang diagnostic pop
                             ^
In file included from file1161c70a26f89.cpp:8:
In file included from /usr/local/lib/R/3.5/site-library/StanHeaders/include/src/stan/model/model_header.hpp:4:
In file included from /usr/local/lib/R/3.5/site-library/StanHeaders/include/stan/math.hpp:4:
In file included from /usr/local/lib/R/3.5/site-library/StanHeaders/include/stan/math/rev/mat.hpp:12:
In file included from /usr/local/lib/R/3.5/site-library/StanHeaders/include/stan/math/prim/mat.hpp:83:
In file included from /usr/local/lib/R/3.5/site-library/StanHeaders/include/stan/math/prim/mat/fun/csr_extract_u.hpp:6:
In file included from /usr/local/lib/R/3.5/site-library/RcppEigen/include/Eigen/Sparse:32:
In file included from /usr/local/lib/R/3.5/site-library/RcppEigen/include/Eigen/SparseQR:35:
/usr/local/lib/R/3.5/site-library/RcppEigen/include/Eigen/src/Core/util/ReenableStupidWarnings.h:10:30: warning: pragma diagnostic pop could not pop, no matching push [-Wunknown-pragmas]
    #pragma clang diagnostic pop
                             ^
In file included from file1161c70a26f89.cpp:8:
In file included from /usr/local/lib/R/3.5/site-library/StanHeaders/include/src/stan/model/model_header.hpp:4:
In file included from /usr/local/lib/R/3.5/site-library/StanHeaders/include/stan/math.hpp:4:
In file included from /usr/local/lib/R/3.5/site-library/StanHeaders/include/stan/math/rev/mat.hpp:12:
In file included from /usr/local/lib/R/3.5/site-library/StanHeaders/include/stan/math/prim/mat.hpp:83:
In file included from /usr/local/lib/R/3.5/site-library/StanHeaders/include/stan/math/prim/mat/fun/csr_extract_u.hpp:6:
In file included from /usr/local/lib/R/3.5/site-library/RcppEigen/include/Eigen/Sparse:33:
In file included from /usr/local/lib/R/3.5/site-library/RcppEigen/include/Eigen/IterativeLinearSolvers:46:
/usr/local/lib/R/3.5/site-library/RcppEigen/include/Eigen/src/Core/util/ReenableStupidWarnings.h:10:30: warning: pragma diagnostic pop could not pop, no matching push [-Wunknown-pragmas]
    #pragma clang diagnostic pop
                             ^
13 warnings generated.

SAMPLING FOR MODEL 'LMAm_LMAs2' NOW (CHAIN 1).

Gradient evaluation took 0.000542 seconds
1000 transitions using 10 leapfrog steps per transition would take 5.42 seconds.
Adjust your expectations accordingly!


Iteration:    1 / 2000 [  0%]  (Warmup)

SAMPLING FOR MODEL 'LMAm_LMAs2' NOW (CHAIN 2).

Gradient evaluation took 0.001015 seconds
1000 transitions using 10 leapfrog steps per transition would take 10.15 seconds.
Adjust your expectations accordingly!


Iteration:    1 / 2000 [  0%]  (Warmup)

SAMPLING FOR MODEL 'LMAm_LMAs2' NOW (CHAIN 3).

Gradient evaluation took 0.000416 seconds
1000 transitions using 10 leapfrog steps per transition would take 4.16 seconds.
Adjust your expectations accordingly!


Iteration:    1 / 2000 [  0%]  (Warmup)

SAMPLING FOR MODEL 'LMAm_LMAs2' NOW (CHAIN 4).

Gradient evaluation took 0.000448 seconds
1000 transitions using 10 leapfrog steps per transition would take 4.48 seconds.
Adjust your expectations accordingly!


Iteration:    1 / 2000 [  0%]  (Warmup)
Iteration:  200 / 2000 [ 10%]  (Warmup)
Iteration:  200 / 2000 [ 10%]  (Warmup)
Iteration:  400 / 2000 [ 20%]  (Warmup)
Iteration:  400 / 2000 [ 20%]  (Warmup)
Iteration:  200 / 2000 [ 10%]  (Warmup)
Iteration:  200 / 2000 [ 10%]  (Warmup)
Iteration:  600 / 2000 [ 30%]  (Warmup)
Iteration:  600 / 2000 [ 30%]  (Warmup)
Iteration:  400 / 2000 [ 20%]  (Warmup)
Iteration:  800 / 2000 [ 40%]  (Warmup)
Iteration:  400 / 2000 [ 20%]  (Warmup)
Iteration:  800 / 2000 [ 40%]  (Warmup)
Iteration:  600 / 2000 [ 30%]  (Warmup)
Iteration:  600 / 2000 [ 30%]  (Warmup)
Iteration:  800 / 2000 [ 40%]  (Warmup)
Iteration: 1000 / 2000 [ 50%]  (Warmup)
Iteration: 1001 / 2000 [ 50%]  (Sampling)
Iteration: 1000 / 2000 [ 50%]  (Warmup)
Iteration: 1001 / 2000 [ 50%]  (Sampling)
Iteration:  800 / 2000 [ 40%]  (Warmup)
Iteration: 1000 / 2000 [ 50%]  (Warmup)
Iteration: 1001 / 2000 [ 50%]  (Sampling)
Iteration: 1200 / 2000 [ 60%]  (Sampling)
Iteration: 1000 / 2000 [ 50%]  (Warmup)
Iteration: 1001 / 2000 [ 50%]  (Sampling)
Iteration: 1200 / 2000 [ 60%]  (Sampling)
Iteration: 1200 / 2000 [ 60%]  (Sampling)
Iteration: 1400 / 2000 [ 70%]  (Sampling)
Iteration: 1200 / 2000 [ 60%]  (Sampling)
Iteration: 1400 / 2000 [ 70%]  (Sampling)
Iteration: 1400 / 2000 [ 70%]  (Sampling)
Iteration: 1600 / 2000 [ 80%]  (Sampling)
Iteration: 1400 / 2000 [ 70%]  (Sampling)
Iteration: 1600 / 2000 [ 80%]  (Sampling)
Iteration: 1600 / 2000 [ 80%]  (Sampling)
Iteration: 1800 / 2000 [ 90%]  (Sampling)
Iteration: 1800 / 2000 [ 90%]  (Sampling)
Iteration: 1600 / 2000 [ 80%]  (Sampling)
Iteration: 1800 / 2000 [ 90%]  (Sampling)
Iteration: 2000 / 2000 [100%]  (Sampling)

 Elapsed Time: 34.8805 seconds (Warm-up)
               28.3775 seconds (Sampling)
               63.2581 seconds (Total)

Iteration: 2000 / 2000 [100%]  (Sampling)

 Elapsed Time: 38.9345 seconds (Warm-up)
               26.3402 seconds (Sampling)
               65.2746 seconds (Total)

Iteration: 1800 / 2000 [ 90%]  (Sampling)
Iteration: 2000 / 2000 [100%]  (Sampling)

 Elapsed Time: 36.2653 seconds (Warm-up)
               31.4783 seconds (Sampling)
               67.7436 seconds (Total)

Iteration: 2000 / 2000 [100%]  (Sampling)

 Elapsed Time: 43.0327 seconds (Warm-up)
               29.7391 seconds (Sampling)
               72.7718 seconds (Total)

