[1] "Model: latent_model_ordered11"
[1] "Model dir: ./model/latent_model_ordered11.stan"
[1] "Data: GL"
[1] "n_iter = 4000"
[1] "n_warm = 3000"
[1] "n_thin = 1"
[1] "n_chains = 4"

SAMPLING FOR MODEL 'latent_model_ordered11' NOW (CHAIN 1).

SAMPLING FOR MODEL 'latent_model_ordered11' NOW (CHAIN 2).

SAMPLING FOR MODEL 'latent_model_ordered11' NOW (CHAIN 3).

SAMPLING FOR MODEL 'latent_model_ordered11' NOW (CHAIN 4).
Chain 1: 
Chain 1: Gradient evaluation took 0.000529 secondsChain 
4: Chain 
1: 1000 transitions using 10 leapfrog steps per transition would take 5.29 seconds.Chain 
4Chain : 1Gradient evaluation took 0.000524 seconds: 
Adjust your expectations accordingly!Chain 
4Chain : 11000 transitions using 10 leapfrog steps per transition would take 5.24 seconds.: 

Chain Chain 41: : Adjust your expectations accordingly!

Chain 4: 
Chain 4: 
Chain 2: 
Chain 2: Gradient evaluation took 0.000537 seconds
Chain 2: 1000 transitions using 10 leapfrog steps per transition would take 5.37 seconds.
Chain 2: Adjust your expectations accordingly!
Chain 2: 
Chain 2: 
Chain 3: 
Chain 3: Gradient evaluation took 0.00054 seconds
Chain 3: 1000 transitions using 10 leapfrog steps per transition would take 5.4 seconds.
Chain 3: Adjust your expectations accordingly!
Chain 3: 
Chain 3: 
Chain 4: Iteration:    1 / 4000 [  0%]  (Warmup)
Chain 2: Iteration:    1 / 4000 [  0%]  (Warmup)
Chain 1: Iteration:    1 / 4000 [  0%]  (Warmup)
Chain 3: Iteration:    1 / 4000 [  0%]  (Warmup)
Chain 3: Iteration:  400 / 4000 [ 10%]  (Warmup)
Chain 4: Iteration:  400 / 4000 [ 10%]  (Warmup)
Chain 1: Iteration:  400 / 4000 [ 10%]  (Warmup)
Chain 2: Iteration:  400 / 4000 [ 10%]  (Warmup)
Chain 3: Iteration:  800 / 4000 [ 20%]  (Warmup)
Chain 4: Iteration:  800 / 4000 [ 20%]  (Warmup)
Chain 3: Iteration: 1200 / 4000 [ 30%]  (Warmup)
Chain 2: Iteration:  800 / 4000 [ 20%]  (Warmup)
Chain 1: Iteration:  800 / 4000 [ 20%]  (Warmup)
Chain 4: Iteration: 1200 / 4000 [ 30%]  (Warmup)
Chain 2: Iteration: 1200 / 4000 [ 30%]  (Warmup)
Chain 3: Iteration: 1600 / 4000 [ 40%]  (Warmup)
Chain 4: Iteration: 1600 / 4000 [ 40%]  (Warmup)
Chain 1: Iteration: 1200 / 4000 [ 30%]  (Warmup)
Chain 2: Iteration: 1600 / 4000 [ 40%]  (Warmup)
Chain 3: Iteration: 2000 / 4000 [ 50%]  (Warmup)
Chain 4: Iteration: 2000 / 4000 [ 50%]  (Warmup)
Chain 1: Iteration: 1600 / 4000 [ 40%]  (Warmup)
Chain 2: Iteration: 2000 / 4000 [ 50%]  (Warmup)
Chain 3: Iteration: 2400 / 4000 [ 60%]  (Warmup)
Chain 4: Iteration: 2400 / 4000 [ 60%]  (Warmup)
Chain 1: Iteration: 2000 / 4000 [ 50%]  (Warmup)
Chain 2: Iteration: 2400 / 4000 [ 60%]  (Warmup)
Chain 3: Iteration: 2800 / 4000 [ 70%]  (Warmup)
Chain 4: Iteration: 2800 / 4000 [ 70%]  (Warmup)
Chain 3: Iteration: 3001 / 4000 [ 75%]  (Sampling)
Chain 1: Iteration: 2400 / 4000 [ 60%]  (Warmup)
Chain 2: Iteration: 2800 / 4000 [ 70%]  (Warmup)
Chain 4: Iteration: 3001 / 4000 [ 75%]  (Sampling)
Chain 3: Iteration: 3400 / 4000 [ 85%]  (Sampling)
Chain 2: Iteration: 3001 / 4000 [ 75%]  (Sampling)
Chain 1: Iteration: 2800 / 4000 [ 70%]  (Warmup)
Chain 4: Iteration: 3400 / 4000 [ 85%]  (Sampling)
Chain 1: Iteration: 3001 / 4000 [ 75%]  (Sampling)
Chain 3: Iteration: 3800 / 4000 [ 95%]  (Sampling)
Chain 4: Iteration: 3800 / 4000 [ 95%]  (Sampling)
Chain 3: Iteration: 4000 / 4000 [100%]  (Sampling)
Chain 3: 
Chain 3:  Elapsed Time: 434.491 seconds (Warm-up)
Chain 3:                93.7986 seconds (Sampling)
Chain 3:                528.29 seconds (Total)
Chain 3: 
Chain 1: Iteration: 3400 / 4000 [ 85%]  (Sampling)
Chain 4: Iteration: 4000 / 4000 [100%]  (Sampling)
Chain 4: 
Chain 4:  Elapsed Time: 442.722 seconds (Warm-up)
Chain 4:                92.6944 seconds (Sampling)
Chain 4:                535.416 seconds (Total)
Chain 4: 
Chain 2: Iteration: 3400 / 4000 [ 85%]  (Sampling)
Chain 1: Iteration: 3800 / 4000 [ 95%]  (Sampling)
Chain 1: Iteration: 4000 / 4000 [100%]  (Sampling)
Chain 1: 
Chain 1:  Elapsed Time: 497.894 seconds (Warm-up)
Chain 1:                77.0363 seconds (Sampling)
Chain 1:                574.93 seconds (Total)
Chain 1: 
Chain 2: Iteration: 3800 / 4000 [ 95%]  (Sampling)
Chain 2: Iteration: 4000 / 4000 [100%]  (Sampling)
Chain 2: 
Chain 2:  Elapsed Time: 475.65 seconds (Warm-up)
Chain 2:                149.521 seconds (Sampling)
Chain 2:                625.172 seconds (Total)
Chain 2: 
