── Attaching packages ─────────────────────────────────────── tidyverse 1.3.1 ──
✔ ggplot2 3.3.5     ✔ purrr   0.3.4
✔ tibble  3.1.3     ✔ dplyr   1.0.7
✔ tidyr   1.1.3     ✔ stringr 1.4.0
✔ readr   2.0.0     ✔ forcats 0.5.1
── Conflicts ────────────────────────────────────────── tidyverse_conflicts() ──
✖ dplyr::filter() masks stats::filter()
✖ dplyr::lag()    masks stats::lag()
Loading required package: StanHeaders
rstan (Version 2.21.2, GitRev: 2e1f913d3ca3)
For execution on a local, multicore CPU with excess RAM we recommend calling
options(mc.cores = parallel::detectCores()).
To avoid recompilation of unchanged Stan programs, we recommend calling
rstan_options(auto_write = TRUE)

Attaching package: ‘rstan’

The following object is masked from ‘package:tidyr’:

    extract

This is loo version 2.4.1
- Online documentation and vignettes at mc-stan.org/loo
- As of v2.0.0 loo defaults to 1 core but we recommend using as many as possible. Use the 'cores' argument or set options(mc.cores = NUM_CORES) for an entire session. 

Attaching package: ‘loo’

The following object is masked from ‘package:rstan’:

    loo

[1] "Model: GL_LMAms2"
[1] "Model dir: ./model/GL_LMAms2.stan"
[1] "Data: GL"
[1] "n_iter = 4000"
[1] "n_warm = 3000"
[1] "n_thin = 1"
[1] "n_chains = 4"
OBS data
Rows: 198 Columns: 7
── Column specification ────────────────────────────────────────────────────────
Delimiter: ","
chr (3): sp, DE, GF
dbl (4): LL, LMA, Aarea, Rarea

ℹ Use `spec()` to retrieve the full column specification for this data.
ℹ Specify the column types or set `show_col_types = FALSE` to quiet this message.

SAMPLING FOR MODEL 'GL_LMAms2' NOW (CHAIN 1).

SAMPLING FOR MODEL 'GL_LMAms2' NOW (CHAIN 2).

SAMPLING FOR MODEL 'GL_LMAms2' NOW (CHAIN 3).

SAMPLING FOR MODEL 'GL_LMAms2' NOW (CHAIN 4).
Chain 4: 
Chain 4: Gradient evaluation took 0.000343 seconds
Chain 4: 1000 transitions using 10 leapfrog steps per transition would take 3.43 seconds.
Chain 4: Adjust your expectations accordingly!
Chain 4: 
Chain 4: 
Chain 4: Iteration:    1 / 4000 [  0%]  (Warmup)
Chain Chain 21: : 

Chain Chain 21: : Gradient evaluation took 0.000459 secondsGradient evaluation took 0.000464 seconds

Chain Chain 21: : 1000 transitions using 10 leapfrog steps per transition would take 4.59 seconds.1000 transitions using 10 leapfrog steps per transition would take 4.64 seconds.

Chain Chain 21: : Adjust your expectations accordingly!Adjust your expectations accordingly!

Chain Chain 21: : 

Chain Chain 21: : 

Chain 2: Iteration:    1 / 4000 [  0%]  (Warmup)
Chain 1: Iteration:    1 / 4000 [  0%]  (Warmup)
Chain 3: 
Chain 3: Gradient evaluation took 0.000386 seconds
Chain 3: 1000 transitions using 10 leapfrog steps per transition would take 3.86 seconds.
Chain 3: Adjust your expectations accordingly!
Chain 3: 
Chain 3: 
Chain 3: Iteration:    1 / 4000 [  0%]  (Warmup)
Chain 3: Iteration:  400 / 4000 [ 10%]  (Warmup)
Chain 1: Iteration:  400 / 4000 [ 10%]  (Warmup)
Chain 2: Iteration:  400 / 4000 [ 10%]  (Warmup)
Chain 4: Iteration:  400 / 4000 [ 10%]  (Warmup)
Chain 1: Iteration:  800 / 4000 [ 20%]  (Warmup)
Chain 3: Iteration:  800 / 4000 [ 20%]  (Warmup)
Chain 2: Iteration:  800 / 4000 [ 20%]  (Warmup)
Chain 4: Iteration:  800 / 4000 [ 20%]  (Warmup)
Chain 1: Iteration: 1200 / 4000 [ 30%]  (Warmup)
Chain 3: Iteration: 1200 / 4000 [ 30%]  (Warmup)
Chain 2: Iteration: 1200 / 4000 [ 30%]  (Warmup)
Chain 4: Iteration: 1200 / 4000 [ 30%]  (Warmup)
Chain 1: Iteration: 1600 / 4000 [ 40%]  (Warmup)
Chain 2: Iteration: 1600 / 4000 [ 40%]  (Warmup)
Chain 3: Iteration: 1600 / 4000 [ 40%]  (Warmup)
Chain 4: Iteration: 1600 / 4000 [ 40%]  (Warmup)
Chain 1: Iteration: 2000 / 4000 [ 50%]  (Warmup)
Chain 2: Iteration: 2000 / 4000 [ 50%]  (Warmup)
Chain 3: Iteration: 2000 / 4000 [ 50%]  (Warmup)
Chain 1: Iteration: 2400 / 4000 [ 60%]  (Warmup)
Chain 4: Iteration: 2000 / 4000 [ 50%]  (Warmup)
Chain 2: Iteration: 2400 / 4000 [ 60%]  (Warmup)
Chain 4: Iteration: 2400 / 4000 [ 60%]  (Warmup)
Chain 1: Iteration: 2800 / 4000 [ 70%]  (Warmup)
Chain 3: Iteration: 2400 / 4000 [ 60%]  (Warmup)
Chain 1: Iteration: 3001 / 4000 [ 75%]  (Sampling)
Chain 2: Iteration: 2800 / 4000 [ 70%]  (Warmup)
Chain 4: Iteration: 2800 / 4000 [ 70%]  (Warmup)
Chain 3: Iteration: 2800 / 4000 [ 70%]  (Warmup)
Chain 2: Iteration: 3001 / 4000 [ 75%]  (Sampling)
Chain 1: Iteration: 3400 / 4000 [ 85%]  (Sampling)
Chain 4: Iteration: 3001 / 4000 [ 75%]  (Sampling)
Chain 3: Iteration: 3001 / 4000 [ 75%]  (Sampling)
Chain 4: Iteration: 3400 / 4000 [ 85%]  (Sampling)
Chain 1: Iteration: 3800 / 4000 [ 95%]  (Sampling)
Chain 2: Iteration: 3400 / 4000 [ 85%]  (Sampling)
Chain 1: Iteration: 4000 / 4000 [100%]  (Sampling)
Chain 1: 
Chain 1:  Elapsed Time: 233.052 seconds (Warm-up)
Chain 1:                63.5177 seconds (Sampling)
Chain 1:                296.57 seconds (Total)
Chain 1: 
Chain 4: Iteration: 3800 / 4000 [ 95%]  (Sampling)
Chain 3: Iteration: 3400 / 4000 [ 85%]  (Sampling)
Chain 4: Iteration: 4000 / 4000 [100%]  (Sampling)
Chain 4: 
Chain 4:  Elapsed Time: 261.201 seconds (Warm-up)
Chain 4:                52.3487 seconds (Sampling)
Chain 4:                313.55 seconds (Total)
Chain 4: 
Chain 2: Iteration: 3800 / 4000 [ 95%]  (Sampling)
Chain 3: Iteration: 3800 / 4000 [ 95%]  (Sampling)
Chain 2: Iteration: 4000 / 4000 [100%]  (Sampling)
Chain 2: 
Chain 2:  Elapsed Time: 251.623 seconds (Warm-up)
Chain 2:                94.9804 seconds (Sampling)
Chain 2:                346.603 seconds (Total)
Chain 2: 
Chain 3: Iteration: 4000 / 4000 [100%]  (Sampling)
Chain 3: 
Chain 3:  Elapsed Time: 274.272 seconds (Warm-up)
Chain 3:                73.0663 seconds (Sampling)
Chain 3:                347.338 seconds (Total)
Chain 3: 
Warning messages:
1: Bulk Effective Samples Size (ESS) is too low, indicating posterior means and medians may be unreliable.
Running the chains for more iterations may help. See
http://mc-stan.org/misc/warnings.html#bulk-ess 
2: Tail Effective Samples Size (ESS) is too low, indicating posterior variances and tail quantiles may be unreliable.
Running the chains for more iterations may help. See
http://mc-stan.org/misc/warnings.html#tail-ess 
Saved `./rda/GL_LMAms2_obs.rda`!!
