── Attaching packages ─────────────────────────────────────── tidyverse 1.3.1 ──
✔ ggplot2 3.3.5     ✔ purrr   0.3.4
✔ tibble  3.1.3     ✔ dplyr   1.0.7
✔ tidyr   1.1.3     ✔ stringr 1.4.0
✔ readr   2.0.0     ✔ forcats 0.5.1
── Conflicts ────────────────────────────────────────── tidyverse_conflicts() ──
✖ dplyr::filter() masks stats::filter()
✖ dplyr::lag()    masks stats::lag()
Loading required package: StanHeaders
rstan (Version 2.21.2, GitRev: 2e1f913d3ca3)
For execution on a local, multicore CPU with excess RAM we recommend calling
options(mc.cores = parallel::detectCores()).
To avoid recompilation of unchanged Stan programs, we recommend calling
rstan_options(auto_write = TRUE)

Attaching package: ‘rstan’

The following object is masked from ‘package:tidyr’:

    extract

This is loo version 2.4.1
- Online documentation and vignettes at mc-stan.org/loo
- As of v2.0.0 loo defaults to 1 core but we recommend using as many as possible. Use the 'cores' argument or set options(mc.cores = NUM_CORES) for an entire session. 

Attaching package: ‘loo’

The following object is masked from ‘package:rstan’:

    loo

[1] "Model: GL_LMA"
[1] "Model dir: ./model/GL_LMA.stan"
[1] "Data: GL"
[1] "n_iter = 2"
[1] "n_warm = 1"
[1] "n_thin = 1"
[1] "n_chains = 1"
OBS data
Rows: 198 Columns: 7
── Column specification ────────────────────────────────────────────────────────
Delimiter: ","
chr (3): sp, DE, GF
dbl (4): LL, LMA, Aarea, Rarea

ℹ Use `spec()` to retrieve the full column specification for this data.
ℹ Specify the column types or set `show_col_types = FALSE` to quiet this message.

SAMPLING FOR MODEL 'GL_LMA' NOW (CHAIN 1).
Chain 1: 
Chain 1: Gradient evaluation took 0.000265 seconds
Chain 1: 1000 transitions using 10 leapfrog steps per transition would take 2.65 seconds.
Chain 1: Adjust your expectations accordingly!
Chain 1: 
Chain 1: 
Chain 1: WARNING: No variance estimation is
Chain 1:          performed for num_warmup < 20
Chain 1: 
Chain 1: Iteration: 1 / 2 [ 50%]  (Warmup)
Chain 1: Iteration: 2 / 2 [100%]  (Sampling)
Chain 1: 
Chain 1:  Elapsed Time: 0.000644 seconds (Warm-up)
Chain 1:                0.000509 seconds (Sampling)
Chain 1:                0.001153 seconds (Total)
Chain 1: 
Warning messages:
1: In readLines(file, warn = TRUE) :
  incomplete final line found on '/home/mattocci/LMAms/model/GL_LMA.stan'
2: There were 1 divergent transitions after warmup. See
http://mc-stan.org/misc/warnings.html#divergent-transitions-after-warmup
to find out why this is a problem and how to eliminate them. 
3: Examine the pairs() plot to diagnose sampling problems
 
Saved `./rda/GL_LMA_obs.rda`!!
