[1] "Model: LMAm_LMAs_MVN2"
[1] "Model dir: ./model/LMAm_LMAs_MVN2.stan"
[1] "Data: GL"
[1] "n_iter = 5000"
[1] "n_warm = 2500"
[1] "n_thin = 5"
[1] "n_chains = 4"
In file included from /home/mattocci/R/x86_64-pc-linux-gnu-library/3.4/BH/include/boost/config.hpp:39:0,
                 from /home/mattocci/R/x86_64-pc-linux-gnu-library/3.4/BH/include/boost/math/tools/config.hpp:13,
                 from /home/mattocci/R/x86_64-pc-linux-gnu-library/3.4/StanHeaders/include/stan/math/rev/core/var.hpp:7,
                 from /home/mattocci/R/x86_64-pc-linux-gnu-library/3.4/StanHeaders/include/stan/math/rev/core/gevv_vvv_vari.hpp:5,
                 from /home/mattocci/R/x86_64-pc-linux-gnu-library/3.4/StanHeaders/include/stan/math/rev/core.hpp:12,
                 from /home/mattocci/R/x86_64-pc-linux-gnu-library/3.4/StanHeaders/include/stan/math/rev/mat.hpp:4,
                 from /home/mattocci/R/x86_64-pc-linux-gnu-library/3.4/StanHeaders/include/stan/math.hpp:4,
                 from /home/mattocci/R/x86_64-pc-linux-gnu-library/3.4/StanHeaders/include/src/stan/model/model_header.hpp:4,
                 from file2c4023871d0.cpp:8:
/home/mattocci/R/x86_64-pc-linux-gnu-library/3.4/BH/include/boost/config/compiler/gcc.hpp:186:0: warning: "BOOST_NO_CXX11_RVALUE_REFERENCES" redefined
 #  define BOOST_NO_CXX11_RVALUE_REFERENCES
 ^
<command-line>:0:0: note: this is the location of the previous definition

SAMPLING FOR MODEL 'LMAm_LMAs_MVN2' NOW (CHAIN 1).

Gradient evaluation took 0.000898 seconds
1000 transitions using 10 leapfrog steps per transition would take 8.98 seconds.
Adjust your expectations accordingly!


Iteration:    1 / 5000 [  0%]  (Warmup)

SAMPLING FOR MODEL 'LMAm_LMAs_MVN2' NOW (CHAIN 2).

Gradient evaluation took 0.001002 seconds
1000 transitions using 10 leapfrog steps per transition would take 10.02 seconds.
Adjust your expectations accordingly!


Iteration:    1 / 5000 [  0%]  (Warmup)

SAMPLING FOR MODEL 'LMAm_LMAs_MVN2' NOW (CHAIN 3).

Gradient evaluation took 0.000921 seconds
1000 transitions using 10 leapfrog steps per transition would take 9.21 seconds.
Adjust your expectations accordingly!


Iteration:    1 / 5000 [  0%]  (Warmup)

SAMPLING FOR MODEL 'LMAm_LMAs_MVN2' NOW (CHAIN 4).

Gradient evaluation took 0.000858 seconds
1000 transitions using 10 leapfrog steps per transition would take 8.58 seconds.
Adjust your expectations accordingly!


Iteration:    1 / 5000 [  0%]  (Warmup)
Iteration:  500 / 5000 [ 10%]  (Warmup)
Iteration:  500 / 5000 [ 10%]  (Warmup)
Iteration: 1000 / 5000 [ 20%]  (Warmup)
Iteration: 1000 / 5000 [ 20%]  (Warmup)
Iteration:  500 / 5000 [ 10%]  (Warmup)
Iteration: 1500 / 5000 [ 30%]  (Warmup)
Iteration: 1500 / 5000 [ 30%]  (Warmup)
Iteration: 2000 / 5000 [ 40%]  (Warmup)
Iteration: 2000 / 5000 [ 40%]  (Warmup)
Iteration:  500 / 5000 [ 10%]  (Warmup)
Iteration: 1000 / 5000 [ 20%]  (Warmup)
Iteration: 2500 / 5000 [ 50%]  (Warmup)
Iteration: 2501 / 5000 [ 50%]  (Sampling)
Iteration: 2500 / 5000 [ 50%]  (Warmup)
Iteration: 2501 / 5000 [ 50%]  (Sampling)
Iteration: 3000 / 5000 [ 60%]  (Sampling)
Iteration: 1000 / 5000 [ 20%]  (Warmup)
Iteration: 1500 / 5000 [ 30%]  (Warmup)
Iteration: 3000 / 5000 [ 60%]  (Sampling)
Iteration: 3500 / 5000 [ 70%]  (Sampling)
Iteration: 3500 / 5000 [ 70%]  (Sampling)
Iteration: 4000 / 5000 [ 80%]  (Sampling)
Iteration: 4000 / 5000 [ 80%]  (Sampling)
Iteration: 1500 / 5000 [ 30%]  (Warmup)
Iteration: 2000 / 5000 [ 40%]  (Warmup)
Iteration: 4500 / 5000 [ 90%]  (Sampling)
Iteration: 4500 / 5000 [ 90%]  (Sampling)
Iteration: 5000 / 5000 [100%]  (Sampling)

 Elapsed Time: 1157.2 seconds (Warm-up)
               1048 seconds (Sampling)
               2205.2 seconds (Total)

Iteration: 5000 / 5000 [100%]  (Sampling)

 Elapsed Time: 1318.11 seconds (Warm-up)
               987.924 seconds (Sampling)
               2306.03 seconds (Total)

Iteration: 2000 / 5000 [ 40%]  (Warmup)
Iteration: 2500 / 5000 [ 50%]  (Warmup)
Iteration: 2501 / 5000 [ 50%]  (Sampling)
Iteration: 3000 / 5000 [ 60%]  (Sampling)
Iteration: 2500 / 5000 [ 50%]  (Warmup)
Iteration: 2501 / 5000 [ 50%]  (Sampling)
Iteration: 3500 / 5000 [ 70%]  (Sampling)
Iteration: 3000 / 5000 [ 60%]  (Sampling)
Iteration: 4000 / 5000 [ 80%]  (Sampling)
Iteration: 3500 / 5000 [ 70%]  (Sampling)
Iteration: 4500 / 5000 [ 90%]  (Sampling)
Iteration: 4000 / 5000 [ 80%]  (Sampling)
Iteration: 5000 / 5000 [100%]  (Sampling)

 Elapsed Time: 2323.12 seconds (Warm-up)
               1248.85 seconds (Sampling)
               3571.97 seconds (Total)

Iteration: 4500 / 5000 [ 90%]  (Sampling)
Iteration: 5000 / 5000 [100%]  (Sampling)

 Elapsed Time: 2584.83 seconds (Warm-up)
               1298.06 seconds (Sampling)
               3882.9 seconds (Total)

