── Attaching packages ─────────────────────────────────────── tidyverse 1.3.1 ──
✔ ggplot2 3.3.5     ✔ purrr   0.3.4
✔ tibble  3.1.3     ✔ dplyr   1.0.7
✔ tidyr   1.1.3     ✔ stringr 1.4.0
✔ readr   2.0.0     ✔ forcats 0.5.1
── Conflicts ────────────────────────────────────────── tidyverse_conflicts() ──
✖ dplyr::filter() masks stats::filter()
✖ dplyr::lag()    masks stats::lag()
Loading required package: StanHeaders
rstan (Version 2.21.2, GitRev: 2e1f913d3ca3)
For execution on a local, multicore CPU with excess RAM we recommend calling
options(mc.cores = parallel::detectCores()).
To avoid recompilation of unchanged Stan programs, we recommend calling
rstan_options(auto_write = TRUE)

Attaching package: ‘rstan’

The following object is masked from ‘package:tidyr’:

    extract

This is loo version 2.4.1
- Online documentation and vignettes at mc-stan.org/loo
- As of v2.0.0 loo defaults to 1 core but we recommend using as many as possible. Use the 'cores' argument or set options(mc.cores = NUM_CORES) for an entire session. 

Attaching package: ‘loo’

The following object is masked from ‘package:rstan’:

    loo

[1] "Model: GL_LMAm3"
[1] "Model dir: ./model/GL_LMAm3.stan"
[1] "Data: GL"
[1] "n_iter = 4"
[1] "n_warm = 3"
[1] "n_thin = 1"
[1] "n_chains = 4"
OBS data
Rows: 198 Columns: 7
── Column specification ────────────────────────────────────────────────────────
Delimiter: ","
chr (3): sp, DE, GF
dbl (4): LL, LMA, Aarea, Rarea

ℹ Use `spec()` to retrieve the full column specification for this data.
ℹ Specify the column types or set `show_col_types = FALSE` to quiet this message.
Error in file(fname, "rt") : cannot open the connection
In addition: Warning messages:
1: In normalizePath(file) :
  path[1]="./model/GL_LMAm3.stan": No such file or directory
2: In file(fname, "rt") :
  cannot open file './model/GL_LMAm3.stan': No such file or directory
Error in get_model_strcode(file, model_code) : 
  cannot open model file "./model/GL_LMAm3.stan"
Calls: system.time -> stan -> stan_model -> stanc -> get_model_strcode
Timing stopped at: 0.001 0 0.002
Execution halted
