[1] "Model: latent_model_ordered10_beta"
[1] "Model dir: ./model/latent_model_ordered10_beta.stan"
[1] "Data: GL"
[1] "n_iter = 4000"
[1] "n_warm = 3000"
[1] "n_thin = 1"
[1] "n_chains = 4"
DIAGNOSTIC(S) FROM PARSER:
Info: assignment operator <- deprecated in the Stan language; use = instead.
Info: assignment operator <- deprecated in the Stan language; use = instead.


SAMPLING FOR MODEL 'latent_model_ordered10_beta' NOW (CHAIN 1).

SAMPLING FOR MODEL 'latent_model_ordered10_beta' NOW (CHAIN 2).

SAMPLING FOR MODEL 'latent_model_ordered10_beta' NOW (CHAIN 3).

SAMPLING FOR MODEL 'latent_model_ordered10_beta' NOW (CHAIN 4).
Chain 1: 
Chain 1: Gradient evaluation took 0.001225 seconds
Chain 1: 1000 transitions using 10 leapfrog steps per transition would take 12.25 seconds.
Chain 1: Adjust your expectations accordingly!
Chain 1: 
Chain 1: 
Chain 4: 
Chain Chain 34: : 
Gradient evaluation took 0.000713 seconds
Chain 4: Chain 1000 transitions using 10 leapfrog steps per transition would take 7.13 seconds.3
: Chain Gradient evaluation took 0.001108 seconds4
: Adjust your expectations accordingly!Chain 
3Chain : 41000 transitions using 10 leapfrog steps per transition would take 11.08 seconds.: 

Chain Chain 34: : Adjust your expectations accordingly!

Chain 3: 
Chain 3: 
Chain 2: 
Chain 2: Gradient evaluation took 0.000714 seconds
Chain 2: 1000 transitions using 10 leapfrog steps per transition would take 7.14 seconds.
Chain 2: Adjust your expectations accordingly!
Chain 2: 
Chain 2: 
Chain Chain 24: : Iteration:    1 / 4000 [  0%]  (Warmup)Iteration:    1 / 4000 [  0%]  (Warmup)

Chain 3: Iteration:    1 / 4000 [  0%]  (Warmup)
Chain 1: Iteration:    1 / 4000 [  0%]  (Warmup)
Chain 1: Iteration:  400 / 4000 [ 10%]  (Warmup)
Chain 3: Iteration:  400 / 4000 [ 10%]  (Warmup)
Chain 1: Iteration:  800 / 4000 [ 20%]  (Warmup)
Chain 4: Iteration:  400 / 4000 [ 10%]  (Warmup)
Chain 1: Iteration: 1200 / 4000 [ 30%]  (Warmup)
Chain 3: Iteration:  800 / 4000 [ 20%]  (Warmup)
Chain 1: Iteration: 1600 / 4000 [ 40%]  (Warmup)
Chain 4: Iteration:  800 / 4000 [ 20%]  (Warmup)
Chain 2: Iteration:  400 / 4000 [ 10%]  (Warmup)
Chain 1: Iteration: 2000 / 4000 [ 50%]  (Warmup)
Chain 1: Iteration: 2400 / 4000 [ 60%]  (Warmup)
Chain 3: Iteration: 1200 / 4000 [ 30%]  (Warmup)
Chain 1: Iteration: 2800 / 4000 [ 70%]  (Warmup)
Chain 1: Iteration: 3001 / 4000 [ 75%]  (Sampling)
Chain 4: Iteration: 1200 / 4000 [ 30%]  (Warmup)
Chain 3: Iteration: 1600 / 4000 [ 40%]  (Warmup)
Chain 1: Iteration: 3400 / 4000 [ 85%]  (Sampling)
Chain 2: Iteration:  800 / 4000 [ 20%]  (Warmup)
Chain 1: Iteration: 3800 / 4000 [ 95%]  (Sampling)
Chain 3: Iteration: 2000 / 4000 [ 50%]  (Warmup)
Chain 1: Iteration: 4000 / 4000 [100%]  (Sampling)
Chain 1: 
Chain 1:  Elapsed Time: 290.974 seconds (Warm-up)
Chain 1:                104.887 seconds (Sampling)
Chain 1:                395.861 seconds (Total)
Chain 1: 
Chain 3: Iteration: 2400 / 4000 [ 60%]  (Warmup)
Chain 4: Iteration: 1600 / 4000 [ 40%]  (Warmup)
Chain 2: Iteration: 1200 / 4000 [ 30%]  (Warmup)
Chain 3: Iteration: 2800 / 4000 [ 70%]  (Warmup)
Chain 3: Iteration: 3001 / 4000 [ 75%]  (Sampling)
Chain 4: Iteration: 2000 / 4000 [ 50%]  (Warmup)
Chain 3: Iteration: 3400 / 4000 [ 85%]  (Sampling)
Chain 4: Iteration: 2400 / 4000 [ 60%]  (Warmup)
Chain 2: Iteration: 1600 / 4000 [ 40%]  (Warmup)
Chain 4: Iteration: 2800 / 4000 [ 70%]  (Warmup)
Chain 4: Iteration: 3001 / 4000 [ 75%]  (Sampling)
Chain 2: Iteration: 2000 / 4000 [ 50%]  (Warmup)
Chain 4: Iteration: 3400 / 4000 [ 85%]  (Sampling)
Chain 3: Iteration: 3800 / 4000 [ 95%]  (Sampling)
Chain 2: Iteration: 2400 / 4000 [ 60%]  (Warmup)
Chain 3: Iteration: 4000 / 4000 [100%]  (Sampling)
Chain 3: 
Chain 3:  Elapsed Time: 553.479 seconds (Warm-up)
Chain 3:                558.147 seconds (Sampling)
Chain 3:                1111.63 seconds (Total)
Chain 3: 
Chain 4: Iteration: 3800 / 4000 [ 95%]  (Sampling)
Chain 4: Iteration: 4000 / 4000 [100%]  (Sampling)
Chain 4: 
Chain 4:  Elapsed Time: 827.318 seconds (Warm-up)
Chain 4:                355.692 seconds (Sampling)
Chain 4:                1183.01 seconds (Total)
Chain 4: 
Chain 2: Iteration: 2800 / 4000 [ 70%]  (Warmup)
Chain 2: Iteration: 3001 / 4000 [ 75%]  (Sampling)
Chain 2: Iteration: 3400 / 4000 [ 85%]  (Sampling)
Chain 2: Iteration: 3800 / 4000 [ 95%]  (Sampling)
Chain 2: Iteration: 4000 / 4000 [100%]  (Sampling)
Chain 2: 
Chain 2:  Elapsed Time: 1272.87 seconds (Warm-up)
Chain 2:                226.686 seconds (Sampling)
Chain 2:                1499.56 seconds (Total)
Chain 2: 
