[1] "Model: GL_LMA3"
[1] "Model dir: ./model/GL_LMA3.stan"
[1] "Data: GL"
[1] "n_iter = 4000"
[1] "n_warm = 3000"
[1] "n_thin = 1"
[1] "n_chains = 4"

SAMPLING FOR MODEL 'GL_LMA3' NOW (CHAIN 1).

SAMPLING FOR MODEL 'GL_LMA3' NOW (CHAIN 2).

SAMPLING FOR MODEL 'GL_LMA3' NOW (CHAIN 3).

SAMPLING FOR MODEL 'GL_LMA3' NOW (CHAIN 4).
Chain 1: Rejecting initial value:
Chain 1:   Error evaluating the log probability at the initial value.
Chain 1: Exception: validate transformed params: mu0[1] is -134.882, but must be greater than or equal to 0  (in 'model332a7dabfdbd_GL_LMA3' at line 36)

Chain 1: Rejecting initial value:
Chain 1:   Error evaluating the log probability at the initial value.
Chain 1: Exception: validate transformed params: mu0[1] is -106.486, but must be greater than or equal to 0  (in 'model332a7dabfdbd_GL_LMA3' at line 36)

Chain 1: Rejecting initial value:
Chain 1:   Error evaluating the log probability at the initial value.
Chain 1: Exception: validate transformed params: mu0[1] is -347.38, but must be greater than or equal to 0  (in 'model332a7dabfdbd_GL_LMA3' at line 36)

Chain 1: Rejecting initial value:
Chain 1:   Error evaluating the log probability at the initial value.
Chain 1: Exception: validate transformed params: mu0[1] is -52.371, but must be greater than or equal to 0  (in 'model332a7dabfdbd_GL_LMA3' at line 36)

Chain 2: Rejecting initial value:
Chain 2:   Error evaluating the log probability at the initial value.
Chain 2: Exception: validate transformed params: mu0[1] is -258.973, but must be greater than or equal to 0  (in 'model332a7dabfdbd_GL_LMA3' at line 36)

Chain 1: Rejecting initial value:
Chain 1:   Error evaluating the log probability at the initial value.
Chain 1: Exception: validate transformed params: mu0[1] is -49.8779, but must be greater than or equal to 0  (in 'model332a7dabfdbd_GL_LMA3' at line 36)

Chain 1: Rejecting initial value:
Chain 1:   Error evaluating the log probability at the initial value.
Chain 1: Exception: validate transformed params: mu0[1] is -21.3234, but must be greater than or equal to 0  (in 'model332a7dabfdbd_GL_LMA3' at line 36)

Chain 1: Rejecting initial value:
Chain 1:   Error evaluating the log probability at the initial value.
Chain 1: Exception: validate transformed params: mu0[1] is -246.86, but must be greater than or equal to 0  (in 'model332a7dabfdbd_GL_LMA3' at line 36)

Chain 2: 
Chain 2: Gradient evaluation took 0.000908 seconds
Chain 2: 1000 transitions using 10 leapfrog steps per transition would take 9.08 seconds.
Chain 2: Adjust your expectations accordingly!
Chain 2: 
Chain 2: 
Chain 1: Rejecting initial value:
Chain 1:   Error evaluating the log probability at the initial value.
Chain 1: Exception: validate transformed params: mu0[1] is -184.383, but must be greater than or equal to 0  (in 'model332a7dabfdbd_GL_LMA3' at line 36)

Chain 1: Rejecting initial value:
Chain 1:   Error evaluating the log probability at the initial value.
Chain 1: Exception: validate transformed params: mu0[1] is -52.274, but must be greater than or equal to 0  (in 'model332a7dabfdbd_GL_LMA3' at line 36)

Chain 1: Rejecting initial value:
Chain 1:   Error evaluating the log probability at the initial value.
Chain 1: Exception: validate transformed params: mu0[2] is -101.576, but must be greater than or equal to 0  (in 'model332a7dabfdbd_GL_LMA3' at line 36)

Chain 1: 
Chain 1: Gradient evaluation took 0.001313 seconds
Chain 1: 1000 transitions using 10 leapfrog steps per transition would take 13.13 seconds.
Chain 1: Adjust your expectations accordingly!
Chain 1: 
Chain 1: 
Chain 3: 
Chain 3: Gradient evaluation took 0.000849 seconds
Chain 3: 1000 transitions using 10 leapfrog steps per transition would take 8.49 seconds.
Chain 3: Adjust your expectations accordingly!
Chain 3: 
Chain 3: 
Chain 4: Rejecting initial value:
Chain 4:   Error evaluating the log probability at the initial value.
Chain 4: Exception: validate transformed params: mu0[2] is -66.4155, but must be greater than or equal to 0  (in 'model332a7dabfdbd_GL_LMA3' at line 36)

Chain 4: Rejecting initial value:
Chain 4:   Error evaluating the log probability at the initial value.
Chain 4: Exception: validate transformed params: mu0[1] is -53.9743, but must be greater than or equal to 0  (in 'model332a7dabfdbd_GL_LMA3' at line 36)

Chain 4: Rejecting initial value:
Chain 4:   Error evaluating the log probability at the initial value.
Chain 4: Exception: validate transformed params: mu0[3] is -58.3665, but must be greater than or equal to 0  (in 'model332a7dabfdbd_GL_LMA3' at line 36)

Chain 2: Iteration:    1 / 4000 [  0%]  (Warmup)
Chain 4: 
Chain 4: Gradient evaluation took 0.000878 seconds
Chain 4: 1000 transitions using 10 leapfrog steps per transition would take 8.78 seconds.
Chain 4: Adjust your expectations accordingly!
Chain 4: 
Chain 4: 
Chain 3: Iteration:    1 / 4000 [  0%]  (Warmup)
Chain 4: Iteration:    1 / 4000 [  0%]  (Warmup)
Chain 1: Iteration:    1 / 4000 [  0%]  (Warmup)
Chain 3: Iteration:  400 / 4000 [ 10%]  (Warmup)
Chain 3: Iteration:  800 / 4000 [ 20%]  (Warmup)
Chain 3: Iteration: 1200 / 4000 [ 30%]  (Warmup)
Chain 3: Iteration: 1600 / 4000 [ 40%]  (Warmup)
Chain 2: Iteration:  400 / 4000 [ 10%]  (Warmup)
Chain 3: Iteration: 2000 / 4000 [ 50%]  (Warmup)
Chain 2: Iteration:  800 / 4000 [ 20%]  (Warmup)
Chain 3: Iteration: 2400 / 4000 [ 60%]  (Warmup)
Chain 2: Iteration: 1200 / 4000 [ 30%]  (Warmup)
Chain 3: Iteration: 2800 / 4000 [ 70%]  (Warmup)
Chain 3: Iteration: 3001 / 4000 [ 75%]  (Sampling)
Chain 2: Iteration: 1600 / 4000 [ 40%]  (Warmup)
Chain 4: Iteration:  400 / 4000 [ 10%]  (Warmup)
Chain 3: Iteration: 3400 / 4000 [ 85%]  (Sampling)
Chain 2: Iteration: 2000 / 4000 [ 50%]  (Warmup)
Chain 4: Iteration:  800 / 4000 [ 20%]  (Warmup)
Chain 3: Iteration: 3800 / 4000 [ 95%]  (Sampling)
Chain 2: Iteration: 2400 / 4000 [ 60%]  (Warmup)
Chain 3: Iteration: 4000 / 4000 [100%]  (Sampling)
Chain 3: 
Chain 3:  Elapsed Time: 1097.89 seconds (Warm-up)
Chain 3:                84.3648 seconds (Sampling)
Chain 3:                1182.26 seconds (Total)
Chain 3: 
Chain 4: Iteration: 1200 / 4000 [ 30%]  (Warmup)
Chain 2: Iteration: 2800 / 4000 [ 70%]  (Warmup)
Chain 4: Iteration: 1600 / 4000 [ 40%]  (Warmup)
Chain 2: Iteration: 3001 / 4000 [ 75%]  (Sampling)
Chain 2: Iteration: 3400 / 4000 [ 85%]  (Sampling)
Chain 4: Iteration: 2000 / 4000 [ 50%]  (Warmup)
Chain 2: Iteration: 3800 / 4000 [ 95%]  (Sampling)
Chain 2: Iteration: 4000 / 4000 [100%]  (Sampling)
Chain 2: 
Chain 2:  Elapsed Time: 1227.84 seconds (Warm-up)
Chain 2:                62.0794 seconds (Sampling)
Chain 2:                1289.92 seconds (Total)
Chain 2: 
Chain 4: Iteration: 2400 / 4000 [ 60%]  (Warmup)
Chain 4: Iteration: 2800 / 4000 [ 70%]  (Warmup)
Chain 4: Iteration: 3001 / 4000 [ 75%]  (Sampling)
Chain 4: Iteration: 3400 / 4000 [ 85%]  (Sampling)
Chain 4: Iteration: 3800 / 4000 [ 95%]  (Sampling)
Chain 4: Iteration: 4000 / 4000 [100%]  (Sampling)
Chain 4: 
Chain 4:  Elapsed Time: 1336.08 seconds (Warm-up)
Chain 4:                65.7198 seconds (Sampling)
Chain 4:                1401.8 seconds (Total)
Chain 4: 
Chain 1: Iteration:  400 / 4000 [ 10%]  (Warmup)
Chain 1: Iteration:  800 / 4000 [ 20%]  (Warmup)
Chain 1: Iteration: 1200 / 4000 [ 30%]  (Warmup)
Chain 1: Iteration: 1600 / 4000 [ 40%]  (Warmup)
Chain 1: Iteration: 2000 / 4000 [ 50%]  (Warmup)
Chain 1: Iteration: 2400 / 4000 [ 60%]  (Warmup)
Chain 1: Iteration: 2800 / 4000 [ 70%]  (Warmup)
Chain 1: Iteration: 3001 / 4000 [ 75%]  (Sampling)
Chain 1: Iteration: 3400 / 4000 [ 85%]  (Sampling)
Chain 1: Iteration: 3800 / 4000 [ 95%]  (Sampling)
Chain 1: Iteration: 4000 / 4000 [100%]  (Sampling)
Chain 1: 
Chain 1:  Elapsed Time: 1846.35 seconds (Warm-up)
Chain 1:                57.0133 seconds (Sampling)
Chain 1:                1903.36 seconds (Total)
Chain 1: 
