[1] "Model: m0_beta5"
[1] "Model dir: ./model/m0_beta5.stan"
[1] "Data: GL"
[1] "n_iter = 600"
[1] "n_warm = 300"
[1] "n_thin = 1"
[1] "n_chains = 4"
clang: warning: argument unused during compilation: '-arch x86_64'
In file included from file4f7926b3ee9e.cpp:8:
In file included from /home/mattocci/R/x86_64-pc-linux-gnu-library/3.4/StanHeaders/include/src/stan/model/model_header.hpp:4:
In file included from /home/mattocci/R/x86_64-pc-linux-gnu-library/3.4/StanHeaders/include/stan/math.hpp:4:
In file included from /home/mattocci/R/x86_64-pc-linux-gnu-library/3.4/StanHeaders/include/stan/math/rev/mat.hpp:4:
In file included from /home/mattocci/R/x86_64-pc-linux-gnu-library/3.4/StanHeaders/include/stan/math/rev/core.hpp:14:
In file included from /home/mattocci/R/x86_64-pc-linux-gnu-library/3.4/StanHeaders/include/stan/math/rev/core/matrix_vari.hpp:4:
In file included from /home/mattocci/R/x86_64-pc-linux-gnu-library/3.4/StanHeaders/include/stan/math/rev/mat/fun/Eigen_NumTraits.hpp:4:
In file included from /home/mattocci/R/x86_64-pc-linux-gnu-library/3.4/StanHeaders/include/stan/math/prim/mat/fun/Eigen.hpp:4:
In file included from /home/mattocci/R/x86_64-pc-linux-gnu-library/3.4/RcppEigen/include/Eigen/Dense:1:
In file included from /home/mattocci/R/x86_64-pc-linux-gnu-library/3.4/RcppEigen/include/Eigen/Core:531:
/home/mattocci/R/x86_64-pc-linux-gnu-library/3.4/RcppEigen/include/Eigen/src/Core/util/ReenableStupidWarnings.h:10:30: warning: pragma diagnostic pop could not pop, no matching push [-Wunknown-pragmas]
    #pragma clang diagnostic pop
                             ^
In file included from file4f7926b3ee9e.cpp:8:
In file included from /home/mattocci/R/x86_64-pc-linux-gnu-library/3.4/StanHeaders/include/src/stan/model/model_header.hpp:4:
In file included from /home/mattocci/R/x86_64-pc-linux-gnu-library/3.4/StanHeaders/include/stan/math.hpp:4:
In file included from /home/mattocci/R/x86_64-pc-linux-gnu-library/3.4/StanHeaders/include/stan/math/rev/mat.hpp:4:
In file included from /home/mattocci/R/x86_64-pc-linux-gnu-library/3.4/StanHeaders/include/stan/math/rev/core.hpp:14:
In file included from /home/mattocci/R/x86_64-pc-linux-gnu-library/3.4/StanHeaders/include/stan/math/rev/core/matrix_vari.hpp:4:
In file included from /home/mattocci/R/x86_64-pc-linux-gnu-library/3.4/StanHeaders/include/stan/math/rev/mat/fun/Eigen_NumTraits.hpp:4:
In file included from /home/mattocci/R/x86_64-pc-linux-gnu-library/3.4/StanHeaders/include/stan/math/prim/mat/fun/Eigen.hpp:4:
In file included from /home/mattocci/R/x86_64-pc-linux-gnu-library/3.4/RcppEigen/include/Eigen/Dense:2:
In file included from /home/mattocci/R/x86_64-pc-linux-gnu-library/3.4/RcppEigen/include/Eigen/LU:47:
/home/mattocci/R/x86_64-pc-linux-gnu-library/3.4/RcppEigen/include/Eigen/src/Core/util/ReenableStupidWarnings.h:10:30: warning: pragma diagnostic pop could not pop, no matching push [-Wunknown-pragmas]
    #pragma clang diagnostic pop
                             ^
In file included from file4f7926b3ee9e.cpp:8:
In file included from /home/mattocci/R/x86_64-pc-linux-gnu-library/3.4/StanHeaders/include/src/stan/model/model_header.hpp:4:
In file included from /home/mattocci/R/x86_64-pc-linux-gnu-library/3.4/StanHeaders/include/stan/math.hpp:4:
In file included from /home/mattocci/R/x86_64-pc-linux-gnu-library/3.4/StanHeaders/include/stan/math/rev/mat.hpp:4:
In file included from /home/mattocci/R/x86_64-pc-linux-gnu-library/3.4/StanHeaders/include/stan/math/rev/core.hpp:14:
In file included from /home/mattocci/R/x86_64-pc-linux-gnu-library/3.4/StanHeaders/include/stan/math/rev/core/matrix_vari.hpp:4:
In file included from /home/mattocci/R/x86_64-pc-linux-gnu-library/3.4/StanHeaders/include/stan/math/rev/mat/fun/Eigen_NumTraits.hpp:4:
In file included from /home/mattocci/R/x86_64-pc-linux-gnu-library/3.4/StanHeaders/include/stan/math/prim/mat/fun/Eigen.hpp:4:
In file included from /home/mattocci/R/x86_64-pc-linux-gnu-library/3.4/RcppEigen/include/Eigen/Dense:3:
In file included from /home/mattocci/R/x86_64-pc-linux-gnu-library/3.4/RcppEigen/include/Eigen/Cholesky:12:
In file included from /home/mattocci/R/x86_64-pc-linux-gnu-library/3.4/RcppEigen/include/Eigen/Jacobi:29:
/home/mattocci/R/x86_64-pc-linux-gnu-library/3.4/RcppEigen/include/Eigen/src/Core/util/ReenableStupidWarnings.h:10:30: warning: pragma diagnostic pop could not pop, no matching push [-Wunknown-pragmas]
    #pragma clang diagnostic pop
                             ^
In file included from file4f7926b3ee9e.cpp:8:
In file included from /home/mattocci/R/x86_64-pc-linux-gnu-library/3.4/StanHeaders/include/src/stan/model/model_header.hpp:4:
In file included from /home/mattocci/R/x86_64-pc-linux-gnu-library/3.4/StanHeaders/include/stan/math.hpp:4:
In file included from /home/mattocci/R/x86_64-pc-linux-gnu-library/3.4/StanHeaders/include/stan/math/rev/mat.hpp:4:
In file included from /home/mattocci/R/x86_64-pc-linux-gnu-library/3.4/StanHeaders/include/stan/math/rev/core.hpp:14:
In file included from /home/mattocci/R/x86_64-pc-linux-gnu-library/3.4/StanHeaders/include/stan/math/rev/core/matrix_vari.hpp:4:
In file included from /home/mattocci/R/x86_64-pc-linux-gnu-library/3.4/StanHeaders/include/stan/math/rev/mat/fun/Eigen_NumTraits.hpp:4:
In file included from /home/mattocci/R/x86_64-pc-linux-gnu-library/3.4/StanHeaders/include/stan/math/prim/mat/fun/Eigen.hpp:4:
In file included from /home/mattocci/R/x86_64-pc-linux-gnu-library/3.4/RcppEigen/include/Eigen/Dense:3:
In file included from /home/mattocci/R/x86_64-pc-linux-gnu-library/3.4/RcppEigen/include/Eigen/Cholesky:43:
/home/mattocci/R/x86_64-pc-linux-gnu-library/3.4/RcppEigen/include/Eigen/src/Core/util/ReenableStupidWarnings.h:10:30: warning: pragma diagnostic pop could not pop, no matching push [-Wunknown-pragmas]
    #pragma clang diagnostic pop
                             ^
In file included from file4f7926b3ee9e.cpp:8:
In file included from /home/mattocci/R/x86_64-pc-linux-gnu-library/3.4/StanHeaders/include/src/stan/model/model_header.hpp:4:
In file included from /home/mattocci/R/x86_64-pc-linux-gnu-library/3.4/StanHeaders/include/stan/math.hpp:4:
In file included from /home/mattocci/R/x86_64-pc-linux-gnu-library/3.4/StanHeaders/include/stan/math/rev/mat.hpp:4:
In file included from /home/mattocci/R/x86_64-pc-linux-gnu-library/3.4/StanHeaders/include/stan/math/rev/core.hpp:14:
In file included from /home/mattocci/R/x86_64-pc-linux-gnu-library/3.4/StanHeaders/include/stan/math/rev/core/matrix_vari.hpp:4:
In file included from /home/mattocci/R/x86_64-pc-linux-gnu-library/3.4/StanHeaders/include/stan/math/rev/mat/fun/Eigen_NumTraits.hpp:4:
In file included from /home/mattocci/R/x86_64-pc-linux-gnu-library/3.4/StanHeaders/include/stan/math/prim/mat/fun/Eigen.hpp:4:
In file included from /home/mattocci/R/x86_64-pc-linux-gnu-library/3.4/RcppEigen/include/Eigen/Dense:4:
In file included from /home/mattocci/R/x86_64-pc-linux-gnu-library/3.4/RcppEigen/include/Eigen/QR:17:
In file included from /home/mattocci/R/x86_64-pc-linux-gnu-library/3.4/RcppEigen/include/Eigen/Householder:27:
/home/mattocci/R/x86_64-pc-linux-gnu-library/3.4/RcppEigen/include/Eigen/src/Core/util/ReenableStupidWarnings.h:10:30: warning: pragma diagnostic pop could not pop, no matching push [-Wunknown-pragmas]
    #pragma clang diagnostic pop
                             ^
In file included from file4f7926b3ee9e.cpp:8:
In file included from /home/mattocci/R/x86_64-pc-linux-gnu-library/3.4/StanHeaders/include/src/stan/model/model_header.hpp:4:
In file included from /home/mattocci/R/x86_64-pc-linux-gnu-library/3.4/StanHeaders/include/stan/math.hpp:4:
In file included from /home/mattocci/R/x86_64-pc-linux-gnu-library/3.4/StanHeaders/include/stan/math/rev/mat.hpp:4:
In file included from /home/mattocci/R/x86_64-pc-linux-gnu-library/3.4/StanHeaders/include/stan/math/rev/core.hpp:14:
In file included from /home/mattocci/R/x86_64-pc-linux-gnu-library/3.4/StanHeaders/include/stan/math/rev/core/matrix_vari.hpp:4:
In file included from /home/mattocci/R/x86_64-pc-linux-gnu-library/3.4/StanHeaders/include/stan/math/rev/mat/fun/Eigen_NumTraits.hpp:4:
In file included from /home/mattocci/R/x86_64-pc-linux-gnu-library/3.4/StanHeaders/include/stan/math/prim/mat/fun/Eigen.hpp:4:
In file included from /home/mattocci/R/x86_64-pc-linux-gnu-library/3.4/RcppEigen/include/Eigen/Dense:5:
In file included from /home/mattocci/R/x86_64-pc-linux-gnu-library/3.4/RcppEigen/include/Eigen/SVD:48:
/home/mattocci/R/x86_64-pc-linux-gnu-library/3.4/RcppEigen/include/Eigen/src/Core/util/ReenableStupidWarnings.h:10:30: warning: pragma diagnostic pop could not pop, no matching push [-Wunknown-pragmas]
    #pragma clang diagnostic pop
                             ^
In file included from file4f7926b3ee9e.cpp:8:
In file included from /home/mattocci/R/x86_64-pc-linux-gnu-library/3.4/StanHeaders/include/src/stan/model/model_header.hpp:4:
In file included from /home/mattocci/R/x86_64-pc-linux-gnu-library/3.4/StanHeaders/include/stan/math.hpp:4:
In file included from /home/mattocci/R/x86_64-pc-linux-gnu-library/3.4/StanHeaders/include/stan/math/rev/mat.hpp:4:
In file included from /home/mattocci/R/x86_64-pc-linux-gnu-library/3.4/StanHeaders/include/stan/math/rev/core.hpp:14:
In file included from /home/mattocci/R/x86_64-pc-linux-gnu-library/3.4/StanHeaders/include/stan/math/rev/core/matrix_vari.hpp:4:
In file included from /home/mattocci/R/x86_64-pc-linux-gnu-library/3.4/StanHeaders/include/stan/math/rev/mat/fun/Eigen_NumTraits.hpp:4:
In file included from /home/mattocci/R/x86_64-pc-linux-gnu-library/3.4/StanHeaders/include/stan/math/prim/mat/fun/Eigen.hpp:4:
In file included from /home/mattocci/R/x86_64-pc-linux-gnu-library/3.4/RcppEigen/include/Eigen/Dense:6:
In file included from /home/mattocci/R/x86_64-pc-linux-gnu-library/3.4/RcppEigen/include/Eigen/Geometry:58:
/home/mattocci/R/x86_64-pc-linux-gnu-library/3.4/RcppEigen/include/Eigen/src/Core/util/ReenableStupidWarnings.h:10:30: warning: pragma diagnostic pop could not pop, no matching push [-Wunknown-pragmas]
    #pragma clang diagnostic pop
                             ^
In file included from file4f7926b3ee9e.cpp:8:
In file included from /home/mattocci/R/x86_64-pc-linux-gnu-library/3.4/StanHeaders/include/src/stan/model/model_header.hpp:4:
In file included from /home/mattocci/R/x86_64-pc-linux-gnu-library/3.4/StanHeaders/include/stan/math.hpp:4:
In file included from /home/mattocci/R/x86_64-pc-linux-gnu-library/3.4/StanHeaders/include/stan/math/rev/mat.hpp:4:
In file included from /home/mattocci/R/x86_64-pc-linux-gnu-library/3.4/StanHeaders/include/stan/math/rev/core.hpp:14:
In file included from /home/mattocci/R/x86_64-pc-linux-gnu-library/3.4/StanHeaders/include/stan/math/rev/core/matrix_vari.hpp:4:
In file included from /home/mattocci/R/x86_64-pc-linux-gnu-library/3.4/StanHeaders/include/stan/math/rev/mat/fun/Eigen_NumTraits.hpp:4:
In file included from /home/mattocci/R/x86_64-pc-linux-gnu-library/3.4/StanHeaders/include/stan/math/prim/mat/fun/Eigen.hpp:4:
In file included from /home/mattocci/R/x86_64-pc-linux-gnu-library/3.4/RcppEigen/include/Eigen/Dense:7:
In file included from /home/mattocci/R/x86_64-pc-linux-gnu-library/3.4/RcppEigen/include/Eigen/Eigenvalues:58:
/home/mattocci/R/x86_64-pc-linux-gnu-library/3.4/RcppEigen/include/Eigen/src/Core/util/ReenableStupidWarnings.h:10:30: warning: pragma diagnostic pop could not pop, no matching push [-Wunknown-pragmas]
    #pragma clang diagnostic pop
                             ^
In file included from file4f7926b3ee9e.cpp:8:
In file included from /home/mattocci/R/x86_64-pc-linux-gnu-library/3.4/StanHeaders/include/src/stan/model/model_header.hpp:4:
In file included from /home/mattocci/R/x86_64-pc-linux-gnu-library/3.4/StanHeaders/include/stan/math.hpp:4:
In file included from /home/mattocci/R/x86_64-pc-linux-gnu-library/3.4/StanHeaders/include/stan/math/rev/mat.hpp:12:
In file included from /home/mattocci/R/x86_64-pc-linux-gnu-library/3.4/StanHeaders/include/stan/math/prim/mat.hpp:83:
In file included from /home/mattocci/R/x86_64-pc-linux-gnu-library/3.4/StanHeaders/include/stan/math/prim/mat/fun/csr_extract_u.hpp:6:
In file included from /home/mattocci/R/x86_64-pc-linux-gnu-library/3.4/RcppEigen/include/Eigen/Sparse:26:
In file included from /home/mattocci/R/x86_64-pc-linux-gnu-library/3.4/RcppEigen/include/Eigen/SparseCore:66:
/home/mattocci/R/x86_64-pc-linux-gnu-library/3.4/RcppEigen/include/Eigen/src/Core/util/ReenableStupidWarnings.h:10:30: warning: pragma diagnostic pop could not pop, no matching push [-Wunknown-pragmas]
    #pragma clang diagnostic pop
                             ^
In file included from file4f7926b3ee9e.cpp:8:
In file included from /home/mattocci/R/x86_64-pc-linux-gnu-library/3.4/StanHeaders/include/src/stan/model/model_header.hpp:4:
In file included from /home/mattocci/R/x86_64-pc-linux-gnu-library/3.4/StanHeaders/include/stan/math.hpp:4:
In file included from /home/mattocci/R/x86_64-pc-linux-gnu-library/3.4/StanHeaders/include/stan/math/rev/mat.hpp:12:
In file included from /home/mattocci/R/x86_64-pc-linux-gnu-library/3.4/StanHeaders/include/stan/math/prim/mat.hpp:83:
In file included from /home/mattocci/R/x86_64-pc-linux-gnu-library/3.4/StanHeaders/include/stan/math/prim/mat/fun/csr_extract_u.hpp:6:
In file included from /home/mattocci/R/x86_64-pc-linux-gnu-library/3.4/RcppEigen/include/Eigen/Sparse:27:
In file included from /home/mattocci/R/x86_64-pc-linux-gnu-library/3.4/RcppEigen/include/Eigen/OrderingMethods:71:
/home/mattocci/R/x86_64-pc-linux-gnu-library/3.4/RcppEigen/include/Eigen/src/Core/util/ReenableStupidWarnings.h:10:30: warning: pragma diagnostic pop could not pop, no matching push [-Wunknown-pragmas]
    #pragma clang diagnostic pop
                             ^
In file included from file4f7926b3ee9e.cpp:8:
In file included from /home/mattocci/R/x86_64-pc-linux-gnu-library/3.4/StanHeaders/include/src/stan/model/model_header.hpp:4:
In file included from /home/mattocci/R/x86_64-pc-linux-gnu-library/3.4/StanHeaders/include/stan/math.hpp:4:
In file included from /home/mattocci/R/x86_64-pc-linux-gnu-library/3.4/StanHeaders/include/stan/math/rev/mat.hpp:12:
In file included from /home/mattocci/R/x86_64-pc-linux-gnu-library/3.4/StanHeaders/include/stan/math/prim/mat.hpp:83:
In file included from /home/mattocci/R/x86_64-pc-linux-gnu-library/3.4/StanHeaders/include/stan/math/prim/mat/fun/csr_extract_u.hpp:6:
In file included from /home/mattocci/R/x86_64-pc-linux-gnu-library/3.4/RcppEigen/include/Eigen/Sparse:29:
In file included from /home/mattocci/R/x86_64-pc-linux-gnu-library/3.4/RcppEigen/include/Eigen/SparseCholesky:43:
/home/mattocci/R/x86_64-pc-linux-gnu-library/3.4/RcppEigen/include/Eigen/src/Core/util/ReenableStupidWarnings.h:10:30: warning: pragma diagnostic pop could not pop, no matching push [-Wunknown-pragmas]
    #pragma clang diagnostic pop
                             ^
In file included from file4f7926b3ee9e.cpp:8:
In file included from /home/mattocci/R/x86_64-pc-linux-gnu-library/3.4/StanHeaders/include/src/stan/model/model_header.hpp:4:
In file included from /home/mattocci/R/x86_64-pc-linux-gnu-library/3.4/StanHeaders/include/stan/math.hpp:4:
In file included from /home/mattocci/R/x86_64-pc-linux-gnu-library/3.4/StanHeaders/include/stan/math/rev/mat.hpp:12:
In file included from /home/mattocci/R/x86_64-pc-linux-gnu-library/3.4/StanHeaders/include/stan/math/prim/mat.hpp:83:
In file included from /home/mattocci/R/x86_64-pc-linux-gnu-library/3.4/StanHeaders/include/stan/math/prim/mat/fun/csr_extract_u.hpp:6:
In file included from /home/mattocci/R/x86_64-pc-linux-gnu-library/3.4/RcppEigen/include/Eigen/Sparse:32:
In file included from /home/mattocci/R/x86_64-pc-linux-gnu-library/3.4/RcppEigen/include/Eigen/SparseQR:35:
/home/mattocci/R/x86_64-pc-linux-gnu-library/3.4/RcppEigen/include/Eigen/src/Core/util/ReenableStupidWarnings.h:10:30: warning: pragma diagnostic pop could not pop, no matching push [-Wunknown-pragmas]
    #pragma clang diagnostic pop
                             ^
In file included from file4f7926b3ee9e.cpp:8:
In file included from /home/mattocci/R/x86_64-pc-linux-gnu-library/3.4/StanHeaders/include/src/stan/model/model_header.hpp:4:
In file included from /home/mattocci/R/x86_64-pc-linux-gnu-library/3.4/StanHeaders/include/stan/math.hpp:4:
In file included from /home/mattocci/R/x86_64-pc-linux-gnu-library/3.4/StanHeaders/include/stan/math/rev/mat.hpp:12:
In file included from /home/mattocci/R/x86_64-pc-linux-gnu-library/3.4/StanHeaders/include/stan/math/prim/mat.hpp:83:
In file included from /home/mattocci/R/x86_64-pc-linux-gnu-library/3.4/StanHeaders/include/stan/math/prim/mat/fun/csr_extract_u.hpp:6:
In file included from /home/mattocci/R/x86_64-pc-linux-gnu-library/3.4/RcppEigen/include/Eigen/Sparse:33:
In file included from /home/mattocci/R/x86_64-pc-linux-gnu-library/3.4/RcppEigen/include/Eigen/IterativeLinearSolvers:46:
/home/mattocci/R/x86_64-pc-linux-gnu-library/3.4/RcppEigen/include/Eigen/src/Core/util/ReenableStupidWarnings.h:10:30: warning: pragma diagnostic pop could not pop, no matching push [-Wunknown-pragmas]
    #pragma clang diagnostic pop
                             ^
13 warnings generated.
clang: warning: argument unused during compilation: '-arch x86_64'

SAMPLING FOR MODEL 'm0_beta5' NOW (CHAIN 1).

Gradient evaluation took 0.001135 seconds
1000 transitions using 10 leapfrog steps per transition would take 11.35 seconds.
Adjust your expectations accordingly!


Iteration:   1 / 600 [  0%]  (Warmup)

SAMPLING FOR MODEL 'm0_beta5' NOW (CHAIN 2).

Gradient evaluation took 0.001126 seconds
1000 transitions using 10 leapfrog steps per transition would take 11.26 seconds.
Adjust your expectations accordingly!


Iteration:   1 / 600 [  0%]  (Warmup)

SAMPLING FOR MODEL 'm0_beta5' NOW (CHAIN 3).

Gradient evaluation took 0.001138 seconds
1000 transitions using 10 leapfrog steps per transition would take 11.38 seconds.
Adjust your expectations accordingly!


Iteration:   1 / 600 [  0%]  (Warmup)

SAMPLING FOR MODEL 'm0_beta5' NOW (CHAIN 4).

Gradient evaluation took 0.001093 seconds
1000 transitions using 10 leapfrog steps per transition would take 10.93 seconds.
Adjust your expectations accordingly!


Iteration:   1 / 600 [  0%]  (Warmup)
Iteration:  60 / 600 [ 10%]  (Warmup)
Iteration:  60 / 600 [ 10%]  (Warmup)
Iteration:  60 / 600 [ 10%]  (Warmup)
Iteration:  60 / 600 [ 10%]  (Warmup)
Iteration: 120 / 600 [ 20%]  (Warmup)
Iteration: 180 / 600 [ 30%]  (Warmup)
Iteration: 120 / 600 [ 20%]  (Warmup)
Iteration: 120 / 600 [ 20%]  (Warmup)
Iteration: 120 / 600 [ 20%]  (Warmup)
Iteration: 180 / 600 [ 30%]  (Warmup)
Iteration: 240 / 600 [ 40%]  (Warmup)
Iteration: 240 / 600 [ 40%]  (Warmup)
Iteration: 180 / 600 [ 30%]  (Warmup)
Iteration: 180 / 600 [ 30%]  (Warmup)
Iteration: 240 / 600 [ 40%]  (Warmup)
Iteration: 300 / 600 [ 50%]  (Warmup)
Iteration: 301 / 600 [ 50%]  (Sampling)
Iteration: 240 / 600 [ 40%]  (Warmup)
Iteration: 300 / 600 [ 50%]  (Warmup)
Iteration: 301 / 600 [ 50%]  (Sampling)
Iteration: 360 / 600 [ 60%]  (Sampling)
Iteration: 300 / 600 [ 50%]  (Warmup)
Iteration: 301 / 600 [ 50%]  (Sampling)
Iteration: 360 / 600 [ 60%]  (Sampling)
Iteration: 420 / 600 [ 70%]  (Sampling)
Iteration: 300 / 600 [ 50%]  (Warmup)
Iteration: 301 / 600 [ 50%]  (Sampling)
Iteration: 480 / 600 [ 80%]  (Sampling)
Iteration: 360 / 600 [ 60%]  (Sampling)
Iteration: 420 / 600 [ 70%]  (Sampling)
Iteration: 540 / 600 [ 90%]  (Sampling)
Iteration: 360 / 600 [ 60%]  (Sampling)
Iteration: 420 / 600 [ 70%]  (Sampling)
Iteration: 600 / 600 [100%]  (Sampling)

 Elapsed Time: 95.605 seconds (Warm-up)
               24.1308 seconds (Sampling)
               119.736 seconds (Total)

Iteration: 480 / 600 [ 80%]  (Sampling)
Iteration: 480 / 600 [ 80%]  (Sampling)
Iteration: 420 / 600 [ 70%]  (Sampling)
Iteration: 540 / 600 [ 90%]  (Sampling)
Iteration: 600 / 600 [100%]  (Sampling)

 Elapsed Time: 103.693 seconds (Warm-up)
               27.1922 seconds (Sampling)
               130.885 seconds (Total)

Iteration: 540 / 600 [ 90%]  (Sampling)
Iteration: 480 / 600 [ 80%]  (Sampling)
Iteration: 600 / 600 [100%]  (Sampling)

 Elapsed Time: 95.8161 seconds (Warm-up)
               43.2345 seconds (Sampling)
               139.051 seconds (Total)

Iteration: 540 / 600 [ 90%]  (Sampling)
Iteration: 600 / 600 [100%]  (Sampling)

 Elapsed Time: 104.009 seconds (Warm-up)
               42.0548 seconds (Sampling)
               146.063 seconds (Total)

