[1] "Model: m6"
[1] "Model dir: ./model/m6.stan"
[1] "Data: GL"
[1] "n_iter = 2000"
[1] "n_warm = 1000"
[1] "n_thin = 1"
[1] "n_chains = 4"
clang: warning: argument unused during compilation: '-arch x86_64'
In file included from file609f5b66e677.cpp:8:
In file included from /home/mattocci/R/x86_64-pc-linux-gnu-library/3.4/StanHeaders/include/src/stan/model/model_header.hpp:4:
In file included from /home/mattocci/R/x86_64-pc-linux-gnu-library/3.4/StanHeaders/include/stan/math.hpp:4:
In file included from /home/mattocci/R/x86_64-pc-linux-gnu-library/3.4/StanHeaders/include/stan/math/rev/mat.hpp:4:
In file included from /home/mattocci/R/x86_64-pc-linux-gnu-library/3.4/StanHeaders/include/stan/math/rev/core.hpp:14:
In file included from /home/mattocci/R/x86_64-pc-linux-gnu-library/3.4/StanHeaders/include/stan/math/rev/core/matrix_vari.hpp:4:
In file included from /home/mattocci/R/x86_64-pc-linux-gnu-library/3.4/StanHeaders/include/stan/math/rev/mat/fun/Eigen_NumTraits.hpp:4:
In file included from /home/mattocci/R/x86_64-pc-linux-gnu-library/3.4/StanHeaders/include/stan/math/prim/mat/fun/Eigen.hpp:4:
In file included from /home/mattocci/R/x86_64-pc-linux-gnu-library/3.4/RcppEigen/include/Eigen/Dense:1:
In file included from /home/mattocci/R/x86_64-pc-linux-gnu-library/3.4/RcppEigen/include/Eigen/Core:531:
/home/mattocci/R/x86_64-pc-linux-gnu-library/3.4/RcppEigen/include/Eigen/src/Core/util/ReenableStupidWarnings.h:10:30: warning: pragma diagnostic pop could not pop, no matching push [-Wunknown-pragmas]
    #pragma clang diagnostic pop
                             ^
In file included from file609f5b66e677.cpp:8:
In file included from /home/mattocci/R/x86_64-pc-linux-gnu-library/3.4/StanHeaders/include/src/stan/model/model_header.hpp:4:
In file included from /home/mattocci/R/x86_64-pc-linux-gnu-library/3.4/StanHeaders/include/stan/math.hpp:4:
In file included from /home/mattocci/R/x86_64-pc-linux-gnu-library/3.4/StanHeaders/include/stan/math/rev/mat.hpp:4:
In file included from /home/mattocci/R/x86_64-pc-linux-gnu-library/3.4/StanHeaders/include/stan/math/rev/core.hpp:14:
In file included from /home/mattocci/R/x86_64-pc-linux-gnu-library/3.4/StanHeaders/include/stan/math/rev/core/matrix_vari.hpp:4:
In file included from /home/mattocci/R/x86_64-pc-linux-gnu-library/3.4/StanHeaders/include/stan/math/rev/mat/fun/Eigen_NumTraits.hpp:4:
In file included from /home/mattocci/R/x86_64-pc-linux-gnu-library/3.4/StanHeaders/include/stan/math/prim/mat/fun/Eigen.hpp:4:
In file included from /home/mattocci/R/x86_64-pc-linux-gnu-library/3.4/RcppEigen/include/Eigen/Dense:2:
In file included from /home/mattocci/R/x86_64-pc-linux-gnu-library/3.4/RcppEigen/include/Eigen/LU:47:
/home/mattocci/R/x86_64-pc-linux-gnu-library/3.4/RcppEigen/include/Eigen/src/Core/util/ReenableStupidWarnings.h:10:30: warning: pragma diagnostic pop could not pop, no matching push [-Wunknown-pragmas]
    #pragma clang diagnostic pop
                             ^
In file included from file609f5b66e677.cpp:8:
In file included from /home/mattocci/R/x86_64-pc-linux-gnu-library/3.4/StanHeaders/include/src/stan/model/model_header.hpp:4:
In file included from /home/mattocci/R/x86_64-pc-linux-gnu-library/3.4/StanHeaders/include/stan/math.hpp:4:
In file included from /home/mattocci/R/x86_64-pc-linux-gnu-library/3.4/StanHeaders/include/stan/math/rev/mat.hpp:4:
In file included from /home/mattocci/R/x86_64-pc-linux-gnu-library/3.4/StanHeaders/include/stan/math/rev/core.hpp:14:
In file included from /home/mattocci/R/x86_64-pc-linux-gnu-library/3.4/StanHeaders/include/stan/math/rev/core/matrix_vari.hpp:4:
In file included from /home/mattocci/R/x86_64-pc-linux-gnu-library/3.4/StanHeaders/include/stan/math/rev/mat/fun/Eigen_NumTraits.hpp:4:
In file included from /home/mattocci/R/x86_64-pc-linux-gnu-library/3.4/StanHeaders/include/stan/math/prim/mat/fun/Eigen.hpp:4:
In file included from /home/mattocci/R/x86_64-pc-linux-gnu-library/3.4/RcppEigen/include/Eigen/Dense:3:
In file included from /home/mattocci/R/x86_64-pc-linux-gnu-library/3.4/RcppEigen/include/Eigen/Cholesky:12:
In file included from /home/mattocci/R/x86_64-pc-linux-gnu-library/3.4/RcppEigen/include/Eigen/Jacobi:29:
/home/mattocci/R/x86_64-pc-linux-gnu-library/3.4/RcppEigen/include/Eigen/src/Core/util/ReenableStupidWarnings.h:10:30: warning: pragma diagnostic pop could not pop, no matching push [-Wunknown-pragmas]
    #pragma clang diagnostic pop
                             ^
In file included from file609f5b66e677.cpp:8:
In file included from /home/mattocci/R/x86_64-pc-linux-gnu-library/3.4/StanHeaders/include/src/stan/model/model_header.hpp:4:
In file included from /home/mattocci/R/x86_64-pc-linux-gnu-library/3.4/StanHeaders/include/stan/math.hpp:4:
In file included from /home/mattocci/R/x86_64-pc-linux-gnu-library/3.4/StanHeaders/include/stan/math/rev/mat.hpp:4:
In file included from /home/mattocci/R/x86_64-pc-linux-gnu-library/3.4/StanHeaders/include/stan/math/rev/core.hpp:14:
In file included from /home/mattocci/R/x86_64-pc-linux-gnu-library/3.4/StanHeaders/include/stan/math/rev/core/matrix_vari.hpp:4:
In file included from /home/mattocci/R/x86_64-pc-linux-gnu-library/3.4/StanHeaders/include/stan/math/rev/mat/fun/Eigen_NumTraits.hpp:4:
In file included from /home/mattocci/R/x86_64-pc-linux-gnu-library/3.4/StanHeaders/include/stan/math/prim/mat/fun/Eigen.hpp:4:
In file included from /home/mattocci/R/x86_64-pc-linux-gnu-library/3.4/RcppEigen/include/Eigen/Dense:3:
In file included from /home/mattocci/R/x86_64-pc-linux-gnu-library/3.4/RcppEigen/include/Eigen/Cholesky:43:
/home/mattocci/R/x86_64-pc-linux-gnu-library/3.4/RcppEigen/include/Eigen/src/Core/util/ReenableStupidWarnings.h:10:30: warning: pragma diagnostic pop could not pop, no matching push [-Wunknown-pragmas]
    #pragma clang diagnostic pop
                             ^
In file included from file609f5b66e677.cpp:8:
In file included from /home/mattocci/R/x86_64-pc-linux-gnu-library/3.4/StanHeaders/include/src/stan/model/model_header.hpp:4:
In file included from /home/mattocci/R/x86_64-pc-linux-gnu-library/3.4/StanHeaders/include/stan/math.hpp:4:
In file included from /home/mattocci/R/x86_64-pc-linux-gnu-library/3.4/StanHeaders/include/stan/math/rev/mat.hpp:4:
In file included from /home/mattocci/R/x86_64-pc-linux-gnu-library/3.4/StanHeaders/include/stan/math/rev/core.hpp:14:
In file included from /home/mattocci/R/x86_64-pc-linux-gnu-library/3.4/StanHeaders/include/stan/math/rev/core/matrix_vari.hpp:4:
In file included from /home/mattocci/R/x86_64-pc-linux-gnu-library/3.4/StanHeaders/include/stan/math/rev/mat/fun/Eigen_NumTraits.hpp:4:
In file included from /home/mattocci/R/x86_64-pc-linux-gnu-library/3.4/StanHeaders/include/stan/math/prim/mat/fun/Eigen.hpp:4:
In file included from /home/mattocci/R/x86_64-pc-linux-gnu-library/3.4/RcppEigen/include/Eigen/Dense:4:
In file included from /home/mattocci/R/x86_64-pc-linux-gnu-library/3.4/RcppEigen/include/Eigen/QR:17:
In file included from /home/mattocci/R/x86_64-pc-linux-gnu-library/3.4/RcppEigen/include/Eigen/Householder:27:
/home/mattocci/R/x86_64-pc-linux-gnu-library/3.4/RcppEigen/include/Eigen/src/Core/util/ReenableStupidWarnings.h:10:30: warning: pragma diagnostic pop could not pop, no matching push [-Wunknown-pragmas]
    #pragma clang diagnostic pop
                             ^
In file included from file609f5b66e677.cpp:8:
In file included from /home/mattocci/R/x86_64-pc-linux-gnu-library/3.4/StanHeaders/include/src/stan/model/model_header.hpp:4:
In file included from /home/mattocci/R/x86_64-pc-linux-gnu-library/3.4/StanHeaders/include/stan/math.hpp:4:
In file included from /home/mattocci/R/x86_64-pc-linux-gnu-library/3.4/StanHeaders/include/stan/math/rev/mat.hpp:4:
In file included from /home/mattocci/R/x86_64-pc-linux-gnu-library/3.4/StanHeaders/include/stan/math/rev/core.hpp:14:
In file included from /home/mattocci/R/x86_64-pc-linux-gnu-library/3.4/StanHeaders/include/stan/math/rev/core/matrix_vari.hpp:4:
In file included from /home/mattocci/R/x86_64-pc-linux-gnu-library/3.4/StanHeaders/include/stan/math/rev/mat/fun/Eigen_NumTraits.hpp:4:
In file included from /home/mattocci/R/x86_64-pc-linux-gnu-library/3.4/StanHeaders/include/stan/math/prim/mat/fun/Eigen.hpp:4:
In file included from /home/mattocci/R/x86_64-pc-linux-gnu-library/3.4/RcppEigen/include/Eigen/Dense:5:
In file included from /home/mattocci/R/x86_64-pc-linux-gnu-library/3.4/RcppEigen/include/Eigen/SVD:48:
/home/mattocci/R/x86_64-pc-linux-gnu-library/3.4/RcppEigen/include/Eigen/src/Core/util/ReenableStupidWarnings.h:10:30: warning: pragma diagnostic pop could not pop, no matching push [-Wunknown-pragmas]
    #pragma clang diagnostic pop
                             ^
In file included from file609f5b66e677.cpp:8:
In file included from /home/mattocci/R/x86_64-pc-linux-gnu-library/3.4/StanHeaders/include/src/stan/model/model_header.hpp:4:
In file included from /home/mattocci/R/x86_64-pc-linux-gnu-library/3.4/StanHeaders/include/stan/math.hpp:4:
In file included from /home/mattocci/R/x86_64-pc-linux-gnu-library/3.4/StanHeaders/include/stan/math/rev/mat.hpp:4:
In file included from /home/mattocci/R/x86_64-pc-linux-gnu-library/3.4/StanHeaders/include/stan/math/rev/core.hpp:14:
In file included from /home/mattocci/R/x86_64-pc-linux-gnu-library/3.4/StanHeaders/include/stan/math/rev/core/matrix_vari.hpp:4:
In file included from /home/mattocci/R/x86_64-pc-linux-gnu-library/3.4/StanHeaders/include/stan/math/rev/mat/fun/Eigen_NumTraits.hpp:4:
In file included from /home/mattocci/R/x86_64-pc-linux-gnu-library/3.4/StanHeaders/include/stan/math/prim/mat/fun/Eigen.hpp:4:
In file included from /home/mattocci/R/x86_64-pc-linux-gnu-library/3.4/RcppEigen/include/Eigen/Dense:6:
In file included from /home/mattocci/R/x86_64-pc-linux-gnu-library/3.4/RcppEigen/include/Eigen/Geometry:58:
/home/mattocci/R/x86_64-pc-linux-gnu-library/3.4/RcppEigen/include/Eigen/src/Core/util/ReenableStupidWarnings.h:10:30: warning: pragma diagnostic pop could not pop, no matching push [-Wunknown-pragmas]
    #pragma clang diagnostic pop
                             ^
In file included from file609f5b66e677.cpp:8:
In file included from /home/mattocci/R/x86_64-pc-linux-gnu-library/3.4/StanHeaders/include/src/stan/model/model_header.hpp:4:
In file included from /home/mattocci/R/x86_64-pc-linux-gnu-library/3.4/StanHeaders/include/stan/math.hpp:4:
In file included from /home/mattocci/R/x86_64-pc-linux-gnu-library/3.4/StanHeaders/include/stan/math/rev/mat.hpp:4:
In file included from /home/mattocci/R/x86_64-pc-linux-gnu-library/3.4/StanHeaders/include/stan/math/rev/core.hpp:14:
In file included from /home/mattocci/R/x86_64-pc-linux-gnu-library/3.4/StanHeaders/include/stan/math/rev/core/matrix_vari.hpp:4:
In file included from /home/mattocci/R/x86_64-pc-linux-gnu-library/3.4/StanHeaders/include/stan/math/rev/mat/fun/Eigen_NumTraits.hpp:4:
In file included from /home/mattocci/R/x86_64-pc-linux-gnu-library/3.4/StanHeaders/include/stan/math/prim/mat/fun/Eigen.hpp:4:
In file included from /home/mattocci/R/x86_64-pc-linux-gnu-library/3.4/RcppEigen/include/Eigen/Dense:7:
In file included from /home/mattocci/R/x86_64-pc-linux-gnu-library/3.4/RcppEigen/include/Eigen/Eigenvalues:58:
/home/mattocci/R/x86_64-pc-linux-gnu-library/3.4/RcppEigen/include/Eigen/src/Core/util/ReenableStupidWarnings.h:10:30: warning: pragma diagnostic pop could not pop, no matching push [-Wunknown-pragmas]
    #pragma clang diagnostic pop
                             ^
In file included from file609f5b66e677.cpp:8:
In file included from /home/mattocci/R/x86_64-pc-linux-gnu-library/3.4/StanHeaders/include/src/stan/model/model_header.hpp:4:
In file included from /home/mattocci/R/x86_64-pc-linux-gnu-library/3.4/StanHeaders/include/stan/math.hpp:4:
In file included from /home/mattocci/R/x86_64-pc-linux-gnu-library/3.4/StanHeaders/include/stan/math/rev/mat.hpp:12:
In file included from /home/mattocci/R/x86_64-pc-linux-gnu-library/3.4/StanHeaders/include/stan/math/prim/mat.hpp:83:
In file included from /home/mattocci/R/x86_64-pc-linux-gnu-library/3.4/StanHeaders/include/stan/math/prim/mat/fun/csr_extract_u.hpp:6:
In file included from /home/mattocci/R/x86_64-pc-linux-gnu-library/3.4/RcppEigen/include/Eigen/Sparse:26:
In file included from /home/mattocci/R/x86_64-pc-linux-gnu-library/3.4/RcppEigen/include/Eigen/SparseCore:66:
/home/mattocci/R/x86_64-pc-linux-gnu-library/3.4/RcppEigen/include/Eigen/src/Core/util/ReenableStupidWarnings.h:10:30: warning: pragma diagnostic pop could not pop, no matching push [-Wunknown-pragmas]
    #pragma clang diagnostic pop
                             ^
In file included from file609f5b66e677.cpp:8:
In file included from /home/mattocci/R/x86_64-pc-linux-gnu-library/3.4/StanHeaders/include/src/stan/model/model_header.hpp:4:
In file included from /home/mattocci/R/x86_64-pc-linux-gnu-library/3.4/StanHeaders/include/stan/math.hpp:4:
In file included from /home/mattocci/R/x86_64-pc-linux-gnu-library/3.4/StanHeaders/include/stan/math/rev/mat.hpp:12:
In file included from /home/mattocci/R/x86_64-pc-linux-gnu-library/3.4/StanHeaders/include/stan/math/prim/mat.hpp:83:
In file included from /home/mattocci/R/x86_64-pc-linux-gnu-library/3.4/StanHeaders/include/stan/math/prim/mat/fun/csr_extract_u.hpp:6:
In file included from /home/mattocci/R/x86_64-pc-linux-gnu-library/3.4/RcppEigen/include/Eigen/Sparse:27:
In file included from /home/mattocci/R/x86_64-pc-linux-gnu-library/3.4/RcppEigen/include/Eigen/OrderingMethods:71:
/home/mattocci/R/x86_64-pc-linux-gnu-library/3.4/RcppEigen/include/Eigen/src/Core/util/ReenableStupidWarnings.h:10:30: warning: pragma diagnostic pop could not pop, no matching push [-Wunknown-pragmas]
    #pragma clang diagnostic pop
                             ^
In file included from file609f5b66e677.cpp:8:
In file included from /home/mattocci/R/x86_64-pc-linux-gnu-library/3.4/StanHeaders/include/src/stan/model/model_header.hpp:4:
In file included from /home/mattocci/R/x86_64-pc-linux-gnu-library/3.4/StanHeaders/include/stan/math.hpp:4:
In file included from /home/mattocci/R/x86_64-pc-linux-gnu-library/3.4/StanHeaders/include/stan/math/rev/mat.hpp:12:
In file included from /home/mattocci/R/x86_64-pc-linux-gnu-library/3.4/StanHeaders/include/stan/math/prim/mat.hpp:83:
In file included from /home/mattocci/R/x86_64-pc-linux-gnu-library/3.4/StanHeaders/include/stan/math/prim/mat/fun/csr_extract_u.hpp:6:
In file included from /home/mattocci/R/x86_64-pc-linux-gnu-library/3.4/RcppEigen/include/Eigen/Sparse:29:
In file included from /home/mattocci/R/x86_64-pc-linux-gnu-library/3.4/RcppEigen/include/Eigen/SparseCholesky:43:
/home/mattocci/R/x86_64-pc-linux-gnu-library/3.4/RcppEigen/include/Eigen/src/Core/util/ReenableStupidWarnings.h:10:30: warning: pragma diagnostic pop could not pop, no matching push [-Wunknown-pragmas]
    #pragma clang diagnostic pop
                             ^
In file included from file609f5b66e677.cpp:8:
In file included from /home/mattocci/R/x86_64-pc-linux-gnu-library/3.4/StanHeaders/include/src/stan/model/model_header.hpp:4:
In file included from /home/mattocci/R/x86_64-pc-linux-gnu-library/3.4/StanHeaders/include/stan/math.hpp:4:
In file included from /home/mattocci/R/x86_64-pc-linux-gnu-library/3.4/StanHeaders/include/stan/math/rev/mat.hpp:12:
In file included from /home/mattocci/R/x86_64-pc-linux-gnu-library/3.4/StanHeaders/include/stan/math/prim/mat.hpp:83:
In file included from /home/mattocci/R/x86_64-pc-linux-gnu-library/3.4/StanHeaders/include/stan/math/prim/mat/fun/csr_extract_u.hpp:6:
In file included from /home/mattocci/R/x86_64-pc-linux-gnu-library/3.4/RcppEigen/include/Eigen/Sparse:32:
In file included from /home/mattocci/R/x86_64-pc-linux-gnu-library/3.4/RcppEigen/include/Eigen/SparseQR:35:
/home/mattocci/R/x86_64-pc-linux-gnu-library/3.4/RcppEigen/include/Eigen/src/Core/util/ReenableStupidWarnings.h:10:30: warning: pragma diagnostic pop could not pop, no matching push [-Wunknown-pragmas]
    #pragma clang diagnostic pop
                             ^
In file included from file609f5b66e677.cpp:8:
In file included from /home/mattocci/R/x86_64-pc-linux-gnu-library/3.4/StanHeaders/include/src/stan/model/model_header.hpp:4:
In file included from /home/mattocci/R/x86_64-pc-linux-gnu-library/3.4/StanHeaders/include/stan/math.hpp:4:
In file included from /home/mattocci/R/x86_64-pc-linux-gnu-library/3.4/StanHeaders/include/stan/math/rev/mat.hpp:12:
In file included from /home/mattocci/R/x86_64-pc-linux-gnu-library/3.4/StanHeaders/include/stan/math/prim/mat.hpp:83:
In file included from /home/mattocci/R/x86_64-pc-linux-gnu-library/3.4/StanHeaders/include/stan/math/prim/mat/fun/csr_extract_u.hpp:6:
In file included from /home/mattocci/R/x86_64-pc-linux-gnu-library/3.4/RcppEigen/include/Eigen/Sparse:33:
In file included from /home/mattocci/R/x86_64-pc-linux-gnu-library/3.4/RcppEigen/include/Eigen/IterativeLinearSolvers:46:
/home/mattocci/R/x86_64-pc-linux-gnu-library/3.4/RcppEigen/include/Eigen/src/Core/util/ReenableStupidWarnings.h:10:30: warning: pragma diagnostic pop could not pop, no matching push [-Wunknown-pragmas]
    #pragma clang diagnostic pop
                             ^
13 warnings generated.
clang: warning: argument unused during compilation: '-arch x86_64'

SAMPLING FOR MODEL 'm6' NOW (CHAIN 1).

SAMPLING FOR MODEL 'm6' NOW (CHAIN 2).

Gradient evaluation took 0.00151 seconds
1000 transitions using 10 leapfrog steps per transition would take 15.1 seconds.
Adjust your expectations accordingly!


Iteration:    1 / 2000 [  0%]  (Warmup)

SAMPLING FOR MODEL 'm6' NOW (CHAIN 3).

Gradient evaluation took 0.001589 seconds
1000 transitions using 10 leapfrog steps per transition would take 15.89 seconds.
Adjust your expectations accordingly!


Iteration:    1 / 2000 [  0%]  (Warmup)

SAMPLING FOR MODEL 'm6' NOW (CHAIN 4).

Gradient evaluation took 0.001458 seconds
1000 transitions using 10 leapfrog steps per transition would take 14.58 seconds.
Adjust your expectations accordingly!


Iteration:    1 / 2000 [  0%]  (Warmup)

Gradient evaluation took 0.002234 seconds
1000 transitions using 10 leapfrog steps per transition would take 22.34 seconds.
Adjust your expectations accordingly!


Iteration:    1 / 2000 [  0%]  (Warmup)
Iteration:  200 / 2000 [ 10%]  (Warmup)
Iteration:  200 / 2000 [ 10%]  (Warmup)
Iteration:  200 / 2000 [ 10%]  (Warmup)
Iteration:  200 / 2000 [ 10%]  (Warmup)
Iteration:  400 / 2000 [ 20%]  (Warmup)
Iteration:  400 / 2000 [ 20%]  (Warmup)
Iteration:  400 / 2000 [ 20%]  (Warmup)
Iteration:  600 / 2000 [ 30%]  (Warmup)
Iteration:  600 / 2000 [ 30%]  (Warmup)
Iteration:  400 / 2000 [ 20%]  (Warmup)
Iteration:  800 / 2000 [ 40%]  (Warmup)
Iteration:  800 / 2000 [ 40%]  (Warmup)
Iteration: 1000 / 2000 [ 50%]  (Warmup)
Iteration: 1001 / 2000 [ 50%]  (Sampling)
Iteration: 1000 / 2000 [ 50%]  (Warmup)
Iteration: 1001 / 2000 [ 50%]  (Sampling)
Iteration: 1200 / 2000 [ 60%]  (Sampling)
Iteration: 1400 / 2000 [ 70%]  (Sampling)
Iteration: 1200 / 2000 [ 60%]  (Sampling)
Iteration:  600 / 2000 [ 30%]  (Warmup)
Iteration: 1400 / 2000 [ 70%]  (Sampling)
Iteration: 1600 / 2000 [ 80%]  (Sampling)
Iteration: 1600 / 2000 [ 80%]  (Sampling)
Iteration:  600 / 2000 [ 30%]  (Warmup)
Iteration:  800 / 2000 [ 40%]  (Warmup)
Iteration: 1800 / 2000 [ 90%]  (Sampling)
Iteration: 1800 / 2000 [ 90%]  (Sampling)
Iteration: 2000 / 2000 [100%]  (Sampling)

 Elapsed Time: 836.709 seconds (Warm-up)
               420.536 seconds (Sampling)
               1257.25 seconds (Total)

Iteration: 2000 / 2000 [100%]  (Sampling)

 Elapsed Time: 777.711 seconds (Warm-up)
               544.999 seconds (Sampling)
               1322.71 seconds (Total)

Iteration:  800 / 2000 [ 40%]  (Warmup)
Iteration: 1000 / 2000 [ 50%]  (Warmup)
Iteration: 1001 / 2000 [ 50%]  (Sampling)
Iteration: 1000 / 2000 [ 50%]  (Warmup)
Iteration: 1001 / 2000 [ 50%]  (Sampling)
Iteration: 1200 / 2000 [ 60%]  (Sampling)
Iteration: 1200 / 2000 [ 60%]  (Sampling)
Iteration: 1400 / 2000 [ 70%]  (Sampling)
Iteration: 1400 / 2000 [ 70%]  (Sampling)
Iteration: 1600 / 2000 [ 80%]  (Sampling)
Iteration: 1800 / 2000 [ 90%]  (Sampling)
Iteration: 2000 / 2000 [100%]  (Sampling)

 Elapsed Time: 1562.32 seconds (Warm-up)
               656.606 seconds (Sampling)
               2218.93 seconds (Total)

Iteration: 1600 / 2000 [ 80%]  (Sampling)
Iteration: 1800 / 2000 [ 90%]  (Sampling)
Iteration: 2000 / 2000 [100%]  (Sampling)

 Elapsed Time: 1371.88 seconds (Warm-up)
               1201.11 seconds (Sampling)
               2572.99 seconds (Total)

clang: warning: argument unused during compilation: '-arch x86_64'
In file included from file609f4a2a31ab.cpp:8:
In file included from /home/mattocci/R/x86_64-pc-linux-gnu-library/3.4/StanHeaders/include/src/stan/model/model_header.hpp:4:
In file included from /home/mattocci/R/x86_64-pc-linux-gnu-library/3.4/StanHeaders/include/stan/math.hpp:4:
In file included from /home/mattocci/R/x86_64-pc-linux-gnu-library/3.4/StanHeaders/include/stan/math/rev/mat.hpp:4:
In file included from /home/mattocci/R/x86_64-pc-linux-gnu-library/3.4/StanHeaders/include/stan/math/rev/core.hpp:14:
In file included from /home/mattocci/R/x86_64-pc-linux-gnu-library/3.4/StanHeaders/include/stan/math/rev/core/matrix_vari.hpp:4:
In file included from /home/mattocci/R/x86_64-pc-linux-gnu-library/3.4/StanHeaders/include/stan/math/rev/mat/fun/Eigen_NumTraits.hpp:4:
In file included from /home/mattocci/R/x86_64-pc-linux-gnu-library/3.4/StanHeaders/include/stan/math/prim/mat/fun/Eigen.hpp:4:
In file included from /home/mattocci/R/x86_64-pc-linux-gnu-library/3.4/RcppEigen/include/Eigen/Dense:1:
In file included from /home/mattocci/R/x86_64-pc-linux-gnu-library/3.4/RcppEigen/include/Eigen/Core:531:
/home/mattocci/R/x86_64-pc-linux-gnu-library/3.4/RcppEigen/include/Eigen/src/Core/util/ReenableStupidWarnings.h:10:30: warning: pragma diagnostic pop could not pop, no matching push [-Wunknown-pragmas]
    #pragma clang diagnostic pop
                             ^
In file included from file609f4a2a31ab.cpp:8:
In file included from /home/mattocci/R/x86_64-pc-linux-gnu-library/3.4/StanHeaders/include/src/stan/model/model_header.hpp:4:
In file included from /home/mattocci/R/x86_64-pc-linux-gnu-library/3.4/StanHeaders/include/stan/math.hpp:4:
In file included from /home/mattocci/R/x86_64-pc-linux-gnu-library/3.4/StanHeaders/include/stan/math/rev/mat.hpp:4:
In file included from /home/mattocci/R/x86_64-pc-linux-gnu-library/3.4/StanHeaders/include/stan/math/rev/core.hpp:14:
In file included from /home/mattocci/R/x86_64-pc-linux-gnu-library/3.4/StanHeaders/include/stan/math/rev/core/matrix_vari.hpp:4:
In file included from /home/mattocci/R/x86_64-pc-linux-gnu-library/3.4/StanHeaders/include/stan/math/rev/mat/fun/Eigen_NumTraits.hpp:4:
In file included from /home/mattocci/R/x86_64-pc-linux-gnu-library/3.4/StanHeaders/include/stan/math/prim/mat/fun/Eigen.hpp:4:
In file included from /home/mattocci/R/x86_64-pc-linux-gnu-library/3.4/RcppEigen/include/Eigen/Dense:2:
In file included from /home/mattocci/R/x86_64-pc-linux-gnu-library/3.4/RcppEigen/include/Eigen/LU:47:
/home/mattocci/R/x86_64-pc-linux-gnu-library/3.4/RcppEigen/include/Eigen/src/Core/util/ReenableStupidWarnings.h:10:30: warning: pragma diagnostic pop could not pop, no matching push [-Wunknown-pragmas]
    #pragma clang diagnostic pop
                             ^
In file included from file609f4a2a31ab.cpp:8:
In file included from /home/mattocci/R/x86_64-pc-linux-gnu-library/3.4/StanHeaders/include/src/stan/model/model_header.hpp:4:
In file included from /home/mattocci/R/x86_64-pc-linux-gnu-library/3.4/StanHeaders/include/stan/math.hpp:4:
In file included from /home/mattocci/R/x86_64-pc-linux-gnu-library/3.4/StanHeaders/include/stan/math/rev/mat.hpp:4:
In file included from /home/mattocci/R/x86_64-pc-linux-gnu-library/3.4/StanHeaders/include/stan/math/rev/core.hpp:14:
In file included from /home/mattocci/R/x86_64-pc-linux-gnu-library/3.4/StanHeaders/include/stan/math/rev/core/matrix_vari.hpp:4:
In file included from /home/mattocci/R/x86_64-pc-linux-gnu-library/3.4/StanHeaders/include/stan/math/rev/mat/fun/Eigen_NumTraits.hpp:4:
In file included from /home/mattocci/R/x86_64-pc-linux-gnu-library/3.4/StanHeaders/include/stan/math/prim/mat/fun/Eigen.hpp:4:
In file included from /home/mattocci/R/x86_64-pc-linux-gnu-library/3.4/RcppEigen/include/Eigen/Dense:3:
In file included from /home/mattocci/R/x86_64-pc-linux-gnu-library/3.4/RcppEigen/include/Eigen/Cholesky:12:
In file included from /home/mattocci/R/x86_64-pc-linux-gnu-library/3.4/RcppEigen/include/Eigen/Jacobi:29:
/home/mattocci/R/x86_64-pc-linux-gnu-library/3.4/RcppEigen/include/Eigen/src/Core/util/ReenableStupidWarnings.h:10:30: warning: pragma diagnostic pop could not pop, no matching push [-Wunknown-pragmas]
    #pragma clang diagnostic pop
                             ^
In file included from file609f4a2a31ab.cpp:8:
In file included from /home/mattocci/R/x86_64-pc-linux-gnu-library/3.4/StanHeaders/include/src/stan/model/model_header.hpp:4:
In file included from /home/mattocci/R/x86_64-pc-linux-gnu-library/3.4/StanHeaders/include/stan/math.hpp:4:
In file included from /home/mattocci/R/x86_64-pc-linux-gnu-library/3.4/StanHeaders/include/stan/math/rev/mat.hpp:4:
In file included from /home/mattocci/R/x86_64-pc-linux-gnu-library/3.4/StanHeaders/include/stan/math/rev/core.hpp:14:
In file included from /home/mattocci/R/x86_64-pc-linux-gnu-library/3.4/StanHeaders/include/stan/math/rev/core/matrix_vari.hpp:4:
In file included from /home/mattocci/R/x86_64-pc-linux-gnu-library/3.4/StanHeaders/include/stan/math/rev/mat/fun/Eigen_NumTraits.hpp:4:
In file included from /home/mattocci/R/x86_64-pc-linux-gnu-library/3.4/StanHeaders/include/stan/math/prim/mat/fun/Eigen.hpp:4:
In file included from /home/mattocci/R/x86_64-pc-linux-gnu-library/3.4/RcppEigen/include/Eigen/Dense:3:
In file included from /home/mattocci/R/x86_64-pc-linux-gnu-library/3.4/RcppEigen/include/Eigen/Cholesky:43:
/home/mattocci/R/x86_64-pc-linux-gnu-library/3.4/RcppEigen/include/Eigen/src/Core/util/ReenableStupidWarnings.h:10:30: warning: pragma diagnostic pop could not pop, no matching push [-Wunknown-pragmas]
    #pragma clang diagnostic pop
                             ^
In file included from file609f4a2a31ab.cpp:8:
In file included from /home/mattocci/R/x86_64-pc-linux-gnu-library/3.4/StanHeaders/include/src/stan/model/model_header.hpp:4:
In file included from /home/mattocci/R/x86_64-pc-linux-gnu-library/3.4/StanHeaders/include/stan/math.hpp:4:
In file included from /home/mattocci/R/x86_64-pc-linux-gnu-library/3.4/StanHeaders/include/stan/math/rev/mat.hpp:4:
In file included from /home/mattocci/R/x86_64-pc-linux-gnu-library/3.4/StanHeaders/include/stan/math/rev/core.hpp:14:
In file included from /home/mattocci/R/x86_64-pc-linux-gnu-library/3.4/StanHeaders/include/stan/math/rev/core/matrix_vari.hpp:4:
In file included from /home/mattocci/R/x86_64-pc-linux-gnu-library/3.4/StanHeaders/include/stan/math/rev/mat/fun/Eigen_NumTraits.hpp:4:
In file included from /home/mattocci/R/x86_64-pc-linux-gnu-library/3.4/StanHeaders/include/stan/math/prim/mat/fun/Eigen.hpp:4:
In file included from /home/mattocci/R/x86_64-pc-linux-gnu-library/3.4/RcppEigen/include/Eigen/Dense:4:
In file included from /home/mattocci/R/x86_64-pc-linux-gnu-library/3.4/RcppEigen/include/Eigen/QR:17:
In file included from /home/mattocci/R/x86_64-pc-linux-gnu-library/3.4/RcppEigen/include/Eigen/Householder:27:
/home/mattocci/R/x86_64-pc-linux-gnu-library/3.4/RcppEigen/include/Eigen/src/Core/util/ReenableStupidWarnings.h:10:30: warning: pragma diagnostic pop could not pop, no matching push [-Wunknown-pragmas]
    #pragma clang diagnostic pop
                             ^
In file included from file609f4a2a31ab.cpp:8:
In file included from /home/mattocci/R/x86_64-pc-linux-gnu-library/3.4/StanHeaders/include/src/stan/model/model_header.hpp:4:
In file included from /home/mattocci/R/x86_64-pc-linux-gnu-library/3.4/StanHeaders/include/stan/math.hpp:4:
In file included from /home/mattocci/R/x86_64-pc-linux-gnu-library/3.4/StanHeaders/include/stan/math/rev/mat.hpp:4:
In file included from /home/mattocci/R/x86_64-pc-linux-gnu-library/3.4/StanHeaders/include/stan/math/rev/core.hpp:14:
In file included from /home/mattocci/R/x86_64-pc-linux-gnu-library/3.4/StanHeaders/include/stan/math/rev/core/matrix_vari.hpp:4:
In file included from /home/mattocci/R/x86_64-pc-linux-gnu-library/3.4/StanHeaders/include/stan/math/rev/mat/fun/Eigen_NumTraits.hpp:4:
In file included from /home/mattocci/R/x86_64-pc-linux-gnu-library/3.4/StanHeaders/include/stan/math/prim/mat/fun/Eigen.hpp:4:
In file included from /home/mattocci/R/x86_64-pc-linux-gnu-library/3.4/RcppEigen/include/Eigen/Dense:5:
In file included from /home/mattocci/R/x86_64-pc-linux-gnu-library/3.4/RcppEigen/include/Eigen/SVD:48:
/home/mattocci/R/x86_64-pc-linux-gnu-library/3.4/RcppEigen/include/Eigen/src/Core/util/ReenableStupidWarnings.h:10:30: warning: pragma diagnostic pop could not pop, no matching push [-Wunknown-pragmas]
    #pragma clang diagnostic pop
                             ^
In file included from file609f4a2a31ab.cpp:8:
In file included from /home/mattocci/R/x86_64-pc-linux-gnu-library/3.4/StanHeaders/include/src/stan/model/model_header.hpp:4:
In file included from /home/mattocci/R/x86_64-pc-linux-gnu-library/3.4/StanHeaders/include/stan/math.hpp:4:
In file included from /home/mattocci/R/x86_64-pc-linux-gnu-library/3.4/StanHeaders/include/stan/math/rev/mat.hpp:4:
In file included from /home/mattocci/R/x86_64-pc-linux-gnu-library/3.4/StanHeaders/include/stan/math/rev/core.hpp:14:
In file included from /home/mattocci/R/x86_64-pc-linux-gnu-library/3.4/StanHeaders/include/stan/math/rev/core/matrix_vari.hpp:4:
In file included from /home/mattocci/R/x86_64-pc-linux-gnu-library/3.4/StanHeaders/include/stan/math/rev/mat/fun/Eigen_NumTraits.hpp:4:
In file included from /home/mattocci/R/x86_64-pc-linux-gnu-library/3.4/StanHeaders/include/stan/math/prim/mat/fun/Eigen.hpp:4:
In file included from /home/mattocci/R/x86_64-pc-linux-gnu-library/3.4/RcppEigen/include/Eigen/Dense:6:
In file included from /home/mattocci/R/x86_64-pc-linux-gnu-library/3.4/RcppEigen/include/Eigen/Geometry:58:
/home/mattocci/R/x86_64-pc-linux-gnu-library/3.4/RcppEigen/include/Eigen/src/Core/util/ReenableStupidWarnings.h:10:30: warning: pragma diagnostic pop could not pop, no matching push [-Wunknown-pragmas]
    #pragma clang diagnostic pop
                             ^
In file included from file609f4a2a31ab.cpp:8:
In file included from /home/mattocci/R/x86_64-pc-linux-gnu-library/3.4/StanHeaders/include/src/stan/model/model_header.hpp:4:
In file included from /home/mattocci/R/x86_64-pc-linux-gnu-library/3.4/StanHeaders/include/stan/math.hpp:4:
In file included from /home/mattocci/R/x86_64-pc-linux-gnu-library/3.4/StanHeaders/include/stan/math/rev/mat.hpp:4:
In file included from /home/mattocci/R/x86_64-pc-linux-gnu-library/3.4/StanHeaders/include/stan/math/rev/core.hpp:14:
In file included from /home/mattocci/R/x86_64-pc-linux-gnu-library/3.4/StanHeaders/include/stan/math/rev/core/matrix_vari.hpp:4:
In file included from /home/mattocci/R/x86_64-pc-linux-gnu-library/3.4/StanHeaders/include/stan/math/rev/mat/fun/Eigen_NumTraits.hpp:4:
In file included from /home/mattocci/R/x86_64-pc-linux-gnu-library/3.4/StanHeaders/include/stan/math/prim/mat/fun/Eigen.hpp:4:
In file included from /home/mattocci/R/x86_64-pc-linux-gnu-library/3.4/RcppEigen/include/Eigen/Dense:7:
In file included from /home/mattocci/R/x86_64-pc-linux-gnu-library/3.4/RcppEigen/include/Eigen/Eigenvalues:58:
/home/mattocci/R/x86_64-pc-linux-gnu-library/3.4/RcppEigen/include/Eigen/src/Core/util/ReenableStupidWarnings.h:10:30: warning: pragma diagnostic pop could not pop, no matching push [-Wunknown-pragmas]
    #pragma clang diagnostic pop
                             ^
In file included from file609f4a2a31ab.cpp:8:
In file included from /home/mattocci/R/x86_64-pc-linux-gnu-library/3.4/StanHeaders/include/src/stan/model/model_header.hpp:4:
In file included from /home/mattocci/R/x86_64-pc-linux-gnu-library/3.4/StanHeaders/include/stan/math.hpp:4:
In file included from /home/mattocci/R/x86_64-pc-linux-gnu-library/3.4/StanHeaders/include/stan/math/rev/mat.hpp:12:
In file included from /home/mattocci/R/x86_64-pc-linux-gnu-library/3.4/StanHeaders/include/stan/math/prim/mat.hpp:83:
In file included from /home/mattocci/R/x86_64-pc-linux-gnu-library/3.4/StanHeaders/include/stan/math/prim/mat/fun/csr_extract_u.hpp:6:
In file included from /home/mattocci/R/x86_64-pc-linux-gnu-library/3.4/RcppEigen/include/Eigen/Sparse:26:
In file included from /home/mattocci/R/x86_64-pc-linux-gnu-library/3.4/RcppEigen/include/Eigen/SparseCore:66:
/home/mattocci/R/x86_64-pc-linux-gnu-library/3.4/RcppEigen/include/Eigen/src/Core/util/ReenableStupidWarnings.h:10:30: warning: pragma diagnostic pop could not pop, no matching push [-Wunknown-pragmas]
    #pragma clang diagnostic pop
                             ^
In file included from file609f4a2a31ab.cpp:8:
In file included from /home/mattocci/R/x86_64-pc-linux-gnu-library/3.4/StanHeaders/include/src/stan/model/model_header.hpp:4:
In file included from /home/mattocci/R/x86_64-pc-linux-gnu-library/3.4/StanHeaders/include/stan/math.hpp:4:
In file included from /home/mattocci/R/x86_64-pc-linux-gnu-library/3.4/StanHeaders/include/stan/math/rev/mat.hpp:12:
In file included from /home/mattocci/R/x86_64-pc-linux-gnu-library/3.4/StanHeaders/include/stan/math/prim/mat.hpp:83:
In file included from /home/mattocci/R/x86_64-pc-linux-gnu-library/3.4/StanHeaders/include/stan/math/prim/mat/fun/csr_extract_u.hpp:6:
In file included from /home/mattocci/R/x86_64-pc-linux-gnu-library/3.4/RcppEigen/include/Eigen/Sparse:27:
In file included from /home/mattocci/R/x86_64-pc-linux-gnu-library/3.4/RcppEigen/include/Eigen/OrderingMethods:71:
/home/mattocci/R/x86_64-pc-linux-gnu-library/3.4/RcppEigen/include/Eigen/src/Core/util/ReenableStupidWarnings.h:10:30: warning: pragma diagnostic pop could not pop, no matching push [-Wunknown-pragmas]
    #pragma clang diagnostic pop
                             ^
In file included from file609f4a2a31ab.cpp:8:
In file included from /home/mattocci/R/x86_64-pc-linux-gnu-library/3.4/StanHeaders/include/src/stan/model/model_header.hpp:4:
In file included from /home/mattocci/R/x86_64-pc-linux-gnu-library/3.4/StanHeaders/include/stan/math.hpp:4:
In file included from /home/mattocci/R/x86_64-pc-linux-gnu-library/3.4/StanHeaders/include/stan/math/rev/mat.hpp:12:
In file included from /home/mattocci/R/x86_64-pc-linux-gnu-library/3.4/StanHeaders/include/stan/math/prim/mat.hpp:83:
In file included from /home/mattocci/R/x86_64-pc-linux-gnu-library/3.4/StanHeaders/include/stan/math/prim/mat/fun/csr_extract_u.hpp:6:
In file included from /home/mattocci/R/x86_64-pc-linux-gnu-library/3.4/RcppEigen/include/Eigen/Sparse:29:
In file included from /home/mattocci/R/x86_64-pc-linux-gnu-library/3.4/RcppEigen/include/Eigen/SparseCholesky:43:
/home/mattocci/R/x86_64-pc-linux-gnu-library/3.4/RcppEigen/include/Eigen/src/Core/util/ReenableStupidWarnings.h:10:30: warning: pragma diagnostic pop could not pop, no matching push [-Wunknown-pragmas]
    #pragma clang diagnostic pop
                             ^
In file included from file609f4a2a31ab.cpp:8:
In file included from /home/mattocci/R/x86_64-pc-linux-gnu-library/3.4/StanHeaders/include/src/stan/model/model_header.hpp:4:
In file included from /home/mattocci/R/x86_64-pc-linux-gnu-library/3.4/StanHeaders/include/stan/math.hpp:4:
In file included from /home/mattocci/R/x86_64-pc-linux-gnu-library/3.4/StanHeaders/include/stan/math/rev/mat.hpp:12:
In file included from /home/mattocci/R/x86_64-pc-linux-gnu-library/3.4/StanHeaders/include/stan/math/prim/mat.hpp:83:
In file included from /home/mattocci/R/x86_64-pc-linux-gnu-library/3.4/StanHeaders/include/stan/math/prim/mat/fun/csr_extract_u.hpp:6:
In file included from /home/mattocci/R/x86_64-pc-linux-gnu-library/3.4/RcppEigen/include/Eigen/Sparse:32:
In file included from /home/mattocci/R/x86_64-pc-linux-gnu-library/3.4/RcppEigen/include/Eigen/SparseQR:35:
/home/mattocci/R/x86_64-pc-linux-gnu-library/3.4/RcppEigen/include/Eigen/src/Core/util/ReenableStupidWarnings.h:10:30: warning: pragma diagnostic pop could not pop, no matching push [-Wunknown-pragmas]
    #pragma clang diagnostic pop
                             ^
In file included from file609f4a2a31ab.cpp:8:
In file included from /home/mattocci/R/x86_64-pc-linux-gnu-library/3.4/StanHeaders/include/src/stan/model/model_header.hpp:4:
In file included from /home/mattocci/R/x86_64-pc-linux-gnu-library/3.4/StanHeaders/include/stan/math.hpp:4:
In file included from /home/mattocci/R/x86_64-pc-linux-gnu-library/3.4/StanHeaders/include/stan/math/rev/mat.hpp:12:
In file included from /home/mattocci/R/x86_64-pc-linux-gnu-library/3.4/StanHeaders/include/stan/math/prim/mat.hpp:83:
In file included from /home/mattocci/R/x86_64-pc-linux-gnu-library/3.4/StanHeaders/include/stan/math/prim/mat/fun/csr_extract_u.hpp:6:
In file included from /home/mattocci/R/x86_64-pc-linux-gnu-library/3.4/RcppEigen/include/Eigen/Sparse:33:
In file included from /home/mattocci/R/x86_64-pc-linux-gnu-library/3.4/RcppEigen/include/Eigen/IterativeLinearSolvers:46:
/home/mattocci/R/x86_64-pc-linux-gnu-library/3.4/RcppEigen/include/Eigen/src/Core/util/ReenableStupidWarnings.h:10:30: warning: pragma diagnostic pop could not pop, no matching push [-Wunknown-pragmas]
    #pragma clang diagnostic pop
                             ^
13 warnings generated.
clang: warning: argument unused during compilation: '-arch x86_64'

SAMPLING FOR MODEL 'm6' NOW (CHAIN 1).

Gradient evaluation took 0.001512 seconds
1000 transitions using 10 leapfrog steps per transition would take 15.12 seconds.
Adjust your expectations accordingly!


Iteration:    1 / 2000 [  0%]  (Warmup)

SAMPLING FOR MODEL 'm6' NOW (CHAIN 2).

Gradient evaluation took 0.001597 seconds
1000 transitions using 10 leapfrog steps per transition would take 15.97 seconds.
Adjust your expectations accordingly!


Iteration:    1 / 2000 [  0%]  (Warmup)

SAMPLING FOR MODEL 'm6' NOW (CHAIN 3).

Gradient evaluation took 0.001511 seconds
1000 transitions using 10 leapfrog steps per transition would take 15.11 seconds.
Adjust your expectations accordingly!


Iteration:    1 / 2000 [  0%]  (Warmup)

SAMPLING FOR MODEL 'm6' NOW (CHAIN 4).

Gradient evaluation took 0.001519 seconds
1000 transitions using 10 leapfrog steps per transition would take 15.19 seconds.
Adjust your expectations accordingly!


Iteration:    1 / 2000 [  0%]  (Warmup)
Iteration:  200 / 2000 [ 10%]  (Warmup)
Iteration:  200 / 2000 [ 10%]  (Warmup)
Iteration:  200 / 2000 [ 10%]  (Warmup)
Iteration:  200 / 2000 [ 10%]  (Warmup)
Iteration:  400 / 2000 [ 20%]  (Warmup)
Iteration:  400 / 2000 [ 20%]  (Warmup)
Iteration:  400 / 2000 [ 20%]  (Warmup)
Iteration:  400 / 2000 [ 20%]  (Warmup)
Iteration:  600 / 2000 [ 30%]  (Warmup)
Iteration:  600 / 2000 [ 30%]  (Warmup)
Iteration:  600 / 2000 [ 30%]  (Warmup)
Iteration:  800 / 2000 [ 40%]  (Warmup)
Iteration:  800 / 2000 [ 40%]  (Warmup)
Iteration:  800 / 2000 [ 40%]  (Warmup)
Iteration: 1000 / 2000 [ 50%]  (Warmup)
Iteration: 1001 / 2000 [ 50%]  (Sampling)
Iteration:  600 / 2000 [ 30%]  (Warmup)
Iteration: 1000 / 2000 [ 50%]  (Warmup)
Iteration: 1001 / 2000 [ 50%]  (Sampling)
Iteration: 1200 / 2000 [ 60%]  (Sampling)
Iteration: 1200 / 2000 [ 60%]  (Sampling)
Iteration: 1000 / 2000 [ 50%]  (Warmup)
Iteration: 1001 / 2000 [ 50%]  (Sampling)
Iteration: 1400 / 2000 [ 70%]  (Sampling)
Iteration:  800 / 2000 [ 40%]  (Warmup)
Iteration: 1400 / 2000 [ 70%]  (Sampling)
Iteration: 1200 / 2000 [ 60%]  (Sampling)
Iteration: 1600 / 2000 [ 80%]  (Sampling)
Iteration: 1600 / 2000 [ 80%]  (Sampling)
Iteration: 1000 / 2000 [ 50%]  (Warmup)
Iteration: 1001 / 2000 [ 50%]  (Sampling)
Iteration: 1800 / 2000 [ 90%]  (Sampling)
Iteration: 1800 / 2000 [ 90%]  (Sampling)
Iteration: 2000 / 2000 [100%]  (Sampling)

 Elapsed Time: 1134.19 seconds (Warm-up)
               1189.05 seconds (Sampling)
               2323.24 seconds (Total)

Iteration: 2000 / 2000 [100%]  (Sampling)

 Elapsed Time: 958.822 seconds (Warm-up)
               1431.55 seconds (Sampling)
               2390.37 seconds (Total)

Iteration: 1400 / 2000 [ 70%]  (Sampling)
Iteration: 1200 / 2000 [ 60%]  (Sampling)
Iteration: 1400 / 2000 [ 70%]  (Sampling)
Iteration: 1600 / 2000 [ 80%]  (Sampling)
Iteration: 1800 / 2000 [ 90%]  (Sampling)
Iteration: 1600 / 2000 [ 80%]  (Sampling)
Iteration: 1800 / 2000 [ 90%]  (Sampling)
Iteration: 2000 / 2000 [100%]  (Sampling)

 Elapsed Time: 1420.87 seconds (Warm-up)
               1776.42 seconds (Sampling)
               3197.29 seconds (Total)

Iteration: 2000 / 2000 [100%]  (Sampling)

 Elapsed Time: 2064.54 seconds (Warm-up)
               1659.53 seconds (Sampling)
               3724.07 seconds (Total)

clang: warning: argument unused during compilation: '-arch x86_64'
In file included from file609f3a21da51.cpp:8:
In file included from /home/mattocci/R/x86_64-pc-linux-gnu-library/3.4/StanHeaders/include/src/stan/model/model_header.hpp:4:
In file included from /home/mattocci/R/x86_64-pc-linux-gnu-library/3.4/StanHeaders/include/stan/math.hpp:4:
In file included from /home/mattocci/R/x86_64-pc-linux-gnu-library/3.4/StanHeaders/include/stan/math/rev/mat.hpp:4:
In file included from /home/mattocci/R/x86_64-pc-linux-gnu-library/3.4/StanHeaders/include/stan/math/rev/core.hpp:14:
In file included from /home/mattocci/R/x86_64-pc-linux-gnu-library/3.4/StanHeaders/include/stan/math/rev/core/matrix_vari.hpp:4:
In file included from /home/mattocci/R/x86_64-pc-linux-gnu-library/3.4/StanHeaders/include/stan/math/rev/mat/fun/Eigen_NumTraits.hpp:4:
In file included from /home/mattocci/R/x86_64-pc-linux-gnu-library/3.4/StanHeaders/include/stan/math/prim/mat/fun/Eigen.hpp:4:
In file included from /home/mattocci/R/x86_64-pc-linux-gnu-library/3.4/RcppEigen/include/Eigen/Dense:1:
In file included from /home/mattocci/R/x86_64-pc-linux-gnu-library/3.4/RcppEigen/include/Eigen/Core:531:
/home/mattocci/R/x86_64-pc-linux-gnu-library/3.4/RcppEigen/include/Eigen/src/Core/util/ReenableStupidWarnings.h:10:30: warning: pragma diagnostic pop could not pop, no matching push [-Wunknown-pragmas]
    #pragma clang diagnostic pop
                             ^
In file included from file609f3a21da51.cpp:8:
In file included from /home/mattocci/R/x86_64-pc-linux-gnu-library/3.4/StanHeaders/include/src/stan/model/model_header.hpp:4:
In file included from /home/mattocci/R/x86_64-pc-linux-gnu-library/3.4/StanHeaders/include/stan/math.hpp:4:
In file included from /home/mattocci/R/x86_64-pc-linux-gnu-library/3.4/StanHeaders/include/stan/math/rev/mat.hpp:4:
In file included from /home/mattocci/R/x86_64-pc-linux-gnu-library/3.4/StanHeaders/include/stan/math/rev/core.hpp:14:
In file included from /home/mattocci/R/x86_64-pc-linux-gnu-library/3.4/StanHeaders/include/stan/math/rev/core/matrix_vari.hpp:4:
In file included from /home/mattocci/R/x86_64-pc-linux-gnu-library/3.4/StanHeaders/include/stan/math/rev/mat/fun/Eigen_NumTraits.hpp:4:
In file included from /home/mattocci/R/x86_64-pc-linux-gnu-library/3.4/StanHeaders/include/stan/math/prim/mat/fun/Eigen.hpp:4:
In file included from /home/mattocci/R/x86_64-pc-linux-gnu-library/3.4/RcppEigen/include/Eigen/Dense:2:
In file included from /home/mattocci/R/x86_64-pc-linux-gnu-library/3.4/RcppEigen/include/Eigen/LU:47:
/home/mattocci/R/x86_64-pc-linux-gnu-library/3.4/RcppEigen/include/Eigen/src/Core/util/ReenableStupidWarnings.h:10:30: warning: pragma diagnostic pop could not pop, no matching push [-Wunknown-pragmas]
    #pragma clang diagnostic pop
                             ^
In file included from file609f3a21da51.cpp:8:
In file included from /home/mattocci/R/x86_64-pc-linux-gnu-library/3.4/StanHeaders/include/src/stan/model/model_header.hpp:4:
In file included from /home/mattocci/R/x86_64-pc-linux-gnu-library/3.4/StanHeaders/include/stan/math.hpp:4:
In file included from /home/mattocci/R/x86_64-pc-linux-gnu-library/3.4/StanHeaders/include/stan/math/rev/mat.hpp:4:
In file included from /home/mattocci/R/x86_64-pc-linux-gnu-library/3.4/StanHeaders/include/stan/math/rev/core.hpp:14:
In file included from /home/mattocci/R/x86_64-pc-linux-gnu-library/3.4/StanHeaders/include/stan/math/rev/core/matrix_vari.hpp:4:
In file included from /home/mattocci/R/x86_64-pc-linux-gnu-library/3.4/StanHeaders/include/stan/math/rev/mat/fun/Eigen_NumTraits.hpp:4:
In file included from /home/mattocci/R/x86_64-pc-linux-gnu-library/3.4/StanHeaders/include/stan/math/prim/mat/fun/Eigen.hpp:4:
In file included from /home/mattocci/R/x86_64-pc-linux-gnu-library/3.4/RcppEigen/include/Eigen/Dense:3:
In file included from /home/mattocci/R/x86_64-pc-linux-gnu-library/3.4/RcppEigen/include/Eigen/Cholesky:12:
In file included from /home/mattocci/R/x86_64-pc-linux-gnu-library/3.4/RcppEigen/include/Eigen/Jacobi:29:
/home/mattocci/R/x86_64-pc-linux-gnu-library/3.4/RcppEigen/include/Eigen/src/Core/util/ReenableStupidWarnings.h:10:30: warning: pragma diagnostic pop could not pop, no matching push [-Wunknown-pragmas]
    #pragma clang diagnostic pop
                             ^
In file included from file609f3a21da51.cpp:8:
In file included from /home/mattocci/R/x86_64-pc-linux-gnu-library/3.4/StanHeaders/include/src/stan/model/model_header.hpp:4:
In file included from /home/mattocci/R/x86_64-pc-linux-gnu-library/3.4/StanHeaders/include/stan/math.hpp:4:
In file included from /home/mattocci/R/x86_64-pc-linux-gnu-library/3.4/StanHeaders/include/stan/math/rev/mat.hpp:4:
In file included from /home/mattocci/R/x86_64-pc-linux-gnu-library/3.4/StanHeaders/include/stan/math/rev/core.hpp:14:
In file included from /home/mattocci/R/x86_64-pc-linux-gnu-library/3.4/StanHeaders/include/stan/math/rev/core/matrix_vari.hpp:4:
In file included from /home/mattocci/R/x86_64-pc-linux-gnu-library/3.4/StanHeaders/include/stan/math/rev/mat/fun/Eigen_NumTraits.hpp:4:
In file included from /home/mattocci/R/x86_64-pc-linux-gnu-library/3.4/StanHeaders/include/stan/math/prim/mat/fun/Eigen.hpp:4:
In file included from /home/mattocci/R/x86_64-pc-linux-gnu-library/3.4/RcppEigen/include/Eigen/Dense:3:
In file included from /home/mattocci/R/x86_64-pc-linux-gnu-library/3.4/RcppEigen/include/Eigen/Cholesky:43:
/home/mattocci/R/x86_64-pc-linux-gnu-library/3.4/RcppEigen/include/Eigen/src/Core/util/ReenableStupidWarnings.h:10:30: warning: pragma diagnostic pop could not pop, no matching push [-Wunknown-pragmas]
    #pragma clang diagnostic pop
                             ^
In file included from file609f3a21da51.cpp:8:
In file included from /home/mattocci/R/x86_64-pc-linux-gnu-library/3.4/StanHeaders/include/src/stan/model/model_header.hpp:4:
In file included from /home/mattocci/R/x86_64-pc-linux-gnu-library/3.4/StanHeaders/include/stan/math.hpp:4:
In file included from /home/mattocci/R/x86_64-pc-linux-gnu-library/3.4/StanHeaders/include/stan/math/rev/mat.hpp:4:
In file included from /home/mattocci/R/x86_64-pc-linux-gnu-library/3.4/StanHeaders/include/stan/math/rev/core.hpp:14:
In file included from /home/mattocci/R/x86_64-pc-linux-gnu-library/3.4/StanHeaders/include/stan/math/rev/core/matrix_vari.hpp:4:
In file included from /home/mattocci/R/x86_64-pc-linux-gnu-library/3.4/StanHeaders/include/stan/math/rev/mat/fun/Eigen_NumTraits.hpp:4:
In file included from /home/mattocci/R/x86_64-pc-linux-gnu-library/3.4/StanHeaders/include/stan/math/prim/mat/fun/Eigen.hpp:4:
In file included from /home/mattocci/R/x86_64-pc-linux-gnu-library/3.4/RcppEigen/include/Eigen/Dense:4:
In file included from /home/mattocci/R/x86_64-pc-linux-gnu-library/3.4/RcppEigen/include/Eigen/QR:17:
In file included from /home/mattocci/R/x86_64-pc-linux-gnu-library/3.4/RcppEigen/include/Eigen/Householder:27:
/home/mattocci/R/x86_64-pc-linux-gnu-library/3.4/RcppEigen/include/Eigen/src/Core/util/ReenableStupidWarnings.h:10:30: warning: pragma diagnostic pop could not pop, no matching push [-Wunknown-pragmas]
    #pragma clang diagnostic pop
                             ^
In file included from file609f3a21da51.cpp:8:
In file included from /home/mattocci/R/x86_64-pc-linux-gnu-library/3.4/StanHeaders/include/src/stan/model/model_header.hpp:4:
In file included from /home/mattocci/R/x86_64-pc-linux-gnu-library/3.4/StanHeaders/include/stan/math.hpp:4:
In file included from /home/mattocci/R/x86_64-pc-linux-gnu-library/3.4/StanHeaders/include/stan/math/rev/mat.hpp:4:
In file included from /home/mattocci/R/x86_64-pc-linux-gnu-library/3.4/StanHeaders/include/stan/math/rev/core.hpp:14:
In file included from /home/mattocci/R/x86_64-pc-linux-gnu-library/3.4/StanHeaders/include/stan/math/rev/core/matrix_vari.hpp:4:
In file included from /home/mattocci/R/x86_64-pc-linux-gnu-library/3.4/StanHeaders/include/stan/math/rev/mat/fun/Eigen_NumTraits.hpp:4:
In file included from /home/mattocci/R/x86_64-pc-linux-gnu-library/3.4/StanHeaders/include/stan/math/prim/mat/fun/Eigen.hpp:4:
In file included from /home/mattocci/R/x86_64-pc-linux-gnu-library/3.4/RcppEigen/include/Eigen/Dense:5:
In file included from /home/mattocci/R/x86_64-pc-linux-gnu-library/3.4/RcppEigen/include/Eigen/SVD:48:
/home/mattocci/R/x86_64-pc-linux-gnu-library/3.4/RcppEigen/include/Eigen/src/Core/util/ReenableStupidWarnings.h:10:30: warning: pragma diagnostic pop could not pop, no matching push [-Wunknown-pragmas]
    #pragma clang diagnostic pop
                             ^
In file included from file609f3a21da51.cpp:8:
In file included from /home/mattocci/R/x86_64-pc-linux-gnu-library/3.4/StanHeaders/include/src/stan/model/model_header.hpp:4:
In file included from /home/mattocci/R/x86_64-pc-linux-gnu-library/3.4/StanHeaders/include/stan/math.hpp:4:
In file included from /home/mattocci/R/x86_64-pc-linux-gnu-library/3.4/StanHeaders/include/stan/math/rev/mat.hpp:4:
In file included from /home/mattocci/R/x86_64-pc-linux-gnu-library/3.4/StanHeaders/include/stan/math/rev/core.hpp:14:
In file included from /home/mattocci/R/x86_64-pc-linux-gnu-library/3.4/StanHeaders/include/stan/math/rev/core/matrix_vari.hpp:4:
In file included from /home/mattocci/R/x86_64-pc-linux-gnu-library/3.4/StanHeaders/include/stan/math/rev/mat/fun/Eigen_NumTraits.hpp:4:
In file included from /home/mattocci/R/x86_64-pc-linux-gnu-library/3.4/StanHeaders/include/stan/math/prim/mat/fun/Eigen.hpp:4:
In file included from /home/mattocci/R/x86_64-pc-linux-gnu-library/3.4/RcppEigen/include/Eigen/Dense:6:
In file included from /home/mattocci/R/x86_64-pc-linux-gnu-library/3.4/RcppEigen/include/Eigen/Geometry:58:
/home/mattocci/R/x86_64-pc-linux-gnu-library/3.4/RcppEigen/include/Eigen/src/Core/util/ReenableStupidWarnings.h:10:30: warning: pragma diagnostic pop could not pop, no matching push [-Wunknown-pragmas]
    #pragma clang diagnostic pop
                             ^
In file included from file609f3a21da51.cpp:8:
In file included from /home/mattocci/R/x86_64-pc-linux-gnu-library/3.4/StanHeaders/include/src/stan/model/model_header.hpp:4:
In file included from /home/mattocci/R/x86_64-pc-linux-gnu-library/3.4/StanHeaders/include/stan/math.hpp:4:
In file included from /home/mattocci/R/x86_64-pc-linux-gnu-library/3.4/StanHeaders/include/stan/math/rev/mat.hpp:4:
In file included from /home/mattocci/R/x86_64-pc-linux-gnu-library/3.4/StanHeaders/include/stan/math/rev/core.hpp:14:
In file included from /home/mattocci/R/x86_64-pc-linux-gnu-library/3.4/StanHeaders/include/stan/math/rev/core/matrix_vari.hpp:4:
In file included from /home/mattocci/R/x86_64-pc-linux-gnu-library/3.4/StanHeaders/include/stan/math/rev/mat/fun/Eigen_NumTraits.hpp:4:
In file included from /home/mattocci/R/x86_64-pc-linux-gnu-library/3.4/StanHeaders/include/stan/math/prim/mat/fun/Eigen.hpp:4:
In file included from /home/mattocci/R/x86_64-pc-linux-gnu-library/3.4/RcppEigen/include/Eigen/Dense:7:
In file included from /home/mattocci/R/x86_64-pc-linux-gnu-library/3.4/RcppEigen/include/Eigen/Eigenvalues:58:
/home/mattocci/R/x86_64-pc-linux-gnu-library/3.4/RcppEigen/include/Eigen/src/Core/util/ReenableStupidWarnings.h:10:30: warning: pragma diagnostic pop could not pop, no matching push [-Wunknown-pragmas]
    #pragma clang diagnostic pop
                             ^
In file included from file609f3a21da51.cpp:8:
In file included from /home/mattocci/R/x86_64-pc-linux-gnu-library/3.4/StanHeaders/include/src/stan/model/model_header.hpp:4:
In file included from /home/mattocci/R/x86_64-pc-linux-gnu-library/3.4/StanHeaders/include/stan/math.hpp:4:
In file included from /home/mattocci/R/x86_64-pc-linux-gnu-library/3.4/StanHeaders/include/stan/math/rev/mat.hpp:12:
In file included from /home/mattocci/R/x86_64-pc-linux-gnu-library/3.4/StanHeaders/include/stan/math/prim/mat.hpp:83:
In file included from /home/mattocci/R/x86_64-pc-linux-gnu-library/3.4/StanHeaders/include/stan/math/prim/mat/fun/csr_extract_u.hpp:6:
In file included from /home/mattocci/R/x86_64-pc-linux-gnu-library/3.4/RcppEigen/include/Eigen/Sparse:26:
In file included from /home/mattocci/R/x86_64-pc-linux-gnu-library/3.4/RcppEigen/include/Eigen/SparseCore:66:
/home/mattocci/R/x86_64-pc-linux-gnu-library/3.4/RcppEigen/include/Eigen/src/Core/util/ReenableStupidWarnings.h:10:30: warning: pragma diagnostic pop could not pop, no matching push [-Wunknown-pragmas]
    #pragma clang diagnostic pop
                             ^
In file included from file609f3a21da51.cpp:8:
In file included from /home/mattocci/R/x86_64-pc-linux-gnu-library/3.4/StanHeaders/include/src/stan/model/model_header.hpp:4:
In file included from /home/mattocci/R/x86_64-pc-linux-gnu-library/3.4/StanHeaders/include/stan/math.hpp:4:
In file included from /home/mattocci/R/x86_64-pc-linux-gnu-library/3.4/StanHeaders/include/stan/math/rev/mat.hpp:12:
In file included from /home/mattocci/R/x86_64-pc-linux-gnu-library/3.4/StanHeaders/include/stan/math/prim/mat.hpp:83:
In file included from /home/mattocci/R/x86_64-pc-linux-gnu-library/3.4/StanHeaders/include/stan/math/prim/mat/fun/csr_extract_u.hpp:6:
In file included from /home/mattocci/R/x86_64-pc-linux-gnu-library/3.4/RcppEigen/include/Eigen/Sparse:27:
In file included from /home/mattocci/R/x86_64-pc-linux-gnu-library/3.4/RcppEigen/include/Eigen/OrderingMethods:71:
/home/mattocci/R/x86_64-pc-linux-gnu-library/3.4/RcppEigen/include/Eigen/src/Core/util/ReenableStupidWarnings.h:10:30: warning: pragma diagnostic pop could not pop, no matching push [-Wunknown-pragmas]
    #pragma clang diagnostic pop
                             ^
In file included from file609f3a21da51.cpp:8:
In file included from /home/mattocci/R/x86_64-pc-linux-gnu-library/3.4/StanHeaders/include/src/stan/model/model_header.hpp:4:
In file included from /home/mattocci/R/x86_64-pc-linux-gnu-library/3.4/StanHeaders/include/stan/math.hpp:4:
In file included from /home/mattocci/R/x86_64-pc-linux-gnu-library/3.4/StanHeaders/include/stan/math/rev/mat.hpp:12:
In file included from /home/mattocci/R/x86_64-pc-linux-gnu-library/3.4/StanHeaders/include/stan/math/prim/mat.hpp:83:
In file included from /home/mattocci/R/x86_64-pc-linux-gnu-library/3.4/StanHeaders/include/stan/math/prim/mat/fun/csr_extract_u.hpp:6:
In file included from /home/mattocci/R/x86_64-pc-linux-gnu-library/3.4/RcppEigen/include/Eigen/Sparse:29:
In file included from /home/mattocci/R/x86_64-pc-linux-gnu-library/3.4/RcppEigen/include/Eigen/SparseCholesky:43:
/home/mattocci/R/x86_64-pc-linux-gnu-library/3.4/RcppEigen/include/Eigen/src/Core/util/ReenableStupidWarnings.h:10:30: warning: pragma diagnostic pop could not pop, no matching push [-Wunknown-pragmas]
    #pragma clang diagnostic pop
                             ^
In file included from file609f3a21da51.cpp:8:
In file included from /home/mattocci/R/x86_64-pc-linux-gnu-library/3.4/StanHeaders/include/src/stan/model/model_header.hpp:4:
In file included from /home/mattocci/R/x86_64-pc-linux-gnu-library/3.4/StanHeaders/include/stan/math.hpp:4:
In file included from /home/mattocci/R/x86_64-pc-linux-gnu-library/3.4/StanHeaders/include/stan/math/rev/mat.hpp:12:
In file included from /home/mattocci/R/x86_64-pc-linux-gnu-library/3.4/StanHeaders/include/stan/math/prim/mat.hpp:83:
In file included from /home/mattocci/R/x86_64-pc-linux-gnu-library/3.4/StanHeaders/include/stan/math/prim/mat/fun/csr_extract_u.hpp:6:
In file included from /home/mattocci/R/x86_64-pc-linux-gnu-library/3.4/RcppEigen/include/Eigen/Sparse:32:
In file included from /home/mattocci/R/x86_64-pc-linux-gnu-library/3.4/RcppEigen/include/Eigen/SparseQR:35:
/home/mattocci/R/x86_64-pc-linux-gnu-library/3.4/RcppEigen/include/Eigen/src/Core/util/ReenableStupidWarnings.h:10:30: warning: pragma diagnostic pop could not pop, no matching push [-Wunknown-pragmas]
    #pragma clang diagnostic pop
                             ^
In file included from file609f3a21da51.cpp:8:
In file included from /home/mattocci/R/x86_64-pc-linux-gnu-library/3.4/StanHeaders/include/src/stan/model/model_header.hpp:4:
In file included from /home/mattocci/R/x86_64-pc-linux-gnu-library/3.4/StanHeaders/include/stan/math.hpp:4:
In file included from /home/mattocci/R/x86_64-pc-linux-gnu-library/3.4/StanHeaders/include/stan/math/rev/mat.hpp:12:
In file included from /home/mattocci/R/x86_64-pc-linux-gnu-library/3.4/StanHeaders/include/stan/math/prim/mat.hpp:83:
In file included from /home/mattocci/R/x86_64-pc-linux-gnu-library/3.4/StanHeaders/include/stan/math/prim/mat/fun/csr_extract_u.hpp:6:
In file included from /home/mattocci/R/x86_64-pc-linux-gnu-library/3.4/RcppEigen/include/Eigen/Sparse:33:
In file included from /home/mattocci/R/x86_64-pc-linux-gnu-library/3.4/RcppEigen/include/Eigen/IterativeLinearSolvers:46:
/home/mattocci/R/x86_64-pc-linux-gnu-library/3.4/RcppEigen/include/Eigen/src/Core/util/ReenableStupidWarnings.h:10:30: warning: pragma diagnostic pop could not pop, no matching push [-Wunknown-pragmas]
    #pragma clang diagnostic pop
                             ^
13 warnings generated.
clang: warning: argument unused during compilation: '-arch x86_64'

SAMPLING FOR MODEL 'm6' NOW (CHAIN 1).

Gradient evaluation took 0.001876 seconds
1000 transitions using 10 leapfrog steps per transition would take 18.76 seconds.
Adjust your expectations accordingly!


Iteration:    1 / 2000 [  0%]  (Warmup)

SAMPLING FOR MODEL 'm6' NOW (CHAIN 2).

Gradient evaluation took 0.002338 seconds
1000 transitions using 10 leapfrog steps per transition would take 23.38 seconds.
Adjust your expectations accordingly!


Iteration:    1 / 2000 [  0%]  (Warmup)

SAMPLING FOR MODEL 'm6' NOW (CHAIN 3).

Gradient evaluation took 0.001872 seconds
1000 transitions using 10 leapfrog steps per transition would take 18.72 seconds.
Adjust your expectations accordingly!


Iteration:    1 / 2000 [  0%]  (Warmup)

SAMPLING FOR MODEL 'm6' NOW (CHAIN 4).

Gradient evaluation took 0.002609 seconds
1000 transitions using 10 leapfrog steps per transition would take 26.09 seconds.
Adjust your expectations accordingly!


Iteration:    1 / 2000 [  0%]  (Warmup)
Iteration:  200 / 2000 [ 10%]  (Warmup)
Iteration:  200 / 2000 [ 10%]  (Warmup)
Iteration:  200 / 2000 [ 10%]  (Warmup)
Iteration:  400 / 2000 [ 20%]  (Warmup)
Iteration:  200 / 2000 [ 10%]  (Warmup)
Iteration:  400 / 2000 [ 20%]  (Warmup)
Iteration:  600 / 2000 [ 30%]  (Warmup)
Iteration:  400 / 2000 [ 20%]  (Warmup)
Iteration:  400 / 2000 [ 20%]  (Warmup)
Iteration:  600 / 2000 [ 30%]  (Warmup)
Iteration:  800 / 2000 [ 40%]  (Warmup)
Iteration:  800 / 2000 [ 40%]  (Warmup)
Iteration:  600 / 2000 [ 30%]  (Warmup)
Iteration:  600 / 2000 [ 30%]  (Warmup)
Iteration: 1000 / 2000 [ 50%]  (Warmup)
Iteration: 1001 / 2000 [ 50%]  (Sampling)
Iteration:  800 / 2000 [ 40%]  (Warmup)
Iteration:  800 / 2000 [ 40%]  (Warmup)
Iteration: 1200 / 2000 [ 60%]  (Sampling)
Iteration: 1000 / 2000 [ 50%]  (Warmup)
Iteration: 1001 / 2000 [ 50%]  (Sampling)
Iteration: 1000 / 2000 [ 50%]  (Warmup)
Iteration: 1001 / 2000 [ 50%]  (Sampling)
Iteration: 1400 / 2000 [ 70%]  (Sampling)
Iteration: 1200 / 2000 [ 60%]  (Sampling)
Iteration: 1000 / 2000 [ 50%]  (Warmup)
Iteration: 1001 / 2000 [ 50%]  (Sampling)
Iteration: 1400 / 2000 [ 70%]  (Sampling)
Iteration: 1600 / 2000 [ 80%]  (Sampling)
Iteration: 1200 / 2000 [ 60%]  (Sampling)
Iteration: 1600 / 2000 [ 80%]  (Sampling)
Iteration: 1800 / 2000 [ 90%]  (Sampling)
Iteration: 1200 / 2000 [ 60%]  (Sampling)
Iteration: 1400 / 2000 [ 70%]  (Sampling)
Iteration: 1800 / 2000 [ 90%]  (Sampling)
Iteration: 2000 / 2000 [100%]  (Sampling)

 Elapsed Time: 916.102 seconds (Warm-up)
               1643.9 seconds (Sampling)
               2560 seconds (Total)

Iteration: 2000 / 2000 [100%]  (Sampling)

 Elapsed Time: 1344.09 seconds (Warm-up)
               1462.42 seconds (Sampling)
               2806.51 seconds (Total)

Iteration: 1600 / 2000 [ 80%]  (Sampling)
Iteration: 1400 / 2000 [ 70%]  (Sampling)
Iteration: 1800 / 2000 [ 90%]  (Sampling)
Iteration: 2000 / 2000 [100%]  (Sampling)

 Elapsed Time: 1791.1 seconds (Warm-up)
               1688.28 seconds (Sampling)
               3479.38 seconds (Total)

Iteration: 1600 / 2000 [ 80%]  (Sampling)
Iteration: 1800 / 2000 [ 90%]  (Sampling)
Iteration: 2000 / 2000 [100%]  (Sampling)

 Elapsed Time: 1524.87 seconds (Warm-up)
               3375.13 seconds (Sampling)
               4900 seconds (Total)

