[1] "Model: m0_N"
[1] "Model dir: ./model/m0_N.stan"
[1] "Data: GL"
[1] "n_iter = 2000"
[1] "n_warm = 1000"
[1] "n_thin = 1"
[1] "n_chains = 4"
clang: warning: argument unused during compilation: '-arch x86_64'
In file included from file432e23baff3b.cpp:8:
In file included from /home/mattocci/R/x86_64-pc-linux-gnu-library/3.4/StanHeaders/include/src/stan/model/model_header.hpp:4:
In file included from /home/mattocci/R/x86_64-pc-linux-gnu-library/3.4/StanHeaders/include/stan/math.hpp:4:
In file included from /home/mattocci/R/x86_64-pc-linux-gnu-library/3.4/StanHeaders/include/stan/math/rev/mat.hpp:4:
In file included from /home/mattocci/R/x86_64-pc-linux-gnu-library/3.4/StanHeaders/include/stan/math/rev/core.hpp:14:
In file included from /home/mattocci/R/x86_64-pc-linux-gnu-library/3.4/StanHeaders/include/stan/math/rev/core/matrix_vari.hpp:4:
In file included from /home/mattocci/R/x86_64-pc-linux-gnu-library/3.4/StanHeaders/include/stan/math/rev/mat/fun/Eigen_NumTraits.hpp:4:
In file included from /home/mattocci/R/x86_64-pc-linux-gnu-library/3.4/StanHeaders/include/stan/math/prim/mat/fun/Eigen.hpp:4:
In file included from /home/mattocci/R/x86_64-pc-linux-gnu-library/3.4/RcppEigen/include/Eigen/Dense:1:
In file included from /home/mattocci/R/x86_64-pc-linux-gnu-library/3.4/RcppEigen/include/Eigen/Core:531:
/home/mattocci/R/x86_64-pc-linux-gnu-library/3.4/RcppEigen/include/Eigen/src/Core/util/ReenableStupidWarnings.h:10:30: warning: pragma diagnostic pop could not pop, no matching push [-Wunknown-pragmas]
    #pragma clang diagnostic pop
                             ^
In file included from file432e23baff3b.cpp:8:
In file included from /home/mattocci/R/x86_64-pc-linux-gnu-library/3.4/StanHeaders/include/src/stan/model/model_header.hpp:4:
In file included from /home/mattocci/R/x86_64-pc-linux-gnu-library/3.4/StanHeaders/include/stan/math.hpp:4:
In file included from /home/mattocci/R/x86_64-pc-linux-gnu-library/3.4/StanHeaders/include/stan/math/rev/mat.hpp:4:
In file included from /home/mattocci/R/x86_64-pc-linux-gnu-library/3.4/StanHeaders/include/stan/math/rev/core.hpp:14:
In file included from /home/mattocci/R/x86_64-pc-linux-gnu-library/3.4/StanHeaders/include/stan/math/rev/core/matrix_vari.hpp:4:
In file included from /home/mattocci/R/x86_64-pc-linux-gnu-library/3.4/StanHeaders/include/stan/math/rev/mat/fun/Eigen_NumTraits.hpp:4:
In file included from /home/mattocci/R/x86_64-pc-linux-gnu-library/3.4/StanHeaders/include/stan/math/prim/mat/fun/Eigen.hpp:4:
In file included from /home/mattocci/R/x86_64-pc-linux-gnu-library/3.4/RcppEigen/include/Eigen/Dense:2:
In file included from /home/mattocci/R/x86_64-pc-linux-gnu-library/3.4/RcppEigen/include/Eigen/LU:47:
/home/mattocci/R/x86_64-pc-linux-gnu-library/3.4/RcppEigen/include/Eigen/src/Core/util/ReenableStupidWarnings.h:10:30: warning: pragma diagnostic pop could not pop, no matching push [-Wunknown-pragmas]
    #pragma clang diagnostic pop
                             ^
In file included from file432e23baff3b.cpp:8:
In file included from /home/mattocci/R/x86_64-pc-linux-gnu-library/3.4/StanHeaders/include/src/stan/model/model_header.hpp:4:
In file included from /home/mattocci/R/x86_64-pc-linux-gnu-library/3.4/StanHeaders/include/stan/math.hpp:4:
In file included from /home/mattocci/R/x86_64-pc-linux-gnu-library/3.4/StanHeaders/include/stan/math/rev/mat.hpp:4:
In file included from /home/mattocci/R/x86_64-pc-linux-gnu-library/3.4/StanHeaders/include/stan/math/rev/core.hpp:14:
In file included from /home/mattocci/R/x86_64-pc-linux-gnu-library/3.4/StanHeaders/include/stan/math/rev/core/matrix_vari.hpp:4:
In file included from /home/mattocci/R/x86_64-pc-linux-gnu-library/3.4/StanHeaders/include/stan/math/rev/mat/fun/Eigen_NumTraits.hpp:4:
In file included from /home/mattocci/R/x86_64-pc-linux-gnu-library/3.4/StanHeaders/include/stan/math/prim/mat/fun/Eigen.hpp:4:
In file included from /home/mattocci/R/x86_64-pc-linux-gnu-library/3.4/RcppEigen/include/Eigen/Dense:3:
In file included from /home/mattocci/R/x86_64-pc-linux-gnu-library/3.4/RcppEigen/include/Eigen/Cholesky:12:
In file included from /home/mattocci/R/x86_64-pc-linux-gnu-library/3.4/RcppEigen/include/Eigen/Jacobi:29:
/home/mattocci/R/x86_64-pc-linux-gnu-library/3.4/RcppEigen/include/Eigen/src/Core/util/ReenableStupidWarnings.h:10:30: warning: pragma diagnostic pop could not pop, no matching push [-Wunknown-pragmas]
    #pragma clang diagnostic pop
                             ^
In file included from file432e23baff3b.cpp:8:
In file included from /home/mattocci/R/x86_64-pc-linux-gnu-library/3.4/StanHeaders/include/src/stan/model/model_header.hpp:4:
In file included from /home/mattocci/R/x86_64-pc-linux-gnu-library/3.4/StanHeaders/include/stan/math.hpp:4:
In file included from /home/mattocci/R/x86_64-pc-linux-gnu-library/3.4/StanHeaders/include/stan/math/rev/mat.hpp:4:
In file included from /home/mattocci/R/x86_64-pc-linux-gnu-library/3.4/StanHeaders/include/stan/math/rev/core.hpp:14:
In file included from /home/mattocci/R/x86_64-pc-linux-gnu-library/3.4/StanHeaders/include/stan/math/rev/core/matrix_vari.hpp:4:
In file included from /home/mattocci/R/x86_64-pc-linux-gnu-library/3.4/StanHeaders/include/stan/math/rev/mat/fun/Eigen_NumTraits.hpp:4:
In file included from /home/mattocci/R/x86_64-pc-linux-gnu-library/3.4/StanHeaders/include/stan/math/prim/mat/fun/Eigen.hpp:4:
In file included from /home/mattocci/R/x86_64-pc-linux-gnu-library/3.4/RcppEigen/include/Eigen/Dense:3:
In file included from /home/mattocci/R/x86_64-pc-linux-gnu-library/3.4/RcppEigen/include/Eigen/Cholesky:43:
/home/mattocci/R/x86_64-pc-linux-gnu-library/3.4/RcppEigen/include/Eigen/src/Core/util/ReenableStupidWarnings.h:10:30: warning: pragma diagnostic pop could not pop, no matching push [-Wunknown-pragmas]
    #pragma clang diagnostic pop
                             ^
In file included from file432e23baff3b.cpp:8:
In file included from /home/mattocci/R/x86_64-pc-linux-gnu-library/3.4/StanHeaders/include/src/stan/model/model_header.hpp:4:
In file included from /home/mattocci/R/x86_64-pc-linux-gnu-library/3.4/StanHeaders/include/stan/math.hpp:4:
In file included from /home/mattocci/R/x86_64-pc-linux-gnu-library/3.4/StanHeaders/include/stan/math/rev/mat.hpp:4:
In file included from /home/mattocci/R/x86_64-pc-linux-gnu-library/3.4/StanHeaders/include/stan/math/rev/core.hpp:14:
In file included from /home/mattocci/R/x86_64-pc-linux-gnu-library/3.4/StanHeaders/include/stan/math/rev/core/matrix_vari.hpp:4:
In file included from /home/mattocci/R/x86_64-pc-linux-gnu-library/3.4/StanHeaders/include/stan/math/rev/mat/fun/Eigen_NumTraits.hpp:4:
In file included from /home/mattocci/R/x86_64-pc-linux-gnu-library/3.4/StanHeaders/include/stan/math/prim/mat/fun/Eigen.hpp:4:
In file included from /home/mattocci/R/x86_64-pc-linux-gnu-library/3.4/RcppEigen/include/Eigen/Dense:4:
In file included from /home/mattocci/R/x86_64-pc-linux-gnu-library/3.4/RcppEigen/include/Eigen/QR:17:
In file included from /home/mattocci/R/x86_64-pc-linux-gnu-library/3.4/RcppEigen/include/Eigen/Householder:27:
/home/mattocci/R/x86_64-pc-linux-gnu-library/3.4/RcppEigen/include/Eigen/src/Core/util/ReenableStupidWarnings.h:10:30: warning: pragma diagnostic pop could not pop, no matching push [-Wunknown-pragmas]
    #pragma clang diagnostic pop
                             ^
In file included from file432e23baff3b.cpp:8:
In file included from /home/mattocci/R/x86_64-pc-linux-gnu-library/3.4/StanHeaders/include/src/stan/model/model_header.hpp:4:
In file included from /home/mattocci/R/x86_64-pc-linux-gnu-library/3.4/StanHeaders/include/stan/math.hpp:4:
In file included from /home/mattocci/R/x86_64-pc-linux-gnu-library/3.4/StanHeaders/include/stan/math/rev/mat.hpp:4:
In file included from /home/mattocci/R/x86_64-pc-linux-gnu-library/3.4/StanHeaders/include/stan/math/rev/core.hpp:14:
In file included from /home/mattocci/R/x86_64-pc-linux-gnu-library/3.4/StanHeaders/include/stan/math/rev/core/matrix_vari.hpp:4:
In file included from /home/mattocci/R/x86_64-pc-linux-gnu-library/3.4/StanHeaders/include/stan/math/rev/mat/fun/Eigen_NumTraits.hpp:4:
In file included from /home/mattocci/R/x86_64-pc-linux-gnu-library/3.4/StanHeaders/include/stan/math/prim/mat/fun/Eigen.hpp:4:
In file included from /home/mattocci/R/x86_64-pc-linux-gnu-library/3.4/RcppEigen/include/Eigen/Dense:5:
In file included from /home/mattocci/R/x86_64-pc-linux-gnu-library/3.4/RcppEigen/include/Eigen/SVD:48:
/home/mattocci/R/x86_64-pc-linux-gnu-library/3.4/RcppEigen/include/Eigen/src/Core/util/ReenableStupidWarnings.h:10:30: warning: pragma diagnostic pop could not pop, no matching push [-Wunknown-pragmas]
    #pragma clang diagnostic pop
                             ^
In file included from file432e23baff3b.cpp:8:
In file included from /home/mattocci/R/x86_64-pc-linux-gnu-library/3.4/StanHeaders/include/src/stan/model/model_header.hpp:4:
In file included from /home/mattocci/R/x86_64-pc-linux-gnu-library/3.4/StanHeaders/include/stan/math.hpp:4:
In file included from /home/mattocci/R/x86_64-pc-linux-gnu-library/3.4/StanHeaders/include/stan/math/rev/mat.hpp:4:
In file included from /home/mattocci/R/x86_64-pc-linux-gnu-library/3.4/StanHeaders/include/stan/math/rev/core.hpp:14:
In file included from /home/mattocci/R/x86_64-pc-linux-gnu-library/3.4/StanHeaders/include/stan/math/rev/core/matrix_vari.hpp:4:
In file included from /home/mattocci/R/x86_64-pc-linux-gnu-library/3.4/StanHeaders/include/stan/math/rev/mat/fun/Eigen_NumTraits.hpp:4:
In file included from /home/mattocci/R/x86_64-pc-linux-gnu-library/3.4/StanHeaders/include/stan/math/prim/mat/fun/Eigen.hpp:4:
In file included from /home/mattocci/R/x86_64-pc-linux-gnu-library/3.4/RcppEigen/include/Eigen/Dense:6:
In file included from /home/mattocci/R/x86_64-pc-linux-gnu-library/3.4/RcppEigen/include/Eigen/Geometry:58:
/home/mattocci/R/x86_64-pc-linux-gnu-library/3.4/RcppEigen/include/Eigen/src/Core/util/ReenableStupidWarnings.h:10:30: warning: pragma diagnostic pop could not pop, no matching push [-Wunknown-pragmas]
    #pragma clang diagnostic pop
                             ^
In file included from file432e23baff3b.cpp:8:
In file included from /home/mattocci/R/x86_64-pc-linux-gnu-library/3.4/StanHeaders/include/src/stan/model/model_header.hpp:4:
In file included from /home/mattocci/R/x86_64-pc-linux-gnu-library/3.4/StanHeaders/include/stan/math.hpp:4:
In file included from /home/mattocci/R/x86_64-pc-linux-gnu-library/3.4/StanHeaders/include/stan/math/rev/mat.hpp:4:
In file included from /home/mattocci/R/x86_64-pc-linux-gnu-library/3.4/StanHeaders/include/stan/math/rev/core.hpp:14:
In file included from /home/mattocci/R/x86_64-pc-linux-gnu-library/3.4/StanHeaders/include/stan/math/rev/core/matrix_vari.hpp:4:
In file included from /home/mattocci/R/x86_64-pc-linux-gnu-library/3.4/StanHeaders/include/stan/math/rev/mat/fun/Eigen_NumTraits.hpp:4:
In file included from /home/mattocci/R/x86_64-pc-linux-gnu-library/3.4/StanHeaders/include/stan/math/prim/mat/fun/Eigen.hpp:4:
In file included from /home/mattocci/R/x86_64-pc-linux-gnu-library/3.4/RcppEigen/include/Eigen/Dense:7:
In file included from /home/mattocci/R/x86_64-pc-linux-gnu-library/3.4/RcppEigen/include/Eigen/Eigenvalues:58:
/home/mattocci/R/x86_64-pc-linux-gnu-library/3.4/RcppEigen/include/Eigen/src/Core/util/ReenableStupidWarnings.h:10:30: warning: pragma diagnostic pop could not pop, no matching push [-Wunknown-pragmas]
    #pragma clang diagnostic pop
                             ^
In file included from file432e23baff3b.cpp:8:
In file included from /home/mattocci/R/x86_64-pc-linux-gnu-library/3.4/StanHeaders/include/src/stan/model/model_header.hpp:4:
In file included from /home/mattocci/R/x86_64-pc-linux-gnu-library/3.4/StanHeaders/include/stan/math.hpp:4:
In file included from /home/mattocci/R/x86_64-pc-linux-gnu-library/3.4/StanHeaders/include/stan/math/rev/mat.hpp:12:
In file included from /home/mattocci/R/x86_64-pc-linux-gnu-library/3.4/StanHeaders/include/stan/math/prim/mat.hpp:83:
In file included from /home/mattocci/R/x86_64-pc-linux-gnu-library/3.4/StanHeaders/include/stan/math/prim/mat/fun/csr_extract_u.hpp:6:
In file included from /home/mattocci/R/x86_64-pc-linux-gnu-library/3.4/RcppEigen/include/Eigen/Sparse:26:
In file included from /home/mattocci/R/x86_64-pc-linux-gnu-library/3.4/RcppEigen/include/Eigen/SparseCore:66:
/home/mattocci/R/x86_64-pc-linux-gnu-library/3.4/RcppEigen/include/Eigen/src/Core/util/ReenableStupidWarnings.h:10:30: warning: pragma diagnostic pop could not pop, no matching push [-Wunknown-pragmas]
    #pragma clang diagnostic pop
                             ^
In file included from file432e23baff3b.cpp:8:
In file included from /home/mattocci/R/x86_64-pc-linux-gnu-library/3.4/StanHeaders/include/src/stan/model/model_header.hpp:4:
In file included from /home/mattocci/R/x86_64-pc-linux-gnu-library/3.4/StanHeaders/include/stan/math.hpp:4:
In file included from /home/mattocci/R/x86_64-pc-linux-gnu-library/3.4/StanHeaders/include/stan/math/rev/mat.hpp:12:
In file included from /home/mattocci/R/x86_64-pc-linux-gnu-library/3.4/StanHeaders/include/stan/math/prim/mat.hpp:83:
In file included from /home/mattocci/R/x86_64-pc-linux-gnu-library/3.4/StanHeaders/include/stan/math/prim/mat/fun/csr_extract_u.hpp:6:
In file included from /home/mattocci/R/x86_64-pc-linux-gnu-library/3.4/RcppEigen/include/Eigen/Sparse:27:
In file included from /home/mattocci/R/x86_64-pc-linux-gnu-library/3.4/RcppEigen/include/Eigen/OrderingMethods:71:
/home/mattocci/R/x86_64-pc-linux-gnu-library/3.4/RcppEigen/include/Eigen/src/Core/util/ReenableStupidWarnings.h:10:30: warning: pragma diagnostic pop could not pop, no matching push [-Wunknown-pragmas]
    #pragma clang diagnostic pop
                             ^
In file included from file432e23baff3b.cpp:8:
In file included from /home/mattocci/R/x86_64-pc-linux-gnu-library/3.4/StanHeaders/include/src/stan/model/model_header.hpp:4:
In file included from /home/mattocci/R/x86_64-pc-linux-gnu-library/3.4/StanHeaders/include/stan/math.hpp:4:
In file included from /home/mattocci/R/x86_64-pc-linux-gnu-library/3.4/StanHeaders/include/stan/math/rev/mat.hpp:12:
In file included from /home/mattocci/R/x86_64-pc-linux-gnu-library/3.4/StanHeaders/include/stan/math/prim/mat.hpp:83:
In file included from /home/mattocci/R/x86_64-pc-linux-gnu-library/3.4/StanHeaders/include/stan/math/prim/mat/fun/csr_extract_u.hpp:6:
In file included from /home/mattocci/R/x86_64-pc-linux-gnu-library/3.4/RcppEigen/include/Eigen/Sparse:29:
In file included from /home/mattocci/R/x86_64-pc-linux-gnu-library/3.4/RcppEigen/include/Eigen/SparseCholesky:43:
/home/mattocci/R/x86_64-pc-linux-gnu-library/3.4/RcppEigen/include/Eigen/src/Core/util/ReenableStupidWarnings.h:10:30: warning: pragma diagnostic pop could not pop, no matching push [-Wunknown-pragmas]
    #pragma clang diagnostic pop
                             ^
In file included from file432e23baff3b.cpp:8:
In file included from /home/mattocci/R/x86_64-pc-linux-gnu-library/3.4/StanHeaders/include/src/stan/model/model_header.hpp:4:
In file included from /home/mattocci/R/x86_64-pc-linux-gnu-library/3.4/StanHeaders/include/stan/math.hpp:4:
In file included from /home/mattocci/R/x86_64-pc-linux-gnu-library/3.4/StanHeaders/include/stan/math/rev/mat.hpp:12:
In file included from /home/mattocci/R/x86_64-pc-linux-gnu-library/3.4/StanHeaders/include/stan/math/prim/mat.hpp:83:
In file included from /home/mattocci/R/x86_64-pc-linux-gnu-library/3.4/StanHeaders/include/stan/math/prim/mat/fun/csr_extract_u.hpp:6:
In file included from /home/mattocci/R/x86_64-pc-linux-gnu-library/3.4/RcppEigen/include/Eigen/Sparse:32:
In file included from /home/mattocci/R/x86_64-pc-linux-gnu-library/3.4/RcppEigen/include/Eigen/SparseQR:35:
/home/mattocci/R/x86_64-pc-linux-gnu-library/3.4/RcppEigen/include/Eigen/src/Core/util/ReenableStupidWarnings.h:10:30: warning: pragma diagnostic pop could not pop, no matching push [-Wunknown-pragmas]
    #pragma clang diagnostic pop
                             ^
In file included from file432e23baff3b.cpp:8:
In file included from /home/mattocci/R/x86_64-pc-linux-gnu-library/3.4/StanHeaders/include/src/stan/model/model_header.hpp:4:
In file included from /home/mattocci/R/x86_64-pc-linux-gnu-library/3.4/StanHeaders/include/stan/math.hpp:4:
In file included from /home/mattocci/R/x86_64-pc-linux-gnu-library/3.4/StanHeaders/include/stan/math/rev/mat.hpp:12:
In file included from /home/mattocci/R/x86_64-pc-linux-gnu-library/3.4/StanHeaders/include/stan/math/prim/mat.hpp:83:
In file included from /home/mattocci/R/x86_64-pc-linux-gnu-library/3.4/StanHeaders/include/stan/math/prim/mat/fun/csr_extract_u.hpp:6:
In file included from /home/mattocci/R/x86_64-pc-linux-gnu-library/3.4/RcppEigen/include/Eigen/Sparse:33:
In file included from /home/mattocci/R/x86_64-pc-linux-gnu-library/3.4/RcppEigen/include/Eigen/IterativeLinearSolvers:46:
/home/mattocci/R/x86_64-pc-linux-gnu-library/3.4/RcppEigen/include/Eigen/src/Core/util/ReenableStupidWarnings.h:10:30: warning: pragma diagnostic pop could not pop, no matching push [-Wunknown-pragmas]
    #pragma clang diagnostic pop
                             ^
13 warnings generated.
clang: warning: argument unused during compilation: '-arch x86_64'

SAMPLING FOR MODEL 'm0_N' NOW (CHAIN 1).

Gradient evaluation took 0.000294 seconds
1000 transitions using 10 leapfrog steps per transition would take 2.94 seconds.
Adjust your expectations accordingly!


Iteration:    1 / 2000 [  0%]  (Warmup)

SAMPLING FOR MODEL 'm0_N' NOW (CHAIN 2).

Gradient evaluation took 0.000254 seconds
1000 transitions using 10 leapfrog steps per transition would take 2.54 seconds.
Adjust your expectations accordingly!


Iteration:    1 / 2000 [  0%]  (Warmup)

SAMPLING FOR MODEL 'm0_N' NOW (CHAIN 3).

Gradient evaluation took 0.000342 seconds
1000 transitions using 10 leapfrog steps per transition would take 3.42 seconds.
Adjust your expectations accordingly!


Iteration:    1 / 2000 [  0%]  (Warmup)

SAMPLING FOR MODEL 'm0_N' NOW (CHAIN 4).

Gradient evaluation took 0.000265 seconds
1000 transitions using 10 leapfrog steps per transition would take 2.65 seconds.
Adjust your expectations accordingly!


Iteration:    1 / 2000 [  0%]  (Warmup)
Iteration:  200 / 2000 [ 10%]  (Warmup)
Iteration:  200 / 2000 [ 10%]  (Warmup)
Iteration:  200 / 2000 [ 10%]  (Warmup)
Iteration:  400 / 2000 [ 20%]  (Warmup)
Iteration:  200 / 2000 [ 10%]  (Warmup)
Iteration:  400 / 2000 [ 20%]  (Warmup)
Iteration:  400 / 2000 [ 20%]  (Warmup)
Iteration:  400 / 2000 [ 20%]  (Warmup)
Iteration:  600 / 2000 [ 30%]  (Warmup)
Iteration:  800 / 2000 [ 40%]  (Warmup)
Iteration:  600 / 2000 [ 30%]  (Warmup)
Iteration:  600 / 2000 [ 30%]  (Warmup)
Iteration:  600 / 2000 [ 30%]  (Warmup)
Iteration:  800 / 2000 [ 40%]  (Warmup)
Iteration:  800 / 2000 [ 40%]  (Warmup)
Iteration:  800 / 2000 [ 40%]  (Warmup)
Iteration: 1000 / 2000 [ 50%]  (Warmup)
Iteration: 1001 / 2000 [ 50%]  (Sampling)
Iteration: 1000 / 2000 [ 50%]  (Warmup)
Iteration: 1001 / 2000 [ 50%]  (Sampling)
Iteration: 1000 / 2000 [ 50%]  (Warmup)
Iteration: 1001 / 2000 [ 50%]  (Sampling)
Iteration: 1000 / 2000 [ 50%]  (Warmup)
Iteration: 1001 / 2000 [ 50%]  (Sampling)
Iteration: 1200 / 2000 [ 60%]  (Sampling)
Iteration: 1200 / 2000 [ 60%]  (Sampling)
Iteration: 1200 / 2000 [ 60%]  (Sampling)
Iteration: 1200 / 2000 [ 60%]  (Sampling)
Iteration: 1400 / 2000 [ 70%]  (Sampling)
Iteration: 1400 / 2000 [ 70%]  (Sampling)
Iteration: 1400 / 2000 [ 70%]  (Sampling)
Iteration: 1400 / 2000 [ 70%]  (Sampling)
Iteration: 1600 / 2000 [ 80%]  (Sampling)
Iteration: 1600 / 2000 [ 80%]  (Sampling)
Iteration: 1600 / 2000 [ 80%]  (Sampling)
Iteration: 1600 / 2000 [ 80%]  (Sampling)
Iteration: 1800 / 2000 [ 90%]  (Sampling)
Iteration: 1800 / 2000 [ 90%]  (Sampling)
Iteration: 1800 / 2000 [ 90%]  (Sampling)
Iteration: 1800 / 2000 [ 90%]  (Sampling)
Iteration: 2000 / 2000 [100%]  (Sampling)

 Elapsed Time: 80.5009 seconds (Warm-up)
               43.4446 seconds (Sampling)
               123.945 seconds (Total)

Iteration: 2000 / 2000 [100%]  (Sampling)

 Elapsed Time: 76.5962 seconds (Warm-up)
               50.0501 seconds (Sampling)
               126.646 seconds (Total)

Iteration: 2000 / 2000 [100%]  (Sampling)

 Elapsed Time: 79.6231 seconds (Warm-up)
               47.9553 seconds (Sampling)
               127.578 seconds (Total)

Iteration: 2000 / 2000 [100%]  (Sampling)

 Elapsed Time: 79.9993 seconds (Warm-up)
               48.0296 seconds (Sampling)
               128.029 seconds (Total)

clang: warning: argument unused during compilation: '-arch x86_64'
In file included from file432e15a3ce39.cpp:8:
In file included from /home/mattocci/R/x86_64-pc-linux-gnu-library/3.4/StanHeaders/include/src/stan/model/model_header.hpp:4:
In file included from /home/mattocci/R/x86_64-pc-linux-gnu-library/3.4/StanHeaders/include/stan/math.hpp:4:
In file included from /home/mattocci/R/x86_64-pc-linux-gnu-library/3.4/StanHeaders/include/stan/math/rev/mat.hpp:4:
In file included from /home/mattocci/R/x86_64-pc-linux-gnu-library/3.4/StanHeaders/include/stan/math/rev/core.hpp:14:
In file included from /home/mattocci/R/x86_64-pc-linux-gnu-library/3.4/StanHeaders/include/stan/math/rev/core/matrix_vari.hpp:4:
In file included from /home/mattocci/R/x86_64-pc-linux-gnu-library/3.4/StanHeaders/include/stan/math/rev/mat/fun/Eigen_NumTraits.hpp:4:
In file included from /home/mattocci/R/x86_64-pc-linux-gnu-library/3.4/StanHeaders/include/stan/math/prim/mat/fun/Eigen.hpp:4:
In file included from /home/mattocci/R/x86_64-pc-linux-gnu-library/3.4/RcppEigen/include/Eigen/Dense:1:
In file included from /home/mattocci/R/x86_64-pc-linux-gnu-library/3.4/RcppEigen/include/Eigen/Core:531:
/home/mattocci/R/x86_64-pc-linux-gnu-library/3.4/RcppEigen/include/Eigen/src/Core/util/ReenableStupidWarnings.h:10:30: warning: pragma diagnostic pop could not pop, no matching push [-Wunknown-pragmas]
    #pragma clang diagnostic pop
                             ^
In file included from file432e15a3ce39.cpp:8:
In file included from /home/mattocci/R/x86_64-pc-linux-gnu-library/3.4/StanHeaders/include/src/stan/model/model_header.hpp:4:
In file included from /home/mattocci/R/x86_64-pc-linux-gnu-library/3.4/StanHeaders/include/stan/math.hpp:4:
In file included from /home/mattocci/R/x86_64-pc-linux-gnu-library/3.4/StanHeaders/include/stan/math/rev/mat.hpp:4:
In file included from /home/mattocci/R/x86_64-pc-linux-gnu-library/3.4/StanHeaders/include/stan/math/rev/core.hpp:14:
In file included from /home/mattocci/R/x86_64-pc-linux-gnu-library/3.4/StanHeaders/include/stan/math/rev/core/matrix_vari.hpp:4:
In file included from /home/mattocci/R/x86_64-pc-linux-gnu-library/3.4/StanHeaders/include/stan/math/rev/mat/fun/Eigen_NumTraits.hpp:4:
In file included from /home/mattocci/R/x86_64-pc-linux-gnu-library/3.4/StanHeaders/include/stan/math/prim/mat/fun/Eigen.hpp:4:
In file included from /home/mattocci/R/x86_64-pc-linux-gnu-library/3.4/RcppEigen/include/Eigen/Dense:2:
In file included from /home/mattocci/R/x86_64-pc-linux-gnu-library/3.4/RcppEigen/include/Eigen/LU:47:
/home/mattocci/R/x86_64-pc-linux-gnu-library/3.4/RcppEigen/include/Eigen/src/Core/util/ReenableStupidWarnings.h:10:30: warning: pragma diagnostic pop could not pop, no matching push [-Wunknown-pragmas]
    #pragma clang diagnostic pop
                             ^
In file included from file432e15a3ce39.cpp:8:
In file included from /home/mattocci/R/x86_64-pc-linux-gnu-library/3.4/StanHeaders/include/src/stan/model/model_header.hpp:4:
In file included from /home/mattocci/R/x86_64-pc-linux-gnu-library/3.4/StanHeaders/include/stan/math.hpp:4:
In file included from /home/mattocci/R/x86_64-pc-linux-gnu-library/3.4/StanHeaders/include/stan/math/rev/mat.hpp:4:
In file included from /home/mattocci/R/x86_64-pc-linux-gnu-library/3.4/StanHeaders/include/stan/math/rev/core.hpp:14:
In file included from /home/mattocci/R/x86_64-pc-linux-gnu-library/3.4/StanHeaders/include/stan/math/rev/core/matrix_vari.hpp:4:
In file included from /home/mattocci/R/x86_64-pc-linux-gnu-library/3.4/StanHeaders/include/stan/math/rev/mat/fun/Eigen_NumTraits.hpp:4:
In file included from /home/mattocci/R/x86_64-pc-linux-gnu-library/3.4/StanHeaders/include/stan/math/prim/mat/fun/Eigen.hpp:4:
In file included from /home/mattocci/R/x86_64-pc-linux-gnu-library/3.4/RcppEigen/include/Eigen/Dense:3:
In file included from /home/mattocci/R/x86_64-pc-linux-gnu-library/3.4/RcppEigen/include/Eigen/Cholesky:12:
In file included from /home/mattocci/R/x86_64-pc-linux-gnu-library/3.4/RcppEigen/include/Eigen/Jacobi:29:
/home/mattocci/R/x86_64-pc-linux-gnu-library/3.4/RcppEigen/include/Eigen/src/Core/util/ReenableStupidWarnings.h:10:30: warning: pragma diagnostic pop could not pop, no matching push [-Wunknown-pragmas]
    #pragma clang diagnostic pop
                             ^
In file included from file432e15a3ce39.cpp:8:
In file included from /home/mattocci/R/x86_64-pc-linux-gnu-library/3.4/StanHeaders/include/src/stan/model/model_header.hpp:4:
In file included from /home/mattocci/R/x86_64-pc-linux-gnu-library/3.4/StanHeaders/include/stan/math.hpp:4:
In file included from /home/mattocci/R/x86_64-pc-linux-gnu-library/3.4/StanHeaders/include/stan/math/rev/mat.hpp:4:
In file included from /home/mattocci/R/x86_64-pc-linux-gnu-library/3.4/StanHeaders/include/stan/math/rev/core.hpp:14:
In file included from /home/mattocci/R/x86_64-pc-linux-gnu-library/3.4/StanHeaders/include/stan/math/rev/core/matrix_vari.hpp:4:
In file included from /home/mattocci/R/x86_64-pc-linux-gnu-library/3.4/StanHeaders/include/stan/math/rev/mat/fun/Eigen_NumTraits.hpp:4:
In file included from /home/mattocci/R/x86_64-pc-linux-gnu-library/3.4/StanHeaders/include/stan/math/prim/mat/fun/Eigen.hpp:4:
In file included from /home/mattocci/R/x86_64-pc-linux-gnu-library/3.4/RcppEigen/include/Eigen/Dense:3:
In file included from /home/mattocci/R/x86_64-pc-linux-gnu-library/3.4/RcppEigen/include/Eigen/Cholesky:43:
/home/mattocci/R/x86_64-pc-linux-gnu-library/3.4/RcppEigen/include/Eigen/src/Core/util/ReenableStupidWarnings.h:10:30: warning: pragma diagnostic pop could not pop, no matching push [-Wunknown-pragmas]
    #pragma clang diagnostic pop
                             ^
In file included from file432e15a3ce39.cpp:8:
In file included from /home/mattocci/R/x86_64-pc-linux-gnu-library/3.4/StanHeaders/include/src/stan/model/model_header.hpp:4:
In file included from /home/mattocci/R/x86_64-pc-linux-gnu-library/3.4/StanHeaders/include/stan/math.hpp:4:
In file included from /home/mattocci/R/x86_64-pc-linux-gnu-library/3.4/StanHeaders/include/stan/math/rev/mat.hpp:4:
In file included from /home/mattocci/R/x86_64-pc-linux-gnu-library/3.4/StanHeaders/include/stan/math/rev/core.hpp:14:
In file included from /home/mattocci/R/x86_64-pc-linux-gnu-library/3.4/StanHeaders/include/stan/math/rev/core/matrix_vari.hpp:4:
In file included from /home/mattocci/R/x86_64-pc-linux-gnu-library/3.4/StanHeaders/include/stan/math/rev/mat/fun/Eigen_NumTraits.hpp:4:
In file included from /home/mattocci/R/x86_64-pc-linux-gnu-library/3.4/StanHeaders/include/stan/math/prim/mat/fun/Eigen.hpp:4:
In file included from /home/mattocci/R/x86_64-pc-linux-gnu-library/3.4/RcppEigen/include/Eigen/Dense:4:
In file included from /home/mattocci/R/x86_64-pc-linux-gnu-library/3.4/RcppEigen/include/Eigen/QR:17:
In file included from /home/mattocci/R/x86_64-pc-linux-gnu-library/3.4/RcppEigen/include/Eigen/Householder:27:
/home/mattocci/R/x86_64-pc-linux-gnu-library/3.4/RcppEigen/include/Eigen/src/Core/util/ReenableStupidWarnings.h:10:30: warning: pragma diagnostic pop could not pop, no matching push [-Wunknown-pragmas]
    #pragma clang diagnostic pop
                             ^
In file included from file432e15a3ce39.cpp:8:
In file included from /home/mattocci/R/x86_64-pc-linux-gnu-library/3.4/StanHeaders/include/src/stan/model/model_header.hpp:4:
In file included from /home/mattocci/R/x86_64-pc-linux-gnu-library/3.4/StanHeaders/include/stan/math.hpp:4:
In file included from /home/mattocci/R/x86_64-pc-linux-gnu-library/3.4/StanHeaders/include/stan/math/rev/mat.hpp:4:
In file included from /home/mattocci/R/x86_64-pc-linux-gnu-library/3.4/StanHeaders/include/stan/math/rev/core.hpp:14:
In file included from /home/mattocci/R/x86_64-pc-linux-gnu-library/3.4/StanHeaders/include/stan/math/rev/core/matrix_vari.hpp:4:
In file included from /home/mattocci/R/x86_64-pc-linux-gnu-library/3.4/StanHeaders/include/stan/math/rev/mat/fun/Eigen_NumTraits.hpp:4:
In file included from /home/mattocci/R/x86_64-pc-linux-gnu-library/3.4/StanHeaders/include/stan/math/prim/mat/fun/Eigen.hpp:4:
In file included from /home/mattocci/R/x86_64-pc-linux-gnu-library/3.4/RcppEigen/include/Eigen/Dense:5:
In file included from /home/mattocci/R/x86_64-pc-linux-gnu-library/3.4/RcppEigen/include/Eigen/SVD:48:
/home/mattocci/R/x86_64-pc-linux-gnu-library/3.4/RcppEigen/include/Eigen/src/Core/util/ReenableStupidWarnings.h:10:30: warning: pragma diagnostic pop could not pop, no matching push [-Wunknown-pragmas]
    #pragma clang diagnostic pop
                             ^
In file included from file432e15a3ce39.cpp:8:
In file included from /home/mattocci/R/x86_64-pc-linux-gnu-library/3.4/StanHeaders/include/src/stan/model/model_header.hpp:4:
In file included from /home/mattocci/R/x86_64-pc-linux-gnu-library/3.4/StanHeaders/include/stan/math.hpp:4:
In file included from /home/mattocci/R/x86_64-pc-linux-gnu-library/3.4/StanHeaders/include/stan/math/rev/mat.hpp:4:
In file included from /home/mattocci/R/x86_64-pc-linux-gnu-library/3.4/StanHeaders/include/stan/math/rev/core.hpp:14:
In file included from /home/mattocci/R/x86_64-pc-linux-gnu-library/3.4/StanHeaders/include/stan/math/rev/core/matrix_vari.hpp:4:
In file included from /home/mattocci/R/x86_64-pc-linux-gnu-library/3.4/StanHeaders/include/stan/math/rev/mat/fun/Eigen_NumTraits.hpp:4:
In file included from /home/mattocci/R/x86_64-pc-linux-gnu-library/3.4/StanHeaders/include/stan/math/prim/mat/fun/Eigen.hpp:4:
In file included from /home/mattocci/R/x86_64-pc-linux-gnu-library/3.4/RcppEigen/include/Eigen/Dense:6:
In file included from /home/mattocci/R/x86_64-pc-linux-gnu-library/3.4/RcppEigen/include/Eigen/Geometry:58:
/home/mattocci/R/x86_64-pc-linux-gnu-library/3.4/RcppEigen/include/Eigen/src/Core/util/ReenableStupidWarnings.h:10:30: warning: pragma diagnostic pop could not pop, no matching push [-Wunknown-pragmas]
    #pragma clang diagnostic pop
                             ^
In file included from file432e15a3ce39.cpp:8:
In file included from /home/mattocci/R/x86_64-pc-linux-gnu-library/3.4/StanHeaders/include/src/stan/model/model_header.hpp:4:
In file included from /home/mattocci/R/x86_64-pc-linux-gnu-library/3.4/StanHeaders/include/stan/math.hpp:4:
In file included from /home/mattocci/R/x86_64-pc-linux-gnu-library/3.4/StanHeaders/include/stan/math/rev/mat.hpp:4:
In file included from /home/mattocci/R/x86_64-pc-linux-gnu-library/3.4/StanHeaders/include/stan/math/rev/core.hpp:14:
In file included from /home/mattocci/R/x86_64-pc-linux-gnu-library/3.4/StanHeaders/include/stan/math/rev/core/matrix_vari.hpp:4:
In file included from /home/mattocci/R/x86_64-pc-linux-gnu-library/3.4/StanHeaders/include/stan/math/rev/mat/fun/Eigen_NumTraits.hpp:4:
In file included from /home/mattocci/R/x86_64-pc-linux-gnu-library/3.4/StanHeaders/include/stan/math/prim/mat/fun/Eigen.hpp:4:
In file included from /home/mattocci/R/x86_64-pc-linux-gnu-library/3.4/RcppEigen/include/Eigen/Dense:7:
In file included from /home/mattocci/R/x86_64-pc-linux-gnu-library/3.4/RcppEigen/include/Eigen/Eigenvalues:58:
/home/mattocci/R/x86_64-pc-linux-gnu-library/3.4/RcppEigen/include/Eigen/src/Core/util/ReenableStupidWarnings.h:10:30: warning: pragma diagnostic pop could not pop, no matching push [-Wunknown-pragmas]
    #pragma clang diagnostic pop
                             ^
In file included from file432e15a3ce39.cpp:8:
In file included from /home/mattocci/R/x86_64-pc-linux-gnu-library/3.4/StanHeaders/include/src/stan/model/model_header.hpp:4:
In file included from /home/mattocci/R/x86_64-pc-linux-gnu-library/3.4/StanHeaders/include/stan/math.hpp:4:
In file included from /home/mattocci/R/x86_64-pc-linux-gnu-library/3.4/StanHeaders/include/stan/math/rev/mat.hpp:12:
In file included from /home/mattocci/R/x86_64-pc-linux-gnu-library/3.4/StanHeaders/include/stan/math/prim/mat.hpp:83:
In file included from /home/mattocci/R/x86_64-pc-linux-gnu-library/3.4/StanHeaders/include/stan/math/prim/mat/fun/csr_extract_u.hpp:6:
In file included from /home/mattocci/R/x86_64-pc-linux-gnu-library/3.4/RcppEigen/include/Eigen/Sparse:26:
In file included from /home/mattocci/R/x86_64-pc-linux-gnu-library/3.4/RcppEigen/include/Eigen/SparseCore:66:
/home/mattocci/R/x86_64-pc-linux-gnu-library/3.4/RcppEigen/include/Eigen/src/Core/util/ReenableStupidWarnings.h:10:30: warning: pragma diagnostic pop could not pop, no matching push [-Wunknown-pragmas]
    #pragma clang diagnostic pop
                             ^
In file included from file432e15a3ce39.cpp:8:
In file included from /home/mattocci/R/x86_64-pc-linux-gnu-library/3.4/StanHeaders/include/src/stan/model/model_header.hpp:4:
In file included from /home/mattocci/R/x86_64-pc-linux-gnu-library/3.4/StanHeaders/include/stan/math.hpp:4:
In file included from /home/mattocci/R/x86_64-pc-linux-gnu-library/3.4/StanHeaders/include/stan/math/rev/mat.hpp:12:
In file included from /home/mattocci/R/x86_64-pc-linux-gnu-library/3.4/StanHeaders/include/stan/math/prim/mat.hpp:83:
In file included from /home/mattocci/R/x86_64-pc-linux-gnu-library/3.4/StanHeaders/include/stan/math/prim/mat/fun/csr_extract_u.hpp:6:
In file included from /home/mattocci/R/x86_64-pc-linux-gnu-library/3.4/RcppEigen/include/Eigen/Sparse:27:
In file included from /home/mattocci/R/x86_64-pc-linux-gnu-library/3.4/RcppEigen/include/Eigen/OrderingMethods:71:
/home/mattocci/R/x86_64-pc-linux-gnu-library/3.4/RcppEigen/include/Eigen/src/Core/util/ReenableStupidWarnings.h:10:30: warning: pragma diagnostic pop could not pop, no matching push [-Wunknown-pragmas]
    #pragma clang diagnostic pop
                             ^
In file included from file432e15a3ce39.cpp:8:
In file included from /home/mattocci/R/x86_64-pc-linux-gnu-library/3.4/StanHeaders/include/src/stan/model/model_header.hpp:4:
In file included from /home/mattocci/R/x86_64-pc-linux-gnu-library/3.4/StanHeaders/include/stan/math.hpp:4:
In file included from /home/mattocci/R/x86_64-pc-linux-gnu-library/3.4/StanHeaders/include/stan/math/rev/mat.hpp:12:
In file included from /home/mattocci/R/x86_64-pc-linux-gnu-library/3.4/StanHeaders/include/stan/math/prim/mat.hpp:83:
In file included from /home/mattocci/R/x86_64-pc-linux-gnu-library/3.4/StanHeaders/include/stan/math/prim/mat/fun/csr_extract_u.hpp:6:
In file included from /home/mattocci/R/x86_64-pc-linux-gnu-library/3.4/RcppEigen/include/Eigen/Sparse:29:
In file included from /home/mattocci/R/x86_64-pc-linux-gnu-library/3.4/RcppEigen/include/Eigen/SparseCholesky:43:
/home/mattocci/R/x86_64-pc-linux-gnu-library/3.4/RcppEigen/include/Eigen/src/Core/util/ReenableStupidWarnings.h:10:30: warning: pragma diagnostic pop could not pop, no matching push [-Wunknown-pragmas]
    #pragma clang diagnostic pop
                             ^
In file included from file432e15a3ce39.cpp:8:
In file included from /home/mattocci/R/x86_64-pc-linux-gnu-library/3.4/StanHeaders/include/src/stan/model/model_header.hpp:4:
In file included from /home/mattocci/R/x86_64-pc-linux-gnu-library/3.4/StanHeaders/include/stan/math.hpp:4:
In file included from /home/mattocci/R/x86_64-pc-linux-gnu-library/3.4/StanHeaders/include/stan/math/rev/mat.hpp:12:
In file included from /home/mattocci/R/x86_64-pc-linux-gnu-library/3.4/StanHeaders/include/stan/math/prim/mat.hpp:83:
In file included from /home/mattocci/R/x86_64-pc-linux-gnu-library/3.4/StanHeaders/include/stan/math/prim/mat/fun/csr_extract_u.hpp:6:
In file included from /home/mattocci/R/x86_64-pc-linux-gnu-library/3.4/RcppEigen/include/Eigen/Sparse:32:
In file included from /home/mattocci/R/x86_64-pc-linux-gnu-library/3.4/RcppEigen/include/Eigen/SparseQR:35:
/home/mattocci/R/x86_64-pc-linux-gnu-library/3.4/RcppEigen/include/Eigen/src/Core/util/ReenableStupidWarnings.h:10:30: warning: pragma diagnostic pop could not pop, no matching push [-Wunknown-pragmas]
    #pragma clang diagnostic pop
                             ^
In file included from file432e15a3ce39.cpp:8:
In file included from /home/mattocci/R/x86_64-pc-linux-gnu-library/3.4/StanHeaders/include/src/stan/model/model_header.hpp:4:
In file included from /home/mattocci/R/x86_64-pc-linux-gnu-library/3.4/StanHeaders/include/stan/math.hpp:4:
In file included from /home/mattocci/R/x86_64-pc-linux-gnu-library/3.4/StanHeaders/include/stan/math/rev/mat.hpp:12:
In file included from /home/mattocci/R/x86_64-pc-linux-gnu-library/3.4/StanHeaders/include/stan/math/prim/mat.hpp:83:
In file included from /home/mattocci/R/x86_64-pc-linux-gnu-library/3.4/StanHeaders/include/stan/math/prim/mat/fun/csr_extract_u.hpp:6:
In file included from /home/mattocci/R/x86_64-pc-linux-gnu-library/3.4/RcppEigen/include/Eigen/Sparse:33:
In file included from /home/mattocci/R/x86_64-pc-linux-gnu-library/3.4/RcppEigen/include/Eigen/IterativeLinearSolvers:46:
/home/mattocci/R/x86_64-pc-linux-gnu-library/3.4/RcppEigen/include/Eigen/src/Core/util/ReenableStupidWarnings.h:10:30: warning: pragma diagnostic pop could not pop, no matching push [-Wunknown-pragmas]
    #pragma clang diagnostic pop
                             ^
13 warnings generated.
clang: warning: argument unused during compilation: '-arch x86_64'

SAMPLING FOR MODEL 'm0_N' NOW (CHAIN 1).

Gradient evaluation took 0.00038 seconds
1000 transitions using 10 leapfrog steps per transition would take 3.8 seconds.
Adjust your expectations accordingly!


Iteration:    1 / 2000 [  0%]  (Warmup)

SAMPLING FOR MODEL 'm0_N' NOW (CHAIN 2).

Gradient evaluation took 0.000342 seconds
1000 transitions using 10 leapfrog steps per transition would take 3.42 seconds.
Adjust your expectations accordingly!


Iteration:    1 / 2000 [  0%]  (Warmup)

SAMPLING FOR MODEL 'm0_N' NOW (CHAIN 3).

Gradient evaluation took 0.000322 seconds
1000 transitions using 10 leapfrog steps per transition would take 3.22 seconds.
Adjust your expectations accordingly!


Iteration:    1 / 2000 [  0%]  (Warmup)

SAMPLING FOR MODEL 'm0_N' NOW (CHAIN 4).

Gradient evaluation took 0.000453 seconds
1000 transitions using 10 leapfrog steps per transition would take 4.53 seconds.
Adjust your expectations accordingly!


Iteration:    1 / 2000 [  0%]  (Warmup)
Iteration:  200 / 2000 [ 10%]  (Warmup)
Iteration:  200 / 2000 [ 10%]  (Warmup)
Iteration:  200 / 2000 [ 10%]  (Warmup)
Iteration:  400 / 2000 [ 20%]  (Warmup)
Iteration:  400 / 2000 [ 20%]  (Warmup)
Iteration:  400 / 2000 [ 20%]  (Warmup)
Iteration:  200 / 2000 [ 10%]  (Warmup)
Iteration:  600 / 2000 [ 30%]  (Warmup)
Iteration:  400 / 2000 [ 20%]  (Warmup)
Iteration:  800 / 2000 [ 40%]  (Warmup)
Iteration:  600 / 2000 [ 30%]  (Warmup)
Iteration:  600 / 2000 [ 30%]  (Warmup)
Iteration:  600 / 2000 [ 30%]  (Warmup)
Iteration: 1000 / 2000 [ 50%]  (Warmup)
Iteration: 1001 / 2000 [ 50%]  (Sampling)
Iteration:  800 / 2000 [ 40%]  (Warmup)
Iteration:  800 / 2000 [ 40%]  (Warmup)
Iteration:  800 / 2000 [ 40%]  (Warmup)
Iteration: 1000 / 2000 [ 50%]  (Warmup)
Iteration: 1001 / 2000 [ 50%]  (Sampling)
Iteration: 1200 / 2000 [ 60%]  (Sampling)
Iteration: 1000 / 2000 [ 50%]  (Warmup)
Iteration: 1001 / 2000 [ 50%]  (Sampling)
Iteration: 1000 / 2000 [ 50%]  (Warmup)
Iteration: 1001 / 2000 [ 50%]  (Sampling)
Iteration: 1200 / 2000 [ 60%]  (Sampling)
Iteration: 1200 / 2000 [ 60%]  (Sampling)
Iteration: 1200 / 2000 [ 60%]  (Sampling)
Iteration: 1400 / 2000 [ 70%]  (Sampling)
Iteration: 1400 / 2000 [ 70%]  (Sampling)
Iteration: 1400 / 2000 [ 70%]  (Sampling)
Iteration: 1600 / 2000 [ 80%]  (Sampling)
Iteration: 1400 / 2000 [ 70%]  (Sampling)
Iteration: 1600 / 2000 [ 80%]  (Sampling)
Iteration: 1600 / 2000 [ 80%]  (Sampling)
Iteration: 1600 / 2000 [ 80%]  (Sampling)
Iteration: 1800 / 2000 [ 90%]  (Sampling)
Iteration: 1800 / 2000 [ 90%]  (Sampling)
Iteration: 1800 / 2000 [ 90%]  (Sampling)
Iteration: 2000 / 2000 [100%]  (Sampling)

 Elapsed Time: 86.2152 seconds (Warm-up)
               46.5775 seconds (Sampling)
               132.793 seconds (Total)

Iteration: 1800 / 2000 [ 90%]  (Sampling)
Iteration: 2000 / 2000 [100%]  (Sampling)

 Elapsed Time: 91.5306 seconds (Warm-up)
               46.6179 seconds (Sampling)
               138.149 seconds (Total)

Iteration: 2000 / 2000 [100%]  (Sampling)

 Elapsed Time: 87.7404 seconds (Warm-up)
               50.2081 seconds (Sampling)
               137.948 seconds (Total)

Iteration: 2000 / 2000 [100%]  (Sampling)

 Elapsed Time: 71.2875 seconds (Warm-up)
               75.1352 seconds (Sampling)
               146.423 seconds (Total)

clang: warning: argument unused during compilation: '-arch x86_64'
In file included from file432e14791f04.cpp:8:
In file included from /home/mattocci/R/x86_64-pc-linux-gnu-library/3.4/StanHeaders/include/src/stan/model/model_header.hpp:4:
In file included from /home/mattocci/R/x86_64-pc-linux-gnu-library/3.4/StanHeaders/include/stan/math.hpp:4:
In file included from /home/mattocci/R/x86_64-pc-linux-gnu-library/3.4/StanHeaders/include/stan/math/rev/mat.hpp:4:
In file included from /home/mattocci/R/x86_64-pc-linux-gnu-library/3.4/StanHeaders/include/stan/math/rev/core.hpp:14:
In file included from /home/mattocci/R/x86_64-pc-linux-gnu-library/3.4/StanHeaders/include/stan/math/rev/core/matrix_vari.hpp:4:
In file included from /home/mattocci/R/x86_64-pc-linux-gnu-library/3.4/StanHeaders/include/stan/math/rev/mat/fun/Eigen_NumTraits.hpp:4:
In file included from /home/mattocci/R/x86_64-pc-linux-gnu-library/3.4/StanHeaders/include/stan/math/prim/mat/fun/Eigen.hpp:4:
In file included from /home/mattocci/R/x86_64-pc-linux-gnu-library/3.4/RcppEigen/include/Eigen/Dense:1:
In file included from /home/mattocci/R/x86_64-pc-linux-gnu-library/3.4/RcppEigen/include/Eigen/Core:531:
/home/mattocci/R/x86_64-pc-linux-gnu-library/3.4/RcppEigen/include/Eigen/src/Core/util/ReenableStupidWarnings.h:10:30: warning: pragma diagnostic pop could not pop, no matching push [-Wunknown-pragmas]
    #pragma clang diagnostic pop
                             ^
In file included from file432e14791f04.cpp:8:
In file included from /home/mattocci/R/x86_64-pc-linux-gnu-library/3.4/StanHeaders/include/src/stan/model/model_header.hpp:4:
In file included from /home/mattocci/R/x86_64-pc-linux-gnu-library/3.4/StanHeaders/include/stan/math.hpp:4:
In file included from /home/mattocci/R/x86_64-pc-linux-gnu-library/3.4/StanHeaders/include/stan/math/rev/mat.hpp:4:
In file included from /home/mattocci/R/x86_64-pc-linux-gnu-library/3.4/StanHeaders/include/stan/math/rev/core.hpp:14:
In file included from /home/mattocci/R/x86_64-pc-linux-gnu-library/3.4/StanHeaders/include/stan/math/rev/core/matrix_vari.hpp:4:
In file included from /home/mattocci/R/x86_64-pc-linux-gnu-library/3.4/StanHeaders/include/stan/math/rev/mat/fun/Eigen_NumTraits.hpp:4:
In file included from /home/mattocci/R/x86_64-pc-linux-gnu-library/3.4/StanHeaders/include/stan/math/prim/mat/fun/Eigen.hpp:4:
In file included from /home/mattocci/R/x86_64-pc-linux-gnu-library/3.4/RcppEigen/include/Eigen/Dense:2:
In file included from /home/mattocci/R/x86_64-pc-linux-gnu-library/3.4/RcppEigen/include/Eigen/LU:47:
/home/mattocci/R/x86_64-pc-linux-gnu-library/3.4/RcppEigen/include/Eigen/src/Core/util/ReenableStupidWarnings.h:10:30: warning: pragma diagnostic pop could not pop, no matching push [-Wunknown-pragmas]
    #pragma clang diagnostic pop
                             ^
In file included from file432e14791f04.cpp:8:
In file included from /home/mattocci/R/x86_64-pc-linux-gnu-library/3.4/StanHeaders/include/src/stan/model/model_header.hpp:4:
In file included from /home/mattocci/R/x86_64-pc-linux-gnu-library/3.4/StanHeaders/include/stan/math.hpp:4:
In file included from /home/mattocci/R/x86_64-pc-linux-gnu-library/3.4/StanHeaders/include/stan/math/rev/mat.hpp:4:
In file included from /home/mattocci/R/x86_64-pc-linux-gnu-library/3.4/StanHeaders/include/stan/math/rev/core.hpp:14:
In file included from /home/mattocci/R/x86_64-pc-linux-gnu-library/3.4/StanHeaders/include/stan/math/rev/core/matrix_vari.hpp:4:
In file included from /home/mattocci/R/x86_64-pc-linux-gnu-library/3.4/StanHeaders/include/stan/math/rev/mat/fun/Eigen_NumTraits.hpp:4:
In file included from /home/mattocci/R/x86_64-pc-linux-gnu-library/3.4/StanHeaders/include/stan/math/prim/mat/fun/Eigen.hpp:4:
In file included from /home/mattocci/R/x86_64-pc-linux-gnu-library/3.4/RcppEigen/include/Eigen/Dense:3:
In file included from /home/mattocci/R/x86_64-pc-linux-gnu-library/3.4/RcppEigen/include/Eigen/Cholesky:12:
In file included from /home/mattocci/R/x86_64-pc-linux-gnu-library/3.4/RcppEigen/include/Eigen/Jacobi:29:
/home/mattocci/R/x86_64-pc-linux-gnu-library/3.4/RcppEigen/include/Eigen/src/Core/util/ReenableStupidWarnings.h:10:30: warning: pragma diagnostic pop could not pop, no matching push [-Wunknown-pragmas]
    #pragma clang diagnostic pop
                             ^
In file included from file432e14791f04.cpp:8:
In file included from /home/mattocci/R/x86_64-pc-linux-gnu-library/3.4/StanHeaders/include/src/stan/model/model_header.hpp:4:
In file included from /home/mattocci/R/x86_64-pc-linux-gnu-library/3.4/StanHeaders/include/stan/math.hpp:4:
In file included from /home/mattocci/R/x86_64-pc-linux-gnu-library/3.4/StanHeaders/include/stan/math/rev/mat.hpp:4:
In file included from /home/mattocci/R/x86_64-pc-linux-gnu-library/3.4/StanHeaders/include/stan/math/rev/core.hpp:14:
In file included from /home/mattocci/R/x86_64-pc-linux-gnu-library/3.4/StanHeaders/include/stan/math/rev/core/matrix_vari.hpp:4:
In file included from /home/mattocci/R/x86_64-pc-linux-gnu-library/3.4/StanHeaders/include/stan/math/rev/mat/fun/Eigen_NumTraits.hpp:4:
In file included from /home/mattocci/R/x86_64-pc-linux-gnu-library/3.4/StanHeaders/include/stan/math/prim/mat/fun/Eigen.hpp:4:
In file included from /home/mattocci/R/x86_64-pc-linux-gnu-library/3.4/RcppEigen/include/Eigen/Dense:3:
In file included from /home/mattocci/R/x86_64-pc-linux-gnu-library/3.4/RcppEigen/include/Eigen/Cholesky:43:
/home/mattocci/R/x86_64-pc-linux-gnu-library/3.4/RcppEigen/include/Eigen/src/Core/util/ReenableStupidWarnings.h:10:30: warning: pragma diagnostic pop could not pop, no matching push [-Wunknown-pragmas]
    #pragma clang diagnostic pop
                             ^
In file included from file432e14791f04.cpp:8:
In file included from /home/mattocci/R/x86_64-pc-linux-gnu-library/3.4/StanHeaders/include/src/stan/model/model_header.hpp:4:
In file included from /home/mattocci/R/x86_64-pc-linux-gnu-library/3.4/StanHeaders/include/stan/math.hpp:4:
In file included from /home/mattocci/R/x86_64-pc-linux-gnu-library/3.4/StanHeaders/include/stan/math/rev/mat.hpp:4:
In file included from /home/mattocci/R/x86_64-pc-linux-gnu-library/3.4/StanHeaders/include/stan/math/rev/core.hpp:14:
In file included from /home/mattocci/R/x86_64-pc-linux-gnu-library/3.4/StanHeaders/include/stan/math/rev/core/matrix_vari.hpp:4:
In file included from /home/mattocci/R/x86_64-pc-linux-gnu-library/3.4/StanHeaders/include/stan/math/rev/mat/fun/Eigen_NumTraits.hpp:4:
In file included from /home/mattocci/R/x86_64-pc-linux-gnu-library/3.4/StanHeaders/include/stan/math/prim/mat/fun/Eigen.hpp:4:
In file included from /home/mattocci/R/x86_64-pc-linux-gnu-library/3.4/RcppEigen/include/Eigen/Dense:4:
In file included from /home/mattocci/R/x86_64-pc-linux-gnu-library/3.4/RcppEigen/include/Eigen/QR:17:
In file included from /home/mattocci/R/x86_64-pc-linux-gnu-library/3.4/RcppEigen/include/Eigen/Householder:27:
/home/mattocci/R/x86_64-pc-linux-gnu-library/3.4/RcppEigen/include/Eigen/src/Core/util/ReenableStupidWarnings.h:10:30: warning: pragma diagnostic pop could not pop, no matching push [-Wunknown-pragmas]
    #pragma clang diagnostic pop
                             ^
In file included from file432e14791f04.cpp:8:
In file included from /home/mattocci/R/x86_64-pc-linux-gnu-library/3.4/StanHeaders/include/src/stan/model/model_header.hpp:4:
In file included from /home/mattocci/R/x86_64-pc-linux-gnu-library/3.4/StanHeaders/include/stan/math.hpp:4:
In file included from /home/mattocci/R/x86_64-pc-linux-gnu-library/3.4/StanHeaders/include/stan/math/rev/mat.hpp:4:
In file included from /home/mattocci/R/x86_64-pc-linux-gnu-library/3.4/StanHeaders/include/stan/math/rev/core.hpp:14:
In file included from /home/mattocci/R/x86_64-pc-linux-gnu-library/3.4/StanHeaders/include/stan/math/rev/core/matrix_vari.hpp:4:
In file included from /home/mattocci/R/x86_64-pc-linux-gnu-library/3.4/StanHeaders/include/stan/math/rev/mat/fun/Eigen_NumTraits.hpp:4:
In file included from /home/mattocci/R/x86_64-pc-linux-gnu-library/3.4/StanHeaders/include/stan/math/prim/mat/fun/Eigen.hpp:4:
In file included from /home/mattocci/R/x86_64-pc-linux-gnu-library/3.4/RcppEigen/include/Eigen/Dense:5:
In file included from /home/mattocci/R/x86_64-pc-linux-gnu-library/3.4/RcppEigen/include/Eigen/SVD:48:
/home/mattocci/R/x86_64-pc-linux-gnu-library/3.4/RcppEigen/include/Eigen/src/Core/util/ReenableStupidWarnings.h:10:30: warning: pragma diagnostic pop could not pop, no matching push [-Wunknown-pragmas]
    #pragma clang diagnostic pop
                             ^
In file included from file432e14791f04.cpp:8:
In file included from /home/mattocci/R/x86_64-pc-linux-gnu-library/3.4/StanHeaders/include/src/stan/model/model_header.hpp:4:
In file included from /home/mattocci/R/x86_64-pc-linux-gnu-library/3.4/StanHeaders/include/stan/math.hpp:4:
In file included from /home/mattocci/R/x86_64-pc-linux-gnu-library/3.4/StanHeaders/include/stan/math/rev/mat.hpp:4:
In file included from /home/mattocci/R/x86_64-pc-linux-gnu-library/3.4/StanHeaders/include/stan/math/rev/core.hpp:14:
In file included from /home/mattocci/R/x86_64-pc-linux-gnu-library/3.4/StanHeaders/include/stan/math/rev/core/matrix_vari.hpp:4:
In file included from /home/mattocci/R/x86_64-pc-linux-gnu-library/3.4/StanHeaders/include/stan/math/rev/mat/fun/Eigen_NumTraits.hpp:4:
In file included from /home/mattocci/R/x86_64-pc-linux-gnu-library/3.4/StanHeaders/include/stan/math/prim/mat/fun/Eigen.hpp:4:
In file included from /home/mattocci/R/x86_64-pc-linux-gnu-library/3.4/RcppEigen/include/Eigen/Dense:6:
In file included from /home/mattocci/R/x86_64-pc-linux-gnu-library/3.4/RcppEigen/include/Eigen/Geometry:58:
/home/mattocci/R/x86_64-pc-linux-gnu-library/3.4/RcppEigen/include/Eigen/src/Core/util/ReenableStupidWarnings.h:10:30: warning: pragma diagnostic pop could not pop, no matching push [-Wunknown-pragmas]
    #pragma clang diagnostic pop
                             ^
In file included from file432e14791f04.cpp:8:
In file included from /home/mattocci/R/x86_64-pc-linux-gnu-library/3.4/StanHeaders/include/src/stan/model/model_header.hpp:4:
In file included from /home/mattocci/R/x86_64-pc-linux-gnu-library/3.4/StanHeaders/include/stan/math.hpp:4:
In file included from /home/mattocci/R/x86_64-pc-linux-gnu-library/3.4/StanHeaders/include/stan/math/rev/mat.hpp:4:
In file included from /home/mattocci/R/x86_64-pc-linux-gnu-library/3.4/StanHeaders/include/stan/math/rev/core.hpp:14:
In file included from /home/mattocci/R/x86_64-pc-linux-gnu-library/3.4/StanHeaders/include/stan/math/rev/core/matrix_vari.hpp:4:
In file included from /home/mattocci/R/x86_64-pc-linux-gnu-library/3.4/StanHeaders/include/stan/math/rev/mat/fun/Eigen_NumTraits.hpp:4:
In file included from /home/mattocci/R/x86_64-pc-linux-gnu-library/3.4/StanHeaders/include/stan/math/prim/mat/fun/Eigen.hpp:4:
In file included from /home/mattocci/R/x86_64-pc-linux-gnu-library/3.4/RcppEigen/include/Eigen/Dense:7:
In file included from /home/mattocci/R/x86_64-pc-linux-gnu-library/3.4/RcppEigen/include/Eigen/Eigenvalues:58:
/home/mattocci/R/x86_64-pc-linux-gnu-library/3.4/RcppEigen/include/Eigen/src/Core/util/ReenableStupidWarnings.h:10:30: warning: pragma diagnostic pop could not pop, no matching push [-Wunknown-pragmas]
    #pragma clang diagnostic pop
                             ^
In file included from file432e14791f04.cpp:8:
In file included from /home/mattocci/R/x86_64-pc-linux-gnu-library/3.4/StanHeaders/include/src/stan/model/model_header.hpp:4:
In file included from /home/mattocci/R/x86_64-pc-linux-gnu-library/3.4/StanHeaders/include/stan/math.hpp:4:
In file included from /home/mattocci/R/x86_64-pc-linux-gnu-library/3.4/StanHeaders/include/stan/math/rev/mat.hpp:12:
In file included from /home/mattocci/R/x86_64-pc-linux-gnu-library/3.4/StanHeaders/include/stan/math/prim/mat.hpp:83:
In file included from /home/mattocci/R/x86_64-pc-linux-gnu-library/3.4/StanHeaders/include/stan/math/prim/mat/fun/csr_extract_u.hpp:6:
In file included from /home/mattocci/R/x86_64-pc-linux-gnu-library/3.4/RcppEigen/include/Eigen/Sparse:26:
In file included from /home/mattocci/R/x86_64-pc-linux-gnu-library/3.4/RcppEigen/include/Eigen/SparseCore:66:
/home/mattocci/R/x86_64-pc-linux-gnu-library/3.4/RcppEigen/include/Eigen/src/Core/util/ReenableStupidWarnings.h:10:30: warning: pragma diagnostic pop could not pop, no matching push [-Wunknown-pragmas]
    #pragma clang diagnostic pop
                             ^
In file included from file432e14791f04.cpp:8:
In file included from /home/mattocci/R/x86_64-pc-linux-gnu-library/3.4/StanHeaders/include/src/stan/model/model_header.hpp:4:
In file included from /home/mattocci/R/x86_64-pc-linux-gnu-library/3.4/StanHeaders/include/stan/math.hpp:4:
In file included from /home/mattocci/R/x86_64-pc-linux-gnu-library/3.4/StanHeaders/include/stan/math/rev/mat.hpp:12:
In file included from /home/mattocci/R/x86_64-pc-linux-gnu-library/3.4/StanHeaders/include/stan/math/prim/mat.hpp:83:
In file included from /home/mattocci/R/x86_64-pc-linux-gnu-library/3.4/StanHeaders/include/stan/math/prim/mat/fun/csr_extract_u.hpp:6:
In file included from /home/mattocci/R/x86_64-pc-linux-gnu-library/3.4/RcppEigen/include/Eigen/Sparse:27:
In file included from /home/mattocci/R/x86_64-pc-linux-gnu-library/3.4/RcppEigen/include/Eigen/OrderingMethods:71:
/home/mattocci/R/x86_64-pc-linux-gnu-library/3.4/RcppEigen/include/Eigen/src/Core/util/ReenableStupidWarnings.h:10:30: warning: pragma diagnostic pop could not pop, no matching push [-Wunknown-pragmas]
    #pragma clang diagnostic pop
                             ^
In file included from file432e14791f04.cpp:8:
In file included from /home/mattocci/R/x86_64-pc-linux-gnu-library/3.4/StanHeaders/include/src/stan/model/model_header.hpp:4:
In file included from /home/mattocci/R/x86_64-pc-linux-gnu-library/3.4/StanHeaders/include/stan/math.hpp:4:
In file included from /home/mattocci/R/x86_64-pc-linux-gnu-library/3.4/StanHeaders/include/stan/math/rev/mat.hpp:12:
In file included from /home/mattocci/R/x86_64-pc-linux-gnu-library/3.4/StanHeaders/include/stan/math/prim/mat.hpp:83:
In file included from /home/mattocci/R/x86_64-pc-linux-gnu-library/3.4/StanHeaders/include/stan/math/prim/mat/fun/csr_extract_u.hpp:6:
In file included from /home/mattocci/R/x86_64-pc-linux-gnu-library/3.4/RcppEigen/include/Eigen/Sparse:29:
In file included from /home/mattocci/R/x86_64-pc-linux-gnu-library/3.4/RcppEigen/include/Eigen/SparseCholesky:43:
/home/mattocci/R/x86_64-pc-linux-gnu-library/3.4/RcppEigen/include/Eigen/src/Core/util/ReenableStupidWarnings.h:10:30: warning: pragma diagnostic pop could not pop, no matching push [-Wunknown-pragmas]
    #pragma clang diagnostic pop
                             ^
In file included from file432e14791f04.cpp:8:
In file included from /home/mattocci/R/x86_64-pc-linux-gnu-library/3.4/StanHeaders/include/src/stan/model/model_header.hpp:4:
In file included from /home/mattocci/R/x86_64-pc-linux-gnu-library/3.4/StanHeaders/include/stan/math.hpp:4:
In file included from /home/mattocci/R/x86_64-pc-linux-gnu-library/3.4/StanHeaders/include/stan/math/rev/mat.hpp:12:
In file included from /home/mattocci/R/x86_64-pc-linux-gnu-library/3.4/StanHeaders/include/stan/math/prim/mat.hpp:83:
In file included from /home/mattocci/R/x86_64-pc-linux-gnu-library/3.4/StanHeaders/include/stan/math/prim/mat/fun/csr_extract_u.hpp:6:
In file included from /home/mattocci/R/x86_64-pc-linux-gnu-library/3.4/RcppEigen/include/Eigen/Sparse:32:
In file included from /home/mattocci/R/x86_64-pc-linux-gnu-library/3.4/RcppEigen/include/Eigen/SparseQR:35:
/home/mattocci/R/x86_64-pc-linux-gnu-library/3.4/RcppEigen/include/Eigen/src/Core/util/ReenableStupidWarnings.h:10:30: warning: pragma diagnostic pop could not pop, no matching push [-Wunknown-pragmas]
    #pragma clang diagnostic pop
                             ^
In file included from file432e14791f04.cpp:8:
In file included from /home/mattocci/R/x86_64-pc-linux-gnu-library/3.4/StanHeaders/include/src/stan/model/model_header.hpp:4:
In file included from /home/mattocci/R/x86_64-pc-linux-gnu-library/3.4/StanHeaders/include/stan/math.hpp:4:
In file included from /home/mattocci/R/x86_64-pc-linux-gnu-library/3.4/StanHeaders/include/stan/math/rev/mat.hpp:12:
In file included from /home/mattocci/R/x86_64-pc-linux-gnu-library/3.4/StanHeaders/include/stan/math/prim/mat.hpp:83:
In file included from /home/mattocci/R/x86_64-pc-linux-gnu-library/3.4/StanHeaders/include/stan/math/prim/mat/fun/csr_extract_u.hpp:6:
In file included from /home/mattocci/R/x86_64-pc-linux-gnu-library/3.4/RcppEigen/include/Eigen/Sparse:33:
In file included from /home/mattocci/R/x86_64-pc-linux-gnu-library/3.4/RcppEigen/include/Eigen/IterativeLinearSolvers:46:
/home/mattocci/R/x86_64-pc-linux-gnu-library/3.4/RcppEigen/include/Eigen/src/Core/util/ReenableStupidWarnings.h:10:30: warning: pragma diagnostic pop could not pop, no matching push [-Wunknown-pragmas]
    #pragma clang diagnostic pop
                             ^
13 warnings generated.
clang: warning: argument unused during compilation: '-arch x86_64'

SAMPLING FOR MODEL 'm0_N' NOW (CHAIN 1).

Gradient evaluation took 0.000404 seconds
1000 transitions using 10 leapfrog steps per transition would take 4.04 seconds.
Adjust your expectations accordingly!


Iteration:    1 / 2000 [  0%]  (Warmup)

SAMPLING FOR MODEL 'm0_N' NOW (CHAIN 2).

Gradient evaluation took 0.000391 seconds
1000 transitions using 10 leapfrog steps per transition would take 3.91 seconds.
Adjust your expectations accordingly!


Iteration:    1 / 2000 [  0%]  (Warmup)

SAMPLING FOR MODEL 'm0_N' NOW (CHAIN 3).

Gradient evaluation took 0.000389 seconds
1000 transitions using 10 leapfrog steps per transition would take 3.89 seconds.
Adjust your expectations accordingly!


Iteration:    1 / 2000 [  0%]  (Warmup)

SAMPLING FOR MODEL 'm0_N' NOW (CHAIN 4).

Gradient evaluation took 0.000441 seconds
1000 transitions using 10 leapfrog steps per transition would take 4.41 seconds.
Adjust your expectations accordingly!


Iteration:    1 / 2000 [  0%]  (Warmup)
Iteration:  200 / 2000 [ 10%]  (Warmup)
Iteration:  200 / 2000 [ 10%]  (Warmup)
Iteration:  200 / 2000 [ 10%]  (Warmup)
Iteration:  400 / 2000 [ 20%]  (Warmup)
Iteration:  400 / 2000 [ 20%]  (Warmup)
Iteration:  200 / 2000 [ 10%]  (Warmup)
Iteration:  400 / 2000 [ 20%]  (Warmup)
Iteration:  600 / 2000 [ 30%]  (Warmup)
Iteration:  800 / 2000 [ 40%]  (Warmup)
Iteration:  600 / 2000 [ 30%]  (Warmup)
Iteration:  600 / 2000 [ 30%]  (Warmup)
Iteration:  400 / 2000 [ 20%]  (Warmup)
Iteration:  800 / 2000 [ 40%]  (Warmup)
Iteration:  800 / 2000 [ 40%]  (Warmup)
Iteration: 1000 / 2000 [ 50%]  (Warmup)
Iteration: 1001 / 2000 [ 50%]  (Sampling)
Iteration:  600 / 2000 [ 30%]  (Warmup)
Iteration: 1000 / 2000 [ 50%]  (Warmup)
Iteration: 1001 / 2000 [ 50%]  (Sampling)
Iteration:  800 / 2000 [ 40%]  (Warmup)
Iteration: 1200 / 2000 [ 60%]  (Sampling)
Iteration: 1000 / 2000 [ 50%]  (Warmup)
Iteration: 1001 / 2000 [ 50%]  (Sampling)
Iteration: 1200 / 2000 [ 60%]  (Sampling)
Iteration: 1400 / 2000 [ 70%]  (Sampling)
Iteration: 1000 / 2000 [ 50%]  (Warmup)
Iteration: 1001 / 2000 [ 50%]  (Sampling)
Iteration: 1400 / 2000 [ 70%]  (Sampling)
Iteration: 1600 / 2000 [ 80%]  (Sampling)
Iteration: 1200 / 2000 [ 60%]  (Sampling)
Iteration: 1600 / 2000 [ 80%]  (Sampling)
Iteration: 1200 / 2000 [ 60%]  (Sampling)
Iteration: 1800 / 2000 [ 90%]  (Sampling)
Iteration: 1800 / 2000 [ 90%]  (Sampling)
Iteration: 2000 / 2000 [100%]  (Sampling)

 Elapsed Time: 76.7064 seconds (Warm-up)
               22.9999 seconds (Sampling)
               99.7063 seconds (Total)

Iteration: 2000 / 2000 [100%]  (Sampling)

 Elapsed Time: 70.7986 seconds (Warm-up)
               27.5738 seconds (Sampling)
               98.3723 seconds (Total)

Iteration: 1400 / 2000 [ 70%]  (Sampling)
Iteration: 1400 / 2000 [ 70%]  (Sampling)
Iteration: 1600 / 2000 [ 80%]  (Sampling)
Iteration: 1600 / 2000 [ 80%]  (Sampling)
Iteration: 1800 / 2000 [ 90%]  (Sampling)
Iteration: 1800 / 2000 [ 90%]  (Sampling)
Iteration: 2000 / 2000 [100%]  (Sampling)

 Elapsed Time: 79.2522 seconds (Warm-up)
               43.738 seconds (Sampling)
               122.99 seconds (Total)

Iteration: 2000 / 2000 [100%]  (Sampling)

 Elapsed Time: 87.7998 seconds (Warm-up)
               38.9918 seconds (Sampling)
               126.792 seconds (Total)

