[1] "Model: m6"
[1] "Model dir: ./model/m6.stan"
[1] "Data: GL"
[1] "n_iter = 2000"
[1] "n_warm = 1000"
[1] "n_thin = 1"
[1] "n_chains = 4"
In file included from file17b6a3f27632.cpp:8:
In file included from /usr/local/lib/R/3.5/site-library/StanHeaders/include/src/stan/model/model_header.hpp:4:
In file included from /usr/local/lib/R/3.5/site-library/StanHeaders/include/stan/math.hpp:4:
In file included from /usr/local/lib/R/3.5/site-library/StanHeaders/include/stan/math/rev/mat.hpp:4:
In file included from /usr/local/lib/R/3.5/site-library/StanHeaders/include/stan/math/rev/core.hpp:14:
In file included from /usr/local/lib/R/3.5/site-library/StanHeaders/include/stan/math/rev/core/matrix_vari.hpp:4:
In file included from /usr/local/lib/R/3.5/site-library/StanHeaders/include/stan/math/rev/mat/fun/Eigen_NumTraits.hpp:4:
In file included from /usr/local/lib/R/3.5/site-library/StanHeaders/include/stan/math/prim/mat/fun/Eigen.hpp:4:
In file included from /usr/local/lib/R/3.5/site-library/RcppEigen/include/Eigen/Dense:1:
In file included from /usr/local/lib/R/3.5/site-library/RcppEigen/include/Eigen/Core:531:
/usr/local/lib/R/3.5/site-library/RcppEigen/include/Eigen/src/Core/util/ReenableStupidWarnings.h:10:30: warning: pragma diagnostic pop could not pop, no matching push [-Wunknown-pragmas]
    #pragma clang diagnostic pop
                             ^
In file included from file17b6a3f27632.cpp:8:
In file included from /usr/local/lib/R/3.5/site-library/StanHeaders/include/src/stan/model/model_header.hpp:4:
In file included from /usr/local/lib/R/3.5/site-library/StanHeaders/include/stan/math.hpp:4:
In file included from /usr/local/lib/R/3.5/site-library/StanHeaders/include/stan/math/rev/mat.hpp:4:
In file included from /usr/local/lib/R/3.5/site-library/StanHeaders/include/stan/math/rev/core.hpp:14:
In file included from /usr/local/lib/R/3.5/site-library/StanHeaders/include/stan/math/rev/core/matrix_vari.hpp:4:
In file included from /usr/local/lib/R/3.5/site-library/StanHeaders/include/stan/math/rev/mat/fun/Eigen_NumTraits.hpp:4:
In file included from /usr/local/lib/R/3.5/site-library/StanHeaders/include/stan/math/prim/mat/fun/Eigen.hpp:4:
In file included from /usr/local/lib/R/3.5/site-library/RcppEigen/include/Eigen/Dense:2:
In file included from /usr/local/lib/R/3.5/site-library/RcppEigen/include/Eigen/LU:47:
/usr/local/lib/R/3.5/site-library/RcppEigen/include/Eigen/src/Core/util/ReenableStupidWarnings.h:10:30: warning: pragma diagnostic pop could not pop, no matching push [-Wunknown-pragmas]
    #pragma clang diagnostic pop
                             ^
In file included from file17b6a3f27632.cpp:8:
In file included from /usr/local/lib/R/3.5/site-library/StanHeaders/include/src/stan/model/model_header.hpp:4:
In file included from /usr/local/lib/R/3.5/site-library/StanHeaders/include/stan/math.hpp:4:
In file included from /usr/local/lib/R/3.5/site-library/StanHeaders/include/stan/math/rev/mat.hpp:4:
In file included from /usr/local/lib/R/3.5/site-library/StanHeaders/include/stan/math/rev/core.hpp:14:
In file included from /usr/local/lib/R/3.5/site-library/StanHeaders/include/stan/math/rev/core/matrix_vari.hpp:4:
In file included from /usr/local/lib/R/3.5/site-library/StanHeaders/include/stan/math/rev/mat/fun/Eigen_NumTraits.hpp:4:
In file included from /usr/local/lib/R/3.5/site-library/StanHeaders/include/stan/math/prim/mat/fun/Eigen.hpp:4:
In file included from /usr/local/lib/R/3.5/site-library/RcppEigen/include/Eigen/Dense:3:
In file included from /usr/local/lib/R/3.5/site-library/RcppEigen/include/Eigen/Cholesky:12:
In file included from /usr/local/lib/R/3.5/site-library/RcppEigen/include/Eigen/Jacobi:29:
/usr/local/lib/R/3.5/site-library/RcppEigen/include/Eigen/src/Core/util/ReenableStupidWarnings.h:10:30: warning: pragma diagnostic pop could not pop, no matching push [-Wunknown-pragmas]
    #pragma clang diagnostic pop
                             ^
In file included from file17b6a3f27632.cpp:8:
In file included from /usr/local/lib/R/3.5/site-library/StanHeaders/include/src/stan/model/model_header.hpp:4:
In file included from /usr/local/lib/R/3.5/site-library/StanHeaders/include/stan/math.hpp:4:
In file included from /usr/local/lib/R/3.5/site-library/StanHeaders/include/stan/math/rev/mat.hpp:4:
In file included from /usr/local/lib/R/3.5/site-library/StanHeaders/include/stan/math/rev/core.hpp:14:
In file included from /usr/local/lib/R/3.5/site-library/StanHeaders/include/stan/math/rev/core/matrix_vari.hpp:4:
In file included from /usr/local/lib/R/3.5/site-library/StanHeaders/include/stan/math/rev/mat/fun/Eigen_NumTraits.hpp:4:
In file included from /usr/local/lib/R/3.5/site-library/StanHeaders/include/stan/math/prim/mat/fun/Eigen.hpp:4:
In file included from /usr/local/lib/R/3.5/site-library/RcppEigen/include/Eigen/Dense:3:
In file included from /usr/local/lib/R/3.5/site-library/RcppEigen/include/Eigen/Cholesky:43:
/usr/local/lib/R/3.5/site-library/RcppEigen/include/Eigen/src/Core/util/ReenableStupidWarnings.h:10:30: warning: pragma diagnostic pop could not pop, no matching push [-Wunknown-pragmas]
    #pragma clang diagnostic pop
                             ^
In file included from file17b6a3f27632.cpp:8:
In file included from /usr/local/lib/R/3.5/site-library/StanHeaders/include/src/stan/model/model_header.hpp:4:
In file included from /usr/local/lib/R/3.5/site-library/StanHeaders/include/stan/math.hpp:4:
In file included from /usr/local/lib/R/3.5/site-library/StanHeaders/include/stan/math/rev/mat.hpp:4:
In file included from /usr/local/lib/R/3.5/site-library/StanHeaders/include/stan/math/rev/core.hpp:14:
In file included from /usr/local/lib/R/3.5/site-library/StanHeaders/include/stan/math/rev/core/matrix_vari.hpp:4:
In file included from /usr/local/lib/R/3.5/site-library/StanHeaders/include/stan/math/rev/mat/fun/Eigen_NumTraits.hpp:4:
In file included from /usr/local/lib/R/3.5/site-library/StanHeaders/include/stan/math/prim/mat/fun/Eigen.hpp:4:
In file included from /usr/local/lib/R/3.5/site-library/RcppEigen/include/Eigen/Dense:4:
In file included from /usr/local/lib/R/3.5/site-library/RcppEigen/include/Eigen/QR:17:
In file included from /usr/local/lib/R/3.5/site-library/RcppEigen/include/Eigen/Householder:27:
/usr/local/lib/R/3.5/site-library/RcppEigen/include/Eigen/src/Core/util/ReenableStupidWarnings.h:10:30: warning: pragma diagnostic pop could not pop, no matching push [-Wunknown-pragmas]
    #pragma clang diagnostic pop
                             ^
In file included from file17b6a3f27632.cpp:8:
In file included from /usr/local/lib/R/3.5/site-library/StanHeaders/include/src/stan/model/model_header.hpp:4:
In file included from /usr/local/lib/R/3.5/site-library/StanHeaders/include/stan/math.hpp:4:
In file included from /usr/local/lib/R/3.5/site-library/StanHeaders/include/stan/math/rev/mat.hpp:4:
In file included from /usr/local/lib/R/3.5/site-library/StanHeaders/include/stan/math/rev/core.hpp:14:
In file included from /usr/local/lib/R/3.5/site-library/StanHeaders/include/stan/math/rev/core/matrix_vari.hpp:4:
In file included from /usr/local/lib/R/3.5/site-library/StanHeaders/include/stan/math/rev/mat/fun/Eigen_NumTraits.hpp:4:
In file included from /usr/local/lib/R/3.5/site-library/StanHeaders/include/stan/math/prim/mat/fun/Eigen.hpp:4:
In file included from /usr/local/lib/R/3.5/site-library/RcppEigen/include/Eigen/Dense:5:
In file included from /usr/local/lib/R/3.5/site-library/RcppEigen/include/Eigen/SVD:48:
/usr/local/lib/R/3.5/site-library/RcppEigen/include/Eigen/src/Core/util/ReenableStupidWarnings.h:10:30: warning: pragma diagnostic pop could not pop, no matching push [-Wunknown-pragmas]
    #pragma clang diagnostic pop
                             ^
In file included from file17b6a3f27632.cpp:8:
In file included from /usr/local/lib/R/3.5/site-library/StanHeaders/include/src/stan/model/model_header.hpp:4:
In file included from /usr/local/lib/R/3.5/site-library/StanHeaders/include/stan/math.hpp:4:
In file included from /usr/local/lib/R/3.5/site-library/StanHeaders/include/stan/math/rev/mat.hpp:4:
In file included from /usr/local/lib/R/3.5/site-library/StanHeaders/include/stan/math/rev/core.hpp:14:
In file included from /usr/local/lib/R/3.5/site-library/StanHeaders/include/stan/math/rev/core/matrix_vari.hpp:4:
In file included from /usr/local/lib/R/3.5/site-library/StanHeaders/include/stan/math/rev/mat/fun/Eigen_NumTraits.hpp:4:
In file included from /usr/local/lib/R/3.5/site-library/StanHeaders/include/stan/math/prim/mat/fun/Eigen.hpp:4:
In file included from /usr/local/lib/R/3.5/site-library/RcppEigen/include/Eigen/Dense:6:
In file included from /usr/local/lib/R/3.5/site-library/RcppEigen/include/Eigen/Geometry:58:
/usr/local/lib/R/3.5/site-library/RcppEigen/include/Eigen/src/Core/util/ReenableStupidWarnings.h:10:30: warning: pragma diagnostic pop could not pop, no matching push [-Wunknown-pragmas]
    #pragma clang diagnostic pop
                             ^
In file included from file17b6a3f27632.cpp:8:
In file included from /usr/local/lib/R/3.5/site-library/StanHeaders/include/src/stan/model/model_header.hpp:4:
In file included from /usr/local/lib/R/3.5/site-library/StanHeaders/include/stan/math.hpp:4:
In file included from /usr/local/lib/R/3.5/site-library/StanHeaders/include/stan/math/rev/mat.hpp:4:
In file included from /usr/local/lib/R/3.5/site-library/StanHeaders/include/stan/math/rev/core.hpp:14:
In file included from /usr/local/lib/R/3.5/site-library/StanHeaders/include/stan/math/rev/core/matrix_vari.hpp:4:
In file included from /usr/local/lib/R/3.5/site-library/StanHeaders/include/stan/math/rev/mat/fun/Eigen_NumTraits.hpp:4:
In file included from /usr/local/lib/R/3.5/site-library/StanHeaders/include/stan/math/prim/mat/fun/Eigen.hpp:4:
In file included from /usr/local/lib/R/3.5/site-library/RcppEigen/include/Eigen/Dense:7:
In file included from /usr/local/lib/R/3.5/site-library/RcppEigen/include/Eigen/Eigenvalues:58:
/usr/local/lib/R/3.5/site-library/RcppEigen/include/Eigen/src/Core/util/ReenableStupidWarnings.h:10:30: warning: pragma diagnostic pop could not pop, no matching push [-Wunknown-pragmas]
    #pragma clang diagnostic pop
                             ^
In file included from file17b6a3f27632.cpp:8:
In file included from /usr/local/lib/R/3.5/site-library/StanHeaders/include/src/stan/model/model_header.hpp:4:
In file included from /usr/local/lib/R/3.5/site-library/StanHeaders/include/stan/math.hpp:4:
In file included from /usr/local/lib/R/3.5/site-library/StanHeaders/include/stan/math/rev/mat.hpp:12:
In file included from /usr/local/lib/R/3.5/site-library/StanHeaders/include/stan/math/prim/mat.hpp:83:
In file included from /usr/local/lib/R/3.5/site-library/StanHeaders/include/stan/math/prim/mat/fun/csr_extract_u.hpp:6:
In file included from /usr/local/lib/R/3.5/site-library/RcppEigen/include/Eigen/Sparse:26:
In file included from /usr/local/lib/R/3.5/site-library/RcppEigen/include/Eigen/SparseCore:66:
/usr/local/lib/R/3.5/site-library/RcppEigen/include/Eigen/src/Core/util/ReenableStupidWarnings.h:10:30: warning: pragma diagnostic pop could not pop, no matching push [-Wunknown-pragmas]
    #pragma clang diagnostic pop
                             ^
In file included from file17b6a3f27632.cpp:8:
In file included from /usr/local/lib/R/3.5/site-library/StanHeaders/include/src/stan/model/model_header.hpp:4:
In file included from /usr/local/lib/R/3.5/site-library/StanHeaders/include/stan/math.hpp:4:
In file included from /usr/local/lib/R/3.5/site-library/StanHeaders/include/stan/math/rev/mat.hpp:12:
In file included from /usr/local/lib/R/3.5/site-library/StanHeaders/include/stan/math/prim/mat.hpp:83:
In file included from /usr/local/lib/R/3.5/site-library/StanHeaders/include/stan/math/prim/mat/fun/csr_extract_u.hpp:6:
In file included from /usr/local/lib/R/3.5/site-library/RcppEigen/include/Eigen/Sparse:27:
In file included from /usr/local/lib/R/3.5/site-library/RcppEigen/include/Eigen/OrderingMethods:71:
/usr/local/lib/R/3.5/site-library/RcppEigen/include/Eigen/src/Core/util/ReenableStupidWarnings.h:10:30: warning: pragma diagnostic pop could not pop, no matching push [-Wunknown-pragmas]
    #pragma clang diagnostic pop
                             ^
In file included from file17b6a3f27632.cpp:8:
In file included from /usr/local/lib/R/3.5/site-library/StanHeaders/include/src/stan/model/model_header.hpp:4:
In file included from /usr/local/lib/R/3.5/site-library/StanHeaders/include/stan/math.hpp:4:
In file included from /usr/local/lib/R/3.5/site-library/StanHeaders/include/stan/math/rev/mat.hpp:12:
In file included from /usr/local/lib/R/3.5/site-library/StanHeaders/include/stan/math/prim/mat.hpp:83:
In file included from /usr/local/lib/R/3.5/site-library/StanHeaders/include/stan/math/prim/mat/fun/csr_extract_u.hpp:6:
In file included from /usr/local/lib/R/3.5/site-library/RcppEigen/include/Eigen/Sparse:29:
In file included from /usr/local/lib/R/3.5/site-library/RcppEigen/include/Eigen/SparseCholesky:43:
/usr/local/lib/R/3.5/site-library/RcppEigen/include/Eigen/src/Core/util/ReenableStupidWarnings.h:10:30: warning: pragma diagnostic pop could not pop, no matching push [-Wunknown-pragmas]
    #pragma clang diagnostic pop
                             ^
In file included from file17b6a3f27632.cpp:8:
In file included from /usr/local/lib/R/3.5/site-library/StanHeaders/include/src/stan/model/model_header.hpp:4:
In file included from /usr/local/lib/R/3.5/site-library/StanHeaders/include/stan/math.hpp:4:
In file included from /usr/local/lib/R/3.5/site-library/StanHeaders/include/stan/math/rev/mat.hpp:12:
In file included from /usr/local/lib/R/3.5/site-library/StanHeaders/include/stan/math/prim/mat.hpp:83:
In file included from /usr/local/lib/R/3.5/site-library/StanHeaders/include/stan/math/prim/mat/fun/csr_extract_u.hpp:6:
In file included from /usr/local/lib/R/3.5/site-library/RcppEigen/include/Eigen/Sparse:32:
In file included from /usr/local/lib/R/3.5/site-library/RcppEigen/include/Eigen/SparseQR:35:
/usr/local/lib/R/3.5/site-library/RcppEigen/include/Eigen/src/Core/util/ReenableStupidWarnings.h:10:30: warning: pragma diagnostic pop could not pop, no matching push [-Wunknown-pragmas]
    #pragma clang diagnostic pop
                             ^
In file included from file17b6a3f27632.cpp:8:
In file included from /usr/local/lib/R/3.5/site-library/StanHeaders/include/src/stan/model/model_header.hpp:4:
In file included from /usr/local/lib/R/3.5/site-library/StanHeaders/include/stan/math.hpp:4:
In file included from /usr/local/lib/R/3.5/site-library/StanHeaders/include/stan/math/rev/mat.hpp:12:
In file included from /usr/local/lib/R/3.5/site-library/StanHeaders/include/stan/math/prim/mat.hpp:83:
In file included from /usr/local/lib/R/3.5/site-library/StanHeaders/include/stan/math/prim/mat/fun/csr_extract_u.hpp:6:
In file included from /usr/local/lib/R/3.5/site-library/RcppEigen/include/Eigen/Sparse:33:
In file included from /usr/local/lib/R/3.5/site-library/RcppEigen/include/Eigen/IterativeLinearSolvers:46:
/usr/local/lib/R/3.5/site-library/RcppEigen/include/Eigen/src/Core/util/ReenableStupidWarnings.h:10:30: warning: pragma diagnostic pop could not pop, no matching push [-Wunknown-pragmas]
    #pragma clang diagnostic pop
                             ^
13 warnings generated.

SAMPLING FOR MODEL 'm6' NOW (CHAIN 1).

Gradient evaluation took 0.002132 seconds
1000 transitions using 10 leapfrog steps per transition would take 21.32 seconds.
Adjust your expectations accordingly!


Iteration:    1 / 2000 [  0%]  (Warmup)

SAMPLING FOR MODEL 'm6' NOW (CHAIN 2).

Gradient evaluation took 0.002236 seconds
1000 transitions using 10 leapfrog steps per transition would take 22.36 seconds.
Adjust your expectations accordingly!


Iteration:    1 / 2000 [  0%]  (Warmup)

SAMPLING FOR MODEL 'm6' NOW (CHAIN 3).

Gradient evaluation took 0.002398 seconds
1000 transitions using 10 leapfrog steps per transition would take 23.98 seconds.
Adjust your expectations accordingly!


Iteration:    1 / 2000 [  0%]  (Warmup)

SAMPLING FOR MODEL 'm6' NOW (CHAIN 4).

Gradient evaluation took 0.003065 seconds
1000 transitions using 10 leapfrog steps per transition would take 30.65 seconds.
Adjust your expectations accordingly!


Iteration:    1 / 2000 [  0%]  (Warmup)
Iteration:  200 / 2000 [ 10%]  (Warmup)
Iteration:  200 / 2000 [ 10%]  (Warmup)
Iteration:  200 / 2000 [ 10%]  (Warmup)
Iteration:  400 / 2000 [ 20%]  (Warmup)
Iteration:  200 / 2000 [ 10%]  (Warmup)
Iteration:  400 / 2000 [ 20%]  (Warmup)
Iteration:  400 / 2000 [ 20%]  (Warmup)
Iteration:  600 / 2000 [ 30%]  (Warmup)
Iteration:  600 / 2000 [ 30%]  (Warmup)
Iteration:  800 / 2000 [ 40%]  (Warmup)
Iteration:  600 / 2000 [ 30%]  (Warmup)
Iteration:  400 / 2000 [ 20%]  (Warmup)
Iteration:  800 / 2000 [ 40%]  (Warmup)
Iteration: 1000 / 2000 [ 50%]  (Warmup)
Iteration: 1001 / 2000 [ 50%]  (Sampling)
Iteration:  800 / 2000 [ 40%]  (Warmup)
Iteration: 1000 / 2000 [ 50%]  (Warmup)
Iteration: 1001 / 2000 [ 50%]  (Sampling)
Iteration:  600 / 2000 [ 30%]  (Warmup)
Iteration: 1200 / 2000 [ 60%]  (Sampling)
Iteration: 1200 / 2000 [ 60%]  (Sampling)
Iteration: 1000 / 2000 [ 50%]  (Warmup)
Iteration: 1001 / 2000 [ 50%]  (Sampling)
Iteration:  800 / 2000 [ 40%]  (Warmup)
Iteration: 1400 / 2000 [ 70%]  (Sampling)
Iteration: 1400 / 2000 [ 70%]  (Sampling)
Iteration: 1200 / 2000 [ 60%]  (Sampling)
Iteration: 1400 / 2000 [ 70%]  (Sampling)
Iteration: 1600 / 2000 [ 80%]  (Sampling)
Iteration: 1600 / 2000 [ 80%]  (Sampling)
Iteration: 1800 / 2000 [ 90%]  (Sampling)
Iteration: 1600 / 2000 [ 80%]  (Sampling)
Iteration: 1000 / 2000 [ 50%]  (Warmup)
Iteration: 1001 / 2000 [ 50%]  (Sampling)
Iteration: 1800 / 2000 [ 90%]  (Sampling)
Iteration: 1800 / 2000 [ 90%]  (Sampling)
Iteration: 2000 / 2000 [100%]  (Sampling)

 Elapsed Time: 813.981 seconds (Warm-up)
               200.392 seconds (Sampling)
               1014.37 seconds (Total)

Iteration: 2000 / 2000 [100%]  (Sampling)

 Elapsed Time: 743.682 seconds (Warm-up)
               293.319 seconds (Sampling)
               1037 seconds (Total)

Iteration: 1200 / 2000 [ 60%]  (Sampling)
Iteration: 2000 / 2000 [100%]  (Sampling)

 Elapsed Time: 696.572 seconds (Warm-up)
               382.632 seconds (Sampling)
               1079.2 seconds (Total)

Iteration: 1400 / 2000 [ 70%]  (Sampling)
Iteration: 1600 / 2000 [ 80%]  (Sampling)
Iteration: 1800 / 2000 [ 90%]  (Sampling)
Iteration: 2000 / 2000 [100%]  (Sampling)

 Elapsed Time: 956.003 seconds (Warm-up)
               530.854 seconds (Sampling)
               1486.86 seconds (Total)

