[1] "Model: m0_latent4"
[1] "Model dir: ./model/m0_latent4.stan"
[1] "Data: GL"
[1] "n_iter = 600"
[1] "n_warm = 300"
[1] "n_thin = 1"
[1] "n_chains = 4"
In file included from file11dd137d55e0b.cpp:8:
In file included from /usr/local/lib/R/3.5/site-library/StanHeaders/include/src/stan/model/model_header.hpp:4:
In file included from /usr/local/lib/R/3.5/site-library/StanHeaders/include/stan/math.hpp:4:
In file included from /usr/local/lib/R/3.5/site-library/StanHeaders/include/stan/math/rev/mat.hpp:4:
In file included from /usr/local/lib/R/3.5/site-library/StanHeaders/include/stan/math/rev/core.hpp:14:
In file included from /usr/local/lib/R/3.5/site-library/StanHeaders/include/stan/math/rev/core/matrix_vari.hpp:4:
In file included from /usr/local/lib/R/3.5/site-library/StanHeaders/include/stan/math/rev/mat/fun/Eigen_NumTraits.hpp:4:
In file included from /usr/local/lib/R/3.5/site-library/StanHeaders/include/stan/math/prim/mat/fun/Eigen.hpp:4:
In file included from /usr/local/lib/R/3.5/site-library/RcppEigen/include/Eigen/Dense:1:
In file included from /usr/local/lib/R/3.5/site-library/RcppEigen/include/Eigen/Core:531:
/usr/local/lib/R/3.5/site-library/RcppEigen/include/Eigen/src/Core/util/ReenableStupidWarnings.h:10:30: warning: pragma diagnostic pop could not pop, no matching push [-Wunknown-pragmas]
    #pragma clang diagnostic pop
                             ^
In file included from file11dd137d55e0b.cpp:8:
In file included from /usr/local/lib/R/3.5/site-library/StanHeaders/include/src/stan/model/model_header.hpp:4:
In file included from /usr/local/lib/R/3.5/site-library/StanHeaders/include/stan/math.hpp:4:
In file included from /usr/local/lib/R/3.5/site-library/StanHeaders/include/stan/math/rev/mat.hpp:4:
In file included from /usr/local/lib/R/3.5/site-library/StanHeaders/include/stan/math/rev/core.hpp:14:
In file included from /usr/local/lib/R/3.5/site-library/StanHeaders/include/stan/math/rev/core/matrix_vari.hpp:4:
In file included from /usr/local/lib/R/3.5/site-library/StanHeaders/include/stan/math/rev/mat/fun/Eigen_NumTraits.hpp:4:
In file included from /usr/local/lib/R/3.5/site-library/StanHeaders/include/stan/math/prim/mat/fun/Eigen.hpp:4:
In file included from /usr/local/lib/R/3.5/site-library/RcppEigen/include/Eigen/Dense:2:
In file included from /usr/local/lib/R/3.5/site-library/RcppEigen/include/Eigen/LU:47:
/usr/local/lib/R/3.5/site-library/RcppEigen/include/Eigen/src/Core/util/ReenableStupidWarnings.h:10:30: warning: pragma diagnostic pop could not pop, no matching push [-Wunknown-pragmas]
    #pragma clang diagnostic pop
                             ^
In file included from file11dd137d55e0b.cpp:8:
In file included from /usr/local/lib/R/3.5/site-library/StanHeaders/include/src/stan/model/model_header.hpp:4:
In file included from /usr/local/lib/R/3.5/site-library/StanHeaders/include/stan/math.hpp:4:
In file included from /usr/local/lib/R/3.5/site-library/StanHeaders/include/stan/math/rev/mat.hpp:4:
In file included from /usr/local/lib/R/3.5/site-library/StanHeaders/include/stan/math/rev/core.hpp:14:
In file included from /usr/local/lib/R/3.5/site-library/StanHeaders/include/stan/math/rev/core/matrix_vari.hpp:4:
In file included from /usr/local/lib/R/3.5/site-library/StanHeaders/include/stan/math/rev/mat/fun/Eigen_NumTraits.hpp:4:
In file included from /usr/local/lib/R/3.5/site-library/StanHeaders/include/stan/math/prim/mat/fun/Eigen.hpp:4:
In file included from /usr/local/lib/R/3.5/site-library/RcppEigen/include/Eigen/Dense:3:
In file included from /usr/local/lib/R/3.5/site-library/RcppEigen/include/Eigen/Cholesky:12:
In file included from /usr/local/lib/R/3.5/site-library/RcppEigen/include/Eigen/Jacobi:29:
/usr/local/lib/R/3.5/site-library/RcppEigen/include/Eigen/src/Core/util/ReenableStupidWarnings.h:10:30: warning: pragma diagnostic pop could not pop, no matching push [-Wunknown-pragmas]
    #pragma clang diagnostic pop
                             ^
In file included from file11dd137d55e0b.cpp:8:
In file included from /usr/local/lib/R/3.5/site-library/StanHeaders/include/src/stan/model/model_header.hpp:4:
In file included from /usr/local/lib/R/3.5/site-library/StanHeaders/include/stan/math.hpp:4:
In file included from /usr/local/lib/R/3.5/site-library/StanHeaders/include/stan/math/rev/mat.hpp:4:
In file included from /usr/local/lib/R/3.5/site-library/StanHeaders/include/stan/math/rev/core.hpp:14:
In file included from /usr/local/lib/R/3.5/site-library/StanHeaders/include/stan/math/rev/core/matrix_vari.hpp:4:
In file included from /usr/local/lib/R/3.5/site-library/StanHeaders/include/stan/math/rev/mat/fun/Eigen_NumTraits.hpp:4:
In file included from /usr/local/lib/R/3.5/site-library/StanHeaders/include/stan/math/prim/mat/fun/Eigen.hpp:4:
In file included from /usr/local/lib/R/3.5/site-library/RcppEigen/include/Eigen/Dense:3:
In file included from /usr/local/lib/R/3.5/site-library/RcppEigen/include/Eigen/Cholesky:43:
/usr/local/lib/R/3.5/site-library/RcppEigen/include/Eigen/src/Core/util/ReenableStupidWarnings.h:10:30: warning: pragma diagnostic pop could not pop, no matching push [-Wunknown-pragmas]
    #pragma clang diagnostic pop
                             ^
In file included from file11dd137d55e0b.cpp:8:
In file included from /usr/local/lib/R/3.5/site-library/StanHeaders/include/src/stan/model/model_header.hpp:4:
In file included from /usr/local/lib/R/3.5/site-library/StanHeaders/include/stan/math.hpp:4:
In file included from /usr/local/lib/R/3.5/site-library/StanHeaders/include/stan/math/rev/mat.hpp:4:
In file included from /usr/local/lib/R/3.5/site-library/StanHeaders/include/stan/math/rev/core.hpp:14:
In file included from /usr/local/lib/R/3.5/site-library/StanHeaders/include/stan/math/rev/core/matrix_vari.hpp:4:
In file included from /usr/local/lib/R/3.5/site-library/StanHeaders/include/stan/math/rev/mat/fun/Eigen_NumTraits.hpp:4:
In file included from /usr/local/lib/R/3.5/site-library/StanHeaders/include/stan/math/prim/mat/fun/Eigen.hpp:4:
In file included from /usr/local/lib/R/3.5/site-library/RcppEigen/include/Eigen/Dense:4:
In file included from /usr/local/lib/R/3.5/site-library/RcppEigen/include/Eigen/QR:17:
In file included from /usr/local/lib/R/3.5/site-library/RcppEigen/include/Eigen/Householder:27:
/usr/local/lib/R/3.5/site-library/RcppEigen/include/Eigen/src/Core/util/ReenableStupidWarnings.h:10:30: warning: pragma diagnostic pop could not pop, no matching push [-Wunknown-pragmas]
    #pragma clang diagnostic pop
                             ^
In file included from file11dd137d55e0b.cpp:8:
In file included from /usr/local/lib/R/3.5/site-library/StanHeaders/include/src/stan/model/model_header.hpp:4:
In file included from /usr/local/lib/R/3.5/site-library/StanHeaders/include/stan/math.hpp:4:
In file included from /usr/local/lib/R/3.5/site-library/StanHeaders/include/stan/math/rev/mat.hpp:4:
In file included from /usr/local/lib/R/3.5/site-library/StanHeaders/include/stan/math/rev/core.hpp:14:
In file included from /usr/local/lib/R/3.5/site-library/StanHeaders/include/stan/math/rev/core/matrix_vari.hpp:4:
In file included from /usr/local/lib/R/3.5/site-library/StanHeaders/include/stan/math/rev/mat/fun/Eigen_NumTraits.hpp:4:
In file included from /usr/local/lib/R/3.5/site-library/StanHeaders/include/stan/math/prim/mat/fun/Eigen.hpp:4:
In file included from /usr/local/lib/R/3.5/site-library/RcppEigen/include/Eigen/Dense:5:
In file included from /usr/local/lib/R/3.5/site-library/RcppEigen/include/Eigen/SVD:48:
/usr/local/lib/R/3.5/site-library/RcppEigen/include/Eigen/src/Core/util/ReenableStupidWarnings.h:10:30: warning: pragma diagnostic pop could not pop, no matching push [-Wunknown-pragmas]
    #pragma clang diagnostic pop
                             ^
In file included from file11dd137d55e0b.cpp:8:
In file included from /usr/local/lib/R/3.5/site-library/StanHeaders/include/src/stan/model/model_header.hpp:4:
In file included from /usr/local/lib/R/3.5/site-library/StanHeaders/include/stan/math.hpp:4:
In file included from /usr/local/lib/R/3.5/site-library/StanHeaders/include/stan/math/rev/mat.hpp:4:
In file included from /usr/local/lib/R/3.5/site-library/StanHeaders/include/stan/math/rev/core.hpp:14:
In file included from /usr/local/lib/R/3.5/site-library/StanHeaders/include/stan/math/rev/core/matrix_vari.hpp:4:
In file included from /usr/local/lib/R/3.5/site-library/StanHeaders/include/stan/math/rev/mat/fun/Eigen_NumTraits.hpp:4:
In file included from /usr/local/lib/R/3.5/site-library/StanHeaders/include/stan/math/prim/mat/fun/Eigen.hpp:4:
In file included from /usr/local/lib/R/3.5/site-library/RcppEigen/include/Eigen/Dense:6:
In file included from /usr/local/lib/R/3.5/site-library/RcppEigen/include/Eigen/Geometry:58:
/usr/local/lib/R/3.5/site-library/RcppEigen/include/Eigen/src/Core/util/ReenableStupidWarnings.h:10:30: warning: pragma diagnostic pop could not pop, no matching push [-Wunknown-pragmas]
    #pragma clang diagnostic pop
                             ^
In file included from file11dd137d55e0b.cpp:8:
In file included from /usr/local/lib/R/3.5/site-library/StanHeaders/include/src/stan/model/model_header.hpp:4:
In file included from /usr/local/lib/R/3.5/site-library/StanHeaders/include/stan/math.hpp:4:
In file included from /usr/local/lib/R/3.5/site-library/StanHeaders/include/stan/math/rev/mat.hpp:4:
In file included from /usr/local/lib/R/3.5/site-library/StanHeaders/include/stan/math/rev/core.hpp:14:
In file included from /usr/local/lib/R/3.5/site-library/StanHeaders/include/stan/math/rev/core/matrix_vari.hpp:4:
In file included from /usr/local/lib/R/3.5/site-library/StanHeaders/include/stan/math/rev/mat/fun/Eigen_NumTraits.hpp:4:
In file included from /usr/local/lib/R/3.5/site-library/StanHeaders/include/stan/math/prim/mat/fun/Eigen.hpp:4:
In file included from /usr/local/lib/R/3.5/site-library/RcppEigen/include/Eigen/Dense:7:
In file included from /usr/local/lib/R/3.5/site-library/RcppEigen/include/Eigen/Eigenvalues:58:
/usr/local/lib/R/3.5/site-library/RcppEigen/include/Eigen/src/Core/util/ReenableStupidWarnings.h:10:30: warning: pragma diagnostic pop could not pop, no matching push [-Wunknown-pragmas]
    #pragma clang diagnostic pop
                             ^
In file included from file11dd137d55e0b.cpp:8:
In file included from /usr/local/lib/R/3.5/site-library/StanHeaders/include/src/stan/model/model_header.hpp:4:
In file included from /usr/local/lib/R/3.5/site-library/StanHeaders/include/stan/math.hpp:4:
In file included from /usr/local/lib/R/3.5/site-library/StanHeaders/include/stan/math/rev/mat.hpp:12:
In file included from /usr/local/lib/R/3.5/site-library/StanHeaders/include/stan/math/prim/mat.hpp:83:
In file included from /usr/local/lib/R/3.5/site-library/StanHeaders/include/stan/math/prim/mat/fun/csr_extract_u.hpp:6:
In file included from /usr/local/lib/R/3.5/site-library/RcppEigen/include/Eigen/Sparse:26:
In file included from /usr/local/lib/R/3.5/site-library/RcppEigen/include/Eigen/SparseCore:66:
/usr/local/lib/R/3.5/site-library/RcppEigen/include/Eigen/src/Core/util/ReenableStupidWarnings.h:10:30: warning: pragma diagnostic pop could not pop, no matching push [-Wunknown-pragmas]
    #pragma clang diagnostic pop
                             ^
In file included from file11dd137d55e0b.cpp:8:
In file included from /usr/local/lib/R/3.5/site-library/StanHeaders/include/src/stan/model/model_header.hpp:4:
In file included from /usr/local/lib/R/3.5/site-library/StanHeaders/include/stan/math.hpp:4:
In file included from /usr/local/lib/R/3.5/site-library/StanHeaders/include/stan/math/rev/mat.hpp:12:
In file included from /usr/local/lib/R/3.5/site-library/StanHeaders/include/stan/math/prim/mat.hpp:83:
In file included from /usr/local/lib/R/3.5/site-library/StanHeaders/include/stan/math/prim/mat/fun/csr_extract_u.hpp:6:
In file included from /usr/local/lib/R/3.5/site-library/RcppEigen/include/Eigen/Sparse:27:
In file included from /usr/local/lib/R/3.5/site-library/RcppEigen/include/Eigen/OrderingMethods:71:
/usr/local/lib/R/3.5/site-library/RcppEigen/include/Eigen/src/Core/util/ReenableStupidWarnings.h:10:30: warning: pragma diagnostic pop could not pop, no matching push [-Wunknown-pragmas]
    #pragma clang diagnostic pop
                             ^
In file included from file11dd137d55e0b.cpp:8:
In file included from /usr/local/lib/R/3.5/site-library/StanHeaders/include/src/stan/model/model_header.hpp:4:
In file included from /usr/local/lib/R/3.5/site-library/StanHeaders/include/stan/math.hpp:4:
In file included from /usr/local/lib/R/3.5/site-library/StanHeaders/include/stan/math/rev/mat.hpp:12:
In file included from /usr/local/lib/R/3.5/site-library/StanHeaders/include/stan/math/prim/mat.hpp:83:
In file included from /usr/local/lib/R/3.5/site-library/StanHeaders/include/stan/math/prim/mat/fun/csr_extract_u.hpp:6:
In file included from /usr/local/lib/R/3.5/site-library/RcppEigen/include/Eigen/Sparse:29:
In file included from /usr/local/lib/R/3.5/site-library/RcppEigen/include/Eigen/SparseCholesky:43:
/usr/local/lib/R/3.5/site-library/RcppEigen/include/Eigen/src/Core/util/ReenableStupidWarnings.h:10:30: warning: pragma diagnostic pop could not pop, no matching push [-Wunknown-pragmas]
    #pragma clang diagnostic pop
                             ^
In file included from file11dd137d55e0b.cpp:8:
In file included from /usr/local/lib/R/3.5/site-library/StanHeaders/include/src/stan/model/model_header.hpp:4:
In file included from /usr/local/lib/R/3.5/site-library/StanHeaders/include/stan/math.hpp:4:
In file included from /usr/local/lib/R/3.5/site-library/StanHeaders/include/stan/math/rev/mat.hpp:12:
In file included from /usr/local/lib/R/3.5/site-library/StanHeaders/include/stan/math/prim/mat.hpp:83:
In file included from /usr/local/lib/R/3.5/site-library/StanHeaders/include/stan/math/prim/mat/fun/csr_extract_u.hpp:6:
In file included from /usr/local/lib/R/3.5/site-library/RcppEigen/include/Eigen/Sparse:32:
In file included from /usr/local/lib/R/3.5/site-library/RcppEigen/include/Eigen/SparseQR:35:
/usr/local/lib/R/3.5/site-library/RcppEigen/include/Eigen/src/Core/util/ReenableStupidWarnings.h:10:30: warning: pragma diagnostic pop could not pop, no matching push [-Wunknown-pragmas]
    #pragma clang diagnostic pop
                             ^
In file included from file11dd137d55e0b.cpp:8:
In file included from /usr/local/lib/R/3.5/site-library/StanHeaders/include/src/stan/model/model_header.hpp:4:
In file included from /usr/local/lib/R/3.5/site-library/StanHeaders/include/stan/math.hpp:4:
In file included from /usr/local/lib/R/3.5/site-library/StanHeaders/include/stan/math/rev/mat.hpp:12:
In file included from /usr/local/lib/R/3.5/site-library/StanHeaders/include/stan/math/prim/mat.hpp:83:
In file included from /usr/local/lib/R/3.5/site-library/StanHeaders/include/stan/math/prim/mat/fun/csr_extract_u.hpp:6:
In file included from /usr/local/lib/R/3.5/site-library/RcppEigen/include/Eigen/Sparse:33:
In file included from /usr/local/lib/R/3.5/site-library/RcppEigen/include/Eigen/IterativeLinearSolvers:46:
/usr/local/lib/R/3.5/site-library/RcppEigen/include/Eigen/src/Core/util/ReenableStupidWarnings.h:10:30: warning: pragma diagnostic pop could not pop, no matching push [-Wunknown-pragmas]
    #pragma clang diagnostic pop
                             ^
13 warnings generated.

SAMPLING FOR MODEL 'm0_latent4' NOW (CHAIN 1).

Gradient evaluation took 0.002367 seconds
1000 transitions using 10 leapfrog steps per transition would take 23.67 seconds.
Adjust your expectations accordingly!


Iteration:   1 / 600 [  0%]  (Warmup)

SAMPLING FOR MODEL 'm0_latent4' NOW (CHAIN 2).

Gradient evaluation took 0.002187 seconds
1000 transitions using 10 leapfrog steps per transition would take 21.87 seconds.
Adjust your expectations accordingly!


Iteration:   1 / 600 [  0%]  (Warmup)

SAMPLING FOR MODEL 'm0_latent4' NOW (CHAIN 3).

Gradient evaluation took 0.002329 seconds
1000 transitions using 10 leapfrog steps per transition would take 23.29 seconds.
Adjust your expectations accordingly!


Iteration:   1 / 600 [  0%]  (Warmup)

SAMPLING FOR MODEL 'm0_latent4' NOW (CHAIN 4).

Gradient evaluation took 0.002466 seconds
1000 transitions using 10 leapfrog steps per transition would take 24.66 seconds.
Adjust your expectations accordingly!


Iteration:   1 / 600 [  0%]  (Warmup)
Iteration:  60 / 600 [ 10%]  (Warmup)
Iteration:  60 / 600 [ 10%]  (Warmup)
Iteration:  60 / 600 [ 10%]  (Warmup)
Iteration:  60 / 600 [ 10%]  (Warmup)
Iteration: 120 / 600 [ 20%]  (Warmup)
Iteration: 120 / 600 [ 20%]  (Warmup)
Iteration: 180 / 600 [ 30%]  (Warmup)
Iteration: 120 / 600 [ 20%]  (Warmup)
Iteration: 240 / 600 [ 40%]  (Warmup)
Iteration: 120 / 600 [ 20%]  (Warmup)
Iteration: 300 / 600 [ 50%]  (Warmup)
Iteration: 301 / 600 [ 50%]  (Sampling)
Iteration: 180 / 600 [ 30%]  (Warmup)
Iteration: 180 / 600 [ 30%]  (Warmup)
Iteration: 360 / 600 [ 60%]  (Sampling)
Iteration: 240 / 600 [ 40%]  (Warmup)
Iteration: 240 / 600 [ 40%]  (Warmup)
Iteration: 180 / 600 [ 30%]  (Warmup)
Iteration: 420 / 600 [ 70%]  (Sampling)
Iteration: 300 / 600 [ 50%]  (Warmup)
Iteration: 301 / 600 [ 50%]  (Sampling)
Iteration: 240 / 600 [ 40%]  (Warmup)
Iteration: 300 / 600 [ 50%]  (Warmup)
Iteration: 301 / 600 [ 50%]  (Sampling)
Iteration: 480 / 600 [ 80%]  (Sampling)
Iteration: 300 / 600 [ 50%]  (Warmup)
Iteration: 360 / 600 [ 60%]  (Sampling)
Iteration: 301 / 600 [ 50%]  (Sampling)
Iteration: 360 / 600 [ 60%]  (Sampling)
Iteration: 540 / 600 [ 90%]  (Sampling)
Iteration: 420 / 600 [ 70%]  (Sampling)
Iteration: 360 / 600 [ 60%]  (Sampling)
Iteration: 600 / 600 [100%]  (Sampling)

 Elapsed Time: 928.236 seconds (Warm-up)
               410.075 seconds (Sampling)
               1338.31 seconds (Total)

Iteration: 420 / 600 [ 70%]  (Sampling)
Iteration: 480 / 600 [ 80%]  (Sampling)
Iteration: 420 / 600 [ 70%]  (Sampling)
Iteration: 480 / 600 [ 80%]  (Sampling)
Iteration: 540 / 600 [ 90%]  (Sampling)
Iteration: 480 / 600 [ 80%]  (Sampling)
Iteration: 540 / 600 [ 90%]  (Sampling)
Iteration: 600 / 600 [100%]  (Sampling)

 Elapsed Time: 1147.39 seconds (Warm-up)
               399.458 seconds (Sampling)
               1546.85 seconds (Total)

Iteration: 540 / 600 [ 90%]  (Sampling)
Iteration: 600 / 600 [100%]  (Sampling)

 Elapsed Time: 1161.78 seconds (Warm-up)
               447.332 seconds (Sampling)
               1609.12 seconds (Total)

Iteration: 600 / 600 [100%]  (Sampling)

 Elapsed Time: 1232.35 seconds (Warm-up)
               393.875 seconds (Sampling)
               1626.22 seconds (Total)

