[1] "Model: m0_rho"
[1] "Model dir: ./model/m0_rho.stan"
[1] "Data: GL"
[1] "n_iter = 2000"
[1] "n_warm = 1000"
[1] "n_thin = 1"
[1] "n_chains = 4"
In file included from fileb7b731000861.cpp:8:
In file included from /usr/local/lib/R/3.5/site-library/StanHeaders/include/src/stan/model/model_header.hpp:4:
In file included from /usr/local/lib/R/3.5/site-library/StanHeaders/include/stan/math.hpp:4:
In file included from /usr/local/lib/R/3.5/site-library/StanHeaders/include/stan/math/rev/mat.hpp:4:
In file included from /usr/local/lib/R/3.5/site-library/StanHeaders/include/stan/math/rev/core.hpp:14:
In file included from /usr/local/lib/R/3.5/site-library/StanHeaders/include/stan/math/rev/core/matrix_vari.hpp:4:
In file included from /usr/local/lib/R/3.5/site-library/StanHeaders/include/stan/math/rev/mat/fun/Eigen_NumTraits.hpp:4:
In file included from /usr/local/lib/R/3.5/site-library/StanHeaders/include/stan/math/prim/mat/fun/Eigen.hpp:4:
In file included from /usr/local/lib/R/3.5/site-library/RcppEigen/include/Eigen/Dense:1:
In file included from /usr/local/lib/R/3.5/site-library/RcppEigen/include/Eigen/Core:531:
/usr/local/lib/R/3.5/site-library/RcppEigen/include/Eigen/src/Core/util/ReenableStupidWarnings.h:10:30: warning: pragma diagnostic pop could not pop, no matching push [-Wunknown-pragmas]
    #pragma clang diagnostic pop
                             ^
In file included from fileb7b731000861.cpp:8:
In file included from /usr/local/lib/R/3.5/site-library/StanHeaders/include/src/stan/model/model_header.hpp:4:
In file included from /usr/local/lib/R/3.5/site-library/StanHeaders/include/stan/math.hpp:4:
In file included from /usr/local/lib/R/3.5/site-library/StanHeaders/include/stan/math/rev/mat.hpp:4:
In file included from /usr/local/lib/R/3.5/site-library/StanHeaders/include/stan/math/rev/core.hpp:14:
In file included from /usr/local/lib/R/3.5/site-library/StanHeaders/include/stan/math/rev/core/matrix_vari.hpp:4:
In file included from /usr/local/lib/R/3.5/site-library/StanHeaders/include/stan/math/rev/mat/fun/Eigen_NumTraits.hpp:4:
In file included from /usr/local/lib/R/3.5/site-library/StanHeaders/include/stan/math/prim/mat/fun/Eigen.hpp:4:
In file included from /usr/local/lib/R/3.5/site-library/RcppEigen/include/Eigen/Dense:2:
In file included from /usr/local/lib/R/3.5/site-library/RcppEigen/include/Eigen/LU:47:
/usr/local/lib/R/3.5/site-library/RcppEigen/include/Eigen/src/Core/util/ReenableStupidWarnings.h:10:30: warning: pragma diagnostic pop could not pop, no matching push [-Wunknown-pragmas]
    #pragma clang diagnostic pop
                             ^
In file included from fileb7b731000861.cpp:8:
In file included from /usr/local/lib/R/3.5/site-library/StanHeaders/include/src/stan/model/model_header.hpp:4:
In file included from /usr/local/lib/R/3.5/site-library/StanHeaders/include/stan/math.hpp:4:
In file included from /usr/local/lib/R/3.5/site-library/StanHeaders/include/stan/math/rev/mat.hpp:4:
In file included from /usr/local/lib/R/3.5/site-library/StanHeaders/include/stan/math/rev/core.hpp:14:
In file included from /usr/local/lib/R/3.5/site-library/StanHeaders/include/stan/math/rev/core/matrix_vari.hpp:4:
In file included from /usr/local/lib/R/3.5/site-library/StanHeaders/include/stan/math/rev/mat/fun/Eigen_NumTraits.hpp:4:
In file included from /usr/local/lib/R/3.5/site-library/StanHeaders/include/stan/math/prim/mat/fun/Eigen.hpp:4:
In file included from /usr/local/lib/R/3.5/site-library/RcppEigen/include/Eigen/Dense:3:
In file included from /usr/local/lib/R/3.5/site-library/RcppEigen/include/Eigen/Cholesky:12:
In file included from /usr/local/lib/R/3.5/site-library/RcppEigen/include/Eigen/Jacobi:29:
/usr/local/lib/R/3.5/site-library/RcppEigen/include/Eigen/src/Core/util/ReenableStupidWarnings.h:10:30: warning: pragma diagnostic pop could not pop, no matching push [-Wunknown-pragmas]
    #pragma clang diagnostic pop
                             ^
In file included from fileb7b731000861.cpp:8:
In file included from /usr/local/lib/R/3.5/site-library/StanHeaders/include/src/stan/model/model_header.hpp:4:
In file included from /usr/local/lib/R/3.5/site-library/StanHeaders/include/stan/math.hpp:4:
In file included from /usr/local/lib/R/3.5/site-library/StanHeaders/include/stan/math/rev/mat.hpp:4:
In file included from /usr/local/lib/R/3.5/site-library/StanHeaders/include/stan/math/rev/core.hpp:14:
In file included from /usr/local/lib/R/3.5/site-library/StanHeaders/include/stan/math/rev/core/matrix_vari.hpp:4:
In file included from /usr/local/lib/R/3.5/site-library/StanHeaders/include/stan/math/rev/mat/fun/Eigen_NumTraits.hpp:4:
In file included from /usr/local/lib/R/3.5/site-library/StanHeaders/include/stan/math/prim/mat/fun/Eigen.hpp:4:
In file included from /usr/local/lib/R/3.5/site-library/RcppEigen/include/Eigen/Dense:3:
In file included from /usr/local/lib/R/3.5/site-library/RcppEigen/include/Eigen/Cholesky:43:
/usr/local/lib/R/3.5/site-library/RcppEigen/include/Eigen/src/Core/util/ReenableStupidWarnings.h:10:30: warning: pragma diagnostic pop could not pop, no matching push [-Wunknown-pragmas]
    #pragma clang diagnostic pop
                             ^
In file included from fileb7b731000861.cpp:8:
In file included from /usr/local/lib/R/3.5/site-library/StanHeaders/include/src/stan/model/model_header.hpp:4:
In file included from /usr/local/lib/R/3.5/site-library/StanHeaders/include/stan/math.hpp:4:
In file included from /usr/local/lib/R/3.5/site-library/StanHeaders/include/stan/math/rev/mat.hpp:4:
In file included from /usr/local/lib/R/3.5/site-library/StanHeaders/include/stan/math/rev/core.hpp:14:
In file included from /usr/local/lib/R/3.5/site-library/StanHeaders/include/stan/math/rev/core/matrix_vari.hpp:4:
In file included from /usr/local/lib/R/3.5/site-library/StanHeaders/include/stan/math/rev/mat/fun/Eigen_NumTraits.hpp:4:
In file included from /usr/local/lib/R/3.5/site-library/StanHeaders/include/stan/math/prim/mat/fun/Eigen.hpp:4:
In file included from /usr/local/lib/R/3.5/site-library/RcppEigen/include/Eigen/Dense:4:
In file included from /usr/local/lib/R/3.5/site-library/RcppEigen/include/Eigen/QR:17:
In file included from /usr/local/lib/R/3.5/site-library/RcppEigen/include/Eigen/Householder:27:
/usr/local/lib/R/3.5/site-library/RcppEigen/include/Eigen/src/Core/util/ReenableStupidWarnings.h:10:30: warning: pragma diagnostic pop could not pop, no matching push [-Wunknown-pragmas]
    #pragma clang diagnostic pop
                             ^
In file included from fileb7b731000861.cpp:8:
In file included from /usr/local/lib/R/3.5/site-library/StanHeaders/include/src/stan/model/model_header.hpp:4:
In file included from /usr/local/lib/R/3.5/site-library/StanHeaders/include/stan/math.hpp:4:
In file included from /usr/local/lib/R/3.5/site-library/StanHeaders/include/stan/math/rev/mat.hpp:4:
In file included from /usr/local/lib/R/3.5/site-library/StanHeaders/include/stan/math/rev/core.hpp:14:
In file included from /usr/local/lib/R/3.5/site-library/StanHeaders/include/stan/math/rev/core/matrix_vari.hpp:4:
In file included from /usr/local/lib/R/3.5/site-library/StanHeaders/include/stan/math/rev/mat/fun/Eigen_NumTraits.hpp:4:
In file included from /usr/local/lib/R/3.5/site-library/StanHeaders/include/stan/math/prim/mat/fun/Eigen.hpp:4:
In file included from /usr/local/lib/R/3.5/site-library/RcppEigen/include/Eigen/Dense:5:
In file included from /usr/local/lib/R/3.5/site-library/RcppEigen/include/Eigen/SVD:48:
/usr/local/lib/R/3.5/site-library/RcppEigen/include/Eigen/src/Core/util/ReenableStupidWarnings.h:10:30: warning: pragma diagnostic pop could not pop, no matching push [-Wunknown-pragmas]
    #pragma clang diagnostic pop
                             ^
In file included from fileb7b731000861.cpp:8:
In file included from /usr/local/lib/R/3.5/site-library/StanHeaders/include/src/stan/model/model_header.hpp:4:
In file included from /usr/local/lib/R/3.5/site-library/StanHeaders/include/stan/math.hpp:4:
In file included from /usr/local/lib/R/3.5/site-library/StanHeaders/include/stan/math/rev/mat.hpp:4:
In file included from /usr/local/lib/R/3.5/site-library/StanHeaders/include/stan/math/rev/core.hpp:14:
In file included from /usr/local/lib/R/3.5/site-library/StanHeaders/include/stan/math/rev/core/matrix_vari.hpp:4:
In file included from /usr/local/lib/R/3.5/site-library/StanHeaders/include/stan/math/rev/mat/fun/Eigen_NumTraits.hpp:4:
In file included from /usr/local/lib/R/3.5/site-library/StanHeaders/include/stan/math/prim/mat/fun/Eigen.hpp:4:
In file included from /usr/local/lib/R/3.5/site-library/RcppEigen/include/Eigen/Dense:6:
In file included from /usr/local/lib/R/3.5/site-library/RcppEigen/include/Eigen/Geometry:58:
/usr/local/lib/R/3.5/site-library/RcppEigen/include/Eigen/src/Core/util/ReenableStupidWarnings.h:10:30: warning: pragma diagnostic pop could not pop, no matching push [-Wunknown-pragmas]
    #pragma clang diagnostic pop
                             ^
In file included from fileb7b731000861.cpp:8:
In file included from /usr/local/lib/R/3.5/site-library/StanHeaders/include/src/stan/model/model_header.hpp:4:
In file included from /usr/local/lib/R/3.5/site-library/StanHeaders/include/stan/math.hpp:4:
In file included from /usr/local/lib/R/3.5/site-library/StanHeaders/include/stan/math/rev/mat.hpp:4:
In file included from /usr/local/lib/R/3.5/site-library/StanHeaders/include/stan/math/rev/core.hpp:14:
In file included from /usr/local/lib/R/3.5/site-library/StanHeaders/include/stan/math/rev/core/matrix_vari.hpp:4:
In file included from /usr/local/lib/R/3.5/site-library/StanHeaders/include/stan/math/rev/mat/fun/Eigen_NumTraits.hpp:4:
In file included from /usr/local/lib/R/3.5/site-library/StanHeaders/include/stan/math/prim/mat/fun/Eigen.hpp:4:
In file included from /usr/local/lib/R/3.5/site-library/RcppEigen/include/Eigen/Dense:7:
In file included from /usr/local/lib/R/3.5/site-library/RcppEigen/include/Eigen/Eigenvalues:58:
/usr/local/lib/R/3.5/site-library/RcppEigen/include/Eigen/src/Core/util/ReenableStupidWarnings.h:10:30: warning: pragma diagnostic pop could not pop, no matching push [-Wunknown-pragmas]
    #pragma clang diagnostic pop
                             ^
In file included from fileb7b731000861.cpp:8:
In file included from /usr/local/lib/R/3.5/site-library/StanHeaders/include/src/stan/model/model_header.hpp:4:
In file included from /usr/local/lib/R/3.5/site-library/StanHeaders/include/stan/math.hpp:4:
In file included from /usr/local/lib/R/3.5/site-library/StanHeaders/include/stan/math/rev/mat.hpp:12:
In file included from /usr/local/lib/R/3.5/site-library/StanHeaders/include/stan/math/prim/mat.hpp:83:
In file included from /usr/local/lib/R/3.5/site-library/StanHeaders/include/stan/math/prim/mat/fun/csr_extract_u.hpp:6:
In file included from /usr/local/lib/R/3.5/site-library/RcppEigen/include/Eigen/Sparse:26:
In file included from /usr/local/lib/R/3.5/site-library/RcppEigen/include/Eigen/SparseCore:66:
/usr/local/lib/R/3.5/site-library/RcppEigen/include/Eigen/src/Core/util/ReenableStupidWarnings.h:10:30: warning: pragma diagnostic pop could not pop, no matching push [-Wunknown-pragmas]
    #pragma clang diagnostic pop
                             ^
In file included from fileb7b731000861.cpp:8:
In file included from /usr/local/lib/R/3.5/site-library/StanHeaders/include/src/stan/model/model_header.hpp:4:
In file included from /usr/local/lib/R/3.5/site-library/StanHeaders/include/stan/math.hpp:4:
In file included from /usr/local/lib/R/3.5/site-library/StanHeaders/include/stan/math/rev/mat.hpp:12:
In file included from /usr/local/lib/R/3.5/site-library/StanHeaders/include/stan/math/prim/mat.hpp:83:
In file included from /usr/local/lib/R/3.5/site-library/StanHeaders/include/stan/math/prim/mat/fun/csr_extract_u.hpp:6:
In file included from /usr/local/lib/R/3.5/site-library/RcppEigen/include/Eigen/Sparse:27:
In file included from /usr/local/lib/R/3.5/site-library/RcppEigen/include/Eigen/OrderingMethods:71:
/usr/local/lib/R/3.5/site-library/RcppEigen/include/Eigen/src/Core/util/ReenableStupidWarnings.h:10:30: warning: pragma diagnostic pop could not pop, no matching push [-Wunknown-pragmas]
    #pragma clang diagnostic pop
                             ^
In file included from fileb7b731000861.cpp:8:
In file included from /usr/local/lib/R/3.5/site-library/StanHeaders/include/src/stan/model/model_header.hpp:4:
In file included from /usr/local/lib/R/3.5/site-library/StanHeaders/include/stan/math.hpp:4:
In file included from /usr/local/lib/R/3.5/site-library/StanHeaders/include/stan/math/rev/mat.hpp:12:
In file included from /usr/local/lib/R/3.5/site-library/StanHeaders/include/stan/math/prim/mat.hpp:83:
In file included from /usr/local/lib/R/3.5/site-library/StanHeaders/include/stan/math/prim/mat/fun/csr_extract_u.hpp:6:
In file included from /usr/local/lib/R/3.5/site-library/RcppEigen/include/Eigen/Sparse:29:
In file included from /usr/local/lib/R/3.5/site-library/RcppEigen/include/Eigen/SparseCholesky:43:
/usr/local/lib/R/3.5/site-library/RcppEigen/include/Eigen/src/Core/util/ReenableStupidWarnings.h:10:30: warning: pragma diagnostic pop could not pop, no matching push [-Wunknown-pragmas]
    #pragma clang diagnostic pop
                             ^
In file included from fileb7b731000861.cpp:8:
In file included from /usr/local/lib/R/3.5/site-library/StanHeaders/include/src/stan/model/model_header.hpp:4:
In file included from /usr/local/lib/R/3.5/site-library/StanHeaders/include/stan/math.hpp:4:
In file included from /usr/local/lib/R/3.5/site-library/StanHeaders/include/stan/math/rev/mat.hpp:12:
In file included from /usr/local/lib/R/3.5/site-library/StanHeaders/include/stan/math/prim/mat.hpp:83:
In file included from /usr/local/lib/R/3.5/site-library/StanHeaders/include/stan/math/prim/mat/fun/csr_extract_u.hpp:6:
In file included from /usr/local/lib/R/3.5/site-library/RcppEigen/include/Eigen/Sparse:32:
In file included from /usr/local/lib/R/3.5/site-library/RcppEigen/include/Eigen/SparseQR:35:
/usr/local/lib/R/3.5/site-library/RcppEigen/include/Eigen/src/Core/util/ReenableStupidWarnings.h:10:30: warning: pragma diagnostic pop could not pop, no matching push [-Wunknown-pragmas]
    #pragma clang diagnostic pop
                             ^
In file included from fileb7b731000861.cpp:8:
In file included from /usr/local/lib/R/3.5/site-library/StanHeaders/include/src/stan/model/model_header.hpp:4:
In file included from /usr/local/lib/R/3.5/site-library/StanHeaders/include/stan/math.hpp:4:
In file included from /usr/local/lib/R/3.5/site-library/StanHeaders/include/stan/math/rev/mat.hpp:12:
In file included from /usr/local/lib/R/3.5/site-library/StanHeaders/include/stan/math/prim/mat.hpp:83:
In file included from /usr/local/lib/R/3.5/site-library/StanHeaders/include/stan/math/prim/mat/fun/csr_extract_u.hpp:6:
In file included from /usr/local/lib/R/3.5/site-library/RcppEigen/include/Eigen/Sparse:33:
In file included from /usr/local/lib/R/3.5/site-library/RcppEigen/include/Eigen/IterativeLinearSolvers:46:
/usr/local/lib/R/3.5/site-library/RcppEigen/include/Eigen/src/Core/util/ReenableStupidWarnings.h:10:30: warning: pragma diagnostic pop could not pop, no matching push [-Wunknown-pragmas]
    #pragma clang diagnostic pop
                             ^
13 warnings generated.

SAMPLING FOR MODEL 'm0_rho' NOW (CHAIN 1).
Rejecting initial value:
  Error evaluating the log probability at the initial value.
Exception: validate transformed params: spd is not positive definite.  (in 'modelb7b76e632c85_m0_rho' at line 48)

Rejecting initial value:
  Error evaluating the log probability at the initial value.
Exception: validate transformed params: spd is not positive definite.  (in 'modelb7b76e632c85_m0_rho' at line 48)

Rejecting initial value:
  Error evaluating the log probability at the initial value.
Exception: validate transformed params: spd is not positive definite.  (in 'modelb7b76e632c85_m0_rho' at line 48)

Rejecting initial value:
  Error evaluating the log probability at the initial value.
Exception: validate transformed params: spd is not positive definite.  (in 'modelb7b76e632c85_m0_rho' at line 48)

Rejecting initial value:
  Error evaluating the log probability at the initial value.
Exception: validate transformed params: spd is not positive definite.  (in 'modelb7b76e632c85_m0_rho' at line 48)

Rejecting initial value:
  Error evaluating the log probability at the initial value.
Exception: validate transformed params: spd is not positive definite.  (in 'modelb7b76e632c85_m0_rho' at line 48)

Rejecting initial value:
  Error evaluating the log probability at the initial value.
Exception: validate transformed params: spd is not positive definite.  (in 'modelb7b76e632c85_m0_rho' at line 48)

Rejecting initial value:
  Error evaluating the log probability at the initial value.
Exception: validate transformed params: spd is not positive definite.  (in 'modelb7b76e632c85_m0_rho' at line 48)

Rejecting initial value:
  Error evaluating the log probability at the initial value.
Exception: validate transformed params: spd is not positive definite.  (in 'modelb7b76e632c85_m0_rho' at line 48)

Rejecting initial value:
  Error evaluating the log probability at the initial value.
Exception: validate transformed params: spd is not positive definite.  (in 'modelb7b76e632c85_m0_rho' at line 48)

Rejecting initial value:
  Error evaluating the log probability at the initial value.
Exception: validate transformed params: spd is not positive definite.  (in 'modelb7b76e632c85_m0_rho' at line 48)

Rejecting initial value:
  Error evaluating the log probability at the initial value.
Exception: validate transformed params: spd is not positive definite.  (in 'modelb7b76e632c85_m0_rho' at line 48)

Rejecting initial value:
  Error evaluating the log probability at the initial value.
Exception: validate transformed params: spd is not positive definite.  (in 'modelb7b76e632c85_m0_rho' at line 48)

Rejecting initial value:
  Error evaluating the log probability at the initial value.
Exception: validate transformed params: spd is not positive definite.  (in 'modelb7b76e632c85_m0_rho' at line 48)

Rejecting initial value:
  Error evaluating the log probability at the initial value.
Exception: validate transformed params: spd is not positive definite.  (in 'modelb7b76e632c85_m0_rho' at line 48)

Rejecting initial value:
  Error evaluating the log probability at the initial value.
Exception: validate transformed params: spd is not positive definite.  (in 'modelb7b76e632c85_m0_rho' at line 48)

Rejecting initial value:
  Error evaluating the log probability at the initial value.
Exception: validate transformed params: spd is not positive definite.  (in 'modelb7b76e632c85_m0_rho' at line 48)

Rejecting initial value:
  Error evaluating the log probability at the initial value.
Exception: validate transformed params: spd is not positive definite.  (in 'modelb7b76e632c85_m0_rho' at line 48)

Rejecting initial value:
  Error evaluating the log probability at the initial value.
Exception: validate transformed params: spd is not positive definite.  (in 'modelb7b76e632c85_m0_rho' at line 48)

Rejecting initial value:
  Error evaluating the log probability at the initial value.
Exception: validate transformed params: spd is not positive definite.  (in 'modelb7b76e632c85_m0_rho' at line 48)

Rejecting initial value:
  Error evaluating the log probability at the initial value.
Exception: validate transformed params: spd is not positive definite.  (in 'modelb7b76e632c85_m0_rho' at line 48)

Rejecting initial value:
  Error evaluating the log probability at the initial value.
Exception: validate transformed params: spd is not positive definite.  (in 'modelb7b76e632c85_m0_rho' at line 48)

Rejecting initial value:
  Error evaluating the log probability at the initial value.
Exception: validate transformed params: spd is not positive definite.  (in 'modelb7b76e632c85_m0_rho' at line 48)

Rejecting initial value:
  Error evaluating the log probability at the initial value.
Exception: validate transformed params: spd is not positive definite.  (in 'modelb7b76e632c85_m0_rho' at line 48)

Rejecting initial value:
  Error evaluating the log probability at the initial value.
Exception: validate transformed params: spd is not positive definite.  (in 'modelb7b76e632c85_m0_rho' at line 48)

Rejecting initial value:
  Error evaluating the log probability at the initial value.
Exception: validate transformed params: spd is not positive definite.  (in 'modelb7b76e632c85_m0_rho' at line 48)

Rejecting initial value:
  Error evaluating the log probability at the initial value.
Exception: validate transformed params: spd is not positive definite.  (in 'modelb7b76e632c85_m0_rho' at line 48)

Rejecting initial value:
  Error evaluating the log probability at the initial value.
Exception: validate transformed params: spd is not positive definite.  (in 'modelb7b76e632c85_m0_rho' at line 48)

Rejecting initial value:
  Error evaluating the log probability at the initial value.
Exception: validate transformed params: spd is not positive definite.  (in 'modelb7b76e632c85_m0_rho' at line 48)

Rejecting initial value:
  Error evaluating the log probability at the initial value.
Exception: validate transformed params: spd is not positive definite.  (in 'modelb7b76e632c85_m0_rho' at line 48)

Rejecting initial value:
  Error evaluating the log probability at the initial value.
Exception: validate transformed params: spd is not positive definite.  (in 'modelb7b76e632c85_m0_rho' at line 48)

Rejecting initial value:
  Error evaluating the log probability at the initial value.
Exception: validate transformed params: spd is not positive definite.  (in 'modelb7b76e632c85_m0_rho' at line 48)

Rejecting initial value:
  Error evaluating the log probability at the initial value.
Exception: validate transformed params: spd is not positive definite.  (in 'modelb7b76e632c85_m0_rho' at line 48)

Rejecting initial value:
  Error evaluating the log probability at the initial value.
Exception: validate transformed params: spd is not positive definite.  (in 'modelb7b76e632c85_m0_rho' at line 48)

Rejecting initial value:
  Error evaluating the log probability at the initial value.
Exception: validate transformed params: spd is not positive definite.  (in 'modelb7b76e632c85_m0_rho' at line 48)

Rejecting initial value:
  Error evaluating the log probability at the initial value.
Exception: validate transformed params: spd is not positive definite.  (in 'modelb7b76e632c85_m0_rho' at line 48)

Rejecting initial value:
  Error evaluating the log probability at the initial value.
Exception: validate transformed params: spd is not positive definite.  (in 'modelb7b76e632c85_m0_rho' at line 48)

Rejecting initial value:
  Error evaluating the log probability at the initial value.
Exception: validate transformed params: spd is not positive definite.  (in 'modelb7b76e632c85_m0_rho' at line 48)

Rejecting initial value:
  Error evaluating the log probability at the initial value.
Exception: validate transformed params: spd is not positive definite.  (in 'modelb7b76e632c85_m0_rho' at line 48)

Rejecting initial value:
  Error evaluating the log probability at the initial value.
Exception: validate transformed params: spd is not positive definite.  (in 'modelb7b76e632c85_m0_rho' at line 48)

Rejecting initial value:
  Error evaluating the log probability at the initial value.
Exception: validate transformed params: spd is not positive definite.  (in 'modelb7b76e632c85_m0_rho' at line 48)

Rejecting initial value:
  Error evaluating the log probability at the initial value.
Exception: validate transformed params: spd is not positive definite.  (in 'modelb7b76e632c85_m0_rho' at line 48)

Rejecting initial value:
  Error evaluating the log probability at the initial value.
Exception: validate transformed params: spd is not positive definite.  (in 'modelb7b76e632c85_m0_rho' at line 48)

Rejecting initial value:
  Error evaluating the log probability at the initial value.
Exception: validate transformed params: spd is not positive definite.  (in 'modelb7b76e632c85_m0_rho' at line 48)

Rejecting initial value:
  Error evaluating the log probability at the initial value.
Exception: validate transformed params: spd is not positive definite.  (in 'modelb7b76e632c85_m0_rho' at line 48)

Rejecting initial value:
  Error evaluating the log probability at the initial value.
Exception: validate transformed params: spd is not positive definite.  (in 'modelb7b76e632c85_m0_rho' at line 48)

Rejecting initial value:
  Error evaluating the log probability at the initial value.
Exception: validate transformed params: spd is not positive definite.  (in 'modelb7b76e632c85_m0_rho' at line 48)

Rejecting initial value:
  Error evaluating the log probability at the initial value.
Exception: validate transformed params: spd is not positive definite.  (in 'modelb7b76e632c85_m0_rho' at line 48)

Rejecting initial value:
  Error evaluating the log probability at the initial value.
Exception: validate transformed params: spd is not positive definite.  (in 'modelb7b76e632c85_m0_rho' at line 48)

Rejecting initial value:
  Error evaluating the log probability at the initial value.
Exception: validate transformed params: spd is not positive definite.  (in 'modelb7b76e632c85_m0_rho' at line 48)

Rejecting initial value:
  Error evaluating the log probability at the initial value.
Exception: validate transformed params: spd is not positive definite.  (in 'modelb7b76e632c85_m0_rho' at line 48)

Rejecting initial value:
  Error evaluating the log probability at the initial value.
Exception: validate transformed params: spd is not positive definite.  (in 'modelb7b76e632c85_m0_rho' at line 48)

Rejecting initial value:
  Error evaluating the log probability at the initial value.
Exception: validate transformed params: spd is not positive definite.  (in 'modelb7b76e632c85_m0_rho' at line 48)

Rejecting initial value:
  Error evaluating the log probability at the initial value.
Exception: validate transformed params: spd is not positive definite.  (in 'modelb7b76e632c85_m0_rho' at line 48)

Rejecting initial value:
  Error evaluating the log probability at the initial value.
Exception: validate transformed params: spd is not positive definite.  (in 'modelb7b76e632c85_m0_rho' at line 48)

SAMPLING FOR MODEL '
m0_rho' NOW (CHAIN 2).
Rejecting initial value:
  Error evaluating the log probability at the initial value.
Exception: validate transformed params: spd is not positive definite.  (in 'modelb7b76e632c85_m0_rho' at line 48)

Rejecting initial value:
  Error evaluating the log probability at the initial value.
Exception: validate transformed params: spd is not positive definite.  (in 'modelb7b76e632c85_m0_rho' at line 48)

Rejecting initial value:
  Error evaluating the log probability at the initial value.
Exception: validate transformed params: spd is not positive definite.  (in 'modelb7b76e632c85_m0_rho' at line 48)

Rejecting initial value:
  Error evaluating the log probability at the initial value.
Exception: validate transformed params: spd is not positive definite.  (in 'modelb7b76e632c85_m0_rho' at line 48)

Rejecting initial value:
  Error evaluating the log probability at the initial value.
Exception: validate transformed params: spd is not positive definite.  (in 'modelb7b76e632c85_m0_rho' at line 48)

Rejecting initial value:
  Error evaluating the log probability at the initial value.
Exception: validate transformed params: spd is not positive definite.  (in 'modelb7b76e632c85_m0_rho' at line 48)

Rejecting initial value:
  Error evaluating the log probability at the initial value.
Exception: validate transformed params: spd is not positive definite.  (in 'modelb7b76e632c85_m0_rho' at line 48)

Rejecting initial value:
  Error evaluating the log probability at the initial value.
Exception: validate transformed params: spd is not positive definite.  (in 'modelb7b76e632c85_m0_rho' at line 48)

Rejecting initial value:
  Error evaluating the log probability at the initial value.
Exception: validate transformed params: spd is not positive definite.  (in 'modelb7b76e632c85_m0_rho' at line 48)

Rejecting initial value:
  Error evaluating the log probability at the initial value.
Exception: validate transformed params: spd is not positive definite.  (in 'modelb7b76e632c85_m0_rho' at line 48)

Rejecting initial value:
  Error evaluating the log probability at the initial value.
Exception: validate transformed params: spd is not positive definite.  (in 'modelb7b76e632c85_m0_rho' at line 48)

Rejecting initial value:
  Error evaluating the log probability at the initial value.
Exception: validate transformed params: spd is not positive definite.  (in 'modelb7b76e632c85_m0_rho' at line 48)

Rejecting initial value:
  Error evaluating the log probability at the initial value.
Exception: validate transformed params: spd is not positive definite.  (in 'modelb7b76e632c85_m0_rho' at line 48)

Rejecting initial value:
  Error evaluating the log probability at the initial value.
Exception: validate transformed params: spd is not positive definite.  (in 'modelb7b76e632c85_m0_rho' at line 48)

Rejecting initial value:
  Error evaluating the log probability at the initial value.
Exception: validate transformed params: spd is not positive definite.  (in 'modelb7b76e632c85_m0_rho' at line 48)

Rejecting initial value:
  Error evaluating the log probability at the initial value.
Exception: validate transformed params: spd is not positive definite.  (in 'modelb7b76e632c85_m0_rho' at line 48)

Rejecting initial value:
  Error evaluating the log probability at the initial value.
Exception: validate transformed params: spd is not positive definite.  (in 'modelb7b76e632c85_m0_rho' at line 48)

Rejecting initial value:
  Error evaluating the log probability at the initial value.
Exception: validate transformed params: spd is not positive definite.  (in 'modelb7b76e632c85_m0_rho' at line 48)

Rejecting initial value:
  Error evaluating the log probability at the initial value.
Exception: validate transformed params: spd is not positive definite.  (in 'modelb7b76e632c85_m0_rho' at line 48)

Rejecting initial value:
  Error evaluating the log probability at the initial value.
Exception: validate transformed params: spd is not positive definite.  (in 'modelb7b76e632c85_m0_rho' at line 48)

Rejecting initial value:
  Error evaluating the log probability at the initial value.
Exception: validate transformed params: spd is not positive definite.  (in 'modelb7b76e632c85_m0_rho' at line 48)

Rejecting initial value:
  Error evaluating the log probability at the initial value.
Exception: validate transformed params: spd is not positive definite.  (in 'modelb7b76e632c85_m0_rho' at line 48)

Rejecting initial value:
  Error evaluating the log probability at the initial value.
Exception: validate transformed params: spd is not positive definite.  (in 'modelb7b76e632c85_m0_rho' at line 48)

Rejecting initial value:
  Error evaluating the log probability at the initial value.
Exception: validate transformed params: spd is not positive definite.  (in 'modelb7b76e632c85_m0_rho' at line 48)

Rejecting initial value:
  Error evaluating the log probability at the initial value.
Exception: validate transformed params: spd is not positive definite.  (in 'modelb7b76e632c85_m0_rho' at line 48)

Rejecting initial value:
  Error evaluating the log probability at the initial value.
Exception: validate transformed params: spd is not positive definite.  (in 'modelb7b76e632c85_m0_rho' at line 48)

Rejecting initial value:
  Error evaluating the log probability at the initial value.
Exception: validate transformed params: spd is not positive definite.  (in 'modelb7b76e632c85_m0_rho' at line 48)

Rejecting initial value:
  Error evaluating the log probability at the initial value.
Exception: validate transformed params: spd is not positive definite.  (in 'modelb7b76e632c85_m0_rho' at line 48)

Rejecting initial value:
  Error evaluating the log probability at the initial value.
Exception: validate transformed params: spd is not positive definite.  (in 'modelb7b76e632c85_m0_rho' at line 48)

Rejecting initial value:
  Error evaluating the log probability at the initial value.
Exception: validate transformed params: spd is not positive definite.  (in 'modelb7b76e632c85_m0_rho' at line 48)

Rejecting initial value:
  Error evaluating the log probability at the initial value.
Exception: validate transformed params: spd is not positive definite.  (in 'modelb7b76e632c85_m0_rho' at line 48)

Rejecting initial value:
  Error evaluating the log probability at the initial value.
Exception: validate transformed params: spd is not positive definite.  (in 'modelb7b76e632c85_m0_rho' at line 48)

Rejecting initial value:
  Error evaluating the log probability at the initial value.
Exception: validate transformed params: spd is not positive definite.  (in 'modelb7b76e632c85_m0_rho' at line 48)

Rejecting initial value:
  Error evaluating the log probability at the initial value.
Exception: validate transformed params: spd is not positive definite.  (in 'modelb7b76e632c85_m0_rho' at line 48)

Rejecting initial value:
  Error evaluating the log probability at the initial value.
Exception: validate transformed params: spd is not positive definite.  (in 'modelb7b76e632c85_m0_rho' at line 48)

Rejecting initial value:
  Error evaluating the log probability at the initial value.
Exception: validate transformed params: spd is not positive definite.  (in 'modelb7b76e632c85_m0_rho' at line 48)

Rejecting initial value:
  Error evaluating the log probability at the initial value.
Exception: validate transformed params: spd is not positive definite.  (in 'modelb7b76e632c85_m0_rho' at line 48)

Rejecting initial value:
  Error evaluating the log probability at the initial value.
Exception: validate transformed params: spd is not positive definite.  (in 'modelb7b76e632c85_m0_rho' at line 48)

Rejecting initial value:
  Error evaluating the log probability at the initial value.
Exception: validate transformed params: spd is not positive definite.  (in 'modelb7b76e632c85_m0_rho' at line 48)

Rejecting initial value:
  Error evaluating the log probability at the initial value.
Exception: validate transformed params: spd is not positive definite.  (in 'modelb7b76e632c85_m0_rho' at line 48)

Rejecting initial value:
  Error evaluating the log probability at the initial value.
Exception: validate transformed params: spd is not positive definite.  (in 'modelb7b76e632c85_m0_rho' at line 48)

Rejecting initial value:
  Error evaluating the log probability at the initial value.
Exception: validate transformed params: spd is not positive definite.  (in 'modelb7b76e632c85_m0_rho' at line 48)

Rejecting initial value:
  Error evaluating the log probability at the initial value.
Exception: validate transformed params: spd is not positive definite.  (in 'modelb7b76e632c85_m0_rho' at line 48)

Rejecting initial value:
  Error evaluating the log probability at the initial value.
Exception: validate transformed params: spd is not positive definite.  (in 'modelb7b76e632c85_m0_rho' at line 48)

Rejecting initial value:
  Error evaluating the log probability at the initial value.
Exception: validate transformed params: spd is not positive definite.  (in 'modelb7b76e632c85_m0_rho' at line 48)


Initialization between (-2, 2) failed after 100 attempts. 
 Try specifying initial values, reducing ranges of constrained values, or reparameterizing the model.
[1] "Error in sampler$call_sampler(args_list[[i]]) : Initialization failed."

SAMPLING FOR MODEL 'm0_rho' NOW (CHAIN 3).
Rejecting initial value:
  Error evaluating the log probability at the initial value.
Exception: validate transformed params: spd is not positive definite.  (in 'modelb7b76e632c85_m0_rho' at line 48)

Rejecting initial value:
  Error evaluating the log probability at the initial value.
Exception: validate transformed params: spd is not positive definite.  (in 'modelb7b76e632c85_m0_rho' at line 48)

Rejecting initial value:
  Error evaluating the log probability at the initial value.
Exception: validate transformed params: spd is not positive definite.  (in 'modelb7b76e632c85_m0_rho' at line 48)

Rejecting initial value:
  Error evaluating the log probability at the initial value.
Exception: validate transformed params: spd is not positive definite.  (in 'modelb7b76e632c85_m0_rho' at line 48)

Rejecting initial value:
  Error evaluating the log probability at the initial value.
Exception: validate transformed params: spd is not positive definite.  (in 'modelb7b76e632c85_m0_rho' at line 48)

Rejecting initial value:
  Error evaluating the log probability at the initial value.
Exception: validate transformed params: spd is not positive definite.  (in 'modelb7b76e632c85_m0_rho' at line 48)

Rejecting initial value:
  Error evaluating the log probability at the initial value.
Exception: validate transformed params: spd is not positive definite.  (in 'modelb7b76e632c85_m0_rho' at line 48)

Rejecting initial value:
  Error evaluating the log probability at the initial value.
Exception: validate transformed params: spd is not positive definite.  (in 'modelb7b76e632c85_m0_rho' at line 48)

Rejecting initial value:
  Error evaluating the log probability at the initial value.
Exception: validate transformed params: spd is not positive definite.  (in 'modelb7b76e632c85_m0_rho' at line 48)

Rejecting initial value:
  Error evaluating the log probability at the initial value.
Exception: validate transformed params: spd is not positive definite.  (in 'modelb7b76e632c85_m0_rho' at line 48)

Rejecting initial value:
  Error evaluating the log probability at the initial value.
Exception: validate transformed params: spd is not positive definite.  (in 'modelb7b76e632c85_m0_rho' at line 48)

Rejecting initial value:
  Error evaluating the log probability at the initial value.
Exception: validate transformed params: spd is not positive definite.  (in 'modelb7b76e632c85_m0_rho' at line 48)

Rejecting initial value:
  Error evaluating the log probability at the initial value.
Exception: validate transformed params: spd is not positive definite.  (in 'modelb7b76e632c85_m0_rho' at line 48)

Rejecting initial value:
  Error evaluating the log probability at the initial value.
Exception: validate transformed params: spd is not positive definite.  (in 'modelb7b76e632c85_m0_rho' at line 48)

Rejecting initial value:
  Error evaluating the log probability at the initial value.
Exception: validate transformed params: spd is not positive definite.  (in 'modelb7b76e632c85_m0_rho' at line 48)

Rejecting initial value:
  Error evaluating the log probability at the initial value.
Exception: validate transformed params: spd is not positive definite.  (in 'modelb7b76e632c85_m0_rho' at line 48)

Rejecting initial value:
  Error evaluating the log probability at the initial value.
Exception: validate transformed params: spd is not positive definite.  (in 'modelb7b76e632c85_m0_rho' at line 48)

Rejecting initial value:
  Error evaluating the log probability at the initial value.
Exception: validate transformed params: spd is not positive definite.  (in 'modelb7b76e632c85_m0_rho' at line 48)

Rejecting initial value:
  Error evaluating the log probability at the initial value.
Exception: validate transformed params: spd is not positive definite.  (in 'modelb7b76e632c85_m0_rho' at line 48)

Rejecting initial value:
  Error evaluating the log probability at the initial value.
Exception: validate transformed params: spd is not positive definite.  (in 'modelb7b76e632c85_m0_rho' at line 48)

Rejecting initial value:
  Error evaluating the log probability at the initial value.
Exception: validate transformed params: spd is not positive definite.  (in 'modelb7b76e632c85_m0_rho' at line 48)

Rejecting initial value:
  Error evaluating the log probability at the initial value.
Exception: validate transformed params: spd is not positive definite.  (in 'modelb7b76e632c85_m0_rho' at line 48)

Rejecting initial value:
  Error evaluating the log probability at the initial value.
Exception: validate transformed params: spd is not positive definite.  (in 'modelb7b76e632c85_m0_rho' at line 48)

Rejecting initial value:
  Error evaluating the log probability at the initial value.
Exception: validate transformed params: spd is not positive definite.  (in 'modelb7b76e632c85_m0_rho' at line 48)

Rejecting initial value:
  Error evaluating the log probability at the initial value.
Exception: validate transformed params: spd is not positive definite.  (in 'modelb7b76e632c85_m0_rho' at line 48)

Rejecting initial value:
  Error evaluating the log probability at the initial value.
Exception: validate transformed params: spd is not positive definite.  (in 'modelb7b76e632c85_m0_rho' at line 48)

Rejecting initial value:
  Error evaluating the log probability at the initial value.
Exception: validate transformed params: spd is not positive definite.  (in 'modelb7b76e632c85_m0_rho' at line 48)

Rejecting initial value:
  Error evaluating the log probability at the initial value.
Exception: validate transformed params: spd is not positive definite.  (in 'modelb7b76e632c85_m0_rho' at line 48)

Rejecting initial value:
  Error evaluating the log probability at the initial value.
Exception: validate transformed params: spd is not positive definite.  (in 'modelb7b76e632c85_m0_rho' at line 48)

Rejecting initial value:
  Error evaluating the log probability at the initial value.
Exception: validate transformed params: spd is not positive definite.  (in 'modelb7b76e632c85_m0_rho' at line 48)

Rejecting initial value:
  Error evaluating the log probability at the initial value.
Exception: validate transformed params: spd is not positive definite.  (in 'modelb7b76e632c85_m0_rho' at line 48)

Rejecting initial value:
  Error evaluating the log probability at the initial value.
Exception: validate transformed params: spd is not positive definite.  (in 'modelb7b76e632c85_m0_rho' at line 48)

Rejecting initial value:
  Error evaluating the log probability at the initial value.
Exception: validate transformed params: spd is not positive definite.  (in 'modelb7b76e632c85_m0_rho' at line 48)

Rejecting initial value:
  Error evaluating the log probability at the initial value.
Exception: validate transformed params: spd is not positive definite.  (in 'modelb7b76e632c85_m0_rho' at line 48)

Rejecting initial value:
  Error evaluating the log probability at the initial value.
Exception: validate transformed params: spd is not positive definite.  (in 'modelb7b76e632c85_m0_rho' at line 48)

Rejecting initial value:
  Error evaluating the log probability at the initial value.
Exception: validate transformed params: spd is not positive definite.  (in 'modelb7b76e632c85_m0_rho' at line 48)

Rejecting initial value:
  Error evaluating the log probability at the initial value.
Exception: validate transformed params: spd is not positive definite.  (in 'modelb7b76e632c85_m0_rho' at line 48)

Rejecting initial value:
  Error evaluating the log probability at the initial value.
Exception: validate transformed params: spd is not positive definite.  (in 'modelb7b76e632c85_m0_rho' at line 48)

Rejecting initial value:
  Error evaluating the log probability at the initial value.
Exception: validate transformed params: spd is not positive definite.  (in 'modelb7b76e632c85_m0_rho' at line 48)

Rejecting initial value:
  Error evaluating the log probability at the initial value.
Exception: validate transformed params: spd is not positive definite.  (in 'modelb7b76e632c85_m0_rho' at line 48)

Rejecting initial value:
  Error evaluating the log probability at the initial value.
Exception: validate transformed params: spd is not positive definite.  (in 'modelb7b76e632c85_m0_rho' at line 48)

Rejecting initial value:
  Error evaluating the log probability at the initial value.
Exception: validate transformed params: spd is not positive definite.  (in 'modelb7b76e632c85_m0_rho' at line 48)

Rejecting initial value:
  Error evaluating the log probability at the initial value.
Exception: validate transformed params: spd is not positive definite.  (in 'modelb7b76e632c85_m0_rho' at line 48)

Rejecting initial value:
  Error evaluating the log probability at the initial value.
Exception: validate transformed params: spd is not positive definite.  (in 'modelb7b76e632c85_m0_rho' at line 48)

Rejecting initial value:
  Error evaluating the log probability at the initial value.
Exception: validate transformed params: spd is not positive definite.  (in 'modelb7b76e632c85_m0_rho' at line 48)

Rejecting initial value:
  Error evaluating the log probability at the initial value.
Exception: validate transformed params: spd is not positive definite.  (in 'modelb7b76e632c85_m0_rho' at line 48)

Rejecting initial value:
  Error evaluating the log probability at the initial value.
Exception: validate transformed params: spd is not positive definite.  (in 'modelb7b76e632c85_m0_rho' at line 48)

Rejecting initial value:
  Error evaluating the log probability at the initial value.
Exception: validate transformed params: spd is not positive definite.  (in 'modelb7b76e632c85_m0_rho' at line 48)

Rejecting initial value:
  Error evaluating the log probability at the initial value.
Exception: validate transformed params: spd is not positive definite.  (in 'modelb7b76e632c85_m0_rho' at line 48)

Rejecting initial value:
  Error evaluating the log probability at the initial value.
Exception: validate transformed params: spd is not positive definite.  (in 'modelb7b76e632c85_m0_rho' at line 48)

Rejecting initial value:
  Error evaluating the log probability at the initial value.
Exception: validate transformed params: spd is not positive definite.  (in 'modelb7b76e632c85_m0_rho' at line 48)

Rejecting initial value:
  Error evaluating the log probability at the initial value.
Exception: validate transformed params: spd is not positive definite.  (in 'modelb7b76e632c85_m0_rho' at line 48)

Rejecting initial value:
  Error evaluating the log probability at the initial value.
Exception: validate transformed params: spd is not positive definite.  (in 'modelb7b76e632c85_m0_rho' at line 48)

Rejecting initial value:
  Error evaluating the log probability at the initial value.
Exception: validate transformed params: spd is not positive definite.  (in 'modelb7b76e632c85_m0_rho' at line 48)

Rejecting initial value:
  Error evaluating the log probability at the initial value.
Exception: validate transformed params: spd is not positive definite.  (in 'modelb7b76e632c85_m0_rho' at line 48)

Rejecting initial value:
  Error evaluating the log probability at the initial value.
Exception: validate transformed params: spd is not positive definite.  (in 'modelb7b76e632c85_m0_rho' at line 48)

Rejecting initial value:
  Error evaluating the log probability at the initial value.
Exception: validate transformed params: spd is not positive definite.  (in 'modelb7b76e632c85_m0_rho' at line 48)

Rejecting initial value:
  Error evaluating the log probability at the initial value.
Exception: validate transformed params: spd is not positive definite.  (in 'modelb7b76e632c85_m0_rho' at line 48)

Rejecting initial value:
  Error evaluating the log probability at the initial value.
Exception: validate transformed params: spd is not positive definite.  (in 'modelb7b76e632c85_m0_rho' at line 48)

Rejecting initial value:
  Error evaluating the log probability at the initial value.
Exception: validate transformed params: spd is not positive definite.  (in 'modelb7b76e632c85_m0_rho' at line 48)

Rejecting initial value:
  Error evaluating the log probability at the initial value.
Exception: validate transformed params: spd is not positive definite.  (in 'modelb7b76e632c85_m0_rho' at line 48)

Rejecting initial value:
  Error evaluating the log probability at the initial value.
Exception: validate transformed params: spd is not positive definite.  (in 'modelb7b76e632c85_m0_rho' at line 48)

Rejecting initial value:
  Error evaluating the log probability at the initial value.
Exception: validate transformed params: spd is not positive definite.  (in 'modelb7b76e632c85_m0_rho' at line 48)

Rejecting initial value:
  Error evaluating the log probability at the initial value.
Exception: validate transformed params: spd is not positive definite.  (in 'modelb7b76e632c85_m0_rho' at line 48)

Rejecting initial value:
  Error evaluating the log probability at the initial value.
Exception: validate transformed params: spd is not positive definite.  (in 'modelb7b76e632c85_m0_rho' at line 48)

Rejecting initial value:
  Error evaluating the log probability at the initial value.
Exception: validate transformed params: spd is not positive definite.  (in 'modelb7b76e632c85_m0_rho' at line 48)

Rejecting initial value:
  Error evaluating the log probability at the initial value.
Exception: validate transformed params: spd is not positive definite.  (in 'modelb7b76e632c85_m0_rho' at line 48)

Rejecting initial value:
  Error evaluating the log probability at the initial value.
Exception: validate transformed params: spd is not positive definite.  (in 'modelb7b76e632c85_m0_rho' at line 48)

Rejecting initial value:
  Error evaluating the log probability at the initial value.
Exception: validate transformed params: spd is not positive definite.  (in 'modelb7b76e632c85_m0_rho' at line 48)

Rejecting initial value:
  Error evaluating the log probability at the initial value.
Exception: validate transformed params: spd is not positive definite.  (in 'modelb7b76e632c85_m0_rho' at line 48)

Rejecting initial value:
  Error evaluating the log probability at the initial value.
Exception: validate transformed params: spd is not positive definite.  (in 'modelb7b76e632c85_m0_rho' at line 48)

Rejecting initial value:
  Error evaluating the log probability at the initial value.
Exception: validate transformed params: spd is not positive definite.  (in 'modelb7b76e632c85_m0_rho' at line 48)

Rejecting initial value:
  Error evaluating the log probability at the initial value.
Exception: validate transformed params: spd is not positive definite.  (in 'modelb7b76e632c85_m0_rho' at line 48)

Rejecting initial value:
  Error evaluating the log probability at the initial value.
Exception: validate transformed params: spd is not positive definite.  (in 'modelb7b76e632c85_m0_rho' at line 48)

Rejecting initial value:
  Error evaluating the log probability at the initial value.
Exception: validate transformed params: spd is not positive definite.  (in 'modelb7b76e632c85_m0_rho' at line 48)

Rejecting initial value:
  Error evaluating the log probability at the initial value.
Exception: validate transformed params: spd is not positive definite.  (in 'modelb7b76e632c85_m0_rho' at line 48)

Rejecting initial value:
  Error evaluating the log probability at the initial value.
Exception: validate transformed params: spd is not positive definite.  (in 'modelb7b76e632c85_m0_rho' at line 48)

Rejecting initial value:
  Error evaluating the log probability at the initial value.
Exception: validate transformed params: spd is not positive definite.  (in 'modelb7b76e632c85_m0_rho' at line 48)

Rejecting initial value:
  Error evaluating the log probability at the initial value.
Exception: validate transformed params: spd is not positive definite.  (in 'modelb7b76e632c85_m0_rho' at line 48)

Rejecting initial value:
  Error evaluating the log probability at the initial value.
Exception: validate transformed params: spd is not positive definite.  (in 'modelb7b76e632c85_m0_rho' at line 48)

Rejecting initial value:
  Error evaluating the log probability at the initial value.
Exception: validate transformed params: spd is not positive definite.  (in 'modelb7b76e632c85_m0_rho' at line 48)

Rejecting initial value:
  Error evaluating the log probability at the initial value.
Exception: validate transformed params: spd is not positive definite.  (in 'modelb7b76e632c85_m0_rho' at line 48)

Rejecting initial value:
  Error evaluating the log probability at the initial value.
Exception: validate transformed params: spd is not positive definite.  (in 'modelb7b76e632c85_m0_rho' at line 48)

Rejecting initial value:
  Error evaluating the log probability at the initial value.
Exception: validate transformed params: spd is not positive definite.  (in 'modelb7b76e632c85_m0_rho' at line 48)

Rejecting initial value:
  Error evaluating the log probability at the initial value.
Exception: validate transformed params: spd is not positive definite.  (in 'modelb7b76e632c85_m0_rho' at line 48)

Rejecting initial value:
  Error evaluating the log probability at the initial value.
Exception: validate transformed params: spd is not positive definite.  (in 'modelb7b76e632c85_m0_rho' at line 48)

Rejecting initial value:
  Error evaluating the log probability at the initial value.
Exception: validate transformed params: spd is not positive definite.  (in 'modelb7b76e632c85_m0_rho' at line 48)

Rejecting initial value:
  Error evaluating the log probability at the initial value.
Exception: validate transformed params: spd is not positive definite.  (in 'modelb7b76e632c85_m0_rho' at line 48)

Rejecting initial value:
  Error evaluating the log probability at the initial value.
Exception: validate transformed params: spd is not positive definite.  (in 'modelb7b76e632c85_m0_rho' at line 48)

Rejecting initial value:
  Error evaluating the log probability at the initial value.
Exception: validate transformed params: spd is not positive definite.  (in 'modelb7b76e632c85_m0_rho' at line 48)

Rejecting initial value:
  Error evaluating the log probability at the initial value.
Exception: validate transformed params: spd is not positive definite.  (in 'modelb7b76e632c85_m0_rho' at line 48)

Rejecting initial value:
  Error evaluating the log probability at the initial value.
Exception: validate transformed params: spd is not positive definite.  (in 'modelb7b76e632c85_m0_rho' at line 48)

Rejecting initial value:
  Error evaluating the log probability at the initial value.
Exception: validate transformed params: spd is not positive definite.  (in 'modelb7b76e632c85_m0_rho' at line 48)

Rejecting initial value:
  Error evaluating the log probability at the initial value.
Exception: validate transformed params: spd is not positive definite.  (in 'modelb7b76e632c85_m0_rho' at line 48)

Rejecting initial value:
  Error evaluating the log probability at the initial value.
Exception: validate transformed params: spd is not positive definite.  (in 'modelb7b76e632c85_m0_rho' at line 48)

Rejecting initial value:
  Error evaluating the log probability at the initial value.
Exception: validate transformed params: spd is not positive definite.  (in 'modelb7b76e632c85_m0_rho' at line 48)

Rejecting initial value:
  Error evaluating the log probability at the initial value.
Exception: validate transformed params: spd is not positive definite.  (in 'modelb7b76e632c85_m0_rho' at line 48)

Rejecting initial value:
  Error evaluating the log probability at the initial value.
Exception: validate transformed params: spd is not positive definite.  (in 'modelb7b76e632c85_m0_rho' at line 48)

Rejecting initial value:
  Error evaluating the log probability at the initial value.
Exception: validate transformed params: spd is not positive definite.  (in 'modelb7b76e632c85_m0_rho' at line 48)

Rejecting initial value:
  Error evaluating the log probability at the initial value.
Exception: validate transformed params: spd is not positive definite.  (in 'modelb7b76e632c85_m0_rho' at line 48)


Initialization between (-2, 2) failed after 100 attempts. 
 Try specifying initial values, reducing ranges of constrained values, or reparameterizing the model.
[1] "Error in sampler$call_sampler(args_list[[i]]) : Initialization failed."

SAMPLING FOR MODEL 'm0_rho' NOW (CHAIN 4).
Rejecting initial value:
  Error evaluating the log probability at the initial value.
Exception: validate transformed params: spd is not positive definite.  (in 'modelb7b76e632c85_m0_rho' at line 48)

Rejecting initial value:
  Error evaluating the log probability at the initial value.
Exception: validate transformed params: spd is not positive definite.  (in 'modelb7b76e632c85_m0_rho' at line 48)

Rejecting initial value:
  Error evaluating the log probability at the initial value.
Exception: validate transformed params: spd is not positive definite.  (in 'modelb7b76e632c85_m0_rho' at line 48)

Rejecting initial value:
  Error evaluating the log probability at the initial value.
Exception: validate transformed params: spd is not positive definite.  (in 'modelb7b76e632c85_m0_rho' at line 48)

Rejecting initial value:
  Error evaluating the log probability at the initial value.
Exception: validate transformed params: spd is not positive definite.  (in 'modelb7b76e632c85_m0_rho' at line 48)

Rejecting initial value:
  Error evaluating the log probability at the initial value.
Exception: validate transformed params: spd is not positive definite.  (in 'modelb7b76e632c85_m0_rho' at line 48)

Rejecting initial value:
  Error evaluating the log probability at the initial value.
Exception: validate transformed params: spd is not positive definite.  (in 'modelb7b76e632c85_m0_rho' at line 48)

Rejecting initial value:
  Error evaluating the log probability at the initial value.
Exception: validate transformed params: spd is not positive definite.  (in 'modelb7b76e632c85_m0_rho' at line 48)

Rejecting initial value:
  Error evaluating the log probability at the initial value.
Exception: validate transformed params: spd is not positive definite.  (in 'modelb7b76e632c85_m0_rho' at line 48)

Rejecting initial value:
  Error evaluating the log probability at the initial value.
Exception: validate transformed params: spd is not positive definite.  (in 'modelb7b76e632c85_m0_rho' at line 48)

Rejecting initial value:
  Error evaluating the log probability at the initial value.
Exception: validate transformed params: spd is not positive definite.  (in 'modelb7b76e632c85_m0_rho' at line 48)

Rejecting initial value:
  Error evaluating the log probability at the initial value.
Exception: validate transformed params: spd is not positive definite.  (in 'modelb7b76e632c85_m0_rho' at line 48)

Rejecting initial value:
  Error evaluating the log probability at the initial value.
Exception: validate transformed params: spd is not positive definite.  (in 'modelb7b76e632c85_m0_rho' at line 48)

Rejecting initial value:
  Error evaluating the log probability at the initial value.
Exception: validate transformed params: spd is not positive definite.  (in 'modelb7b76e632c85_m0_rho' at line 48)

Rejecting initial value:
  Error evaluating the log probability at the initial value.
Exception: validate transformed params: spd is not positive definite.  (in 'modelb7b76e632c85_m0_rho' at line 48)

Rejecting initial value:
  Error evaluating the log probability at the initial value.
Exception: validate transformed params: spd is not positive definite.  (in 'modelb7b76e632c85_m0_rho' at line 48)

Rejecting initial value:
  Error evaluating the log probability at the initial value.
Exception: validate transformed params: spd is not positive definite.  (in 'modelb7b76e632c85_m0_rho' at line 48)

Rejecting initial value:
  Error evaluating the log probability at the initial value.
Exception: validate transformed params: spd is not positive definite.  (in 'modelb7b76e632c85_m0_rho' at line 48)

Rejecting initial value:
  Error evaluating the log probability at the initial value.
Exception: validate transformed params: spd is not positive definite.  (in 'modelb7b76e632c85_m0_rho' at line 48)

Rejecting initial value:
  Error evaluating the log probability at the initial value.
Exception: validate transformed params: spd is not positive definite.  (in 'modelb7b76e632c85_m0_rho' at line 48)

Rejecting initial value:
  Error evaluating the log probability at the initial value.
Exception: validate transformed params: spd is not positive definite.  (in 'modelb7b76e632c85_m0_rho' at line 48)

Rejecting initial value:
  Error evaluating the log probability at the initial value.
Exception: validate transformed params: spd is not positive definite.  (in 'modelb7b76e632c85_m0_rho' at line 48)

Rejecting initial value:
  Error evaluating the log probability at the initial value.
Exception: validate transformed params: spd is not positive definite.  (in 'modelb7b76e632c85_m0_rho' at line 48)

Rejecting initial value:
  Error evaluating the log probability at the initial value.
Exception: validate transformed params: spd is not positive definite.  (in 'modelb7b76e632c85_m0_rho' at line 48)

Rejecting initial value:
  Error evaluating the log probability at the initial value.
Exception: validate transformed params: spd is not positive definite.  (in 'modelb7b76e632c85_m0_rho' at line 48)

Rejecting initial value:
  Error evaluating the log probability at the initial value.
Exception: validate transformed params: spd is not positive definite.  (in 'modelb7b76e632c85_m0_rho' at line 48)

Rejecting initial value:
  Error evaluating the log probability at the initial value.
Exception: validate transformed params: spd is not positive definite.  (in 'modelb7b76e632c85_m0_rho' at line 48)

Rejecting initial value:
  Error evaluating the log probability at the initial value.
Exception: validate transformed params: spd is not positive definite.  (in 'modelb7b76e632c85_m0_rho' at line 48)

Rejecting initial value:
  Error evaluating the log probability at the initial value.
Exception: validate transformed params: spd is not positive definite.  (in 'modelb7b76e632c85_m0_rho' at line 48)

Rejecting initial value:
  Error evaluating the log probability at the initial value.
Exception: validate transformed params: spd is not positive definite.  (in 'modelb7b76e632c85_m0_rho' at line 48)

Rejecting initial value:
  Error evaluating the log probability at the initial value.
Exception: validate transformed params: spd is not positive definite.  (in 'modelb7b76e632c85_m0_rho' at line 48)

Rejecting initial value:
  Error evaluating the log probability at the initial value.
Exception: validate transformed params: spd is not positive definite.  (in 'modelb7b76e632c85_m0_rho' at line 48)

Rejecting initial value:
  Error evaluating the log probability at the initial value.
Exception: validate transformed params: spd is not positive definite.  (in 'modelb7b76e632c85_m0_rho' at line 48)

Rejecting initial value:
  Error evaluating the log probability at the initial value.
Exception: validate transformed params: spd is not positive definite.  (in 'modelb7b76e632c85_m0_rho' at line 48)

Rejecting initial value:
  Error evaluating the log probability at the initial value.
Exception: validate transformed params: spd is not positive definite.  (in 'modelb7b76e632c85_m0_rho' at line 48)

Rejecting initial value:
  Error evaluating the log probability at the initial value.
Exception: validate transformed params: spd is not positive definite.  (in 'modelb7b76e632c85_m0_rho' at line 48)

Rejecting initial value:
  Error evaluating the log probability at the initial value.
Exception: validate transformed params: spd is not positive definite.  (in 'modelb7b76e632c85_m0_rho' at line 48)

Rejecting initial value:
  Error evaluating the log probability at the initial value.
Exception: validate transformed params: spd is not positive definite.  (in 'modelb7b76e632c85_m0_rho' at line 48)

Rejecting initial value:
  Error evaluating the log probability at the initial value.
Exception: validate transformed params: spd is not positive definite.  (in 'modelb7b76e632c85_m0_rho' at line 48)

Rejecting initial value:
  Error evaluating the log probability at the initial value.
Exception: validate transformed params: spd is not positive definite.  (in 'modelb7b76e632c85_m0_rho' at line 48)

Rejecting initial value:
  Error evaluating the log probability at the initial value.
Exception: validate transformed params: spd is not positive definite.  (in 'modelb7b76e632c85_m0_rho' at line 48)

Rejecting initial value:
  Error evaluating the log probability at the initial value.
Exception: validate transformed params: spd is not positive definite.  (in 'modelb7b76e632c85_m0_rho' at line 48)

Rejecting initial value:
  Error evaluating the log probability at the initial value.
Exception: validate transformed params: spd is not positive definite.  (in 'modelb7b76e632c85_m0_rho' at line 48)

Rejecting initial value:
  Error evaluating the log probability at the initial value.
Exception: validate transformed params: spd is not positive definite.  (in 'modelb7b76e632c85_m0_rho' at line 48)

Rejecting initial value:
  Error evaluating the log probability at the initial value.
Exception: validate transformed params: spd is not positive definite.  (in 'modelb7b76e632c85_m0_rho' at line 48)

Rejecting initial value:
  Error evaluating the log probability at the initial value.
Exception: validate transformed params: spd is not positive definite.  (in 'modelb7b76e632c85_m0_rho' at line 48)

Rejecting initial value:
  Error evaluating the log probability at the initial value.
Exception: validate transformed params: spd is not positive definite.  (in 'modelb7b76e632c85_m0_rho' at line 48)

Rejecting initial value:
  Error evaluating the log probability at the initial value.
Exception: validate transformed params: spd is not positive definite.  (in 'modelb7b76e632c85_m0_rho' at line 48)

Rejecting initial value:
  Error evaluating the log probability at the initial value.
Exception: validate transformed params: spd is not positive definite.  (in 'modelb7b76e632c85_m0_rho' at line 48)

Rejecting initial value:
  Error evaluating the log probability at the initial value.
Exception: validate transformed params: spd is not positive definite.  (in 'modelb7b76e632c85_m0_rho' at line 48)

Rejecting initial value:
  Error evaluating the log probability at the initial value.
Exception: validate transformed params: spd is not positive definite.  (in 'modelb7b76e632c85_m0_rho' at line 48)

Rejecting initial value:
  Error evaluating the log probability at the initial value.
Exception: validate transformed params: spd is not positive definite.  (in 'modelb7b76e632c85_m0_rho' at line 48)

Rejecting initial value:
  Error evaluating the log probability at the initial value.
Exception: validate transformed params: spd is not positive definite.  (in 'modelb7b76e632c85_m0_rho' at line 48)

Rejecting initial value:
  Error evaluating the log probability at the initial value.
Exception: validate transformed params: spd is not positive definite.  (in 'modelb7b76e632c85_m0_rho' at line 48)

Rejecting initial value:
  Error evaluating the log probability at the initial value.
Exception: validate transformed params: spd is not positive definite.  (in 'modelb7b76e632c85_m0_rho' at line 48)

Rejecting initial value:
  Error evaluating the log probability at the initial value.
Exception: validate transformed params: spd is not positive definite.  (in 'modelb7b76e632c85_m0_rho' at line 48)

Rejecting initial value:
  Error evaluating the log probability at the initial value.
Exception: validate transformed params: spd is not positive definite.  (in 'modelb7b76e632c85_m0_rho' at line 48)

Rejecting initial value:
  Error evaluating the log probability at the initial value.
Exception: validate transformed params: spd is not positive definite.  (in 'modelb7b76e632c85_m0_rho' at line 48)

Rejecting initial value:
  Error evaluating the log probability at the initial value.
Exception: validate transformed params: spd is not positive definite.  (in 'modelb7b76e632c85_m0_rho' at line 48)

Rejecting initial value:
  Error evaluating the log probability at the initial value.
Exception: validate transformed params: spd is not positive definite.  (in 'modelb7b76e632c85_m0_rho' at line 48)

Rejecting initial value:
  Error evaluating the log probability at the initial value.
Exception: validate transformed params: spd is not positive definite.  (in 'modelb7b76e632c85_m0_rho' at line 48)

Rejecting initial value:
  Error evaluating the log probability at the initial value.
Exception: validate transformed params: spd is not positive definite.  (in 'modelb7b76e632c85_m0_rho' at line 48)

Rejecting initial value:
  Error evaluating the log probability at the initial value.
Exception: validate transformed params: spd is not positive definite.  (in 'modelb7b76e632c85_m0_rho' at line 48)

Rejecting initial value:
  Error evaluating the log probability at the initial value.
Exception: validate transformed params: spd is not positive definite.  (in 'modelb7b76e632c85_m0_rho' at line 48)

Rejecting initial value:
  Error evaluating the log probability at the initial value.
Exception: validate transformed params: spd is not positive definite.  (in 'modelb7b76e632c85_m0_rho' at line 48)

Rejecting initial value:
  Error evaluating the log probability at the initial value.
Exception: validate transformed params: spd is not positive definite.  (in 'modelb7b76e632c85_m0_rho' at line 48)

Rejecting initial value:
  Error evaluating the log probability at the initial value.
Exception: validate transformed params: spd is not positive definite.  (in 'modelb7b76e632c85_m0_rho' at line 48)

Rejecting initial value:
  Error evaluating the log probability at the initial value.
Exception: validate transformed params: spd is not positive definite.  (in 'modelb7b76e632c85_m0_rho' at line 48)

Rejecting initial value:
  Error evaluating the log probability at the initial value.
Exception: validate transformed params: spd is not positive definite.  (in 'modelb7b76e632c85_m0_rho' at line 48)

Rejecting initial value:
  Error evaluating the log probability at the initial value.
Exception: validate transformed params: spd is not positive definite.  (in 'modelb7b76e632c85_m0_rho' at line 48)

Rejecting initial value:
  Error evaluating the log probability at the initial value.
Exception: validate transformed params: spd is not positive definite.  (in 'modelb7b76e632c85_m0_rho' at line 48)

Rejecting initial value:
  Error evaluating the log probability at the initial value.
Exception: validate transformed params: spd is not positive definite.  (in 'modelb7b76e632c85_m0_rho' at line 48)

Rejecting initial value:
  Error evaluating the log probability at the initial value.
Exception: validate transformed params: spd is not positive definite.  (in 'modelb7b76e632c85_m0_rho' at line 48)

Rejecting initial value:
  Error evaluating the log probability at the initial value.
Exception: validate transformed params: spd is not positive definite.  (in 'modelb7b76e632c85_m0_rho' at line 48)

Rejecting initial value:
  Error evaluating the log probability at the initial value.
Exception: validate transformed params: spd is not positive definite.  (in 'modelb7b76e632c85_m0_rho' at line 48)

Rejecting initial value:
  Error evaluating the log probability at the initial value.
Exception: validate transformed params: spd is not positive definite.  (in 'modelb7b76e632c85_m0_rho' at line 48)

Rejecting initial value:
  Error evaluating the log probability at the initial value.
Exception: validate transformed params: spd is not positive definite.  (in 'modelb7b76e632c85_m0_rho' at line 48)

Rejecting initial value:
  Error evaluating the log probability at the initial value.
Exception: validate transformed params: spd is not positive definite.  (in 'modelb7b76e632c85_m0_rho' at line 48)

Rejecting initial value:
  Error evaluating the log probability at the initial value.
Exception: validate transformed params: spd is not positive definite.  (in 'modelb7b76e632c85_m0_rho' at line 48)

Rejecting initial value:
  Error evaluating the log probability at the initial value.
Exception: validate transformed params: spd is not positive definite.  (in 'modelb7b76e632c85_m0_rho' at line 48)

Rejecting initial value:
  Error evaluating the log probability at the initial value.
Exception: validate transformed params: spd is not positive definite.  (in 'modelb7b76e632c85_m0_rho' at line 48)

Rejecting initial value:
  Error evaluating the log probability at the initial value.
Exception: validate transformed params: spd is not positive definite.  (in 'modelb7b76e632c85_m0_rho' at line 48)

Rejecting initial value:
  Error evaluating the log probability at the initial value.
Exception: validate transformed params: spd is not positive definite.  (in 'modelb7b76e632c85_m0_rho' at line 48)

Rejecting initial value:
  Error evaluating the log probability at the initial value.
Exception: validate transformed params: spd is not positive definite.  (in 'modelb7b76e632c85_m0_rho' at line 48)

Rejecting initial value:
  Error evaluating the log probability at the initial value.
Exception: validate transformed params: spd is not positive definite.  (in 'modelb7b76e632c85_m0_rho' at line 48)

Rejecting initial value:
  Error evaluating the log probability at the initial value.
Exception: validate transformed params: spd is not positive definite.  (in 'modelb7b76e632c85_m0_rho' at line 48)

Rejecting initial value:
  Error evaluating the log probability at the initial value.
Exception: validate transformed params: spd is not positive definite.  (in 'modelb7b76e632c85_m0_rho' at line 48)

Rejecting initial value:
  Error evaluating the log probability at the initial value.
Exception: validate transformed params: spd is not positive definite.  (in 'modelb7b76e632c85_m0_rho' at line 48)

Rejecting initial value:
  Error evaluating the log probability at the initial value.
Exception: validate transformed params: spd is not positive definite.  (in 'modelb7b76e632c85_m0_rho' at line 48)

Rejecting initial value:
  Error evaluating the log probability at the initial value.
Exception: validate transformed params: spd is not positive definite.  (in 'modelb7b76e632c85_m0_rho' at line 48)

Rejecting initial value:
  Error evaluating the log probability at the initial value.
Exception: validate transformed params: spd is not positive definite.  (in 'modelb7b76e632c85_m0_rho' at line 48)

Rejecting initial value:
  Error evaluating the log probability at the initial value.
Exception: validate transformed params: spd is not positive definite.  (in 'modelb7b76e632c85_m0_rho' at line 48)

Rejecting initial value:
  Error evaluating the log probability at the initial value.
Exception: validate transformed params: spd is not positive definite.  (in 'modelb7b76e632c85_m0_rho' at line 48)

Rejecting initial value:
  Error evaluating the log probability at the initial value.
Exception: validate transformed params: spd is not positive definite.  (in 'modelb7b76e632c85_m0_rho' at line 48)

Rejecting initial value:
  Error evaluating the log probability at the initial value.
Exception: validate transformed params: spd is not positive definite.  (in 'modelb7b76e632c85_m0_rho' at line 48)

Rejecting initial value:
  Error evaluating the log probability at the initial value.
Exception: validate transformed params: spd is not positive definite.  (in 'modelb7b76e632c85_m0_rho' at line 48)

Rejecting initial value:
  Error evaluating the log probability at the initial value.
Exception: validate transformed params: spd is not positive definite.  (in 'modelb7b76e632c85_m0_rho' at line 48)

Rejecting initial value:
  Error evaluating the log probability at the initial value.
Exception: validate transformed params: spd is not positive definite.  (in 'modelb7b76e632c85_m0_rho' at line 48)

Rejecting initial value:
  Error evaluating the log probability at the initial value.
Exception: validate transformed params: spd is not positive definite.  (in 'modelb7b76e632c85_m0_rho' at line 48)

Rejecting initial value:
  Error evaluating the log probability at the initial value.
Exception: validate transformed params: spd is not positive definite.  (in 'modelb7b76e632c85_m0_rho' at line 48)


Initialization between (-2, 2) failed after 100 attempts. 
 Try specifying initial values, reducing ranges of constrained values, or reparameterizing the model.
[1] "Error in sampler$call_sampler(args_list[[i]]) : Initialization failed."
Rejecting initial value:
  Error evaluating the log probability at the initial value.
Exception: validate transformed params: spd is not positive definite.  (in 'modelb7b76e632c85_m0_rho' at line 48)

Rejecting initial value:
  Error evaluating the log probability at the initial value.
Exception: validate transformed params: spd is not positive definite.  (in 'modelb7b76e632c85_m0_rho' at line 48)

Rejecting initial value:
  Error evaluating the log probability at the initial value.
Exception: validate transformed params: spd is not positive definite.  (in 'modelb7b76e632c85_m0_rho' at line 48)

Rejecting initial value:
  Error evaluating the log probability at the initial value.
Exception: validate transformed params: spd is not positive definite.  (in 'modelb7b76e632c85_m0_rho' at line 48)

Rejecting initial value:
  Error evaluating the log probability at the initial value.
Exception: validate transformed params: spd is not positive definite.  (in 'modelb7b76e632c85_m0_rho' at line 48)

Rejecting initial value:
  Error evaluating the log probability at the initial value.
Exception: validate transformed params: spd is not positive definite.  (in 'modelb7b76e632c85_m0_rho' at line 48)

Rejecting initial value:
  Error evaluating the log probability at the initial value.
Exception: validate transformed params: spd is not positive definite.  (in 'modelb7b76e632c85_m0_rho' at line 48)

Rejecting initial value:
  Error evaluating the log probability at the initial value.
Exception: validate transformed params: spd is not positive definite.  (in 'modelb7b76e632c85_m0_rho' at line 48)

Rejecting initial value:
  Error evaluating the log probability at the initial value.
Exception: validate transformed params: spd is not positive definite.  (in 'modelb7b76e632c85_m0_rho' at line 48)

Rejecting initial value:
  Error evaluating the log probability at the initial value.
Exception: validate transformed params: spd is not positive definite.  (in 'modelb7b76e632c85_m0_rho' at line 48)

Rejecting initial value:
  Error evaluating the log probability at the initial value.
Exception: validate transformed params: spd is not positive definite.  (in 'modelb7b76e632c85_m0_rho' at line 48)

Rejecting initial value:
  Error evaluating the log probability at the initial value.
Exception: validate transformed params: spd is not positive definite.  (in 'modelb7b76e632c85_m0_rho' at line 48)

Rejecting initial value:
  Error evaluating the log probability at the initial value.
Exception: validate transformed params: spd is not positive definite.  (in 'modelb7b76e632c85_m0_rho' at line 48)

Rejecting initial value:
  Error evaluating the log probability at the initial value.
Exception: validate transformed params: spd is not positive definite.  (in 'modelb7b76e632c85_m0_rho' at line 48)

Rejecting initial value:
  Error evaluating the log probability at the initial value.
Exception: validate transformed params: spd is not positive definite.  (in 'modelb7b76e632c85_m0_rho' at line 48)

Rejecting initial value:
  Error evaluating the log probability at the initial value.
Exception: validate transformed params: spd is not positive definite.  (in 'modelb7b76e632c85_m0_rho' at line 48)

Rejecting initial value:
  Error evaluating the log probability at the initial value.
Exception: validate transformed params: spd is not positive definite.  (in 'modelb7b76e632c85_m0_rho' at line 48)

Rejecting initial value:
  Error evaluating the log probability at the initial value.
Exception: validate transformed params: spd is not positive definite.  (in 'modelb7b76e632c85_m0_rho' at line 48)

Rejecting initial value:
  Error evaluating the log probability at the initial value.
Exception: validate transformed params: spd is not positive definite.  (in 'modelb7b76e632c85_m0_rho' at line 48)

Rejecting initial value:
  Error evaluating the log probability at the initial value.
Exception: validate transformed params: spd is not positive definite.  (in 'modelb7b76e632c85_m0_rho' at line 48)

Rejecting initial value:
  Error evaluating the log probability at the initial value.
Exception: validate transformed params: spd is not positive definite.  (in 'modelb7b76e632c85_m0_rho' at line 48)

Rejecting initial value:
  Error evaluating the log probability at the initial value.
Exception: validate transformed params: spd is not positive definite.  (in 'modelb7b76e632c85_m0_rho' at line 48)

Rejecting initial value:
  Error evaluating the log probability at the initial value.
Exception: validate transformed params: spd is not positive definite.  (in 'modelb7b76e632c85_m0_rho' at line 48)

Rejecting initial value:
  Error evaluating the log probability at the initial value.
Exception: validate transformed params: spd is not positive definite.  (in 'modelb7b76e632c85_m0_rho' at line 48)

Rejecting initial value:
  Error evaluating the log probability at the initial value.
Exception: validate transformed params: spd is not positive definite.  (in 'modelb7b76e632c85_m0_rho' at line 48)

Rejecting initial value:
  Error evaluating the log probability at the initial value.
Exception: validate transformed params: spd is not positive definite.  (in 'modelb7b76e632c85_m0_rho' at line 48)

Rejecting initial value:
  Error evaluating the log probability at the initial value.
Exception: validate transformed params: spd is not positive definite.  (in 'modelb7b76e632c85_m0_rho' at line 48)

Rejecting initial value:
  Error evaluating the log probability at the initial value.
Exception: validate transformed params: spd is not positive definite.  (in 'modelb7b76e632c85_m0_rho' at line 48)

Rejecting initial value:
  Error evaluating the log probability at the initial value.
Exception: validate transformed params: spd is not positive definite.  (in 'modelb7b76e632c85_m0_rho' at line 48)

Rejecting initial value:
  Error evaluating the log probability at the initial value.
Exception: validate transformed params: spd is not positive definite.  (in 'modelb7b76e632c85_m0_rho' at line 48)

Rejecting initial value:
  Error evaluating the log probability at the initial value.
Exception: validate transformed params: spd is not positive definite.  (in 'modelb7b76e632c85_m0_rho' at line 48)

Rejecting initial value:
  Error evaluating the log probability at the initial value.
Exception: validate transformed params: spd is not positive definite.  (in 'modelb7b76e632c85_m0_rho' at line 48)

Rejecting initial value:
  Error evaluating the log probability at the initial value.
Exception: validate transformed params: spd is not positive definite.  (in 'modelb7b76e632c85_m0_rho' at line 48)

Rejecting initial value:
  Error evaluating the log probability at the initial value.
Exception: validate transformed params: spd is not positive definite.  (in 'modelb7b76e632c85_m0_rho' at line 48)

Rejecting initial value:
  Error evaluating the log probability at the initial value.
Exception: validate transformed params: spd is not positive definite.  (in 'modelb7b76e632c85_m0_rho' at line 48)

Rejecting initial value:
  Error evaluating the log probability at the initial value.
Exception: validate transformed params: spd is not positive definite.  (in 'modelb7b76e632c85_m0_rho' at line 48)

Rejecting initial value:
  Error evaluating the log probability at the initial value.
Exception: validate transformed params: spd is not positive definite.  (in 'modelb7b76e632c85_m0_rho' at line 48)

Rejecting initial value:
  Error evaluating the log probability at the initial value.
Exception: validate transformed params: spd is not positive definite.  (in 'modelb7b76e632c85_m0_rho' at line 48)

Rejecting initial value:
  Error evaluating the log probability at the initial value.
Exception: validate transformed params: spd is not positive definite.  (in 'modelb7b76e632c85_m0_rho' at line 48)

Rejecting initial value:
  Error evaluating the log probability at the initial value.
Exception: validate transformed params: spd is not positive definite.  (in 'modelb7b76e632c85_m0_rho' at line 48)

Rejecting initial value:
  Error evaluating the log probability at the initial value.
Exception: validate transformed params: spd is not positive definite.  (in 'modelb7b76e632c85_m0_rho' at line 48)

Rejecting initial value:
  Error evaluating the log probability at the initial value.
Exception: validate transformed params: spd is not positive definite.  (in 'modelb7b76e632c85_m0_rho' at line 48)

Rejecting initial value:
  Error evaluating the log probability at the initial value.
Exception: validate transformed params: spd is not positive definite.  (in 'modelb7b76e632c85_m0_rho' at line 48)

Rejecting initial value:
  Error evaluating the log probability at the initial value.
Exception: validate transformed params: spd is not positive definite.  (in 'modelb7b76e632c85_m0_rho' at line 48)

Rejecting initial value:
  Error evaluating the log probability at the initial value.
Exception: validate transformed params: spd is not positive definite.  (in 'modelb7b76e632c85_m0_rho' at line 48)

Rejecting initial value:
  Error evaluating the log probability at the initial value.
Exception: validate transformed params: spd is not positive definite.  (in 'modelb7b76e632c85_m0_rho' at line 48)

Rejecting initial value:
  Error evaluating the log probability at the initial value.
Exception: validate transformed params: spd is not positive definite.  (in 'modelb7b76e632c85_m0_rho' at line 48)

Rejecting initial value:
  Error evaluating the log probability at the initial value.
Exception: validate transformed params: spd is not positive definite.  (in 'modelb7b76e632c85_m0_rho' at line 48)

Rejecting initial value:
  Error evaluating the log probability at the initial value.
Exception: validate transformed params: spd is not positive definite.  (in 'modelb7b76e632c85_m0_rho' at line 48)

Rejecting initial value:
  Error evaluating the log probability at the initial value.
Exception: validate transformed params: spd is not positive definite.  (in 'modelb7b76e632c85_m0_rho' at line 48)

Rejecting initial value:
  Error evaluating the log probability at the initial value.
Exception: validate transformed params: spd is not positive definite.  (in 'modelb7b76e632c85_m0_rho' at line 48)

Rejecting initial value:
  Error evaluating the log probability at the initial value.
Exception: validate transformed params: spd is not positive definite.  (in 'modelb7b76e632c85_m0_rho' at line 48)

Rejecting initial value:
  Error evaluating the log probability at the initial value.
Exception: validate transformed params: spd is not positive definite.  (in 'modelb7b76e632c85_m0_rho' at line 48)

Rejecting initial value:
  Error evaluating the log probability at the initial value.
Exception: validate transformed params: spd is not positive definite.  (in 'modelb7b76e632c85_m0_rho' at line 48)

Rejecting initial value:
  Error evaluating the log probability at the initial value.
Exception: validate transformed params: spd is not positive definite.  (in 'modelb7b76e632c85_m0_rho' at line 48)

Rejecting initial value:
  Error evaluating the log probability at the initial value.
Exception: validate transformed params: spd is not positive definite.  (in 'modelb7b76e632c85_m0_rho' at line 48)

Rejecting initial value:
  Error evaluating the log probability at the initial value.
Exception: validate transformed params: spd is not positive definite.  (in 'modelb7b76e632c85_m0_rho' at line 48)

Rejecting initial value:
  Error evaluating the log probability at the initial value.
Exception: validate transformed params: spd is not positive definite.  (in 'modelb7b76e632c85_m0_rho' at line 48)

Rejecting initial value:
  Error evaluating the log probability at the initial value.
Exception: validate transformed params: spd is not positive definite.  (in 'modelb7b76e632c85_m0_rho' at line 48)

Rejecting initial value:
  Error evaluating the log probability at the initial value.
Exception: validate transformed params: spd is not positive definite.  (in 'modelb7b76e632c85_m0_rho' at line 48)

Rejecting initial value:
  Error evaluating the log probability at the initial value.
Exception: validate transformed params: spd is not positive definite.  (in 'modelb7b76e632c85_m0_rho' at line 48)

Rejecting initial value:
  Error evaluating the log probability at the initial value.
Exception: validate transformed params: spd is not positive definite.  (in 'modelb7b76e632c85_m0_rho' at line 48)

Rejecting initial value:
  Error evaluating the log probability at the initial value.
Exception: validate transformed params: spd is not positive definite.  (in 'modelb7b76e632c85_m0_rho' at line 48)

Rejecting initial value:
  Error evaluating the log probability at the initial value.
Exception: validate transformed params: spd is not positive definite.  (in 'modelb7b76e632c85_m0_rho' at line 48)

Rejecting initial value:
  Error evaluating the log probability at the initial value.
Exception: validate transformed params: spd is not positive definite.  (in 'modelb7b76e632c85_m0_rho' at line 48)

Rejecting initial value:
  Error evaluating the log probability at the initial value.
Exception: validate transformed params: spd is not positive definite.  (in 'modelb7b76e632c85_m0_rho' at line 48)

Rejecting initial value:
  Error evaluating the log probability at the initial value.
Exception: validate transformed params: spd is not positive definite.  (in 'modelb7b76e632c85_m0_rho' at line 48)

Rejecting initial value:
  Error evaluating the log probability at the initial value.
Exception: validate transformed params: spd is not positive definite.  (in 'modelb7b76e632c85_m0_rho' at line 48)

Rejecting initial value:
  Error evaluating the log probability at the initial value.
Exception: validate transformed params: spd is not positive definite.  (in 'modelb7b76e632c85_m0_rho' at line 48)

Rejecting initial value:
  Error evaluating the log probability at the initial value.
Exception: validate transformed params: spd is not positive definite.  (in 'modelb7b76e632c85_m0_rho' at line 48)

Rejecting initial value:
  Error evaluating the log probability at the initial value.
Exception: validate transformed params: spd is not positive definite.  (in 'modelb7b76e632c85_m0_rho' at line 48)

Rejecting initial value:
  Error evaluating the log probability at the initial value.
Exception: validate transformed params: spd is not positive definite.  (in 'modelb7b76e632c85_m0_rho' at line 48)

Rejecting initial value:
  Error evaluating the log probability at the initial value.
Exception: validate transformed params: spd is not positive definite.  (in 'modelb7b76e632c85_m0_rho' at line 48)

Rejecting initial value:
  Error evaluating the log probability at the initial value.
Exception: validate transformed params: spd is not positive definite.  (in 'modelb7b76e632c85_m0_rho' at line 48)

Rejecting initial value:
  Error evaluating the log probability at the initial value.
Exception: validate transformed params: spd is not positive definite.  (in 'modelb7b76e632c85_m0_rho' at line 48)

Rejecting initial value:
  Error evaluating the log probability at the initial value.
Exception: validate transformed params: spd is not positive definite.  (in 'modelb7b76e632c85_m0_rho' at line 48)

Rejecting initial value:
  Error evaluating the log probability at the initial value.
Exception: validate transformed params: spd is not positive definite.  (in 'modelb7b76e632c85_m0_rho' at line 48)

Rejecting initial value:
  Error evaluating the log probability at the initial value.
Exception: validate transformed params: spd is not positive definite.  (in 'modelb7b76e632c85_m0_rho' at line 48)

Rejecting initial value:
  Error evaluating the log probability at the initial value.
Exception: validate transformed params: spd is not positive definite.  (in 'modelb7b76e632c85_m0_rho' at line 48)

Rejecting initial value:
  Error evaluating the log probability at the initial value.
Exception: validate transformed params: spd is not positive definite.  (in 'modelb7b76e632c85_m0_rho' at line 48)

Rejecting initial value:
  Error evaluating the log probability at the initial value.
Exception: validate transformed params: spd is not positive definite.  (in 'modelb7b76e632c85_m0_rho' at line 48)

Rejecting initial value:
  Error evaluating the log probability at the initial value.
Exception: validate transformed params: spd is not positive definite.  (in 'modelb7b76e632c85_m0_rho' at line 48)

Rejecting initial value:
  Error evaluating the log probability at the initial value.
Exception: validate transformed params: spd is not positive definite.  (in 'modelb7b76e632c85_m0_rho' at line 48)

Rejecting initial value:
  Error evaluating the log probability at the initial value.
Exception: validate transformed params: spd is not positive definite.  (in 'modelb7b76e632c85_m0_rho' at line 48)

Rejecting initial value:
  Error evaluating the log probability at the initial value.
Exception: validate transformed params: spd is not positive definite.  (in 'modelb7b76e632c85_m0_rho' at line 48)

Rejecting initial value:
  Error evaluating the log probability at the initial value.
Exception: validate transformed params: spd is not positive definite.  (in 'modelb7b76e632c85_m0_rho' at line 48)

Rejecting initial value:
  Error evaluating the log probability at the initial value.
Exception: validate transformed params: spd is not positive definite.  (in 'modelb7b76e632c85_m0_rho' at line 48)

Rejecting initial value:
  Error evaluating the log probability at the initial value.
Exception: validate transformed params: spd is not positive definite.  (in 'modelb7b76e632c85_m0_rho' at line 48)

Rejecting initial value:
  Error evaluating the log probability at the initial value.
Exception: validate transformed params: spd is not positive definite.  (in 'modelb7b76e632c85_m0_rho' at line 48)

Rejecting initial value:
  Error evaluating the log probability at the initial value.
Exception: validate transformed params: spd is not positive definite.  (in 'modelb7b76e632c85_m0_rho' at line 48)

Rejecting initial value:
  Error evaluating the log probability at the initial value.
Exception: validate transformed params: spd is not positive definite.  (in 'modelb7b76e632c85_m0_rho' at line 48)

Rejecting initial value:
  Error evaluating the log probability at the initial value.
Exception: validate transformed params: spd is not positive definite.  (in 'modelb7b76e632c85_m0_rho' at line 48)

Rejecting initial value:
  Error evaluating the log probability at the initial value.
Exception: validate transformed params: spd is not positive definite.  (in 'modelb7b76e632c85_m0_rho' at line 48)

Rejecting initial value:
  Error evaluating the log probability at the initial value.
Exception: validate transformed params: spd is not positive definite.  (in 'modelb7b76e632c85_m0_rho' at line 48)

Rejecting initial value:
  Error evaluating the log probability at the initial value.
Exception: validate transformed params: spd is not positive definite.  (in 'modelb7b76e632c85_m0_rho' at line 48)

Rejecting initial value:
  Error evaluating the log probability at the initial value.
Exception: validate transformed params: spd is not positive definite.  (in 'modelb7b76e632c85_m0_rho' at line 48)

Rejecting initial value:
  Error evaluating the log probability at the initial value.
Exception: validate transformed params: spd is not positive definite.  (in 'modelb7b76e632c85_m0_rho' at line 48)

Rejecting initial value:
  Error evaluating the log probability at the initial value.
Exception: validate transformed params: spd is not positive definite.  (in 'modelb7b76e632c85_m0_rho' at line 48)

Rejecting initial value:
  Error evaluating the log probability at the initial value.
Exception: validate transformed params: spd is not positive definite.  (in 'modelb7b76e632c85_m0_rho' at line 48)

Rejecting initial value:
  Error evaluating the log probability at the initial value.
Exception: validate transformed params: spd is not positive definite.  (in 'modelb7b76e632c85_m0_rho' at line 48)


Initialization between (-2, 2) failed after 100 attempts. 
 Try specifying initial values, reducing ranges of constrained values, or reparameterizing the model.
[1] "Error in sampler$call_sampler(args_list[[i]]) : Initialization failed."
[[1]]
Stan model 'm0_rho' does not contain samples.

[[2]]
Stan model 'm0_rho' does not contain samples.

[[3]]
Stan model 'm0_rho' does not contain samples.

[[4]]
Stan model 'm0_rho' does not contain samples.

