── Attaching packages ─────────────────────────────────────── tidyverse 1.2.1 ──
✔ ggplot2 2.2.1     ✔ purrr   0.2.4
✔ tibble  1.3.4     ✔ dplyr   0.7.4
✔ tidyr   0.7.2     ✔ stringr 1.2.0
✔ readr   1.1.1     ✔ forcats 0.2.0
── Conflicts ────────────────────────────────────────── tidyverse_conflicts() ──
✖ dplyr::filter() masks stats::filter()
✖ dplyr::lag()    masks stats::lag()
Loading required package: StanHeaders
rstan (Version 2.16.2, packaged: 2017-07-03 09:24:58 UTC, GitRev: 2e1f913d3ca3)
For execution on a local, multicore CPU with excess RAM we recommend calling
rstan_options(auto_write = TRUE)
options(mc.cores = parallel::detectCores())

Attaching package: ‘rstan’

The following object is masked from ‘package:tidyr’:

    extract

This is loo version 1.1.0
[1] "Model: potPL_vec"
[1] "Data: GL"
[1] "n_iter = 1000"
[1] "n_warm = 500"
[1] "n_thin = 1"
[1] "n_chains = 3"
Parsed with column specification:
cols(
  sp = col_character(),
  DE = col_character(),
  GF = col_character(),
  LL = col_double(),
  LMA = col_double(),
  Aarea = col_double(),
  Rarea = col_double()
)
In file included from file2f7a1d5aba3b.cpp:8:
In file included from /usr/local/lib/R/3.4/site-library/StanHeaders/include/src/stan/model/model_header.hpp:4:
In file included from /usr/local/lib/R/3.4/site-library/StanHeaders/include/stan/math.hpp:4:
In file included from /usr/local/lib/R/3.4/site-library/StanHeaders/include/stan/math/rev/mat.hpp:4:
In file included from /usr/local/lib/R/3.4/site-library/StanHeaders/include/stan/math/rev/core.hpp:12:
In file included from /usr/local/lib/R/3.4/site-library/StanHeaders/include/stan/math/rev/core/gevv_vvv_vari.hpp:5:
In file included from /usr/local/lib/R/3.4/site-library/StanHeaders/include/stan/math/rev/core/var.hpp:7:
In file included from /usr/local/lib/R/3.4/site-library/BH/include/boost/math/tools/config.hpp:13:
In file included from /usr/local/lib/R/3.4/site-library/BH/include/boost/config.hpp:39:
/usr/local/lib/R/3.4/site-library/BH/include/boost/config/compiler/clang.hpp:200:11: warning: 'BOOST_NO_CXX11_RVALUE_REFERENCES' macro redefined [-Wmacro-redefined]
#  define BOOST_NO_CXX11_RVALUE_REFERENCES
          ^
<command line>:6:9: note: previous definition is here
#define BOOST_NO_CXX11_RVALUE_REFERENCES 1
        ^
1 warning generated.

SAMPLING FOR MODEL '24cfeb9363975665f52a5f6d36a3c06f' NOW (CHAIN 1).

Gradient evaluation took 0.00086 seconds
1000 transitions using 10 leapfrog steps per transition would take 8.6 seconds.
Adjust your expectations accordingly!


WARNING: No variance estimation is
         performed for num_warmup < 20

Iteration: 1 / 1 [100%]  (Sampling)

 Elapsed Time: 2e-06 seconds (Warm-up)
               0.001918 seconds (Sampling)
               0.00192 seconds (Total)


SAMPLING FOR MODEL '24cfeb9363975665f52a5f6d36a3c06f' NOW (CHAIN 1).

Gradient evaluation took 0.001462 seconds
1000 transitions using 10 leapfrog steps per transition would take 14.62 seconds.
Adjust your expectations accordingly!


Iteration:   1 / 1000 [  0%]  (Warmup)

SAMPLING FOR MODEL '24cfeb9363975665f52a5f6d36a3c06f' NOW (CHAIN 2).

Gradient evaluation took 0.000954 seconds
1000 transitions using 10 leapfrog steps per transition would take 9.54 seconds.
Adjust your expectations accordingly!


Iteration:   1 / 1000 [  0%]  (Warmup)

SAMPLING FOR MODEL '24cfeb9363975665f52a5f6d36a3c06f' NOW (CHAIN 3).

Gradient evaluation took 0.001654 seconds
1000 transitions using 10 leapfrog steps per transition would take 16.54 seconds.
Adjust your expectations accordingly!


Iteration:   1 / 1000 [  0%]  (Warmup)
Iteration: 100 / 1000 [ 10%]  (Warmup)
Iteration: 200 / 1000 [ 20%]  (Warmup)
Iteration: 100 / 1000 [ 10%]  (Warmup)
Iteration: 100 / 1000 [ 10%]  (Warmup)
Iteration: 300 / 1000 [ 30%]  (Warmup)
Iteration: 200 / 1000 [ 20%]  (Warmup)
Iteration: 400 / 1000 [ 40%]  (Warmup)
Iteration: 200 / 1000 [ 20%]  (Warmup)
Iteration: 300 / 1000 [ 30%]  (Warmup)
Iteration: 500 / 1000 [ 50%]  (Warmup)
Iteration: 501 / 1000 [ 50%]  (Sampling)
Iteration: 300 / 1000 [ 30%]  (Warmup)
Iteration: 400 / 1000 [ 40%]  (Warmup)
Iteration: 400 / 1000 [ 40%]  (Warmup)
Iteration: 600 / 1000 [ 60%]  (Sampling)
Iteration: 500 / 1000 [ 50%]  (Warmup)
Iteration: 501 / 1000 [ 50%]  (Sampling)
Iteration: 500 / 1000 [ 50%]  (Warmup)
Iteration: 501 / 1000 [ 50%]  (Sampling)
Iteration: 700 / 1000 [ 70%]  (Sampling)
Iteration: 600 / 1000 [ 60%]  (Sampling)
Iteration: 600 / 1000 [ 60%]  (Sampling)
Iteration: 800 / 1000 [ 80%]  (Sampling)
Iteration: 700 / 1000 [ 70%]  (Sampling)
Iteration: 700 / 1000 [ 70%]  (Sampling)
Iteration: 900 / 1000 [ 90%]  (Sampling)
Iteration: 800 / 1000 [ 80%]  (Sampling)
Iteration: 1000 / 1000 [100%]  (Sampling)

 Elapsed Time: 78.2596 seconds (Warm-up)
               38.3622 seconds (Sampling)
               116.622 seconds (Total)

Iteration: 800 / 1000 [ 80%]  (Sampling)
Iteration: 900 / 1000 [ 90%]  (Sampling)
Iteration: 1000 / 1000 [100%]  (Sampling)

 Elapsed Time: 91.373 seconds (Warm-up)
               33.7138 seconds (Sampling)
               125.087 seconds (Total)

Iteration: 900 / 1000 [ 90%]  (Sampling)
Iteration: 1000 / 1000 [100%]  (Sampling)

 Elapsed Time: 91.5814 seconds (Warm-up)
               42.025 seconds (Sampling)
               133.606 seconds (Total)

Warning messages:
1: There were 1 divergent transitions after warmup. Increasing adapt_delta above 0.8 may help. See
http://mc-stan.org/misc/warnings.html#divergent-transitions-after-warmup 
2: Examine the pairs() plot to diagnose sampling problems
 
[1] "done"
