── Attaching packages ─────────────────────────────────────── tidyverse 1.2.1 ──
✔ ggplot2 2.2.1     ✔ purrr   0.2.4
✔ tibble  1.3.4     ✔ dplyr   0.7.4
✔ tidyr   0.7.2     ✔ stringr 1.2.0
✔ readr   1.1.1     ✔ forcats 0.2.0
── Conflicts ────────────────────────────────────────── tidyverse_conflicts() ──
✖ dplyr::filter() masks stats::filter()
✖ dplyr::lag()    masks stats::lag()
Loading required package: StanHeaders
rstan (Version 2.16.2, packaged: 2017-07-03 09:24:58 UTC, GitRev: 2e1f913d3ca3)
For execution on a local, multicore CPU with excess RAM we recommend calling
rstan_options(auto_write = TRUE)
options(mc.cores = parallel::detectCores())

Attaching package: ‘rstan’

The following object is masked from ‘package:tidyr’:

    extract

This is loo version 1.1.0
[1] "Model: potPL4"
[1] "Data: GL"
[1] "n_iter = 1000"
[1] "n_warm = 500"
[1] "n_thin = 1"
[1] "n_chains = 3"
Parsed with column specification:
cols(
  sp = col_character(),
  DE = col_character(),
  GF = col_character(),
  LL = col_double(),
  LMA = col_double(),
  Aarea = col_double(),
  Rarea = col_double()
)
clang: warning: argument unused during compilation: '-arch x86_64'
In file included from file381e1bbc8f5d.cpp:8:
In file included from /home/mattocci/R/x86_64-pc-linux-gnu-library/3.4/StanHeaders/include/src/stan/model/model_header.hpp:4:
In file included from /home/mattocci/R/x86_64-pc-linux-gnu-library/3.4/StanHeaders/include/stan/math.hpp:4:
In file included from /home/mattocci/R/x86_64-pc-linux-gnu-library/3.4/StanHeaders/include/stan/math/rev/mat.hpp:4:
In file included from /home/mattocci/R/x86_64-pc-linux-gnu-library/3.4/StanHeaders/include/stan/math/rev/core.hpp:12:
In file included from /home/mattocci/R/x86_64-pc-linux-gnu-library/3.4/StanHeaders/include/stan/math/rev/core/gevv_vvv_vari.hpp:5:
In file included from /home/mattocci/R/x86_64-pc-linux-gnu-library/3.4/StanHeaders/include/stan/math/rev/core/var.hpp:7:
In file included from /home/mattocci/R/x86_64-pc-linux-gnu-library/3.4/BH/include/boost/math/tools/config.hpp:13:
In file included from /home/mattocci/R/x86_64-pc-linux-gnu-library/3.4/BH/include/boost/config.hpp:39:
/home/mattocci/R/x86_64-pc-linux-gnu-library/3.4/BH/include/boost/config/compiler/clang.hpp:200:11: warning: 'BOOST_NO_CXX11_RVALUE_REFERENCES' macro redefined [-Wmacro-redefined]
#  define BOOST_NO_CXX11_RVALUE_REFERENCES
          ^
<command line>:6:9: note: previous definition is here
#define BOOST_NO_CXX11_RVALUE_REFERENCES 1
        ^
1 warning generated.
clang: warning: argument unused during compilation: '-arch x86_64'

SAMPLING FOR MODEL 'c9c12bdba531e7e2df0d24a306c3bd69' NOW (CHAIN 1).

Gradient evaluation took 0.000779 seconds
1000 transitions using 10 leapfrog steps per transition would take 7.79 seconds.
Adjust your expectations accordingly!


WARNING: No variance estimation is
         performed for num_warmup < 20

Iteration: 1 / 1 [100%]  (Sampling)

 Elapsed Time: 1e-06 seconds (Warm-up)
               0.00128 seconds (Sampling)
               0.001281 seconds (Total)


SAMPLING FOR MODEL 'c9c12bdba531e7e2df0d24a306c3bd69' NOW (CHAIN 1).

Gradient evaluation took 0.001122 seconds
1000 transitions using 10 leapfrog steps per transition would take 11.22 seconds.
Adjust your expectations accordingly!


Iteration:   1 / 1000 [  0%]  (Warmup)

SAMPLING FOR MODEL 'c9c12bdba531e7e2df0d24a306c3bd69' NOW (CHAIN 2).

Gradient evaluation took 0.001183 seconds
1000 transitions using 10 leapfrog steps per transition would take 11.83 seconds.
Adjust your expectations accordingly!


Iteration:   1 / 1000 [  0%]  (Warmup)

SAMPLING FOR MODEL 'c9c12bdba531e7e2df0d24a306c3bd69' NOW (CHAIN 3).

Gradient evaluation took 0.001117 seconds
1000 transitions using 10 leapfrog steps per transition would take 11.17 seconds.
Adjust your expectations accordingly!


Iteration:   1 / 1000 [  0%]  (Warmup)
Iteration: 100 / 1000 [ 10%]  (Warmup)
Iteration: 100 / 1000 [ 10%]  (Warmup)
Iteration: 200 / 1000 [ 20%]  (Warmup)
