── Attaching packages ─────────────────────────────────────── tidyverse 1.2.1 ──
✔ ggplot2 2.2.1     ✔ purrr   0.2.4
✔ tibble  1.3.4     ✔ dplyr   0.7.4
✔ tidyr   0.7.2     ✔ stringr 1.2.0
✔ readr   1.1.1     ✔ forcats 0.2.0
── Conflicts ────────────────────────────────────────── tidyverse_conflicts() ──
✖ dplyr::filter() masks stats::filter()
✖ dplyr::lag()    masks stats::lag()
Loading required package: StanHeaders
rstan (Version 2.16.2, packaged: 2017-07-03 09:24:58 UTC, GitRev: 2e1f913d3ca3)
For execution on a local, multicore CPU with excess RAM we recommend calling
rstan_options(auto_write = TRUE)
options(mc.cores = parallel::detectCores())

Attaching package: ‘rstan’

The following object is masked from ‘package:tidyr’:

    extract

This is loo version 1.1.0
[1] "Model: potPL_type22"
[1] "Data: GL"
[1] "n_iter = 2000"
[1] "n_warm = 1000"
[1] "n_thin = 2"
[1] "n_chains = 3"
Parsed with column specification:
cols(
  sp = col_character(),
  DE = col_character(),
  GF = col_character(),
  LL = col_double(),
  LMA = col_double(),
  Aarea = col_double(),
  Rarea = col_double()
)
In file included from /home/mattocci/R/x86_64-pc-linux-gnu-library/3.4/rstan/include/rstan/rstaninc.hpp:3:0,
                 from file67729e3e4bf.cpp:1026:
/home/mattocci/R/x86_64-pc-linux-gnu-library/3.4/rstan/include/rstan/stan_fit.hpp: In function ‘int rstan::{anonymous}::command(rstan::stan_args&, Model&, Rcpp::List&, const std::vector<long unsigned int>&, const std::vector<std::__cxx11::basic_string<char> >&, RNG_t&)’:
/home/mattocci/R/x86_64-pc-linux-gnu-library/3.4/rstan/include/rstan/stan_fit.hpp:438:8: warning: ‘template<class> class std::auto_ptr’ is deprecated [-Wdeprecated-declarations]
   std::auto_ptr<stan::io::var_context> init_context_ptr;
        ^~~~~~~~
In file included from /usr/include/c++/6/bits/locale_conv.h:41:0,
                 from /usr/include/c++/6/locale:43,
                 from /home/mattocci/R/x86_64-pc-linux-gnu-library/3.4/BH/include/boost/lexical_cast/detail/converter_lexical_streams.hpp:43,
                 from /home/mattocci/R/x86_64-pc-linux-gnu-library/3.4/BH/include/boost/lexical_cast/detail/converter_lexical.hpp:54,
                 from /home/mattocci/R/x86_64-pc-linux-gnu-library/3.4/BH/include/boost/lexical_cast/try_lexical_convert.hpp:42,
                 from /home/mattocci/R/x86_64-pc-linux-gnu-library/3.4/BH/include/boost/lexical_cast.hpp:32,
                 from /home/mattocci/R/x86_64-pc-linux-gnu-library/3.4/BH/include/boost/math/tools/convert_from_string.hpp:15,
                 from /home/mattocci/R/x86_64-pc-linux-gnu-library/3.4/BH/include/boost/math/constants/constants.hpp:13,
                 from /home/mattocci/R/x86_64-pc-linux-gnu-library/3.4/StanHeaders/include/stan/math/prim/scal/fun/constants.hpp:4,
                 from /home/mattocci/R/x86_64-pc-linux-gnu-library/3.4/StanHeaders/include/stan/math/rev/core/operator_unary_plus.hpp:7,
                 from /home/mattocci/R/x86_64-pc-linux-gnu-library/3.4/StanHeaders/include/stan/math/rev/core.hpp:34,
                 from /home/mattocci/R/x86_64-pc-linux-gnu-library/3.4/StanHeaders/include/stan/math/rev/mat.hpp:4,
                 from /home/mattocci/R/x86_64-pc-linux-gnu-library/3.4/StanHeaders/include/stan/math.hpp:4,
                 from /home/mattocci/R/x86_64-pc-linux-gnu-library/3.4/StanHeaders/include/src/stan/model/model_header.hpp:4,
                 from file67729e3e4bf.cpp:8:
/usr/include/c++/6/bits/unique_ptr.h:49:28: note: declared here
   template<typename> class auto_ptr;
                            ^~~~~~~~
In file included from /home/mattocci/R/x86_64-pc-linux-gnu-library/3.4/rstan/include/rstan/rstaninc.hpp:3:0,
                 from file67729e3e4bf.cpp:1026:
/home/mattocci/R/x86_64-pc-linux-gnu-library/3.4/rstan/include/rstan/stan_fit.hpp:547:10: warning: ‘template<class> class std::auto_ptr’ is deprecated [-Wdeprecated-declarations]
     std::auto_ptr<rstan_sample_writer> sample_writer_ptr;
          ^~~~~~~~
In file included from /usr/include/c++/6/bits/locale_conv.h:41:0,
                 from /usr/include/c++/6/locale:43,
                 from /home/mattocci/R/x86_64-pc-linux-gnu-library/3.4/BH/include/boost/lexical_cast/detail/converter_lexical_streams.hpp:43,
                 from /home/mattocci/R/x86_64-pc-linux-gnu-library/3.4/BH/include/boost/lexical_cast/detail/converter_lexical.hpp:54,
                 from /home/mattocci/R/x86_64-pc-linux-gnu-library/3.4/BH/include/boost/lexical_cast/try_lexical_convert.hpp:42,
                 from /home/mattocci/R/x86_64-pc-linux-gnu-library/3.4/BH/include/boost/lexical_cast.hpp:32,
                 from /home/mattocci/R/x86_64-pc-linux-gnu-library/3.4/BH/include/boost/math/tools/convert_from_string.hpp:15,
                 from /home/mattocci/R/x86_64-pc-linux-gnu-library/3.4/BH/include/boost/math/constants/constants.hpp:13,
                 from /home/mattocci/R/x86_64-pc-linux-gnu-library/3.4/StanHeaders/include/stan/math/prim/scal/fun/constants.hpp:4,
                 from /home/mattocci/R/x86_64-pc-linux-gnu-library/3.4/StanHeaders/include/stan/math/rev/core/operator_unary_plus.hpp:7,
                 from /home/mattocci/R/x86_64-pc-linux-gnu-library/3.4/StanHeaders/include/stan/math/rev/core.hpp:34,
                 from /home/mattocci/R/x86_64-pc-linux-gnu-library/3.4/StanHeaders/include/stan/math/rev/mat.hpp:4,
                 from /home/mattocci/R/x86_64-pc-linux-gnu-library/3.4/StanHeaders/include/stan/math.hpp:4,
                 from /home/mattocci/R/x86_64-pc-linux-gnu-library/3.4/StanHeaders/include/src/stan/model/model_header.hpp:4,
                 from file67729e3e4bf.cpp:8:
/usr/include/c++/6/bits/unique_ptr.h:49:28: note: declared here
   template<typename> class auto_ptr;
                            ^~~~~~~~

SAMPLING FOR MODEL '72d2cadf58188dbb13fadae596db54a0' NOW (CHAIN 1).

Gradient evaluation took 0.001019 seconds
1000 transitions using 10 leapfrog steps per transition would take 10.19 seconds.
Adjust your expectations accordingly!


WARNING: No variance estimation is
         performed for num_warmup < 20

Iteration: 1 / 1 [100%]  (Sampling)

 Elapsed Time: 1e-06 seconds (Warm-up)
               0.001671 seconds (Sampling)
               0.001672 seconds (Total)


SAMPLING FOR MODEL '72d2cadf58188dbb13fadae596db54a0' NOW (CHAIN 1).

Gradient evaluation took 0.001304 seconds
1000 transitions using 10 leapfrog steps per transition would take 13.04 seconds.
Adjust your expectations accordingly!


Iteration:    1 / 2000 [  0%]  (Warmup)

SAMPLING FOR MODEL '72d2cadf58188dbb13fadae596db54a0' NOW (CHAIN 2).

Gradient evaluation took 0.001437 seconds
1000 transitions using 10 leapfrog steps per transition would take 14.37 seconds.
Adjust your expectations accordingly!


Iteration:    1 / 2000 [  0%]  (Warmup)

SAMPLING FOR MODEL '72d2cadf58188dbb13fadae596db54a0' NOW (CHAIN 3).

Gradient evaluation took 0.001475 seconds
1000 transitions using 10 leapfrog steps per transition would take 14.75 seconds.
Adjust your expectations accordingly!


Iteration:    1 / 2000 [  0%]  (Warmup)
Iteration:  200 / 2000 [ 10%]  (Warmup)
Iteration:  200 / 2000 [ 10%]  (Warmup)
Iteration:  200 / 2000 [ 10%]  (Warmup)
Iteration:  400 / 2000 [ 20%]  (Warmup)
Iteration:  400 / 2000 [ 20%]  (Warmup)
Iteration:  400 / 2000 [ 20%]  (Warmup)
Iteration:  600 / 2000 [ 30%]  (Warmup)
Iteration:  600 / 2000 [ 30%]  (Warmup)
Iteration:  600 / 2000 [ 30%]  (Warmup)
Iteration:  800 / 2000 [ 40%]  (Warmup)
Iteration:  800 / 2000 [ 40%]  (Warmup)
Iteration: 1000 / 2000 [ 50%]  (Warmup)
Iteration: 1001 / 2000 [ 50%]  (Sampling)
Iteration: 1000 / 2000 [ 50%]  (Warmup)
Iteration: 1001 / 2000 [ 50%]  (Sampling)
Iteration:  800 / 2000 [ 40%]  (Warmup)
Iteration: 1200 / 2000 [ 60%]  (Sampling)
Iteration: 1200 / 2000 [ 60%]  (Sampling)
Iteration: 1000 / 2000 [ 50%]  (Warmup)
Iteration: 1001 / 2000 [ 50%]  (Sampling)
Iteration: 1400 / 2000 [ 70%]  (Sampling)
Iteration: 1400 / 2000 [ 70%]  (Sampling)
Iteration: 1600 / 2000 [ 80%]  (Sampling)
Iteration: 1200 / 2000 [ 60%]  (Sampling)
Iteration: 1600 / 2000 [ 80%]  (Sampling)
Iteration: 1800 / 2000 [ 90%]  (Sampling)
Iteration: 1800 / 2000 [ 90%]  (Sampling)
Iteration: 1400 / 2000 [ 70%]  (Sampling)
Iteration: 2000 / 2000 [100%]  (Sampling)

 Elapsed Time: 208.738 seconds (Warm-up)
               321.819 seconds (Sampling)
               530.558 seconds (Total)

Iteration: 2000 / 2000 [100%]  (Sampling)

 Elapsed Time: 199.302 seconds (Warm-up)
               336.189 seconds (Sampling)
               535.491 seconds (Total)

Iteration: 1600 / 2000 [ 80%]  (Sampling)
Iteration: 1800 / 2000 [ 90%]  (Sampling)
Iteration: 2000 / 2000 [100%]  (Sampling)

 Elapsed Time: 315.204 seconds (Warm-up)
               385.551 seconds (Sampling)
               700.755 seconds (Total)

Warning messages:
1: There were 1 divergent transitions after warmup. Increasing adapt_delta above 0.8 may help. See
http://mc-stan.org/misc/warnings.html#divergent-transitions-after-warmup 
2: Examine the pairs() plot to diagnose sampling problems
 
3: There were 48 transitions after warmup that exceeded the maximum treedepth. Increase max_treedepth above 10. See
http://mc-stan.org/misc/warnings.html#maximum-treedepth-exceeded 
4: There were 3 chains where the estimated Bayesian Fraction of Missing Information was low. See
http://mc-stan.org/misc/warnings.html#bfmi-low 
5: Examine the pairs() plot to diagnose sampling problems
 
[1] "done"
