── Attaching packages ─────────────────────────────────────── tidyverse 1.3.1 ──
✔ ggplot2 3.3.5     ✔ purrr   0.3.4
✔ tibble  3.1.3     ✔ dplyr   1.0.7
✔ tidyr   1.1.3     ✔ stringr 1.4.0
✔ readr   2.0.0     ✔ forcats 0.5.1
── Conflicts ────────────────────────────────────────── tidyverse_conflicts() ──
✖ dplyr::filter() masks stats::filter()
✖ dplyr::lag()    masks stats::lag()
Loading required package: StanHeaders
rstan (Version 2.21.2, GitRev: 2e1f913d3ca3)
For execution on a local, multicore CPU with excess RAM we recommend calling
options(mc.cores = parallel::detectCores()).
To avoid recompilation of unchanged Stan programs, we recommend calling
rstan_options(auto_write = TRUE)

Attaching package: ‘rstan’

The following object is masked from ‘package:tidyr’:

    extract

This is loo version 2.4.1
- Online documentation and vignettes at mc-stan.org/loo
- As of v2.0.0 loo defaults to 1 core but we recommend using as many as possible. Use the 'cores' argument or set options(mc.cores = NUM_CORES) for an entire session. 

Attaching package: ‘loo’

The following object is masked from ‘package:rstan’:

    loo

[1] "Model: PA_Ap_LDs_opt"
[1] "Model dir: ./model/PA_Ap_LDs_opt.stan"
[1] "Data: PA"
[1] "n_iter = 4000"
[1] "n_warm = 3000"
[1] "n_thin = 1"
[1] "n_chains = 4"
OBS data
Rows: 107 Columns: 40
── Column specification ────────────────────────────────────────────────────────
Delimiter: ","
chr  (6): sp, site, strata, sp_site_strata, SampleID, site2
dbl (34): SLA_LEAF, SLA_DISC, LIFETIME, Amass, Rmass, Amax, N_PCT, P_PCT, LT...

ℹ Use `spec()` to retrieve the full column specification for this data.
ℹ Specify the column types or set `show_col_types = FALSE` to quiet this message.

SAMPLING FOR MODEL 'PA_Ap_LDs_opt' NOW (CHAIN 1).

SAMPLING FOR MODEL 'PA_Ap_LDs_opt' NOW (CHAIN 2).

SAMPLING FOR MODEL 'PA_Ap_LDs_opt' NOW (CHAIN 3).

SAMPLING FOR MODEL 'PA_Ap_LDs_opt' NOW (CHAIN 4).
Chain 1: 
Chain 1: Gradient evaluation took 0.000246 seconds
Chain 1: 1000 transitions using 10 leapfrog steps per transition would take 2.46 seconds.
Chain 1: Adjust your expectations accordingly!
Chain 1: 
Chain 1: 
Chain 1: Iteration:    1 / 4000 [  0%]  (Warmup)
Chain 4: 
Chain 2: 
Chain 4: Gradient evaluation took 0.000354 seconds
Chain 2Chain : 4Gradient evaluation took 0.000353 seconds: 
1000 transitions using 10 leapfrog steps per transition would take 3.54 seconds.
Chain Chain 24: : 1000 transitions using 10 leapfrog steps per transition would take 3.53 seconds.Adjust your expectations accordingly!

Chain Chain 24: : Adjust your expectations accordingly!

Chain Chain 42: : 

Chain 2: 
Chain 3: 
Chain 3: Gradient evaluation took 0.00035 seconds
Chain 3: 1000 transitions using 10 leapfrog steps per transition would take 3.5 seconds.
Chain 3: Adjust your expectations accordingly!
Chain 3: 
Chain 3: 
Chain 4: Iteration:    1 / 4000 [  0%]  (Warmup)
Chain 2: Iteration:    1 / 4000 [  0%]  (Warmup)
Chain 3: Iteration:    1 / 4000 [  0%]  (Warmup)
Chain 2: Iteration:  400 / 4000 [ 10%]  (Warmup)
Chain 1: Iteration:  400 / 4000 [ 10%]  (Warmup)
Chain 2: Iteration:  800 / 4000 [ 20%]  (Warmup)
Chain 3: Iteration:  400 / 4000 [ 10%]  (Warmup)
Chain 1: Iteration:  800 / 4000 [ 20%]  (Warmup)
Chain 4: Iteration:  400 / 4000 [ 10%]  (Warmup)
Chain 2: Iteration: 1200 / 4000 [ 30%]  (Warmup)
Chain 1: Iteration: 1200 / 4000 [ 30%]  (Warmup)
Chain 3: Iteration:  800 / 4000 [ 20%]  (Warmup)
Chain 1: Iteration: 1600 / 4000 [ 40%]  (Warmup)
Chain 4: Iteration:  800 / 4000 [ 20%]  (Warmup)
Chain 2: Iteration: 1600 / 4000 [ 40%]  (Warmup)
Chain 3: Iteration: 1200 / 4000 [ 30%]  (Warmup)
Chain 1: Iteration: 2000 / 4000 [ 50%]  (Warmup)
Chain 4: Iteration: 1200 / 4000 [ 30%]  (Warmup)
Chain 2: Iteration: 2000 / 4000 [ 50%]  (Warmup)
Chain 3: Iteration: 1600 / 4000 [ 40%]  (Warmup)
Chain 1: Iteration: 2400 / 4000 [ 60%]  (Warmup)
Chain 2: Iteration: 2400 / 4000 [ 60%]  (Warmup)
Chain 4: Iteration: 1600 / 4000 [ 40%]  (Warmup)
Chain 1: Iteration: 2800 / 4000 [ 70%]  (Warmup)
Chain 3: Iteration: 2000 / 4000 [ 50%]  (Warmup)
Chain 1: Iteration: 3001 / 4000 [ 75%]  (Sampling)
Chain 2: Iteration: 2800 / 4000 [ 70%]  (Warmup)
Chain 4: Iteration: 2000 / 4000 [ 50%]  (Warmup)
Chain 2: Iteration: 3001 / 4000 [ 75%]  (Sampling)
Chain 3: Iteration: 2400 / 4000 [ 60%]  (Warmup)
Chain 1: Iteration: 3400 / 4000 [ 85%]  (Sampling)
Chain 2: Iteration: 3400 / 4000 [ 85%]  (Sampling)
Chain 4: Iteration: 2400 / 4000 [ 60%]  (Warmup)
Chain 1: Iteration: 3800 / 4000 [ 95%]  (Sampling)
Chain 3: Iteration: 2800 / 4000 [ 70%]  (Warmup)
Chain 2: Iteration: 3800 / 4000 [ 95%]  (Sampling)
Chain 1: Iteration: 4000 / 4000 [100%]  (Sampling)
Chain 1: 
Chain 1:  Elapsed Time: 146.33 seconds (Warm-up)
Chain 1:                49.3289 seconds (Sampling)
Chain 1:                195.659 seconds (Total)
Chain 1: 
Chain 3: Iteration: 3001 / 4000 [ 75%]  (Sampling)
Chain 2: Iteration: 4000 / 4000 [100%]  (Sampling)
Chain 2: 
Chain 2:  Elapsed Time: 161.805 seconds (Warm-up)
Chain 2:                41.7141 seconds (Sampling)
Chain 2:                203.519 seconds (Total)
Chain 2: 
Chain 4: Iteration: 2800 / 4000 [ 70%]  (Warmup)
Chain 3: Iteration: 3400 / 4000 [ 85%]  (Sampling)
Chain 4: Iteration: 3001 / 4000 [ 75%]  (Sampling)
Chain 3: Iteration: 3800 / 4000 [ 95%]  (Sampling)
Chain 3: Iteration: 4000 / 4000 [100%]  (Sampling)
Chain 3: 
Chain 3:  Elapsed Time: 197.892 seconds (Warm-up)
Chain 3:                32.0795 seconds (Sampling)
Chain 3:                229.972 seconds (Total)
Chain 3: 
Chain 4: Iteration: 3400 / 4000 [ 85%]  (Sampling)
Chain 4: Iteration: 3800 / 4000 [ 95%]  (Sampling)
Chain 4: Iteration: 4000 / 4000 [100%]  (Sampling)
Chain 4: 
Chain 4:  Elapsed Time: 218.07 seconds (Warm-up)
Chain 4:                43.2808 seconds (Sampling)
Chain 4:                261.35 seconds (Total)
Chain 4: 
Warning messages:
1: There were 3 chains where the estimated Bayesian Fraction of Missing Information was low. See
http://mc-stan.org/misc/warnings.html#bfmi-low 
2: Examine the pairs() plot to diagnose sampling problems
 
3: The largest R-hat is NA, indicating chains have not mixed.
Running the chains for more iterations may help. See
http://mc-stan.org/misc/warnings.html#r-hat 
4: Bulk Effective Samples Size (ESS) is too low, indicating posterior means and medians may be unreliable.
Running the chains for more iterations may help. See
http://mc-stan.org/misc/warnings.html#bulk-ess 
5: Tail Effective Samples Size (ESS) is too low, indicating posterior variances and tail quantiles may be unreliable.
Running the chains for more iterations may help. See
http://mc-stan.org/misc/warnings.html#tail-ess 
Saved `./rda/PA_Ap_LDs_opt_obs.rda`!!
