[1] "Model: LMAm_LMAs_z"
[1] "Model dir: ./model/LMAm_LMAs_z.stan"
[1] "Data: PA"
[1] "n_iter = 4000"
[1] "n_warm = 3000"
[1] "n_thin = 1"
[1] "n_chains = 4"

SAMPLING FOR MODEL 'LMAm_LMAs_z' NOW (CHAIN 1).

Gradient evaluation took 0.000268 seconds
1000 transitions using 10 leapfrog steps per transition would take 2.68 seconds.
Adjust your expectations accordingly!


Iteration:    1 / 4000 [  0%]  (Warmup)

SAMPLING FOR MODEL 'LMAm_LMAs_z' NOW (CHAIN 2).

Gradient evaluation took 0.00024 seconds
1000 transitions using 10 leapfrog steps per transition would take 2.4 seconds.
Adjust your expectations accordingly!


Iteration:    1 / 4000 [  0%]  (Warmup)

SAMPLING FOR MODEL 'LMAm_LMAs_z' NOW (CHAIN 3).

Gradient evaluation took 0.00036 seconds
1000 transitions using 10 leapfrog steps per transition would take 3.6 seconds.
Adjust your expectations accordingly!


Iteration:    1 / 4000 [  0%]  (Warmup)

SAMPLING FOR MODEL 'LMAm_LMAs_z' NOW (CHAIN 4).

Gradient evaluation took 0.000308 seconds
1000 transitions using 10 leapfrog steps per transition would take 3.08 seconds.
Adjust your expectations accordingly!


Iteration:    1 / 4000 [  0%]  (Warmup)
Iteration:  400 / 4000 [ 10%]  (Warmup)
Iteration:  400 / 4000 [ 10%]  (Warmup)
Iteration:  400 / 4000 [ 10%]  (Warmup)
Iteration:  800 / 4000 [ 20%]  (Warmup)
Iteration:  400 / 4000 [ 10%]  (Warmup)
Iteration: 1200 / 4000 [ 30%]  (Warmup)
Iteration:  800 / 4000 [ 20%]  (Warmup)
Iteration:  800 / 4000 [ 20%]  (Warmup)
Iteration: 1600 / 4000 [ 40%]  (Warmup)
Iteration: 1200 / 4000 [ 30%]  (Warmup)
Iteration: 1200 / 4000 [ 30%]  (Warmup)
Iteration: 1600 / 4000 [ 40%]  (Warmup)
Iteration: 1600 / 4000 [ 40%]  (Warmup)
Iteration: 2000 / 4000 [ 50%]  (Warmup)
Iteration: 2000 / 4000 [ 50%]  (Warmup)
Iteration:  800 / 4000 [ 20%]  (Warmup)
Iteration: 2000 / 4000 [ 50%]  (Warmup)
Iteration: 2400 / 4000 [ 60%]  (Warmup)
Iteration: 1200 / 4000 [ 30%]  (Warmup)
Iteration: 2800 / 4000 [ 70%]  (Warmup)
Iteration: 2400 / 4000 [ 60%]  (Warmup)
Iteration: 1600 / 4000 [ 40%]  (Warmup)
Iteration: 3001 / 4000 [ 75%]  (Sampling)
Iteration: 2800 / 4000 [ 70%]  (Warmup)
Iteration: 3001 / 4000 [ 75%]  (Sampling)
Iteration: 2000 / 4000 [ 50%]  (Warmup)
Iteration: 3400 / 4000 [ 85%]  (Sampling)
Iteration: 3400 / 4000 [ 85%]  (Sampling)
Iteration: 3800 / 4000 [ 95%]  (Sampling)
Iteration: 2400 / 4000 [ 60%]  (Warmup)
Iteration: 4000 / 4000 [100%]  (Sampling)

 Elapsed Time: 87.3798 seconds (Warm-up)
               12.3038 seconds (Sampling)
               99.6836 seconds (Total)

Iteration: 3800 / 4000 [ 95%]  (Sampling)
Iteration: 4000 / 4000 [100%]  (Sampling)

 Elapsed Time: 80.843 seconds (Warm-up)
               29.2183 seconds (Sampling)
               110.061 seconds (Total)

Iteration: 2400 / 4000 [ 60%]  (Warmup)
Iteration: 2800 / 4000 [ 70%]  (Warmup)
Iteration: 3001 / 4000 [ 75%]  (Sampling)
Iteration: 2800 / 4000 [ 70%]  (Warmup)
Iteration: 3001 / 4000 [ 75%]  (Sampling)
Iteration: 3400 / 4000 [ 85%]  (Sampling)
Iteration: 3400 / 4000 [ 85%]  (Sampling)
Iteration: 3800 / 4000 [ 95%]  (Sampling)
Iteration: 4000 / 4000 [100%]  (Sampling)

 Elapsed Time: 135.799 seconds (Warm-up)
               9.88211 seconds (Sampling)
               145.681 seconds (Total)

Iteration: 3800 / 4000 [ 95%]  (Sampling)
Iteration: 4000 / 4000 [100%]  (Sampling)

 Elapsed Time: 128.921 seconds (Warm-up)
               34.242 seconds (Sampling)
               163.163 seconds (Total)

