[1] "Model: PA_LMAms_L0"
[1] "Model dir: ./model/PA_LMAms_L0.stan"
[1] "Data: PA"
[1] "n_iter = 4"
[1] "n_warm = 1"
[1] "n_thin = 1"
[1] "n_chains = 4"
OBS data

SAMPLING FOR MODEL 'PA_LMAms_L0' NOW (CHAIN 1).

SAMPLING FOR MODEL 'PA_LMAms_L0' NOW (CHAIN 2).

SAMPLING FOR MODEL 'PA_LMAms_L0' NOW (CHAIN 3).

SAMPLING FOR MODEL 'PA_LMAms_L0' NOW (CHAIN 4).
Chain 1: 
Chain 1: Gradient evaluation took 0.000329 seconds
Chain 1: 1000 transitions using 10 leapfrog steps per transition would take 3.29 seconds.
Chain 1: Adjust your expectations accordingly!
Chain 1: 
Chain 1: 
Chain 1: WARNING: No variance estimation is
Chain 1:          performed for num_warmup < 20
Chain 1: 
Chain 1: Iteration: 1 / 4 [ 25%]  (Warmup)
Chain 2: 
Chain 2: Gradient evaluation took 0.000422 seconds
Chain 2: 1000 transitions using 10 leapfrog steps per transition would take 4.22 seconds.
Chain 2: Adjust your expectations accordingly!
Chain 2: 
Chain 2: 
Chain 2: WARNING: No variance estimation is
Chain 2:          performed for num_warmup < 20
Chain 2: 
Chain 1: Iteration: 2 / 4 [ 50%]  (Sampling)
Chain 1: Iteration: 3 / 4 [ 75%]  (Sampling)
Chain 1: Iteration: 4 / 4 [100%]  (Sampling)
Chain 3: 
Chain 3: Gradient evaluation took 0.000419 seconds
Chain 3: 1000 transitions using 10 leapfrog steps per transition would take 4.19 seconds.
Chain 3: Adjust your expectations accordingly!
Chain 3: 
Chain 3: 
Chain 3: WARNING: No variance estimation is
Chain 3:          performed for num_warmup < 20
Chain 3: 
Chain 1: 
Chain 1:  Elapsed Time: 0.00115 seconds (Warm-up)
Chain 1:                0.00163 seconds (Sampling)
Chain 1:                0.00278 seconds (Total)
Chain 1: 
Chain 4: 
Chain 4: Gradient evaluation took 0.000308 seconds
Chain 4: 1000 transitions using 10 leapfrog steps per transition would take 3.08 seconds.
Chain 4: Adjust your expectations accordingly!
Chain 4: 
Chain 4: 
Chain 4: WARNING: No variance estimation is
Chain 4:          performed for num_warmup < 20
Chain 4: 
Chain 2: Iteration: 1 / 4 [ 25%]  (Warmup)
Chain 3: Iteration: 1 / 4 [ 25%]  (Warmup)
Chain 2: Iteration: 2 / 4 [ 50%]  (Sampling)
Chain 4: Iteration: 1 / 4 [ 25%]  (Warmup)
Chain 3: Iteration: 2 / 4 [ 50%]  (Sampling)
Chain 2: Iteration: 3 / 4 [ 75%]  (Sampling)
Chain 4: Iteration: 2 / 4 [ 50%]  (Sampling)
Chain 3: Iteration: 3 / 4 [ 75%]  (Sampling)
Chain 4: Iteration: 3 / 4 [ 75%]  (Sampling)Chain 
3: Iteration: 4 / 4 [100%]  (Sampling)
Chain 2: Iteration: 4 / 4 [100%]  (Sampling)
Chain 4: Iteration: 4 / 4 [100%]  (Sampling)
Chain 3: 
Chain 3:  Elapsed Time: 0.000717 seconds (Warm-up)
Chain 3:                0.001568 seconds (Sampling)
Chain 3:                0.002285 seconds (Total)
Chain 3: 
Chain 2: 
Chain 2:  Elapsed Time: 0.001531 seconds (Warm-up)
Chain 2:                0.002538 seconds (Sampling)
Chain 2:                0.004069 seconds (Total)
Chain 2: 
Chain 4: 
Chain 4:  Elapsed Time: 0.000635 seconds (Warm-up)
Chain 4:                0.001707 seconds (Sampling)
Chain 4:                0.002342 seconds (Total)
Chain 4: 
Saved `./data/PA_LMAms_L0_more_obs.rda`!!
