[1] "Model: PA_LMAms0"
[1] "Model dir: ./model/PA_LMAms0.stan"
[1] "Data: PA"
[1] "n_iter = 5000"
[1] "n_warm = 4000"
[1] "n_thin = 1"
[1] "n_chains = 4"

SAMPLING FOR MODEL 'PA_LMAms0' NOW (CHAIN 1).

SAMPLING FOR MODEL 'PA_LMAms0' NOW (CHAIN 2).

SAMPLING FOR MODEL 'PA_LMAms0' NOW (CHAIN 3).

SAMPLING FOR MODEL 'PA_LMAms0' NOW (CHAIN 4).
Chain Chain 32: : 

Chain Chain 32: : Gradient evaluation took 0.000386 secondsGradient evaluation took 0.000379 seconds

Chain 3Chain : 21000 transitions using 10 leapfrog steps per transition would take 3.86 seconds.: 
1000 transitions using 10 leapfrog steps per transition would take 3.79 seconds.Chain 
3Chain : 2Adjust your expectations accordingly!: 
Adjust your expectations accordingly!Chain 
3Chain : 2
: Chain Chain 
31Chain : : 2

: 
Chain 1: Gradient evaluation took 0.000373 seconds
Chain 1: 1000 transitions using 10 leapfrog steps per transition would take 3.73 seconds.
Chain 1: Adjust your expectations accordingly!
Chain 1: 
Chain 1: 
Chain 4: 
Chain 4: Gradient evaluation took 0.000377 seconds
Chain 4: 1000 transitions using 10 leapfrog steps per transition would take 3.77 seconds.
Chain 4: Adjust your expectations accordingly!
Chain 4: 
Chain 4: 
Chain 4: Iteration:    1 / 5000 [  0%]  (Warmup)
Chain 3: Iteration:    1 / 5000 [  0%]  (Warmup)
Chain 1: Iteration:    1 / 5000 [  0%]  (Warmup)
Chain 2: Iteration:    1 / 5000 [  0%]  (Warmup)
Chain 1: Iteration:  500 / 5000 [ 10%]  (Warmup)
Chain 4: Iteration:  500 / 5000 [ 10%]  (Warmup)
Chain 2: Iteration:  500 / 5000 [ 10%]  (Warmup)
Chain 1: Iteration: 1000 / 5000 [ 20%]  (Warmup)
Chain 4: Iteration: 1000 / 5000 [ 20%]  (Warmup)
Chain 2: Iteration: 1000 / 5000 [ 20%]  (Warmup)
Chain 1: Iteration: 1500 / 5000 [ 30%]  (Warmup)
Chain 2: Iteration: 1500 / 5000 [ 30%]  (Warmup)
Chain 4: Iteration: 1500 / 5000 [ 30%]  (Warmup)
Chain 1: Iteration: 2000 / 5000 [ 40%]  (Warmup)
Chain 3: Iteration:  500 / 5000 [ 10%]  (Warmup)
Chain 2: Iteration: 2000 / 5000 [ 40%]  (Warmup)
Chain 4: Iteration: 2000 / 5000 [ 40%]  (Warmup)
Chain 3: Iteration: 1000 / 5000 [ 20%]  (Warmup)
Chain 2: Iteration: 2500 / 5000 [ 50%]  (Warmup)
Chain 1: Iteration: 2500 / 5000 [ 50%]  (Warmup)
Chain 3: Iteration: 1500 / 5000 [ 30%]  (Warmup)
Chain 1: Iteration: 3000 / 5000 [ 60%]  (Warmup)
Chain 2: Iteration: 3000 / 5000 [ 60%]  (Warmup)
Chain 4: Iteration: 2500 / 5000 [ 50%]  (Warmup)
Chain 2: Iteration: 3500 / 5000 [ 70%]  (Warmup)
Chain 4: Iteration: 3000 / 5000 [ 60%]  (Warmup)
Chain 1: Iteration: 3500 / 5000 [ 70%]  (Warmup)
Chain 3: Iteration: 2000 / 5000 [ 40%]  (Warmup)
Chain 3: Iteration: 2500 / 5000 [ 50%]  (Warmup)
Chain 4: Iteration: 3500 / 5000 [ 70%]  (Warmup)
Chain 2: Iteration: 4000 / 5000 [ 80%]  (Warmup)
Chain 2: Iteration: 4001 / 5000 [ 80%]  (Sampling)
Chain 1: Iteration: 4000 / 5000 [ 80%]  (Warmup)
Chain 1: Iteration: 4001 / 5000 [ 80%]  (Sampling)
Chain 4: Iteration: 4000 / 5000 [ 80%]  (Warmup)
Chain 4: Iteration: 4001 / 5000 [ 80%]  (Sampling)
Chain 2: Iteration: 4500 / 5000 [ 90%]  (Sampling)
Chain 1: Iteration: 4500 / 5000 [ 90%]  (Sampling)
Chain 3: Iteration: 3000 / 5000 [ 60%]  (Warmup)
Chain 2: Iteration: 5000 / 5000 [100%]  (Sampling)
Chain 2: 
Chain 2:  Elapsed Time: 528.471 seconds (Warm-up)
Chain 2:                115.463 seconds (Sampling)
Chain 2:                643.935 seconds (Total)
Chain 2: 
Chain 4: Iteration: 4500 / 5000 [ 90%]  (Sampling)
Chain 1: Iteration: 5000 / 5000 [100%]  (Sampling)
Chain 1: 
Chain 1:  Elapsed Time: 530.392 seconds (Warm-up)
Chain 1:                145.465 seconds (Sampling)
Chain 1:                675.858 seconds (Total)
Chain 1: 
Chain 3: Iteration: 3500 / 5000 [ 70%]  (Warmup)
Chain 4: Iteration: 5000 / 5000 [100%]  (Sampling)
Chain 4: 
Chain 4:  Elapsed Time: 577.901 seconds (Warm-up)
Chain 4:                162.623 seconds (Sampling)
Chain 4:                740.525 seconds (Total)
Chain 4: 
Chain 3: Iteration: 4000 / 5000 [ 80%]  (Warmup)
Chain 3: Iteration: 4001 / 5000 [ 80%]  (Sampling)
Chain 3: Iteration: 4500 / 5000 [ 90%]  (Sampling)
Chain 3: Iteration: 5000 / 5000 [100%]  (Sampling)
Chain 3: 
Chain 3:  Elapsed Time: 772.324 seconds (Warm-up)
Chain 3:                106.172 seconds (Sampling)
Chain 3:                878.495 seconds (Total)
Chain 3: 
