[1] "Model: LMAm_LMAsLT32"
[1] "Model dir: ./model/LMAm_LMAsLT32.stan"
[1] "Data: PA"
[1] "n_iter = 600"
[1] "n_warm = 300"
[1] "n_thin = 1"
[1] "n_chains = 4"

SAMPLING FOR MODEL 'LMAm_LMAsLT32' NOW (CHAIN 1).

Gradient evaluation took 0.000323 seconds
1000 transitions using 10 leapfrog steps per transition would take 3.23 seconds.
Adjust your expectations accordingly!


Iteration:   1 / 600 [  0%]  (Warmup)

SAMPLING FOR MODEL 'LMAm_LMAsLT32' NOW (CHAIN 2).

Gradient evaluation took 0.000376 seconds
1000 transitions using 10 leapfrog steps per transition would take 3.76 seconds.
Adjust your expectations accordingly!


Iteration:   1 / 600 [  0%]  (Warmup)

SAMPLING FOR MODEL 'LMAm_LMAsLT32' NOW (CHAIN 3).

Gradient evaluation took 0.000442 seconds
1000 transitions using 10 leapfrog steps per transition would take 4.42 seconds.
Adjust your expectations accordingly!


Iteration:   1 / 600 [  0%]  (Warmup)

SAMPLING FOR MODEL 'LMAm_LMAsLT32' NOW (CHAIN 4).

Gradient evaluation took 0.000419 seconds
1000 transitions using 10 leapfrog steps per transition would take 4.19 seconds.
Adjust your expectations accordingly!


Iteration:   1 / 600 [  0%]  (Warmup)
Iteration:  60 / 600 [ 10%]  (Warmup)
Iteration:  60 / 600 [ 10%]  (Warmup)
Iteration:  60 / 600 [ 10%]  (Warmup)
Iteration:  60 / 600 [ 10%]  (Warmup)
Iteration: 120 / 600 [ 20%]  (Warmup)
Iteration: 180 / 600 [ 30%]  (Warmup)
Iteration: 120 / 600 [ 20%]  (Warmup)
Iteration: 240 / 600 [ 40%]  (Warmup)
Iteration: 120 / 600 [ 20%]  (Warmup)
Iteration: 300 / 600 [ 50%]  (Warmup)
Iteration: 301 / 600 [ 50%]  (Sampling)
Iteration: 360 / 600 [ 60%]  (Sampling)
Iteration: 180 / 600 [ 30%]  (Warmup)
Iteration: 180 / 600 [ 30%]  (Warmup)
Iteration: 420 / 600 [ 70%]  (Sampling)
Iteration: 240 / 600 [ 40%]  (Warmup)
Iteration: 240 / 600 [ 40%]  (Warmup)
Iteration: 480 / 600 [ 80%]  (Sampling)
Iteration: 120 / 600 [ 20%]  (Warmup)
Iteration: 300 / 600 [ 50%]  (Warmup)
Iteration: 301 / 600 [ 50%]  (Sampling)
Iteration: 540 / 600 [ 90%]  (Sampling)
Iteration: 300 / 600 [ 50%]  (Warmup)
Iteration: 301 / 600 [ 50%]  (Sampling)
Iteration: 360 / 600 [ 60%]  (Sampling)
Iteration: 600 / 600 [100%]  (Sampling)

 Elapsed Time: 16.6761 seconds (Warm-up)
               3.89053 seconds (Sampling)
               20.5666 seconds (Total)

Iteration: 420 / 600 [ 70%]  (Sampling)
Iteration: 360 / 600 [ 60%]  (Sampling)
Iteration: 480 / 600 [ 80%]  (Sampling)
Iteration: 180 / 600 [ 30%]  (Warmup)
Iteration: 420 / 600 [ 70%]  (Sampling)
Iteration: 540 / 600 [ 90%]  (Sampling)
Iteration: 240 / 600 [ 40%]  (Warmup)
Iteration: 480 / 600 [ 80%]  (Sampling)
Iteration: 600 / 600 [100%]  (Sampling)

 Elapsed Time: 19.1307 seconds (Warm-up)
               3.65686 seconds (Sampling)
               22.7875 seconds (Total)

Iteration: 540 / 600 [ 90%]  (Sampling)
Iteration: 600 / 600 [100%]  (Sampling)

 Elapsed Time: 18.7233 seconds (Warm-up)
               4.41063 seconds (Sampling)
               23.134 seconds (Total)

Iteration: 300 / 600 [ 50%]  (Warmup)
Iteration: 301 / 600 [ 50%]  (Sampling)
Iteration: 360 / 600 [ 60%]  (Sampling)
Iteration: 420 / 600 [ 70%]  (Sampling)
Iteration: 480 / 600 [ 80%]  (Sampling)
Iteration: 540 / 600 [ 90%]  (Sampling)
Iteration: 600 / 600 [100%]  (Sampling)

 Elapsed Time: 23.8042 seconds (Warm-up)
               6.05155 seconds (Sampling)
               29.8558 seconds (Total)

