[1] "Model: PA_LMAms_CV"
[1] "Model dir: ./model/PA_LMAms_CV.stan"
[1] "Data: PA"
[1] "n_iter = 4000"
[1] "n_warm = 3000"
[1] "n_thin = 1"
[1] "n_chains = 4"

SAMPLING FOR MODEL 'PA_LMAms_CV' NOW (CHAIN 1).

SAMPLING FOR MODEL 'PA_LMAms_CV' NOW (CHAIN 2).

SAMPLING FOR MODEL 'PA_LMAms_CV' NOW (CHAIN 4).

SAMPLING FOR MODEL 'PA_LMAms_CV' NOW (CHAIN 3).
Chain Chain Chain Chain 2: 
43: : 

1: 
Chain 1: Gradient evaluation took 0.001485 seconds
Chain 1: 1000 transitions using 10 leapfrog steps per transition would take 14.85 seconds.
Chain 1: Adjust your expectations accordingly!
Chain 1: 
Chain 1: 
Chain Chain 24: : Gradient evaluation took 0.001747 secondsGradient evaluation took 0.001228 seconds

Chain Chain Chain 324: : : Gradient evaluation took 0.001604 seconds1000 transitions using 10 leapfrog steps per transition would take 17.47 seconds.1000 transitions using 10 leapfrog steps per transition would take 12.28 seconds.


Chain Chain Chain 234: : : Adjust your expectations accordingly!1000 transitions using 10 leapfrog steps per transition would take 16.04 seconds.Adjust your expectations accordingly!


Chain Chain Chain 234: : : 
Adjust your expectations accordingly!
Chain 
Chain 2Chain 4: 3: 
: 

Chain 3: 
Chain 3: Iteration:    1 / 4000 [  0%]  (Warmup)
Chain 2: Iteration:    1 / 4000 [  0%]  (Warmup)
Chain 1: Iteration:    1 / 4000 [  0%]  (Warmup)
Chain 4: Iteration:    1 / 4000 [  0%]  (Warmup)
Chain 2: Iteration:  400 / 4000 [ 10%]  (Warmup)
Chain 3: Iteration:  400 / 4000 [ 10%]  (Warmup)
Chain 3: Iteration:  800 / 4000 [ 20%]  (Warmup)
Chain 2: Iteration:  800 / 4000 [ 20%]  (Warmup)
Chain 2: Iteration: 1200 / 4000 [ 30%]  (Warmup)
Chain 3: Iteration: 1200 / 4000 [ 30%]  (Warmup)
Chain 2: Iteration: 1600 / 4000 [ 40%]  (Warmup)
Chain 4: Iteration:  400 / 4000 [ 10%]  (Warmup)
Chain 3: Iteration: 1600 / 4000 [ 40%]  (Warmup)
Chain 1: Iteration:  400 / 4000 [ 10%]  (Warmup)
Chain 2: Iteration: 2000 / 4000 [ 50%]  (Warmup)
Chain 3: Iteration: 2000 / 4000 [ 50%]  (Warmup)
Chain 4: Iteration:  800 / 4000 [ 20%]  (Warmup)
Chain 1: Iteration:  800 / 4000 [ 20%]  (Warmup)
Chain 2: Iteration: 2400 / 4000 [ 60%]  (Warmup)
Chain 3: Iteration: 2400 / 4000 [ 60%]  (Warmup)
Chain 4: Iteration: 1200 / 4000 [ 30%]  (Warmup)
Chain 1: Iteration: 1200 / 4000 [ 30%]  (Warmup)
Chain 2: Iteration: 2800 / 4000 [ 70%]  (Warmup)
Chain 4: Iteration: 1600 / 4000 [ 40%]  (Warmup)
Chain 3: Iteration: 2800 / 4000 [ 70%]  (Warmup)
Chain 2: Iteration: 3001 / 4000 [ 75%]  (Sampling)
Chain 3: Iteration: 3001 / 4000 [ 75%]  (Sampling)
Chain 1: Iteration: 1600 / 4000 [ 40%]  (Warmup)
Chain 4: Iteration: 2000 / 4000 [ 50%]  (Warmup)
Chain 2: Iteration: 3400 / 4000 [ 85%]  (Sampling)
Chain 3: Iteration: 3400 / 4000 [ 85%]  (Sampling)
Chain 4: Iteration: 2400 / 4000 [ 60%]  (Warmup)
Chain 1: Iteration: 2000 / 4000 [ 50%]  (Warmup)
Chain 3: Iteration: 3800 / 4000 [ 95%]  (Sampling)
Chain 4: Iteration: 2800 / 4000 [ 70%]  (Warmup)
Chain 2: Iteration: 3800 / 4000 [ 95%]  (Sampling)
Chain 3: Iteration: 4000 / 4000 [100%]  (Sampling)
Chain 3: 
Chain 3:  Elapsed Time: 197.99 seconds (Warm-up)
Chain 3:                50.728 seconds (Sampling)
Chain 3:                248.718 seconds (Total)
Chain 3: 

SAMPLING FOR MODEL 'PA_LMAms_CV' NOW (CHAIN 7).
Chain 7: 
Chain 7: Gradient evaluation took 0.000212 seconds
Chain 7: 1000 transitions using 10 leapfrog steps per transition would take 2.12 seconds.
Chain 7: Adjust your expectations accordingly!
Chain 7: 
Chain 7: 
Chain 7: Iteration:    1 / 4000 [  0%]  (Warmup)
Chain 2: Iteration: 4000 / 4000 [100%]  (Sampling)
Chain 2: 
Chain 2:  Elapsed Time: 192.163 seconds (Warm-up)
Chain 2:                61.8317 seconds (Sampling)
Chain 2:                253.995 seconds (Total)
Chain 2: 
Chain 1: Iteration: 2400 / 4000 [ 60%]  (Warmup)
Chain 4: Iteration: 3001 / 4000 [ 75%]  (Sampling)

SAMPLING FOR MODEL 'PA_LMAms_CV' NOW (CHAIN 6).
Chain 6: 
Chain 6: Gradient evaluation took 0.000278 seconds
Chain 6: 1000 transitions using 10 leapfrog steps per transition would take 2.78 seconds.
Chain 6: Adjust your expectations accordingly!
Chain 6: 
Chain 6: 
Chain 6: Iteration:    1 / 4000 [  0%]  (Warmup)
Chain 1: Iteration: 2800 / 4000 [ 70%]  (Warmup)
Chain 4: Iteration: 3400 / 4000 [ 85%]  (Sampling)
Chain 1: Iteration: 3001 / 4000 [ 75%]  (Sampling)
Chain 7: Iteration:  400 / 4000 [ 10%]  (Warmup)
Chain 6: Iteration:  400 / 4000 [ 10%]  (Warmup)
Chain 1: Iteration: 3400 / 4000 [ 85%]  (Sampling)
Chain 7: Iteration:  800 / 4000 [ 20%]  (Warmup)
Chain 6: Iteration:  800 / 4000 [ 20%]  (Warmup)
Chain 4: Iteration: 3800 / 4000 [ 95%]  (Sampling)
Chain 1: Iteration: 3800 / 4000 [ 95%]  (Sampling)
Chain 7: Iteration: 1200 / 4000 [ 30%]  (Warmup)
Chain 6: Iteration: 1200 / 4000 [ 30%]  (Warmup)
Chain 1: Iteration: 4000 / 4000 [100%]  (Sampling)
Chain 1: 
Chain 1:  Elapsed Time: 298.541 seconds (Warm-up)
Chain 1:                49.013 seconds (Sampling)
Chain 1:                347.554 seconds (Total)
Chain 1: 
Chain 4: Iteration: 4000 / 4000 [100%]  (Sampling)
Chain 4: 
Chain 4:  Elapsed Time: 255.167 seconds (Warm-up)
Chain 4:                93.5528 seconds (Sampling)
Chain 4:                348.72 seconds (Total)
Chain 4: 

SAMPLING FOR MODEL 'PA_LMAms_CV' NOW (CHAIN 5).
Chain 5: 
Chain 5: Gradient evaluation took 0.000213 seconds
Chain 5: 1000 transitions using 10 leapfrog steps per transition would take 2.13 seconds.
Chain 5: Adjust your expectations accordingly!
Chain 5: 
Chain 5: 
Chain 5: Iteration:    1 / 4000 [  0%]  (Warmup)

SAMPLING FOR MODEL 'PA_LMAms_CV' NOW (CHAIN 8).
Chain 8: 
Chain 8: Gradient evaluation took 0.000191 seconds
Chain 8: 1000 transitions using 10 leapfrog steps per transition would take 1.91 seconds.
Chain 8: Adjust your expectations accordingly!
Chain 8: 
Chain 8: 
Chain 8: Iteration:    1 / 4000 [  0%]  (Warmup)
Chain 7: Iteration: 1600 / 4000 [ 40%]  (Warmup)
Chain 6: Iteration: 1600 / 4000 [ 40%]  (Warmup)
Chain 7: Iteration: 2000 / 4000 [ 50%]  (Warmup)
Chain 6: Iteration: 2000 / 4000 [ 50%]  (Warmup)
Chain 7: Iteration: 2400 / 4000 [ 60%]  (Warmup)
Chain 6: Iteration: 2400 / 4000 [ 60%]  (Warmup)
Chain 5: Iteration:  400 / 4000 [ 10%]  (Warmup)
Chain 8: Iteration:  400 / 4000 [ 10%]  (Warmup)
Chain 7: Iteration: 2800 / 4000 [ 70%]  (Warmup)
Chain 6: Iteration: 2800 / 4000 [ 70%]  (Warmup)
Chain 7: Iteration: 3001 / 4000 [ 75%]  (Sampling)
Chain 8: Iteration:  800 / 4000 [ 20%]  (Warmup)
Chain 5: Iteration:  800 / 4000 [ 20%]  (Warmup)
Chain 6: Iteration: 3001 / 4000 [ 75%]  (Sampling)
Chain 7: Iteration: 3400 / 4000 [ 85%]  (Sampling)
Chain 8: Iteration: 1200 / 4000 [ 30%]  (Warmup)
Chain 5: Iteration: 1200 / 4000 [ 30%]  (Warmup)
Chain 6: Iteration: 3400 / 4000 [ 85%]  (Sampling)
Chain 7: Iteration: 3800 / 4000 [ 95%]  (Sampling)
Chain 6: Iteration: 3800 / 4000 [ 95%]  (Sampling)
Chain 7: Iteration: 4000 / 4000 [100%]  (Sampling)
Chain 7: 
Chain 7:  Elapsed Time: 175.416 seconds (Warm-up)
Chain 7:                43.6453 seconds (Sampling)
Chain 7:                219.061 seconds (Total)
Chain 7: 
Chain 8: Iteration: 1600 / 4000 [ 40%]  (Warmup)
Chain 5: Iteration: 1600 / 4000 [ 40%]  (Warmup)

SAMPLING FOR MODEL 'PA_LMAms_CV' NOW (CHAIN 11).
Chain 11: 
Chain 11: Gradient evaluation took 0.000209 seconds
Chain 11: 1000 transitions using 10 leapfrog steps per transition would take 2.09 seconds.
Chain 11: Adjust your expectations accordingly!
Chain 11: 
Chain 11: 
Chain 11: Iteration:    1 / 4000 [  0%]  (Warmup)
Chain 6: Iteration: 4000 / 4000 [100%]  (Sampling)
Chain 6: 
Chain 6:  Elapsed Time: 173.941 seconds (Warm-up)
Chain 6:                43.4287 seconds (Sampling)
Chain 6:                217.37 seconds (Total)
Chain 6: 

SAMPLING FOR MODEL 'PA_LMAms_CV' NOW (CHAIN 10).
Chain 10: 
Chain 10: Gradient evaluation took 0.000208 seconds
Chain 10: 1000 transitions using 10 leapfrog steps per transition would take 2.08 seconds.
Chain 10: Adjust your expectations accordingly!
Chain 10: 
Chain 10: 
Chain 10: Iteration:    1 / 4000 [  0%]  (Warmup)
Chain 8: Iteration: 2000 / 4000 [ 50%]  (Warmup)
Chain 5: Iteration: 2000 / 4000 [ 50%]  (Warmup)
Chain 8: Iteration: 2400 / 4000 [ 60%]  (Warmup)
Chain 5: Iteration: 2400 / 4000 [ 60%]  (Warmup)
Chain 8: Iteration: 2800 / 4000 [ 70%]  (Warmup)
Chain 5: Iteration: 2800 / 4000 [ 70%]  (Warmup)
Chain 10: Iteration:  400 / 4000 [ 10%]  (Warmup)
Chain 8: Iteration: 3001 / 4000 [ 75%]  (Sampling)
Chain 11: Iteration:  400 / 4000 [ 10%]  (Warmup)
Chain 5: Iteration: 3001 / 4000 [ 75%]  (Sampling)
Chain 10: Iteration:  800 / 4000 [ 20%]  (Warmup)
Chain 11: Iteration:  800 / 4000 [ 20%]  (Warmup)
Chain 8: Iteration: 3400 / 4000 [ 85%]  (Sampling)
Chain 5: Iteration: 3400 / 4000 [ 85%]  (Sampling)
Chain 10: Iteration: 1200 / 4000 [ 30%]  (Warmup)
Chain 8: Iteration: 3800 / 4000 [ 95%]  (Sampling)
Chain 11: Iteration: 1200 / 4000 [ 30%]  (Warmup)
Chain 8: Iteration: 4000 / 4000 [100%]  (Sampling)
Chain 8: 
Chain 8:  Elapsed Time: 194.9 seconds (Warm-up)
Chain 8:                53.7344 seconds (Sampling)
Chain 8:                248.635 seconds (Total)
Chain 8: 
Chain 5: Iteration: 3800 / 4000 [ 95%]  (Sampling)

SAMPLING FOR MODEL 'PA_LMAms_CV' NOW (CHAIN 12).
Chain 12: 
Chain 12: Gradient evaluation took 0.000166 seconds
Chain 12: 1000 transitions using 10 leapfrog steps per transition would take 1.66 seconds.
Chain 12: Adjust your expectations accordingly!
Chain 12: 
Chain 12: 
Chain 12: Iteration:    1 / 4000 [  0%]  (Warmup)
Chain 10: Iteration: 1600 / 4000 [ 40%]  (Warmup)
Chain 11: Iteration: 1600 / 4000 [ 40%]  (Warmup)
Chain 5: Iteration: 4000 / 4000 [100%]  (Sampling)
Chain 5: 
Chain 5:  Elapsed Time: 206.422 seconds (Warm-up)
Chain 5:                55.2029 seconds (Sampling)
Chain 5:                261.625 seconds (Total)
Chain 5: 

SAMPLING FOR MODEL 'PA_LMAms_CV' NOW (CHAIN 9).
Chain 9: 
Chain 9: Gradient evaluation took 0.000219 seconds
Chain 9: 1000 transitions using 10 leapfrog steps per transition would take 2.19 seconds.
Chain 9: Adjust your expectations accordingly!
Chain 9: 
Chain 9: 
Chain 9: Iteration:    1 / 4000 [  0%]  (Warmup)
Chain 11: Iteration: 2000 / 4000 [ 50%]  (Warmup)
Chain 10: Iteration: 2000 / 4000 [ 50%]  (Warmup)
Chain 11: Iteration: 2400 / 4000 [ 60%]  (Warmup)
Chain 10: Iteration: 2400 / 4000 [ 60%]  (Warmup)
Chain 12: Iteration:  400 / 4000 [ 10%]  (Warmup)
Chain 11: Iteration: 2800 / 4000 [ 70%]  (Warmup)
Chain 10: Iteration: 2800 / 4000 [ 70%]  (Warmup)
Chain 11: Iteration: 3001 / 4000 [ 75%]  (Sampling)
Chain 12: Iteration:  800 / 4000 [ 20%]  (Warmup)
Chain 9: Iteration:  400 / 4000 [ 10%]  (Warmup)
Chain 10: Iteration: 3001 / 4000 [ 75%]  (Sampling)
Chain 11: Iteration: 3400 / 4000 [ 85%]  (Sampling)
Chain 12: Iteration: 1200 / 4000 [ 30%]  (Warmup)
Chain 9: Iteration:  800 / 4000 [ 20%]  (Warmup)
Chain 10: Iteration: 3400 / 4000 [ 85%]  (Sampling)
Chain 11: Iteration: 3800 / 4000 [ 95%]  (Sampling)
Chain 12: Iteration: 1600 / 4000 [ 40%]  (Warmup)
Chain 11: Iteration: 4000 / 4000 [100%]  (Sampling)
Chain 11: 
Chain 11:  Elapsed Time: 202.211 seconds (Warm-up)
Chain 11:                50.9802 seconds (Sampling)
Chain 11:                253.192 seconds (Total)
Chain 11: 
Chain 9: Iteration: 1200 / 4000 [ 30%]  (Warmup)

SAMPLING FOR MODEL 'PA_LMAms_CV' NOW (CHAIN 15).
Chain 15: 
Chain 15: Gradient evaluation took 0.000207 seconds
Chain 15: 1000 transitions using 10 leapfrog steps per transition would take 2.07 seconds.
Chain 15: Adjust your expectations accordingly!
Chain 15: 
Chain 15: 
Chain 15: Iteration:    1 / 4000 [  0%]  (Warmup)
Chain 10: Iteration: 3800 / 4000 [ 95%]  (Sampling)
Chain 12: Iteration: 2000 / 4000 [ 50%]  (Warmup)
Chain 10: Iteration: 4000 / 4000 [100%]  (Sampling)
Chain 10: 
Chain 10:  Elapsed Time: 205.058 seconds (Warm-up)
Chain 10:                65.0259 seconds (Sampling)
Chain 10:                270.083 seconds (Total)
Chain 10: 
Chain 9: Iteration: 1600 / 4000 [ 40%]  (Warmup)

SAMPLING FOR MODEL 'PA_LMAms_CV' NOW (CHAIN 14).
Chain 14: 
Chain 14: Gradient evaluation took 0.000218 seconds
Chain 14: 1000 transitions using 10 leapfrog steps per transition would take 2.18 seconds.
Chain 14: Adjust your expectations accordingly!
Chain 14: 
Chain 14: 
Chain 14: Iteration:    1 / 4000 [  0%]  (Warmup)
Chain 12: Iteration: 2400 / 4000 [ 60%]  (Warmup)
Chain 9: Iteration: 2000 / 4000 [ 50%]  (Warmup)
Chain 12: Iteration: 2800 / 4000 [ 70%]  (Warmup)
Chain 15: Iteration:  400 / 4000 [ 10%]  (Warmup)
Chain 9: Iteration: 2400 / 4000 [ 60%]  (Warmup)
Chain 12: Iteration: 3001 / 4000 [ 75%]  (Sampling)
Chain 14: Iteration:  400 / 4000 [ 10%]  (Warmup)
Chain 15: Iteration:  800 / 4000 [ 20%]  (Warmup)
Chain 14: Iteration:  800 / 4000 [ 20%]  (Warmup)
Chain 12: Iteration: 3400 / 4000 [ 85%]  (Sampling)
Chain 9: Iteration: 2800 / 4000 [ 70%]  (Warmup)
Chain 15: Iteration: 1200 / 4000 [ 30%]  (Warmup)
Chain 9: Iteration: 3001 / 4000 [ 75%]  (Sampling)
Chain 14: Iteration: 1200 / 4000 [ 30%]  (Warmup)
Chain 12: Iteration: 3800 / 4000 [ 95%]  (Sampling)
Chain 15: Iteration: 1600 / 4000 [ 40%]  (Warmup)
Chain 12: Iteration: 4000 / 4000 [100%]  (Sampling)
Chain 12: 
Chain 12:  Elapsed Time: 204.284 seconds (Warm-up)
Chain 12:                52.5733 seconds (Sampling)
Chain 12:                256.857 seconds (Total)
Chain 12: 
Chain 9: Iteration: 3400 / 4000 [ 85%]  (Sampling)

SAMPLING FOR MODEL 'PA_LMAms_CV' NOW (CHAIN 16).
Chain 16: 
Chain 16: Gradient evaluation took 0.000169 seconds
Chain 16: 1000 transitions using 10 leapfrog steps per transition would take 1.69 seconds.
Chain 16: Adjust your expectations accordingly!
Chain 16: 
Chain 16: 
Chain 16: Iteration:    1 / 4000 [  0%]  (Warmup)
Chain 14: Iteration: 1600 / 4000 [ 40%]  (Warmup)
Chain 15: Iteration: 2000 / 4000 [ 50%]  (Warmup)
Chain 9: Iteration: 3800 / 4000 [ 95%]  (Sampling)
Chain 14: Iteration: 2000 / 4000 [ 50%]  (Warmup)
Chain 9: Iteration: 4000 / 4000 [100%]  (Sampling)
Chain 9: 
Chain 9:  Elapsed Time: 228.058 seconds (Warm-up)
Chain 9:                50.2575 seconds (Sampling)
Chain 9:                278.315 seconds (Total)
Chain 9: 
Chain 15: Iteration: 2400 / 4000 [ 60%]  (Warmup)

SAMPLING FOR MODEL 'PA_LMAms_CV' NOW (CHAIN 13).
Chain 13: 
Chain 13: Gradient evaluation took 0.000205 seconds
Chain 13: 1000 transitions using 10 leapfrog steps per transition would take 2.05 seconds.
Chain 13: Adjust your expectations accordingly!
Chain 13: 
Chain 13: 
Chain 13: Iteration:    1 / 4000 [  0%]  (Warmup)
Chain 14: Iteration: 2400 / 4000 [ 60%]  (Warmup)
Chain 15: Iteration: 2800 / 4000 [ 70%]  (Warmup)
Chain 14: Iteration: 2800 / 4000 [ 70%]  (Warmup)
Chain 15: Iteration: 3001 / 4000 [ 75%]  (Sampling)
Chain 14: Iteration: 3001 / 4000 [ 75%]  (Sampling)
Chain 15: Iteration: 3400 / 4000 [ 85%]  (Sampling)
Chain 14: Iteration: 3400 / 4000 [ 85%]  (Sampling)
Chain 13: Iteration:  400 / 4000 [ 10%]  (Warmup)
Chain 15: Iteration: 3800 / 4000 [ 95%]  (Sampling)
Chain 14: Iteration: 3800 / 4000 [ 95%]  (Sampling)
Chain 15: Iteration: 4000 / 4000 [100%]  (Sampling)
Chain 15: 
Chain 15:  Elapsed Time: 196.88 seconds (Warm-up)
Chain 15:                50.409 seconds (Sampling)
Chain 15:                247.289 seconds (Total)
Chain 15: 
Chain 13: Iteration:  800 / 4000 [ 20%]  (Warmup)

SAMPLING FOR MODEL 'PA_LMAms_CV' NOW (CHAIN 19).
Chain 19: 
Chain 19: Gradient evaluation took 0.000203 seconds
Chain 19: 1000 transitions using 10 leapfrog steps per transition would take 2.03 seconds.
Chain 19: Adjust your expectations accordingly!
Chain 19: 
Chain 19: 
Chain 19: Iteration:    1 / 4000 [  0%]  (Warmup)
Chain 14: Iteration: 4000 / 4000 [100%]  (Sampling)
Chain 14: 
Chain 14:  Elapsed Time: 181.02 seconds (Warm-up)
Chain 14:                51.2183 seconds (Sampling)
Chain 14:                232.239 seconds (Total)
Chain 14: 

SAMPLING FOR MODEL 'PA_LMAms_CV' NOW (CHAIN 18).
Chain 18: 
Chain 18: Gradient evaluation took 0.000201 seconds
Chain 18: 1000 transitions using 10 leapfrog steps per transition would take 2.01 seconds.
Chain 18: Adjust your expectations accordingly!
Chain 18: 
Chain 18: 
Chain 18: Iteration:    1 / 4000 [  0%]  (Warmup)
Chain 13: Iteration: 1200 / 4000 [ 30%]  (Warmup)
Chain 13: Iteration: 1600 / 4000 [ 40%]  (Warmup)
Chain 16: Iteration:  400 / 4000 [ 10%]  (Warmup)
Chain 13: Iteration: 2000 / 4000 [ 50%]  (Warmup)
Chain 18: Iteration:  400 / 4000 [ 10%]  (Warmup)
Chain 16: Iteration:  800 / 4000 [ 20%]  (Warmup)
Chain 19: Iteration:  400 / 4000 [ 10%]  (Warmup)
Chain 13: Iteration: 2400 / 4000 [ 60%]  (Warmup)
Chain 18: Iteration:  800 / 4000 [ 20%]  (Warmup)
Chain 16: Iteration: 1200 / 4000 [ 30%]  (Warmup)
Chain 19: Iteration:  800 / 4000 [ 20%]  (Warmup)
Chain 13: Iteration: 2800 / 4000 [ 70%]  (Warmup)
Chain 16: Iteration: 1600 / 4000 [ 40%]  (Warmup)
Chain 13: Iteration: 3001 / 4000 [ 75%]  (Sampling)
Chain 18: Iteration: 1200 / 4000 [ 30%]  (Warmup)
Chain 19: Iteration: 1200 / 4000 [ 30%]  (Warmup)
Chain 16: Iteration: 2000 / 4000 [ 50%]  (Warmup)
Chain 13: Iteration: 3400 / 4000 [ 85%]  (Sampling)
Chain 18: Iteration: 1600 / 4000 [ 40%]  (Warmup)
Chain 19: Iteration: 1600 / 4000 [ 40%]  (Warmup)
Chain 16: Iteration: 2400 / 4000 [ 60%]  (Warmup)
Chain 13: Iteration: 3800 / 4000 [ 95%]  (Sampling)
Chain 18: Iteration: 2000 / 4000 [ 50%]  (Warmup)
Chain 19: Iteration: 2000 / 4000 [ 50%]  (Warmup)
Chain 13: Iteration: 4000 / 4000 [100%]  (Sampling)
Chain 13: 
Chain 13:  Elapsed Time: 189.958 seconds (Warm-up)
Chain 13:                49.966 seconds (Sampling)
Chain 13:                239.924 seconds (Total)
Chain 13: 
Chain 16: Iteration: 2800 / 4000 [ 70%]  (Warmup)
Chain 18: Iteration: 2400 / 4000 [ 60%]  (Warmup)
Chain 16: Iteration: 3001 / 4000 [ 75%]  (Sampling)
Chain 19: Iteration: 2400 / 4000 [ 60%]  (Warmup)

SAMPLING FOR MODEL 'PA_LMAms_CV' NOW (CHAIN 17).
Chain 17: 
Chain 17: Gradient evaluation took 0.000218 seconds
Chain 17: 1000 transitions using 10 leapfrog steps per transition would take 2.18 seconds.
Chain 17: Adjust your expectations accordingly!
Chain 17: 
Chain 17: 
Chain 17: Iteration:    1 / 4000 [  0%]  (Warmup)
Chain 18: Iteration: 2800 / 4000 [ 70%]  (Warmup)
Chain 16: Iteration: 3400 / 4000 [ 85%]  (Sampling)
Chain 19: Iteration: 2800 / 4000 [ 70%]  (Warmup)
Chain 18: Iteration: 3001 / 4000 [ 75%]  (Sampling)
Chain 19: Iteration: 3001 / 4000 [ 75%]  (Sampling)
Chain 16: Iteration: 3800 / 4000 [ 95%]  (Sampling)
Chain 16: Iteration: 4000 / 4000 [100%]  (Sampling)
Chain 16: 
Chain 16:  Elapsed Time: 293.306 seconds (Warm-up)
Chain 16:                49.9157 seconds (Sampling)
Chain 16:                343.222 seconds (Total)
Chain 16: 
Chain 19: Iteration: 3400 / 4000 [ 85%]  (Sampling)
Chain 17: Iteration:  400 / 4000 [ 10%]  (Warmup)
Chain 18: Iteration: 3400 / 4000 [ 85%]  (Sampling)
Chain 19: Iteration: 3800 / 4000 [ 95%]  (Sampling)
Chain 19: Iteration: 4000 / 4000 [100%]  (Sampling)
Chain 19: 
Chain 19:  Elapsed Time: 210.564 seconds (Warm-up)
Chain 19:                50.9828 seconds (Sampling)
Chain 19:                261.547 seconds (Total)
Chain 19: 
Chain 17: Iteration:  800 / 4000 [ 20%]  (Warmup)

SAMPLING FOR MODEL 'PA_LMAms_CV' NOW (CHAIN 20).
Chain 20: 
Chain 20: Gradient evaluation took 0.000171 seconds
Chain 20: 1000 transitions using 10 leapfrog steps per transition would take 1.71 seconds.
Chain 20: Adjust your expectations accordingly!
Chain 20: 
Chain 20: 
Chain 20: Iteration:    1 / 4000 [  0%]  (Warmup)
Chain 17: Iteration: 1200 / 4000 [ 30%]  (Warmup)
Chain 18: Iteration: 3800 / 4000 [ 95%]  (Sampling)
Chain 17: Iteration: 1600 / 4000 [ 40%]  (Warmup)
Chain 18: Iteration: 4000 / 4000 [100%]  (Sampling)
Chain 18: 
Chain 18:  Elapsed Time: 201.352 seconds (Warm-up)
Chain 18:                94.3919 seconds (Sampling)
Chain 18:                295.744 seconds (Total)
Chain 18: 

SAMPLING FOR MODEL 'PA_LMAms_CV' NOW (CHAIN 23).
Chain 23: 
Chain 23: Gradient evaluation took 0.000212 seconds
Chain 23: 1000 transitions using 10 leapfrog steps per transition would take 2.12 seconds.
Chain 23: Adjust your expectations accordingly!
Chain 23: 
Chain 23: 
Chain 23: Iteration:    1 / 4000 [  0%]  (Warmup)
Chain 20: Iteration:  400 / 4000 [ 10%]  (Warmup)
Chain 17: Iteration: 2000 / 4000 [ 50%]  (Warmup)
Chain 20: Iteration:  800 / 4000 [ 20%]  (Warmup)
Chain 17: Iteration: 2400 / 4000 [ 60%]  (Warmup)
Chain 20: Iteration: 1200 / 4000 [ 30%]  (Warmup)

SAMPLING FOR MODEL 'PA_LMAms_CV' NOW (CHAIN 22).
Chain 22: 
Chain 22: Gradient evaluation took 0.000171 seconds
Chain 22: 1000 transitions using 10 leapfrog steps per transition would take 1.71 seconds.
Chain 22: Adjust your expectations accordingly!
Chain 22: 
Chain 22: 
Chain 22: Iteration:    1 / 4000 [  0%]  (Warmup)
Chain 17: Iteration: 2800 / 4000 [ 70%]  (Warmup)
Chain 23: Iteration:  400 / 4000 [ 10%]  (Warmup)
Chain 20: Iteration: 1600 / 4000 [ 40%]  (Warmup)
Chain 17: Iteration: 3001 / 4000 [ 75%]  (Sampling)
Chain 23: Iteration:  800 / 4000 [ 20%]  (Warmup)
Chain 17: Iteration: 3400 / 4000 [ 85%]  (Sampling)
Chain 20: Iteration: 2000 / 4000 [ 50%]  (Warmup)
Chain 22: Iteration:  400 / 4000 [ 10%]  (Warmup)
Chain 23: Iteration: 1200 / 4000 [ 30%]  (Warmup)
Chain 17: Iteration: 3800 / 4000 [ 95%]  (Sampling)
Chain 20: Iteration: 2400 / 4000 [ 60%]  (Warmup)
Chain 22: Iteration:  800 / 4000 [ 20%]  (Warmup)
Chain 17: Iteration: 4000 / 4000 [100%]  (Sampling)
Chain 17: 
Chain 17:  Elapsed Time: 182.982 seconds (Warm-up)
Chain 17:                49.4363 seconds (Sampling)
Chain 17:                232.418 seconds (Total)
Chain 17: 
Chain 23: Iteration: 1600 / 4000 [ 40%]  (Warmup)

SAMPLING FOR MODEL 'PA_LMAms_CV' NOW (CHAIN 21).
Chain 21: 
Chain 21: Gradient evaluation took 0.000278 seconds
Chain 21: 1000 transitions using 10 leapfrog steps per transition would take 2.78 seconds.
Chain 21: Adjust your expectations accordingly!
Chain 21: 
Chain 21: 
Chain 21: Iteration:    1 / 4000 [  0%]  (Warmup)
Chain 20: Iteration: 2800 / 4000 [ 70%]  (Warmup)
Chain 23: Iteration: 2000 / 4000 [ 50%]  (Warmup)
Chain 22: Iteration: 1200 / 4000 [ 30%]  (Warmup)
Chain 20: Iteration: 3001 / 4000 [ 75%]  (Sampling)
Chain 23: Iteration: 2400 / 4000 [ 60%]  (Warmup)
Chain 22: Iteration: 1600 / 4000 [ 40%]  (Warmup)
Chain 20: Iteration: 3400 / 4000 [ 85%]  (Sampling)
Chain 21: Iteration:  400 / 4000 [ 10%]  (Warmup)
Chain 23: Iteration: 2800 / 4000 [ 70%]  (Warmup)
Chain 22: Iteration: 2000 / 4000 [ 50%]  (Warmup)
Chain 23: Iteration: 3001 / 4000 [ 75%]  (Sampling)
Chain 20: Iteration: 3800 / 4000 [ 95%]  (Sampling)
Chain 21: Iteration:  800 / 4000 [ 20%]  (Warmup)
Chain 20: Iteration: 4000 / 4000 [100%]  (Sampling)
Chain 20: 
Chain 20:  Elapsed Time: 184.75 seconds (Warm-up)
Chain 20:                48.7542 seconds (Sampling)
Chain 20:                233.504 seconds (Total)
Chain 20: 
Chain 22: Iteration: 2400 / 4000 [ 60%]  (Warmup)

SAMPLING FOR MODEL 'PA_LMAms_CV' NOW (CHAIN 24).
Chain 24: 
Chain 24: Gradient evaluation took 0.000242 seconds
Chain 24: 1000 transitions using 10 leapfrog steps per transition would take 2.42 seconds.
Chain 24: Adjust your expectations accordingly!
Chain 24: 
Chain 24: 
Chain 24: Iteration:    1 / 4000 [  0%]  (Warmup)
Chain 23: Iteration: 3400 / 4000 [ 85%]  (Sampling)
Chain 21: Iteration: 1200 / 4000 [ 30%]  (Warmup)
Chain 22: Iteration: 2800 / 4000 [ 70%]  (Warmup)
Chain 23: Iteration: 3800 / 4000 [ 95%]  (Sampling)
Chain 22: Iteration: 3001 / 4000 [ 75%]  (Sampling)
Chain 21: Iteration: 1600 / 4000 [ 40%]  (Warmup)
Chain 23: Iteration: 4000 / 4000 [100%]  (Sampling)
Chain 23: 
Chain 23:  Elapsed Time: 173.799 seconds (Warm-up)
Chain 23:                48.6456 seconds (Sampling)
Chain 23:                222.444 seconds (Total)
Chain 23: 
Chain 22: Iteration: 3400 / 4000 [ 85%]  (Sampling)
Chain 21: Iteration: 2000 / 4000 [ 50%]  (Warmup)
Chain 24: Iteration:  400 / 4000 [ 10%]  (Warmup)
Chain 22: Iteration: 3800 / 4000 [ 95%]  (Sampling)
Chain 21: Iteration: 2400 / 4000 [ 60%]  (Warmup)
Chain 22: Iteration: 4000 / 4000 [100%]  (Sampling)
Chain 22: 
Chain 22:  Elapsed Time: 173.988 seconds (Warm-up)
Chain 22:                44.3177 seconds (Sampling)
Chain 22:                218.305 seconds (Total)
Chain 22: 

SAMPLING FOR MODEL 'PA_LMAms_CV' NOW (CHAIN 27).
Chain 27: 
Chain 27: Gradient evaluation took 0.00036 seconds
Chain 27: 1000 transitions using 10 leapfrog steps per transition would take 3.6 seconds.
Chain 27: Adjust your expectations accordingly!
Chain 27: 
Chain 27: 
Chain 27: Iteration:    1 / 4000 [  0%]  (Warmup)
Chain 24: Iteration:  800 / 4000 [ 20%]  (Warmup)
Chain 21: Iteration: 2800 / 4000 [ 70%]  (Warmup)
Chain 21: Iteration: 3001 / 4000 [ 75%]  (Sampling)
Chain 24: Iteration: 1200 / 4000 [ 30%]  (Warmup)

SAMPLING FOR MODEL 'PA_LMAms_CV' NOW (CHAIN 26).
Chain 26: 
Chain 26: Gradient evaluation took 0.000204 seconds
Chain 26: 1000 transitions using 10 leapfrog steps per transition would take 2.04 seconds.
Chain 26: Adjust your expectations accordingly!
Chain 26: 
Chain 26: 
Chain 26: Iteration:    1 / 4000 [  0%]  (Warmup)
Chain 24: Iteration: 1600 / 4000 [ 40%]  (Warmup)
Chain 21: Iteration: 3400 / 4000 [ 85%]  (Sampling)
Chain 27: Iteration:  400 / 4000 [ 10%]  (Warmup)
Chain 24: Iteration: 2000 / 4000 [ 50%]  (Warmup)
Chain 26: Iteration:  400 / 4000 [ 10%]  (Warmup)
Chain 24: Iteration: 2400 / 4000 [ 60%]  (Warmup)
Chain 21: Iteration: 3800 / 4000 [ 95%]  (Sampling)
Chain 27: Iteration:  800 / 4000 [ 20%]  (Warmup)
Chain 26: Iteration:  800 / 4000 [ 20%]  (Warmup)
Chain 24: Iteration: 2800 / 4000 [ 70%]  (Warmup)
Chain 21: Iteration: 4000 / 4000 [100%]  (Sampling)
Chain 21: 
Chain 21:  Elapsed Time: 172.742 seconds (Warm-up)
Chain 21:                85.5027 seconds (Sampling)
Chain 21:                258.244 seconds (Total)
Chain 21: 
Chain 27: Iteration: 1200 / 4000 [ 30%]  (Warmup)
Chain 24: Iteration: 3001 / 4000 [ 75%]  (Sampling)
Chain 26: Iteration: 1200 / 4000 [ 30%]  (Warmup)
Chain 27: Iteration: 1600 / 4000 [ 40%]  (Warmup)
Chain 26: Iteration: 1600 / 4000 [ 40%]  (Warmup)

SAMPLING FOR MODEL 'PA_LMAms_CV' NOW (CHAIN 25).
Chain 25: 
Chain 25: Gradient evaluation took 0.000212 seconds
Chain 25: 1000 transitions using 10 leapfrog steps per transition would take 2.12 seconds.
Chain 25: Adjust your expectations accordingly!
Chain 25: 
Chain 25: 
Chain 25: Iteration:    1 / 4000 [  0%]  (Warmup)
Chain 26: Iteration: 2000 / 4000 [ 50%]  (Warmup)
Chain 24: Iteration: 3400 / 4000 [ 85%]  (Sampling)
Chain 27: Iteration: 2000 / 4000 [ 50%]  (Warmup)
Chain 26: Iteration: 2400 / 4000 [ 60%]  (Warmup)
Chain 27: Iteration: 2400 / 4000 [ 60%]  (Warmup)
Chain 26: Iteration: 2800 / 4000 [ 70%]  (Warmup)
Chain 24: Iteration: 3800 / 4000 [ 95%]  (Sampling)
Chain 27: Iteration: 2800 / 4000 [ 70%]  (Warmup)
Chain 27: Iteration: 3001 / 4000 [ 75%]  (Sampling)
Chain 26: Iteration: 3001 / 4000 [ 75%]  (Sampling)
Chain 25: Iteration:  400 / 4000 [ 10%]  (Warmup)
Chain 24: Iteration: 4000 / 4000 [100%]  (Sampling)
Chain 24: 
Chain 24:  Elapsed Time: 192.872 seconds (Warm-up)
Chain 24:                94.6054 seconds (Sampling)
Chain 24:                287.478 seconds (Total)
Chain 24: 
Chain 27: Iteration: 3400 / 4000 [ 85%]  (Sampling)
Chain 25: Iteration:  800 / 4000 [ 20%]  (Warmup)
Chain 26: Iteration: 3400 / 4000 [ 85%]  (Sampling)

SAMPLING FOR MODEL 'PA_LMAms_CV' NOW (CHAIN 28).
Chain 28: 
Chain 28: Gradient evaluation took 0.000189 seconds
Chain 28: 1000 transitions using 10 leapfrog steps per transition would take 1.89 seconds.
Chain 28: Adjust your expectations accordingly!
Chain 28: 
Chain 28: 
Chain Chain 2728: : Iteration: 3800 / 4000 [ 95%]  (Sampling)Iteration:    1 / 4000 [  0%]  (Warmup)

Chain 27: Iteration: 4000 / 4000 [100%]  (Sampling)
Chain 27: 
Chain 27:  Elapsed Time: 201.47 seconds (Warm-up)
Chain 27:                29.5192 seconds (Sampling)
Chain 27:                230.989 seconds (Total)
Chain 27: 

SAMPLING FOR MODEL 'PA_LMAms_CV' NOW (CHAIN 31).
Chain 31: 
Chain 31: Gradient evaluation took 0.000212 seconds
Chain 31: 1000 transitions using 10 leapfrog steps per transition would take 2.12 seconds.
Chain 31: Adjust your expectations accordingly!
Chain 31: 
Chain 31: 
Chain 31: Iteration:    1 / 4000 [  0%]  (Warmup)
Chain 25: Iteration: 1200 / 4000 [ 30%]  (Warmup)
Chain 26: Iteration: 3800 / 4000 [ 95%]  (Sampling)
Chain 26: Iteration: 4000 / 4000 [100%]  (Sampling)
Chain 26: 
Chain 26:  Elapsed Time: 169.873 seconds (Warm-up)
Chain 26:                53.9291 seconds (Sampling)
Chain 26:                223.802 seconds (Total)
Chain 26: 
Chain 25: Iteration: 1600 / 4000 [ 40%]  (Warmup)

SAMPLING FOR MODEL 'PA_LMAms_CV' NOW (CHAIN 30).
Chain 30: 
Chain 30: Gradient evaluation took 0.000212 seconds
Chain 30: 1000 transitions using 10 leapfrog steps per transition would take 2.12 seconds.
Chain 30: Adjust your expectations accordingly!
Chain 30: 
Chain 30: 
Chain 30: Iteration:    1 / 4000 [  0%]  (Warmup)
Chain 28: Iteration:  400 / 4000 [ 10%]  (Warmup)
Chain 25: Iteration: 2000 / 4000 [ 50%]  (Warmup)
Chain 31: Iteration:  400 / 4000 [ 10%]  (Warmup)
Chain 28: Iteration:  800 / 4000 [ 20%]  (Warmup)
Chain 25: Iteration: 2400 / 4000 [ 60%]  (Warmup)
Chain 28: Iteration: 1200 / 4000 [ 30%]  (Warmup)
Chain 31: Iteration:  800 / 4000 [ 20%]  (Warmup)
Chain 25: Iteration: 2800 / 4000 [ 70%]  (Warmup)
Chain 28: Iteration: 1600 / 4000 [ 40%]  (Warmup)
Chain 25: Iteration: 3001 / 4000 [ 75%]  (Sampling)
Chain 31: Iteration: 1200 / 4000 [ 30%]  (Warmup)
Chain 28: Iteration: 2000 / 4000 [ 50%]  (Warmup)
Chain 31: Iteration: 1600 / 4000 [ 40%]  (Warmup)
Chain 25: Iteration: 3400 / 4000 [ 85%]  (Sampling)
Chain 28: Iteration: 2400 / 4000 [ 60%]  (Warmup)
Chain 31: Iteration: 2000 / 4000 [ 50%]  (Warmup)
Chain 30: Iteration:  400 / 4000 [ 10%]  (Warmup)
Chain 25: Iteration: 3800 / 4000 [ 95%]  (Sampling)
Chain 28: Iteration: 2800 / 4000 [ 70%]  (Warmup)
Chain 31: Iteration: 2400 / 4000 [ 60%]  (Warmup)
Chain 30: Iteration:  800 / 4000 [ 20%]  (Warmup)
Chain 25: Iteration: 4000 / 4000 [100%]  (Sampling)
Chain 25: 
Chain 25:  Elapsed Time: 194.685 seconds (Warm-up)
Chain 25:                64.2438 seconds (Sampling)
Chain 25:                258.929 seconds (Total)
Chain 25: 
Chain 28: Iteration: 3001 / 4000 [ 75%]  (Sampling)
Chain 31: Iteration: 2800 / 4000 [ 70%]  (Warmup)
Chain 28: Iteration: 3400 / 4000 [ 85%]  (Sampling)
Chain 30: Iteration: 1200 / 4000 [ 30%]  (Warmup)

SAMPLING FOR MODEL 'PA_LMAms_CV' NOW (CHAIN 29).
Chain 29: 
Chain 29: Gradient evaluation took 0.000217 seconds
Chain 29: 1000 transitions using 10 leapfrog steps per transition would take 2.17 seconds.
Chain 29: Adjust your expectations accordingly!
Chain 29: 
Chain 29: 
Chain 29: Iteration:    1 / 4000 [  0%]  (Warmup)
Chain 31: Iteration: 3001 / 4000 [ 75%]  (Sampling)
Chain 28: Iteration: 3800 / 4000 [ 95%]  (Sampling)
Chain 30: Iteration: 1600 / 4000 [ 40%]  (Warmup)
Chain 28: Iteration: 4000 / 4000 [100%]  (Sampling)
Chain 28: 
Chain 28:  Elapsed Time: 174.892 seconds (Warm-up)
Chain 28:                48.1439 seconds (Sampling)
Chain 28:                223.036 seconds (Total)
Chain 28: 

SAMPLING FOR MODEL 'PA_LMAms_CV' NOW (CHAIN 32).
Chain 32: 
Chain 32: Gradient evaluation took 0.00021 seconds
Chain 32: 1000 transitions using 10 leapfrog steps per transition would take 2.1 seconds.
Chain 32: Adjust your expectations accordingly!
Chain 32: 
Chain 32: 
Chain 32: Iteration:    1 / 4000 [  0%]  (Warmup)
Chain 30: Iteration: 2000 / 4000 [ 50%]  (Warmup)
Chain 31: Iteration: 3400 / 4000 [ 85%]  (Sampling)
Chain 30: Iteration: 2400 / 4000 [ 60%]  (Warmup)
Chain 29: Iteration:  400 / 4000 [ 10%]  (Warmup)
Chain 32: Iteration:  400 / 4000 [ 10%]  (Warmup)
Chain 30: Iteration: 2800 / 4000 [ 70%]  (Warmup)
Chain 29: Iteration:  800 / 4000 [ 20%]  (Warmup)
Chain 32: Iteration:  800 / 4000 [ 20%]  (Warmup)
Chain 30: Iteration: 3001 / 4000 [ 75%]  (Sampling)
Chain 31: Iteration: 3800 / 4000 [ 95%]  (Sampling)
Chain 29: Iteration: 1200 / 4000 [ 30%]  (Warmup)
Chain 32: Iteration: 1200 / 4000 [ 30%]  (Warmup)
Chain 31: Iteration: 4000 / 4000 [100%]  (Sampling)
Chain 31: 
Chain 31:  Elapsed Time: 196.92 seconds (Warm-up)
Chain 31:                99.2816 seconds (Sampling)
Chain 31:                296.202 seconds (Total)
Chain 31: 
Chain 29: Iteration: 1600 / 4000 [ 40%]  (Warmup)
Chain 30: Iteration: 3400 / 4000 [ 85%]  (Sampling)
Chain 32: Iteration: 1600 / 4000 [ 40%]  (Warmup)

SAMPLING FOR MODEL 'PA_LMAms_CV' NOW (CHAIN 35).
Chain 35: 
Chain 35: Gradient evaluation took 0.000212 seconds
Chain 35: 1000 transitions using 10 leapfrog steps per transition would take 2.12 seconds.
Chain 35: Adjust your expectations accordingly!
Chain 35: 
Chain 35: 
Chain 35: Iteration:    1 / 4000 [  0%]  (Warmup)
Chain 29: Iteration: 2000 / 4000 [ 50%]  (Warmup)
Chain 32: Iteration: 2000 / 4000 [ 50%]  (Warmup)
Chain 29: Iteration: 2400 / 4000 [ 60%]  (Warmup)
Chain 30: Iteration: 3800 / 4000 [ 95%]  (Sampling)
Chain 32: Iteration: 2400 / 4000 [ 60%]  (Warmup)
Chain 29: Iteration: 2800 / 4000 [ 70%]  (Warmup)
Chain 30: Iteration: 4000 / 4000 [100%]  (Sampling)
Chain 30: 
Chain 30:  Elapsed Time: 249.375 seconds (Warm-up)
Chain 30:                93.819 seconds (Sampling)
Chain 30:                343.194 seconds (Total)
Chain 30: 
Chain 32: Iteration: 2800 / 4000 [ 70%]  (Warmup)
Chain 29: Iteration: 3001 / 4000 [ 75%]  (Sampling)

SAMPLING FOR MODEL 'PA_LMAms_CV' NOW (CHAIN 34).
Chain 34: 
Chain 34: Gradient evaluation took 0.000214 seconds
Chain 34: 1000 transitions using 10 leapfrog steps per transition would take 2.14 seconds.
Chain 34: Adjust your expectations accordingly!
Chain 34: 
Chain 34: 
Chain 34: Iteration:    1 / 4000 [  0%]  (Warmup)
Chain 32: Iteration: 3001 / 4000 [ 75%]  (Sampling)
Chain 29: Iteration: 3400 / 4000 [ 85%]  (Sampling)
Chain 32: Iteration: 3400 / 4000 [ 85%]  (Sampling)
Chain 29: Iteration: 3800 / 4000 [ 95%]  (Sampling)
Chain 34: Iteration:  400 / 4000 [ 10%]  (Warmup)
Chain 35: Iteration:  400 / 4000 [ 10%]  (Warmup)
Chain 29: Iteration: 4000 / 4000 [100%]  (Sampling)
Chain 29: 
Chain 29:  Elapsed Time: 186.615 seconds (Warm-up)
Chain 29:                58.0957 seconds (Sampling)
Chain 29:                244.711 seconds (Total)
Chain 29: 
Chain 34: Iteration:  800 / 4000 [ 20%]  (Warmup)
Chain 32: Iteration: 3800 / 4000 [ 95%]  (Sampling)
Chain 35: Iteration:  800 / 4000 [ 20%]  (Warmup)
Chain 34: Iteration: 1200 / 4000 [ 30%]  (Warmup)
Chain 32: Iteration: 4000 / 4000 [100%]  (Sampling)
Chain 32: 
Chain 32:  Elapsed Time: 173.452 seconds (Warm-up)
Chain 32:                84.4133 seconds (Sampling)
Chain 32:                257.865 seconds (Total)
Chain 32: 
Chain 35: Iteration: 1200 / 4000 [ 30%]  (Warmup)

SAMPLING FOR MODEL 'PA_LMAms_CV' NOW (CHAIN 33).
Chain 33: 
Chain 33: Gradient evaluation took 0.000166 seconds
Chain 33: 1000 transitions using 10 leapfrog steps per transition would take 1.66 seconds.
Chain 33: Adjust your expectations accordingly!
Chain 33: 
Chain 33: 
Chain 33: Iteration:    1 / 4000 [  0%]  (Warmup)
Chain 34: Iteration: 1600 / 4000 [ 40%]  (Warmup)
Chain 35: Iteration: 1600 / 4000 [ 40%]  (Warmup)
Chain 34: Iteration: 2000 / 4000 [ 50%]  (Warmup)

SAMPLING FOR MODEL 'PA_LMAms_CV' NOW (CHAIN 36).
Chain 36: 
Chain 36: Gradient evaluation took 0.000214 seconds
Chain 36: 1000 transitions using 10 leapfrog steps per transition would take 2.14 seconds.
Chain 36: Adjust your expectations accordingly!
Chain 36: 
Chain 36: 
Chain 36: Iteration:    1 / 4000 [  0%]  (Warmup)
Chain 35: Iteration: 2000 / 4000 [ 50%]  (Warmup)
Chain 34: Iteration: 2400 / 4000 [ 60%]  (Warmup)
Chain 33: Iteration:  400 / 4000 [ 10%]  (Warmup)
Chain 34: Iteration: 2800 / 4000 [ 70%]  (Warmup)
Chain 34: Iteration: 3001 / 4000 [ 75%]  (Sampling)
Chain 33: Iteration:  800 / 4000 [ 20%]  (Warmup)
Chain 36: Iteration:  400 / 4000 [ 10%]  (Warmup)
Chain 33: Iteration: 1200 / 4000 [ 30%]  (Warmup)
Chain 35: Iteration: 2400 / 4000 [ 60%]  (Warmup)
Chain 34: Iteration: 3400 / 4000 [ 85%]  (Sampling)
Chain 36: Iteration:  800 / 4000 [ 20%]  (Warmup)
Chain 33: Iteration: 1600 / 4000 [ 40%]  (Warmup)
Chain 35: Iteration: 2800 / 4000 [ 70%]  (Warmup)
Chain 36: Iteration: 1200 / 4000 [ 30%]  (Warmup)
Chain 34: Iteration: 3800 / 4000 [ 95%]  (Sampling)
Chain 35: Iteration: 3001 / 4000 [ 75%]  (Sampling)
Chain 33: Iteration: 2000 / 4000 [ 50%]  (Warmup)
Chain 36: Iteration: 1600 / 4000 [ 40%]  (Warmup)
Chain 34: Iteration: 4000 / 4000 [100%]  (Sampling)
Chain 34: 
Chain 34:  Elapsed Time: 170.598 seconds (Warm-up)
Chain 34:                75.4104 seconds (Sampling)
Chain 34:                246.008 seconds (Total)
Chain 34: 
Chain 35: Iteration: 3400 / 4000 [ 85%]  (Sampling)
Chain 33: Iteration: 2400 / 4000 [ 60%]  (Warmup)
Chain 36: Iteration: 2000 / 4000 [ 50%]  (Warmup)
Chain 35: Iteration: 3800 / 4000 [ 95%]  (Sampling)
Chain 33: Iteration: 2800 / 4000 [ 70%]  (Warmup)
Chain 35: Iteration: 4000 / 4000 [100%]  (Sampling)
Chain 35: 
Chain 35:  Elapsed Time: 300.133 seconds (Warm-up)
Chain 35:                47.5473 seconds (Sampling)
Chain 35:                347.68 seconds (Total)
Chain 35: 
Chain 36: Iteration: 2400 / 4000 [ 60%]  (Warmup)

SAMPLING FOR MODEL 'PA_LMAms_CV' NOW (CHAIN 38).
Chain 38: 
Chain 38: Gradient evaluation took 0.000213 seconds
Chain 38: 1000 transitions using 10 leapfrog steps per transition would take 2.13 seconds.
Chain 38: Adjust your expectations accordingly!
Chain 38: 
Chain 38: 
Chain 38: Iteration:    1 / 4000 [  0%]  (Warmup)
Chain 33: Iteration: 3001 / 4000 [ 75%]  (Sampling)
Chain 36: Iteration: 2800 / 4000 [ 70%]  (Warmup)
Chain 36: Iteration: 3001 / 4000 [ 75%]  (Sampling)

SAMPLING FOR MODEL 'PA_LMAms_CV' NOW (CHAIN 39).
Chain 39: 
Chain 39: Gradient evaluation took 0.000217 seconds
Chain 39: 1000 transitions using 10 leapfrog steps per transition would take 2.17 seconds.
Chain 39: Adjust your expectations accordingly!
Chain 39: 
Chain 39: 
Chain 39: Iteration:    1 / 4000 [  0%]  (Warmup)
Chain 36: Iteration: 3400 / 4000 [ 85%]  (Sampling)
Chain 33: Iteration: 3400 / 4000 [ 85%]  (Sampling)
Chain 38: Iteration:  400 / 4000 [ 10%]  (Warmup)
Chain 36: Iteration: 3800 / 4000 [ 95%]  (Sampling)
Chain 38: Iteration:  800 / 4000 [ 20%]  (Warmup)
Chain 36: Iteration: 4000 / 4000 [100%]  (Sampling)
Chain 36: 
Chain 36:  Elapsed Time: 195.211 seconds (Warm-up)
Chain 36:                50.6211 seconds (Sampling)
Chain 36:                245.832 seconds (Total)
Chain 36: 
Chain 39: Iteration:  400 / 4000 [ 10%]  (Warmup)
Chain 38: Iteration: 1200 / 4000 [ 30%]  (Warmup)
Chain 33: Iteration: 3800 / 4000 [ 95%]  (Sampling)

SAMPLING FOR MODEL 'PA_LMAms_CV' NOW (CHAIN 40).
Chain 40: 
Chain 40: Gradient evaluation took 0.000207 seconds
Chain 40: 1000 transitions using 10 leapfrog steps per transition would take 2.07 seconds.
Chain 40: Adjust your expectations accordingly!
Chain 40: 
Chain 40: 
Chain 40: Iteration:    1 / 4000 [  0%]  (Warmup)
Chain 39: Iteration:  800 / 4000 [ 20%]  (Warmup)
Chain 38: Iteration: 1600 / 4000 [ 40%]  (Warmup)
Chain 33: Iteration: 4000 / 4000 [100%]  (Sampling)
Chain 33: 
Chain 33:  Elapsed Time: 204.028 seconds (Warm-up)
Chain 33:                108.519 seconds (Sampling)
Chain 33:                312.548 seconds (Total)
Chain 33: 
Chain 39: Iteration: 1200 / 4000 [ 30%]  (Warmup)

SAMPLING FOR MODEL 'PA_LMAms_CV' NOW (CHAIN 37).
Chain 37: 
Chain 37: Gradient evaluation took 0.000208 seconds
Chain 37: 1000 transitions using 10 leapfrog steps per transition would take 2.08 seconds.
Chain 37: Adjust your expectations accordingly!
Chain 37: 
Chain 37: 
Chain 37: Iteration:    1 / 4000 [  0%]  (Warmup)
Chain 38: Iteration: 2000 / 4000 [ 50%]  (Warmup)
Chain 39: Iteration: 1600 / 4000 [ 40%]  (Warmup)
Chain 40: Iteration:  400 / 4000 [ 10%]  (Warmup)
Chain 38: Iteration: 2400 / 4000 [ 60%]  (Warmup)
Chain 39: Iteration: 2000 / 4000 [ 50%]  (Warmup)
Chain 40: Iteration:  800 / 4000 [ 20%]  (Warmup)
Chain 38: Iteration: 2800 / 4000 [ 70%]  (Warmup)
Chain 40: Iteration: 1200 / 4000 [ 30%]  (Warmup)
Chain 39: Iteration: 2400 / 4000 [ 60%]  (Warmup)
Chain 38: Iteration: 3001 / 4000 [ 75%]  (Sampling)
Chain 37: Iteration:  400 / 4000 [ 10%]  (Warmup)
Chain 40: Iteration: 1600 / 4000 [ 40%]  (Warmup)
Chain 39: Iteration: 2800 / 4000 [ 70%]  (Warmup)
Chain 38: Iteration: 3400 / 4000 [ 85%]  (Sampling)
Chain 37: Iteration:  800 / 4000 [ 20%]  (Warmup)
Chain 39: Iteration: 3001 / 4000 [ 75%]  (Sampling)
Chain 40: Iteration: 2000 / 4000 [ 50%]  (Warmup)
Chain 38: Iteration: 3800 / 4000 [ 95%]  (Sampling)
Chain 37: Iteration: 1200 / 4000 [ 30%]  (Warmup)
Chain 38: Iteration: 4000 / 4000 [100%]  (Sampling)
Chain 38: 
Chain 38:  Elapsed Time: 180.367 seconds (Warm-up)
Chain 38:                45.0179 seconds (Sampling)
Chain 38:                225.385 seconds (Total)
Chain 38: 
Chain 39: Iteration: 3400 / 4000 [ 85%]  (Sampling)
Chain 40: Iteration: 2400 / 4000 [ 60%]  (Warmup)
Chain 37: Iteration: 1600 / 4000 [ 40%]  (Warmup)
Chain 40: Iteration: 2800 / 4000 [ 70%]  (Warmup)
Chain 37: Iteration: 2000 / 4000 [ 50%]  (Warmup)
Chain 39: Iteration: 3800 / 4000 [ 95%]  (Sampling)
Chain 40: Iteration: 3001 / 4000 [ 75%]  (Sampling)
Chain 39: Iteration: 4000 / 4000 [100%]  (Sampling)
Chain 39: 
Chain 39:  Elapsed Time: 182.159 seconds (Warm-up)
Chain 39:                68.2499 seconds (Sampling)
Chain 39:                250.409 seconds (Total)
Chain 39: 
Chain 37: Iteration: 2400 / 4000 [ 60%]  (Warmup)
Chain 40: Iteration: 3400 / 4000 [ 85%]  (Sampling)
Chain 37: Iteration: 2800 / 4000 [ 70%]  (Warmup)
Chain 37: Iteration: 3001 / 4000 [ 75%]  (Sampling)
Chain 40: Iteration: 3800 / 4000 [ 95%]  (Sampling)
Chain 40: Iteration: 4000 / 4000 [100%]  (Sampling)
Chain 40: 
Chain 40:  Elapsed Time: 167.537 seconds (Warm-up)
Chain 40:                41.3497 seconds (Sampling)
Chain 40:                208.887 seconds (Total)
Chain 40: 
Chain 37: Iteration: 3400 / 4000 [ 85%]  (Sampling)
Chain 37: Iteration: 3800 / 4000 [ 95%]  (Sampling)
Chain 37: Iteration: 4000 / 4000 [100%]  (Sampling)
Chain 37: 
Chain 37:  Elapsed Time: 170.656 seconds (Warm-up)
Chain 37:                26.5295 seconds (Sampling)
Chain 37:                197.186 seconds (Total)
Chain 37: 
