[1] "Model: PA_LMAms_L02"
[1] "Model dir: ./model/PA_LMAms_L02.stan"
[1] "Data: PA"
[1] "n_iter = 5000"
[1] "n_warm = 4000"
[1] "n_thin = 1"
[1] "n_chains = 4"

SAMPLING FOR MODEL 'PA_LMAms_L02' NOW (CHAIN 1).

SAMPLING FOR MODEL 'PA_LMAms_L02' NOW (CHAIN 2).

SAMPLING FOR MODEL 'PA_LMAms_L02' NOW (CHAIN 3).

SAMPLING FOR MODEL 'PA_LMAms_L02' NOW (CHAIN 4).
Chain 1: 
Chain 1: Gradient evaluation took 0.00039 seconds
Chain 1: 1000 transitions using 10 leapfrog steps per transition would take 3.9 seconds.
Chain 1: Adjust your expectations accordingly!
Chain 1: 
Chain 1: 
Chain 2: 
Chain 2: Gradient evaluation took 0.000373 seconds
Chain 2: 1000 transitions using 10 leapfrog steps per transition would take 3.73 seconds.
Chain 2: Adjust your expectations accordingly!
Chain 2: 
Chain 2: 
Chain 3: 
Chain 3: Gradient evaluation took 0.000383 seconds
Chain 3: 1000 transitions using 10 leapfrog steps per transition would take 3.83 seconds.
Chain 3: Adjust your expectations accordingly!
Chain 3: 
Chain 3: 
Chain 4: 
Chain 4: Gradient evaluation took 0.000587 seconds
Chain 4: 1000 transitions using 10 leapfrog steps per transition would take 5.87 seconds.
Chain 4: Adjust your expectations accordingly!
Chain 4: 
Chain 4: 
Chain 1: Iteration:    1 / 5000 [  0%]  (Warmup)
Chain 2: Iteration:    1 / 5000 [  0%]  (Warmup)
Chain 3: Iteration:    1 / 5000 [  0%]  (Warmup)
Chain 4: Iteration:    1 / 5000 [  0%]  (Warmup)
Chain 3: Iteration:  500 / 5000 [ 10%]  (Warmup)
Chain 1: Iteration:  500 / 5000 [ 10%]  (Warmup)
Chain 4: Iteration:  500 / 5000 [ 10%]  (Warmup)
Chain 3: Iteration: 1000 / 5000 [ 20%]  (Warmup)
Chain 1: Iteration: 1000 / 5000 [ 20%]  (Warmup)
Chain 4: Iteration: 1000 / 5000 [ 20%]  (Warmup)
Chain 2: Iteration:  500 / 5000 [ 10%]  (Warmup)
Chain 3: Iteration: 1500 / 5000 [ 30%]  (Warmup)
Chain 1: Iteration: 1500 / 5000 [ 30%]  (Warmup)
Chain 4: Iteration: 1500 / 5000 [ 30%]  (Warmup)
Chain 3: Iteration: 2000 / 5000 [ 40%]  (Warmup)
Chain 2: Iteration: 1000 / 5000 [ 20%]  (Warmup)
Chain 1: Iteration: 2000 / 5000 [ 40%]  (Warmup)
Chain 4: Iteration: 2000 / 5000 [ 40%]  (Warmup)
Chain 2: Iteration: 1500 / 5000 [ 30%]  (Warmup)
Chain 3: Iteration: 2500 / 5000 [ 50%]  (Warmup)
Chain 1: Iteration: 2500 / 5000 [ 50%]  (Warmup)
Chain 4: Iteration: 2500 / 5000 [ 50%]  (Warmup)
Chain 2: Iteration: 2000 / 5000 [ 40%]  (Warmup)
Chain 1: Iteration: 3000 / 5000 [ 60%]  (Warmup)
Chain 3: Iteration: 3000 / 5000 [ 60%]  (Warmup)
Chain 1: Iteration: 3500 / 5000 [ 70%]  (Warmup)
Chain 4: Iteration: 3000 / 5000 [ 60%]  (Warmup)
Chain 3: Iteration: 3500 / 5000 [ 70%]  (Warmup)
Chain 2: Iteration: 2500 / 5000 [ 50%]  (Warmup)
Chain 3: Iteration: 4000 / 5000 [ 80%]  (Warmup)
Chain 3: Iteration: 4001 / 5000 [ 80%]  (Sampling)
Chain 1: Iteration: 4000 / 5000 [ 80%]  (Warmup)
Chain 1: Iteration: 4001 / 5000 [ 80%]  (Sampling)
Chain 4: Iteration: 3500 / 5000 [ 70%]  (Warmup)
Chain 3: Iteration: 4500 / 5000 [ 90%]  (Sampling)
Chain 3: Iteration: 5000 / 5000 [100%]  (Sampling)
Chain 3: 
Chain 3:  Elapsed Time: 421.717 seconds (Warm-up)
Chain 3:                81.455 seconds (Sampling)
Chain 3:                503.172 seconds (Total)
Chain 3: 
Chain 4: Iteration: 4000 / 5000 [ 80%]  (Warmup)
Chain 4: Iteration: 4001 / 5000 [ 80%]  (Sampling)
Chain 1: Iteration: 4500 / 5000 [ 90%]  (Sampling)
Chain 2: Iteration: 3000 / 5000 [ 60%]  (Warmup)
Chain 1: Iteration: 5000 / 5000 [100%]  (Sampling)
Chain 1: 
Chain 1:  Elapsed Time: 439.823 seconds (Warm-up)
Chain 1:                109.702 seconds (Sampling)
Chain 1:                549.524 seconds (Total)
Chain 1: 
Chain 4: Iteration: 4500 / 5000 [ 90%]  (Sampling)
Chain 2: Iteration: 3500 / 5000 [ 70%]  (Warmup)
Chain 2: Iteration: 4000 / 5000 [ 80%]  (Warmup)
Chain 2: Iteration: 4001 / 5000 [ 80%]  (Sampling)
Chain 4: Iteration: 5000 / 5000 [100%]  (Sampling)
Chain 4: 
Chain 4:  Elapsed Time: 506.563 seconds (Warm-up)
Chain 4:                400.829 seconds (Sampling)
Chain 4:                907.392 seconds (Total)
Chain 4: 
Chain 2: Iteration: 4500 / 5000 [ 90%]  (Sampling)
Chain 2: Iteration: 5000 / 5000 [100%]  (Sampling)
Chain 2: 
Chain 2:  Elapsed Time: 844.144 seconds (Warm-up)
Chain 2:                176.851 seconds (Sampling)
Chain 2:                1021 seconds (Total)
Chain 2: 
