[1] "Model: LMAm_LMAsLT34"
[1] "Model dir: ./model/LMAm_LMAsLT34.stan"
[1] "Data: PA"
[1] "n_iter = 1000"
[1] "n_warm = 500"
[1] "n_thin = 1"
[1] "n_chains = 4"

SAMPLING FOR MODEL 'LMAm_LMAsLT34' NOW (CHAIN 1).

Gradient evaluation took 0.000304 seconds
1000 transitions using 10 leapfrog steps per transition would take 3.04 seconds.
Adjust your expectations accordingly!


Iteration:   1 / 1000 [  0%]  (Warmup)

SAMPLING FOR MODEL 'LMAm_LMAsLT34' NOW (CHAIN 2).

Gradient evaluation took 0.000298 seconds
1000 transitions using 10 leapfrog steps per transition would take 2.98 seconds.
Adjust your expectations accordingly!


Iteration:   1 / 1000 [  0%]  (Warmup)

SAMPLING FOR MODEL 'LMAm_LMAsLT34' NOW (CHAIN 3).

Gradient evaluation took 0.000333 seconds
1000 transitions using 10 leapfrog steps per transition would take 3.33 seconds.
Adjust your expectations accordingly!


Iteration:   1 / 1000 [  0%]  (Warmup)

SAMPLING FOR MODEL 'LMAm_LMAsLT34' NOW (CHAIN 4).

Gradient evaluation took 0.000305 seconds
1000 transitions using 10 leapfrog steps per transition would take 3.05 seconds.
Adjust your expectations accordingly!


Iteration:   1 / 1000 [  0%]  (Warmup)
Iteration: 100 / 1000 [ 10%]  (Warmup)
Iteration: 100 / 1000 [ 10%]  (Warmup)
Iteration: 100 / 1000 [ 10%]  (Warmup)
Iteration: 200 / 1000 [ 20%]  (Warmup)
Iteration: 300 / 1000 [ 30%]  (Warmup)
Iteration: 200 / 1000 [ 20%]  (Warmup)
Iteration: 400 / 1000 [ 40%]  (Warmup)
Iteration: 100 / 1000 [ 10%]  (Warmup)
Iteration: 200 / 1000 [ 20%]  (Warmup)
Iteration: 300 / 1000 [ 30%]  (Warmup)
Iteration: 400 / 1000 [ 40%]  (Warmup)
Iteration: 500 / 1000 [ 50%]  (Warmup)
Iteration: 501 / 1000 [ 50%]  (Sampling)
Iteration: 300 / 1000 [ 30%]  (Warmup)
Iteration: 400 / 1000 [ 40%]  (Warmup)
Iteration: 600 / 1000 [ 60%]  (Sampling)
Iteration: 500 / 1000 [ 50%]  (Warmup)
Iteration: 501 / 1000 [ 50%]  (Sampling)
Iteration: 500 / 1000 [ 50%]  (Warmup)
Iteration: 501 / 1000 [ 50%]  (Sampling)
Iteration: 700 / 1000 [ 70%]  (Sampling)
Iteration: 200 / 1000 [ 20%]  (Warmup)
Iteration: 600 / 1000 [ 60%]  (Sampling)
Iteration: 600 / 1000 [ 60%]  (Sampling)
Iteration: 700 / 1000 [ 70%]  (Sampling)
Iteration: 800 / 1000 [ 80%]  (Sampling)
Iteration: 800 / 1000 [ 80%]  (Sampling)
Iteration: 700 / 1000 [ 70%]  (Sampling)
Iteration: 900 / 1000 [ 90%]  (Sampling)
Iteration: 900 / 1000 [ 90%]  (Sampling)
Iteration: 1000 / 1000 [100%]  (Sampling)

 Elapsed Time: 20.0787 seconds (Warm-up)
               4.97423 seconds (Sampling)
               25.0529 seconds (Total)

Iteration: 800 / 1000 [ 80%]  (Sampling)
Iteration: 1000 / 1000 [100%]  (Sampling)

 Elapsed Time: 18.1349 seconds (Warm-up)
               9.48289 seconds (Sampling)
               27.6178 seconds (Total)

Iteration: 300 / 1000 [ 30%]  (Warmup)
Iteration: 900 / 1000 [ 90%]  (Sampling)
Iteration: 400 / 1000 [ 40%]  (Warmup)
Iteration: 1000 / 1000 [100%]  (Sampling)

 Elapsed Time: 20.0588 seconds (Warm-up)
               10.2421 seconds (Sampling)
               30.3009 seconds (Total)

Iteration: 500 / 1000 [ 50%]  (Warmup)
Iteration: 501 / 1000 [ 50%]  (Sampling)
Iteration: 600 / 1000 [ 60%]  (Sampling)
Iteration: 700 / 1000 [ 70%]  (Sampling)
Iteration: 800 / 1000 [ 80%]  (Sampling)
Iteration: 900 / 1000 [ 90%]  (Sampling)
Iteration: 1000 / 1000 [100%]  (Sampling)

 Elapsed Time: 30.314 seconds (Warm-up)
               9.05174 seconds (Sampling)
               39.3658 seconds (Total)

