[1] "Model: PA_LMA_L"
[1] "Model dir: ./model/PA_LMA_L.stan"
[1] "Data: PA"
[1] "n_iter = 2"
[1] "n_warm = 1"
[1] "n_thin = 1"
[1] "n_chains = 4"
dyverse 1.2.1 ──
✔ ggplot2 3.2.1     ✔ purrr   0.3.3
✔ tibble  2.1.3     ✔ dplyr   0.8.3
✔ tidyr   1.0.0     ✔ stringr 1.4.0
✔ readr   1.3.1     ✔ forcats 0.4.0
── Conflicts ────────────────────────────────────────── tidyverse_conflicts() ──
✖ dplyr::filter() masks stats::filter()
✖ dplyr::lag()    masks stats::lag()
Loading required package: StanHeaders
rstan (Version 2.19.2, GitRev: 2e1f913d3ca3)
For execution on a local, multicore CPU with excess RAM we recommend calling
options(mc.cores = parallel::detectCores()).
To avoid recompilation of unchanged Stan programs, we recommend calling
rstan_options(auto_write = TRUE)

Attaching package: ‘rstan’

The following object is masked from ‘package:tidyr’:

    extract

This is loo version 2.1.0.
**NOTE: As of version 2.0.0 loo defaults to 1 core but we recommend using as many as possible. Use the 'cores' argument or set options(mc.cores = NUM_CORES) for an entire session. Visit mc-stan.org/loo/news for details on other changes.

Attaching package: ‘loo’

The following object is masked from ‘package:rstan’:

    loo

[1] "Model: PA_LMA_L"
[1] "Model dir: ./model/PA_LMA_L.stan"
[1] "Data: PA"
[1] "n_iter = 2"
[1] "n_warm = 1"
[1] "n_thin = 1"
[1] "n_chains = 4"
Parsed with column specification:
cols(
  .default = col_double(),
  sp = col_character(),
  site = col_character(),
  strata = col_character(),
  sp_site_strata = col_character(),
  SampleID = col_character(),
  site2 = col_character()
)
See spec(...) for full column specifications.
Loading required package: parallel
Error in file(fname, "rt") : cannot open the connection
In addition: Warning messages:
1: In normalizePath(file) :
  path[1]="./model/PA_LMA_L.stan": No such file or directory
2: In file(fname, "rt") :
  cannot open file './model/PA_LMA_L.stan': No such file or directory
Error in get_model_strcode(file, model_code) : 
  cannot open model file "./model/PA_LMA_L.stan"
Calls: stan_kfold -> stan_model -> stanc -> get_model_strcode
Execution halted
