[1] "Model: LMAm_LMAsLT2_z"
[1] "Model dir: ./model/LMAm_LMAsLT2_z.stan"
[1] "Data: PA"
[1] "n_iter = 4000"
[1] "n_warm = 3000"
[1] "n_thin = 1"
[1] "n_chains = 4"

SAMPLING FOR MODEL 'LMAm_LMAsLT2_z' NOW (CHAIN 1).

Gradient evaluation took 0.000602 seconds
1000 transitions using 10 leapfrog steps per transition would take 6.02 seconds.
Adjust your expectations accordingly!


Iteration:    1 / 4000 [  0%]  (Warmup)

SAMPLING FOR MODEL 'LMAm_LMAsLT2_z' NOW (CHAIN 2).

Gradient evaluation took 0.000298 seconds
1000 transitions using 10 leapfrog steps per transition would take 2.98 seconds.
Adjust your expectations accordingly!


Iteration:    1 / 4000 [  0%]  (Warmup)

SAMPLING FOR MODEL 'LMAm_LMAsLT2_z' NOW (CHAIN 3).

Gradient evaluation took 0.000295 seconds
1000 transitions using 10 leapfrog steps per transition would take 2.95 seconds.
Adjust your expectations accordingly!


Iteration:    1 / 4000 [  0%]  (Warmup)

SAMPLING FOR MODEL 'LMAm_LMAsLT2_z' NOW (CHAIN 4).

Gradient evaluation took 0.000534 seconds
1000 transitions using 10 leapfrog steps per transition would take 5.34 seconds.
Adjust your expectations accordingly!


Iteration:    1 / 4000 [  0%]  (Warmup)
Iteration:  400 / 4000 [ 10%]  (Warmup)
Iteration:  400 / 4000 [ 10%]  (Warmup)
Iteration:  800 / 4000 [ 20%]  (Warmup)
Iteration:  800 / 4000 [ 20%]  (Warmup)
Iteration: 1200 / 4000 [ 30%]  (Warmup)
Iteration:  400 / 4000 [ 10%]  (Warmup)
Iteration:  400 / 4000 [ 10%]  (Warmup)
Iteration: 1200 / 4000 [ 30%]  (Warmup)
Iteration:  800 / 4000 [ 20%]  (Warmup)
Iteration:  800 / 4000 [ 20%]  (Warmup)
Iteration: 1600 / 4000 [ 40%]  (Warmup)
Iteration: 1200 / 4000 [ 30%]  (Warmup)
Iteration: 2000 / 4000 [ 50%]  (Warmup)
Iteration: 1200 / 4000 [ 30%]  (Warmup)
Iteration: 1600 / 4000 [ 40%]  (Warmup)
Iteration: 2000 / 4000 [ 50%]  (Warmup)
Iteration: 2400 / 4000 [ 60%]  (Warmup)
Iteration: 2800 / 4000 [ 70%]  (Warmup)
Iteration: 1600 / 4000 [ 40%]  (Warmup)
Iteration: 3001 / 4000 [ 75%]  (Sampling)
Iteration: 1600 / 4000 [ 40%]  (Warmup)
Iteration: 2000 / 4000 [ 50%]  (Warmup)
Iteration: 2400 / 4000 [ 60%]  (Warmup)
Iteration: 2400 / 4000 [ 60%]  (Warmup)
Iteration: 3400 / 4000 [ 85%]  (Sampling)
Iteration: 2000 / 4000 [ 50%]  (Warmup)
Iteration: 2800 / 4000 [ 70%]  (Warmup)
Iteration: 2800 / 4000 [ 70%]  (Warmup)
Iteration: 3001 / 4000 [ 75%]  (Sampling)
Iteration: 3400 / 4000 [ 85%]  (Sampling)
Iteration: 3800 / 4000 [ 95%]  (Sampling)
Iteration: 3001 / 4000 [ 75%]  (Sampling)
Iteration: 3800 / 4000 [ 95%]  (Sampling)
Iteration: 4000 / 4000 [100%]  (Sampling)

 Elapsed Time: 115.598 seconds (Warm-up)
               45.1836 seconds (Sampling)
               160.781 seconds (Total)

Iteration: 4000 / 4000 [100%]  (Sampling)

 Elapsed Time: 141.399 seconds (Warm-up)
               21.6434 seconds (Sampling)
               163.042 seconds (Total)

Iteration: 2400 / 4000 [ 60%]  (Warmup)
Iteration: 3400 / 4000 [ 85%]  (Sampling)
Iteration: 2800 / 4000 [ 70%]  (Warmup)
Iteration: 3001 / 4000 [ 75%]  (Sampling)
Iteration: 3800 / 4000 [ 95%]  (Sampling)
Iteration: 4000 / 4000 [100%]  (Sampling)

 Elapsed Time: 154.53 seconds (Warm-up)
               112.836 seconds (Sampling)
               267.366 seconds (Total)

Iteration: 3400 / 4000 [ 85%]  (Sampling)
Iteration: 3800 / 4000 [ 95%]  (Sampling)
Iteration: 4000 / 4000 [100%]  (Sampling)

 Elapsed Time: 237.496 seconds (Warm-up)
               120.144 seconds (Sampling)
               357.64 seconds (Total)

