[1] "Model: LMAm_LMAsLT33"
[1] "Model dir: ./model/LMAm_LMAsLT33.stan"
[1] "Data: PA"
[1] "n_iter = 1000"
[1] "n_warm = 500"
[1] "n_thin = 1"
[1] "n_chains = 4"

SAMPLING FOR MODEL 'LMAm_LMAsLT33' NOW (CHAIN 1).

Gradient evaluation took 0.00029 seconds
1000 transitions using 10 leapfrog steps per transition would take 2.9 seconds.
Adjust your expectations accordingly!


Iteration:   1 / 1000 [  0%]  (Warmup)

SAMPLING FOR MODEL 'LMAm_LMAsLT33' NOW (CHAIN 2).

Gradient evaluation took 0.000303 seconds
1000 transitions using 10 leapfrog steps per transition would take 3.03 seconds.
Adjust your expectations accordingly!


Iteration:   1 / 1000 [  0%]  (Warmup)

SAMPLING FOR MODEL 'LMAm_LMAsLT33' NOW (CHAIN 3).

Gradient evaluation took 0.000335 seconds
1000 transitions using 10 leapfrog steps per transition would take 3.35 seconds.
Adjust your expectations accordingly!


Iteration:   1 / 1000 [  0%]  (Warmup)

SAMPLING FOR MODEL 'LMAm_LMAsLT33' NOW (CHAIN 4).

Gradient evaluation took 0.000743 seconds
1000 transitions using 10 leapfrog steps per transition would take 7.43 seconds.
Adjust your expectations accordingly!


Iteration:   1 / 1000 [  0%]  (Warmup)
Iteration: 100 / 1000 [ 10%]  (Warmup)
Iteration: 100 / 1000 [ 10%]  (Warmup)
Iteration: 200 / 1000 [ 20%]  (Warmup)
Iteration: 200 / 1000 [ 20%]  (Warmup)
Iteration: 100 / 1000 [ 10%]  (Warmup)
Iteration: 100 / 1000 [ 10%]  (Warmup)
Iteration: 300 / 1000 [ 30%]  (Warmup)
Iteration: 300 / 1000 [ 30%]  (Warmup)
Iteration: 400 / 1000 [ 40%]  (Warmup)
Iteration: 200 / 1000 [ 20%]  (Warmup)
Iteration: 400 / 1000 [ 40%]  (Warmup)
Iteration: 500 / 1000 [ 50%]  (Warmup)
Iteration: 501 / 1000 [ 50%]  (Sampling)
Iteration: 200 / 1000 [ 20%]  (Warmup)
Iteration: 300 / 1000 [ 30%]  (Warmup)
Iteration: 500 / 1000 [ 50%]  (Warmup)
Iteration: 501 / 1000 [ 50%]  (Sampling)
Iteration: 400 / 1000 [ 40%]  (Warmup)
Iteration: 600 / 1000 [ 60%]  (Sampling)
Iteration: 300 / 1000 [ 30%]  (Warmup)
Iteration: 500 / 1000 [ 50%]  (Warmup)
Iteration: 501 / 1000 [ 50%]  (Sampling)
Iteration: 600 / 1000 [ 60%]  (Sampling)
Iteration: 700 / 1000 [ 70%]  (Sampling)
Iteration: 400 / 1000 [ 40%]  (Warmup)
Iteration: 600 / 1000 [ 60%]  (Sampling)
Iteration: 700 / 1000 [ 70%]  (Sampling)
Iteration: 500 / 1000 [ 50%]  (Warmup)
Iteration: 501 / 1000 [ 50%]  (Sampling)
Iteration: 700 / 1000 [ 70%]  (Sampling)
Iteration: 800 / 1000 [ 80%]  (Sampling)
Iteration: 800 / 1000 [ 80%]  (Sampling)
Iteration: 600 / 1000 [ 60%]  (Sampling)
Iteration: 900 / 1000 [ 90%]  (Sampling)
Iteration: 700 / 1000 [ 70%]  (Sampling)
Iteration: 900 / 1000 [ 90%]  (Sampling)
Iteration: 800 / 1000 [ 80%]  (Sampling)
Iteration: 1000 / 1000 [100%]  (Sampling)

 Elapsed Time: 22.5736 seconds (Warm-up)
               4.90667 seconds (Sampling)
               27.4802 seconds (Total)

Iteration: 800 / 1000 [ 80%]  (Sampling)
Iteration: 900 / 1000 [ 90%]  (Sampling)
Iteration: 1000 / 1000 [100%]  (Sampling)

 Elapsed Time: 19.1508 seconds (Warm-up)
               9.39565 seconds (Sampling)
               28.5464 seconds (Total)

Iteration: 900 / 1000 [ 90%]  (Sampling)
Iteration: 1000 / 1000 [100%]  (Sampling)

 Elapsed Time: 23.6285 seconds (Warm-up)
               4.76939 seconds (Sampling)
               28.3979 seconds (Total)

Iteration: 1000 / 1000 [100%]  (Sampling)

 Elapsed Time: 21.467 seconds (Warm-up)
               10.3251 seconds (Sampling)
               31.7921 seconds (Total)

