[1] "Model: PA_LMAms_L5"
[1] "Model dir: ./model/PA_LMAms_L5.stan"
[1] "Data: PA"
[1] "n_iter = 4000"
[1] "n_warm = 3000"
[1] "n_thin = 1"
[1] "n_chains = 4"

SAMPLING FOR MODEL 'PA_LMAms_L5' NOW (CHAIN 1).

SAMPLING FOR MODEL 'PA_LMAms_L5' NOW (CHAIN 2).

SAMPLING FOR MODEL 'PA_LMAms_L5' NOW (CHAIN 3).

SAMPLING FOR MODEL 'PA_LMAms_L5' NOW (CHAIN 4).
Chain 2: 
Chain 2: Gradient evaluation took 0.000399 seconds
Chain 2: 1000 transitions using 10 leapfrog steps per transition would take 3.99 seconds.
Chain 2: Adjust your expectations accordingly!
Chain 2: 
Chain 2: 
Chain 1: 
Chain 1: Gradient evaluation took 0.000504 seconds
Chain 1: 1000 transitions using 10 leapfrog steps per transition would take 5.04 seconds.
Chain 1: Adjust your expectations accordingly!
Chain 1: 
Chain 1: 
Chain 1: Iteration:    1 / 4000 [  0%]  (Warmup)
Chain 2: Iteration:    1 / 4000 [  0%]  (Warmup)
Chain 3: 
Chain 3: Gradient evaluation took 0.00038 seconds
Chain 3: 1000 transitions using 10 leapfrog steps per transition would take 3.8 seconds.
Chain Chain 43: : 
Adjust your expectations accordingly!
Chain 3Chain : 4
: Chain Gradient evaluation took 0.000379 seconds3
: Chain 
4: 1000 transitions using 10 leapfrog steps per transition would take 3.79 seconds.
Chain 4: Adjust your expectations accordingly!
Chain 4: 
Chain 4: 
Chain 3: Iteration:    1 / 4000 [  0%]  (Warmup)
Chain 4: Iteration:    1 / 4000 [  0%]  (Warmup)
Chain 1: Iteration:  400 / 4000 [ 10%]  (Warmup)
Chain 2: Iteration:  400 / 4000 [ 10%]  (Warmup)
Chain 4: Iteration:  400 / 4000 [ 10%]  (Warmup)
Chain 1: Iteration:  800 / 4000 [ 20%]  (Warmup)
Chain 3: Iteration:  400 / 4000 [ 10%]  (Warmup)
Chain 2: Iteration:  800 / 4000 [ 20%]  (Warmup)
Chain 4: Iteration:  800 / 4000 [ 20%]  (Warmup)
Chain 1: Iteration: 1200 / 4000 [ 30%]  (Warmup)
Chain 2: Iteration: 1200 / 4000 [ 30%]  (Warmup)
Chain 3: Iteration:  800 / 4000 [ 20%]  (Warmup)
Chain 1: Iteration: 1600 / 4000 [ 40%]  (Warmup)
Chain 2: Iteration: 1600 / 4000 [ 40%]  (Warmup)
Chain 4: Iteration: 1200 / 4000 [ 30%]  (Warmup)
Chain 3: Iteration: 1200 / 4000 [ 30%]  (Warmup)
Chain 1: Iteration: 2000 / 4000 [ 50%]  (Warmup)
Chain 2: Iteration: 2000 / 4000 [ 50%]  (Warmup)
Chain 4: Iteration: 1600 / 4000 [ 40%]  (Warmup)
Chain 3: Iteration: 1600 / 4000 [ 40%]  (Warmup)
Chain 1: Iteration: 2400 / 4000 [ 60%]  (Warmup)
Chain 2: Iteration: 2400 / 4000 [ 60%]  (Warmup)
Chain 4: Iteration: 2000 / 4000 [ 50%]  (Warmup)
Chain 2: Iteration: 2800 / 4000 [ 70%]  (Warmup)
Chain 3: Iteration: 2000 / 4000 [ 50%]  (Warmup)
Chain 4: Iteration: 2400 / 4000 [ 60%]  (Warmup)
Chain 1: Iteration: 2800 / 4000 [ 70%]  (Warmup)
Chain 2: Iteration: 3001 / 4000 [ 75%]  (Sampling)
Chain 1: Iteration: 3001 / 4000 [ 75%]  (Sampling)
Chain 2: Iteration: 3400 / 4000 [ 85%]  (Sampling)
Chain 4: Iteration: 2800 / 4000 [ 70%]  (Warmup)
Chain 3: Iteration: 2400 / 4000 [ 60%]  (Warmup)
Chain 1: Iteration: 3400 / 4000 [ 85%]  (Sampling)
Chain 4: Iteration: 3001 / 4000 [ 75%]  (Sampling)
Chain 2: Iteration: 3800 / 4000 [ 95%]  (Sampling)
Chain 1: Iteration: 3800 / 4000 [ 95%]  (Sampling)
Chain 2: Iteration: 4000 / 4000 [100%]  (Sampling)
Chain 2: 
Chain 2:  Elapsed Time: 158.822 seconds (Warm-up)
Chain 2:                33.2244 seconds (Sampling)
Chain 2:                192.046 seconds (Total)
Chain 2: 
Chain 4: Iteration: 3400 / 4000 [ 85%]  (Sampling)
Chain 1: Iteration: 4000 / 4000 [100%]  (Sampling)
Chain 1: 
Chain 1:  Elapsed Time: 165.432 seconds (Warm-up)
Chain 1:                31.7006 seconds (Sampling)
Chain 1:                197.132 seconds (Total)
Chain 1: 
Chain 3: Iteration: 2800 / 4000 [ 70%]  (Warmup)
Chain 4: Iteration: 3800 / 4000 [ 95%]  (Sampling)
Chain 3: Iteration: 3001 / 4000 [ 75%]  (Sampling)
Chain 4: Iteration: 4000 / 4000 [100%]  (Sampling)
Chain 4: 
Chain 4:  Elapsed Time: 181.311 seconds (Warm-up)
Chain 4:                28.3084 seconds (Sampling)
Chain 4:                209.619 seconds (Total)
Chain 4: 
Chain 3: Iteration: 3400 / 4000 [ 85%]  (Sampling)
Chain 3: Iteration: 3800 / 4000 [ 95%]  (Sampling)
Chain 3: Iteration: 4000 / 4000 [100%]  (Sampling)
Chain 3: 
Chain 3:  Elapsed Time: 206.127 seconds (Warm-up)
Chain 3:                36.5657 seconds (Sampling)
Chain 3:                242.692 seconds (Total)
Chain 3: 
