[1] "Model: PA_LMAms_L_CV"
[1] "Model dir: ./model/PA_LMAms_L_CV.stan"
[1] "Data: PA"
[1] "n_iter = 4000"
[1] "n_warm = 3000"
[1] "n_thin = 1"
[1] "n_chains = 4"

SAMPLING FOR MODEL 'PA_LMAms_L_CV' NOW (CHAIN 
2).
SAMPLING FOR MODEL 'PA_LMAms_L_CV' NOW (CHAIN 
3SAMPLING).
 FOR MODEL 'PA_LMAms_L_CV' NOW (CHAIN 4).

SAMPLING FOR MODEL 'PA_LMAms_L_CV' NOW (CHAIN 1).
Chain Chain Chain Chain 2314: : : : 



Chain 1: Gradient evaluation took 0.000705 seconds
Chain 1: 1000 transitions using 10 leapfrog steps per transition would take 7.05 seconds.
Chain 1: Adjust your expectations accordingly!
Chain 1: 
Chain Chain 14: : 
Gradient evaluation took 0.000703 secondsChain 
Chain 34: : Gradient evaluation took 0.000443 seconds1000 transitions using 10 leapfrog steps per transition would take 7.03 seconds.
Chain 
Chain 24: Chain : Gradient evaluation took 0.000725 seconds3Adjust your expectations accordingly!
: 
1000 transitions using 10 leapfrog steps per transition would take 4.43 seconds.Chain Chain 
42Chain : : 3
1000 transitions using 10 leapfrog steps per transition would take 7.25 seconds.: Chain 
Adjust your expectations accordingly!4Chain 
: 2Chain 
: 3Adjust your expectations accordingly!: 

Chain Chain 23: : 

Chain 2: 
Chain 4: Iteration:    1 / 4000 [  0%]  (Warmup)
Chain 1: Iteration:    1 / 4000 [  0%]  (Warmup)
Chain 2: Iteration:    1 / 4000 [  0%]  (Warmup)
Chain 3: Iteration:    1 / 4000 [  0%]  (Warmup)
Chain 2: Iteration:  400 / 4000 [ 10%]  (Warmup)
Chain 3: Iteration:  400 / 4000 [ 10%]  (Warmup)
Chain 4: Iteration:  400 / 4000 [ 10%]  (Warmup)
Chain 1: Iteration:  400 / 4000 [ 10%]  (Warmup)
Chain 2: Iteration:  800 / 4000 [ 20%]  (Warmup)
Chain 4: Iteration:  800 / 4000 [ 20%]  (Warmup)
Chain 3: Iteration:  800 / 4000 [ 20%]  (Warmup)
Chain 1: Iteration:  800 / 4000 [ 20%]  (Warmup)
Chain 2: Iteration: 1200 / 4000 [ 30%]  (Warmup)
Chain 4: Iteration: 1200 / 4000 [ 30%]  (Warmup)
Chain 3: Iteration: 1200 / 4000 [ 30%]  (Warmup)
Chain 1: Iteration: 1200 / 4000 [ 30%]  (Warmup)
Chain 4: Iteration: 1600 / 4000 [ 40%]  (Warmup)
Chain 2: Iteration: 1600 / 4000 [ 40%]  (Warmup)
Chain 3: Iteration: 1600 / 4000 [ 40%]  (Warmup)
Chain 1: Iteration: 1600 / 4000 [ 40%]  (Warmup)
Chain 4: Iteration: 2000 / 4000 [ 50%]  (Warmup)
Chain 3: Iteration: 2000 / 4000 [ 50%]  (Warmup)
Chain 2: Iteration: 2000 / 4000 [ 50%]  (Warmup)
Chain 1: Iteration: 2000 / 4000 [ 50%]  (Warmup)
Chain 4: Iteration: 2400 / 4000 [ 60%]  (Warmup)
Chain 3: Iteration: 2400 / 4000 [ 60%]  (Warmup)
Chain 1: Iteration: 2400 / 4000 [ 60%]  (Warmup)
Chain 2: Iteration: 2400 / 4000 [ 60%]  (Warmup)
Chain 4: Iteration: 2800 / 4000 [ 70%]  (Warmup)
Chain 3: Iteration: 2800 / 4000 [ 70%]  (Warmup)
Chain 3: Iteration: 3001 / 4000 [ 75%]  (Sampling)
Chain 4: Iteration: 3001 / 4000 [ 75%]  (Sampling)
Chain 1: Iteration: 2800 / 4000 [ 70%]  (Warmup)
Chain 2: Iteration: 2800 / 4000 [ 70%]  (Warmup)
Chain 1: Iteration: 3001 / 4000 [ 75%]  (Sampling)
Chain 3: Iteration: 3400 / 4000 [ 85%]  (Sampling)
Chain 2: Iteration: 3001 / 4000 [ 75%]  (Sampling)
Chain 1: Iteration: 3400 / 4000 [ 85%]  (Sampling)
Chain 3: Iteration: 3800 / 4000 [ 95%]  (Sampling)
Chain 4: Iteration: 3400 / 4000 [ 85%]  (Sampling)
Chain 3: Iteration: 4000 / 4000 [100%]  (Sampling)
Chain 3: 
Chain 3:  Elapsed Time: 192.696 seconds (Warm-up)
Chain 3:                49.9912 seconds (Sampling)
Chain 3:                242.687 seconds (Total)
Chain 3: 

SAMPLING FOR MODEL 'PA_LMAms_L_CV' NOW (CHAIN 7).
Chain 1: Iteration: 3800 / 4000 [ 95%]  (Sampling)
Chain 7: 
Chain 7: Gradient evaluation took 0.000211 seconds
Chain 7: 1000 transitions using 10 leapfrog steps per transition would take 2.11 seconds.
Chain 7: Adjust your expectations accordingly!
Chain 7: 
Chain 7: 
Chain 7: Iteration:    1 / 4000 [  0%]  (Warmup)
Chain 1: Iteration: 4000 / 4000 [100%]  (Sampling)
Chain 1: 
Chain 1:  Elapsed Time: 207.227 seconds (Warm-up)
Chain 1:                49.8038 seconds (Sampling)
Chain 1:                257.031 seconds (Total)
Chain 1: 
Chain 2: Iteration: 3400 / 4000 [ 85%]  (Sampling)

SAMPLING FOR MODEL 'PA_LMAms_L_CV' NOW (CHAIN 5).
Chain 5: 
Chain 5: Gradient evaluation took 0.000176 seconds
Chain 5: 1000 transitions using 10 leapfrog steps per transition would take 1.76 seconds.
Chain 5: Adjust your expectations accordingly!
Chain 5: 
Chain 5: 
Chain 5: Iteration:    1 / 4000 [  0%]  (Warmup)
Chain 4: Iteration: 3800 / 4000 [ 95%]  (Sampling)
Chain 4: Iteration: 4000 / 4000 [100%]  (Sampling)
Chain 4: 
Chain 4:  Elapsed Time: 195.573 seconds (Warm-up)
Chain 4:                99.1435 seconds (Sampling)
Chain 4:                294.717 seconds (Total)
Chain 4: 
Chain 2: Iteration: 3800 / 4000 [ 95%]  (Sampling)
Chain 7: Iteration:  400 / 4000 [ 10%]  (Warmup)

SAMPLING FOR MODEL 'PA_LMAms_L_CV' NOW (CHAIN 8).
Chain 8: 
Chain 8: Gradient evaluation took 0.000212 seconds
Chain 8: 1000 transitions using 10 leapfrog steps per transition would take 2.12 seconds.
Chain 8: Adjust your expectations accordingly!
Chain 8: 
Chain 8: 
Chain 8: Iteration:    1 / 4000 [  0%]  (Warmup)
Chain 2: Iteration: 4000 / 4000 [100%]  (Sampling)
Chain 2: 
Chain 2:  Elapsed Time: 220.647 seconds (Warm-up)
Chain 2:                94.6533 seconds (Sampling)
Chain 2:                315.3 seconds (Total)
Chain 2: 
Chain 5: Iteration:  400 / 4000 [ 10%]  (Warmup)
Chain 7: Iteration:  800 / 4000 [ 20%]  (Warmup)

SAMPLING FOR MODEL 'PA_LMAms_L_CV' NOW (CHAIN 6).
Chain 6: 
Chain 6: Gradient evaluation took 0.000211 seconds
Chain 6: 1000 transitions using 10 leapfrog steps per transition would take 2.11 seconds.
Chain 6: Adjust your expectations accordingly!
Chain 6: 
Chain 6: 
Chain 6: Iteration:    1 / 4000 [  0%]  (Warmup)
Chain 5: Iteration:  800 / 4000 [ 20%]  (Warmup)
Chain 7: Iteration: 1200 / 4000 [ 30%]  (Warmup)
Chain 5: Iteration: 1200 / 4000 [ 30%]  (Warmup)
Chain 8: Iteration:  400 / 4000 [ 10%]  (Warmup)
Chain 7: Iteration: 1600 / 4000 [ 40%]  (Warmup)
Chain 6: Iteration:  400 / 4000 [ 10%]  (Warmup)
Chain 5: Iteration: 1600 / 4000 [ 40%]  (Warmup)
Chain 8: Iteration:  800 / 4000 [ 20%]  (Warmup)
Chain 7: Iteration: 2000 / 4000 [ 50%]  (Warmup)
Chain 5: Iteration: 2000 / 4000 [ 50%]  (Warmup)
Chain 6: Iteration:  800 / 4000 [ 20%]  (Warmup)
Chain 8: Iteration: 1200 / 4000 [ 30%]  (Warmup)
Chain 7: Iteration: 2400 / 4000 [ 60%]  (Warmup)
Chain 5: Iteration: 2400 / 4000 [ 60%]  (Warmup)
Chain 6: Iteration: 1200 / 4000 [ 30%]  (Warmup)
Chain 8: Iteration: 1600 / 4000 [ 40%]  (Warmup)
Chain 7: Iteration: 2800 / 4000 [ 70%]  (Warmup)
Chain 5: Iteration: 2800 / 4000 [ 70%]  (Warmup)
Chain 7: Iteration: 3001 / 4000 [ 75%]  (Sampling)
Chain 8: Iteration: 2000 / 4000 [ 50%]  (Warmup)
Chain 6: Iteration: 1600 / 4000 [ 40%]  (Warmup)
Chain 5: Iteration: 3001 / 4000 [ 75%]  (Sampling)
Chain 7: Iteration: 3400 / 4000 [ 85%]  (Sampling)
Chain 8: Iteration: 2400 / 4000 [ 60%]  (Warmup)
Chain 6: Iteration: 2000 / 4000 [ 50%]  (Warmup)
Chain 5: Iteration: 3400 / 4000 [ 85%]  (Sampling)
Chain 7: Iteration: 3800 / 4000 [ 95%]  (Sampling)
Chain 8: Iteration: 2800 / 4000 [ 70%]  (Warmup)
Chain 5: Iteration: 3800 / 4000 [ 95%]  (Sampling)
Chain 6: Iteration: 2400 / 4000 [ 60%]  (Warmup)
Chain 7: Iteration: 4000 / 4000 [100%]  (Sampling)
Chain 7: 
Chain 7:  Elapsed Time: 187.064 seconds (Warm-up)
Chain 7:                51.0254 seconds (Sampling)
Chain 7:                238.09 seconds (Total)
Chain 7: 

SAMPLING FOR MODEL 'PA_LMAms_L_CV' NOW (CHAIN 11).
Chain 11: 
Chain 11: Gradient evaluation took 0.000208 seconds
Chain 11: 1000 transitions using 10 leapfrog steps per transition would take 2.08 seconds.
Chain 11: Adjust your expectations accordingly!
Chain 11: 
Chain 11: 
Chain 11: Iteration:    1 / 4000 [  0%]  (Warmup)
Chain 5: Iteration: 4000 / 4000 [100%]  (Sampling)
Chain 5: 
Chain 5:  Elapsed Time: 182.139 seconds (Warm-up)
Chain 5:                50.5649 seconds (Sampling)
Chain 5:                232.704 seconds (Total)
Chain 5: 
Chain 8: Iteration: 3001 / 4000 [ 75%]  (Sampling)

SAMPLING FOR MODEL 'PA_LMAms_L_CV' NOW (CHAIN 9).
Chain 9: 
Chain 9: Gradient evaluation took 0.000205 seconds
Chain 9: 1000 transitions using 10 leapfrog steps per transition would take 2.05 seconds.
Chain 9: Adjust your expectations accordingly!
Chain 9: 
Chain 9: 
Chain 9: Iteration:    1 / 4000 [  0%]  (Warmup)
Chain 6: Iteration: 2800 / 4000 [ 70%]  (Warmup)
Chain 6: Iteration: 3001 / 4000 [ 75%]  (Sampling)
Chain 8: Iteration: 3400 / 4000 [ 85%]  (Sampling)
Chain 11: Iteration:  400 / 4000 [ 10%]  (Warmup)
Chain 11: Iteration:  800 / 4000 [ 20%]  (Warmup)
Chain 9: Iteration:  400 / 4000 [ 10%]  (Warmup)
Chain 6: Iteration: 3400 / 4000 [ 85%]  (Sampling)
Chain 8: Iteration: 3800 / 4000 [ 95%]  (Sampling)
Chain 11: Iteration: 1200 / 4000 [ 30%]  (Warmup)
Chain 9: Iteration:  800 / 4000 [ 20%]  (Warmup)
Chain 8: Iteration: 4000 / 4000 [100%]  (Sampling)
Chain 8: 
Chain 8:  Elapsed Time: 197.167 seconds (Warm-up)
Chain 8:                102.209 seconds (Sampling)
Chain 8:                299.376 seconds (Total)
Chain 8: 
Chain 11: Iteration: 1600 / 4000 [ 40%]  (Warmup)

SAMPLING FOR MODEL 'PA_LMAms_L_CV' NOW (CHAIN 12).
Chain 12: 
Chain 12: Gradient evaluation took 0.000311 seconds
Chain 12: 1000 transitions using 10 leapfrog steps per transition would take 3.11 seconds.
Chain 12: Adjust your expectations accordingly!
Chain 12: 
Chain 12: 
Chain 12: Iteration:    1 / 4000 [  0%]  (Warmup)
Chain 6: Iteration: 3800 / 4000 [ 95%]  (Sampling)
Chain 9: Iteration: 1200 / 4000 [ 30%]  (Warmup)
Chain 11: Iteration: 2000 / 4000 [ 50%]  (Warmup)
Chain 6: Iteration: 4000 / 4000 [100%]  (Sampling)
Chain 6: 
Chain 6:  Elapsed Time: 203.871 seconds (Warm-up)
Chain 6:                100.377 seconds (Sampling)
Chain 6:                304.248 seconds (Total)
Chain 6: 
Chain 9: Iteration: 1600 / 4000 [ 40%]  (Warmup)

SAMPLING FOR MODEL 'PA_LMAms_L_CV' NOW (CHAIN 10).
Chain 10: 
Chain 10: Gradient evaluation took 0.000244 seconds
Chain 10: 1000 transitions using 10 leapfrog steps per transition would take 2.44 seconds.
Chain 10: Adjust your expectations accordingly!
Chain 10: 
Chain 10: 
Chain 10: Iteration:    1 / 4000 [  0%]  (Warmup)
Chain 11: Iteration: 2400 / 4000 [ 60%]  (Warmup)
Chain 9: Iteration: 2000 / 4000 [ 50%]  (Warmup)
Chain 11: Iteration: 2800 / 4000 [ 70%]  (Warmup)
Chain 11: Iteration: 3001 / 4000 [ 75%]  (Sampling)
Chain 9: Iteration: 2400 / 4000 [ 60%]  (Warmup)
Chain 12: Iteration:  400 / 4000 [ 10%]  (Warmup)
Chain 10: Iteration:  400 / 4000 [ 10%]  (Warmup)
Chain 9: Iteration: 2800 / 4000 [ 70%]  (Warmup)
Chain 11: Iteration: 3400 / 4000 [ 85%]  (Sampling)
Chain 12: Iteration:  800 / 4000 [ 20%]  (Warmup)
Chain 10: Iteration:  800 / 4000 [ 20%]  (Warmup)
Chain 9: Iteration: 3001 / 4000 [ 75%]  (Sampling)
Chain 11: Iteration: 3800 / 4000 [ 95%]  (Sampling)
Chain 11: Iteration: 4000 / 4000 [100%]  (Sampling)
Chain 11: 
Chain 11:  Elapsed Time: 183.408 seconds (Warm-up)
Chain 11:                53.7077 seconds (Sampling)
Chain 11:                237.115 seconds (Total)
Chain 11: 
Chain 12: Iteration: 1200 / 4000 [ 30%]  (Warmup)
Chain 9: Iteration: 3400 / 4000 [ 85%]  (Sampling)
Chain 10: Iteration: 1200 / 4000 [ 30%]  (Warmup)

SAMPLING FOR MODEL 'PA_LMAms_L_CV' NOW (CHAIN 15).
Chain 15: 
Chain 15: Gradient evaluation took 0.000226 seconds
Chain 15: 1000 transitions using 10 leapfrog steps per transition would take 2.26 seconds.
Chain 15: Adjust your expectations accordingly!
Chain 15: 
Chain 15: 
Chain 15: Iteration:    1 / 4000 [  0%]  (Warmup)
Chain 9: Iteration: 3800 / 4000 [ 95%]  (Sampling)
Chain 12: Iteration: 1600 / 4000 [ 40%]  (Warmup)
Chain 10: Iteration: 1600 / 4000 [ 40%]  (Warmup)
Chain 9: Iteration: 4000 / 4000 [100%]  (Sampling)
Chain 9: 
Chain 9:  Elapsed Time: 209.251 seconds (Warm-up)
Chain 9:                50.1456 seconds (Sampling)
Chain 9:                259.396 seconds (Total)
Chain 9: 

SAMPLING FOR MODEL 'PA_LMAms_L_CV' NOW (CHAIN 13).
Chain 13: 
Chain 13: Gradient evaluation took 0.000207 seconds
Chain 13: 1000 transitions using 10 leapfrog steps per transition would take 2.07 seconds.
Chain 13: Adjust your expectations accordingly!
Chain 13: 
Chain 13: 
Chain 13: Iteration:    1 / 4000 [  0%]  (Warmup)
Chain 12: Iteration: 2000 / 4000 [ 50%]  (Warmup)
Chain 10: Iteration: 2000 / 4000 [ 50%]  (Warmup)
Chain 12: Iteration: 2400 / 4000 [ 60%]  (Warmup)
Chain 10: Iteration: 2400 / 4000 [ 60%]  (Warmup)
Chain 15: Iteration:  400 / 4000 [ 10%]  (Warmup)
Chain 10: Iteration: 2800 / 4000 [ 70%]  (Warmup)
Chain 12: Iteration: 2800 / 4000 [ 70%]  (Warmup)
Chain 13: Iteration:  400 / 4000 [ 10%]  (Warmup)
Chain 10: Iteration: 3001 / 4000 [ 75%]  (Sampling)
Chain 15: Iteration:  800 / 4000 [ 20%]  (Warmup)
Chain 12: Iteration: 3001 / 4000 [ 75%]  (Sampling)
Chain 13: Iteration:  800 / 4000 [ 20%]  (Warmup)
Chain 10: Iteration: 3400 / 4000 [ 85%]  (Sampling)
Chain 15: Iteration: 1200 / 4000 [ 30%]  (Warmup)
Chain 12: Iteration: 3400 / 4000 [ 85%]  (Sampling)
Chain 13: Iteration: 1200 / 4000 [ 30%]  (Warmup)
Chain 10: Iteration: 3800 / 4000 [ 95%]  (Sampling)
Chain 15: Iteration: 1600 / 4000 [ 40%]  (Warmup)
Chain 10: Iteration: 4000 / 4000 [100%]  (Sampling)
Chain 10: 
Chain 10:  Elapsed Time: 190.96 seconds (Warm-up)
Chain 10:                50.026 seconds (Sampling)
Chain 10:                240.986 seconds (Total)
Chain 10: 
Chain 13: Iteration: 1600 / 4000 [ 40%]  (Warmup)
Chain 12: Iteration: 3800 / 4000 [ 95%]  (Sampling)

SAMPLING FOR MODEL 'PA_LMAms_L_CV' NOW (CHAIN 14).
Chain 14: 
Chain 14: Gradient evaluation took 0.000202 seconds
Chain 14: 1000 transitions using 10 leapfrog steps per transition would take 2.02 seconds.
Chain 14: Adjust your expectations accordingly!
Chain 14: 
Chain 14: 
Chain 14: Iteration:    1 / 4000 [  0%]  (Warmup)
Chain 15: Iteration: 2000 / 4000 [ 50%]  (Warmup)
Chain 12: Iteration: 4000 / 4000 [100%]  (Sampling)
Chain 12: 
Chain 12:  Elapsed Time: 221.914 seconds (Warm-up)
Chain 12:                61.1067 seconds (Sampling)
Chain 12:                283.021 seconds (Total)
Chain 12: 

SAMPLING FOR MODEL 'PA_LMAms_L_CV' NOW (CHAIN 16).
Chain 16: 
Chain 16: Gradient evaluation took 0.000201 seconds
Chain 16: 1000 transitions using 10 leapfrog steps per transition would take 2.01 seconds.
Chain 16: Adjust your expectations accordingly!
Chain 16: 
Chain 16: 
Chain 16: Iteration:    1 / 4000 [  0%]  (Warmup)
Chain 13: Iteration: 2000 / 4000 [ 50%]  (Warmup)
Chain 15: Iteration: 2400 / 4000 [ 60%]  (Warmup)
Chain 13: Iteration: 2400 / 4000 [ 60%]  (Warmup)
Chain 15: Iteration: 2800 / 4000 [ 70%]  (Warmup)
Chain 14: Iteration:  400 / 4000 [ 10%]  (Warmup)
Chain 13: Iteration: 2800 / 4000 [ 70%]  (Warmup)
Chain 15: Iteration: 3001 / 4000 [ 75%]  (Sampling)
Chain 13: Iteration: 3001 / 4000 [ 75%]  (Sampling)
Chain 14: Iteration:  800 / 4000 [ 20%]  (Warmup)
Chain 16: Iteration:  400 / 4000 [ 10%]  (Warmup)
Chain 15: Iteration: 3400 / 4000 [ 85%]  (Sampling)
Chain 14: Iteration: 1200 / 4000 [ 30%]  (Warmup)
Chain 13: Iteration: 3400 / 4000 [ 85%]  (Sampling)
Chain 16: Iteration:  800 / 4000 [ 20%]  (Warmup)
Chain 15: Iteration: 3800 / 4000 [ 95%]  (Sampling)
Chain 16: Iteration: 1200 / 4000 [ 30%]  (Warmup)
Chain 14: Iteration: 1600 / 4000 [ 40%]  (Warmup)
Chain 13: Iteration: 3800 / 4000 [ 95%]  (Sampling)
Chain 15: Iteration: 4000 / 4000 [100%]  (Sampling)
Chain 15: 
Chain 15:  Elapsed Time: 203.831 seconds (Warm-up)
Chain 15:                51.1946 seconds (Sampling)
Chain 15:                255.025 seconds (Total)
Chain 15: 

SAMPLING FOR MODEL 'PA_LMAms_L_CV' NOW (CHAIN 19).
Chain 19: 
Chain 19: Gradient evaluation took 0.000208 seconds
Chain 19: 1000 transitions using 10 leapfrog steps per transition would take 2.08 seconds.
Chain 19: Adjust your expectations accordingly!
Chain 19: 
Chain 19: 
Chain 19: Iteration:    1 / 4000 [  0%]  (Warmup)
Chain 13: Iteration: 4000 / 4000 [100%]  (Sampling)
Chain 13: 
Chain 13:  Elapsed Time: 179.316 seconds (Warm-up)
Chain 13:                53.3467 seconds (Sampling)
Chain 13:                232.663 seconds (Total)
Chain 13: 
Chain 16: Iteration: 1600 / 4000 [ 40%]  (Warmup)

SAMPLING FOR MODEL 'PA_LMAms_L_CV' NOW (CHAIN 17).
Chain 17: 
Chain 17: Gradient evaluation took 0.000311 seconds
Chain 17: 1000 transitions using 10 leapfrog steps per transition would take 3.11 seconds.
Chain 17: Adjust your expectations accordingly!
Chain 17: 
Chain 17: 
Chain 17: Iteration:    1 / 4000 [  0%]  (Warmup)
Chain 14: Iteration: 2000 / 4000 [ 50%]  (Warmup)
Chain 16: Iteration: 2000 / 4000 [ 50%]  (Warmup)
Chain 14: Iteration: 2400 / 4000 [ 60%]  (Warmup)
Chain 16: Iteration: 2400 / 4000 [ 60%]  (Warmup)
Chain 14: Iteration: 2800 / 4000 [ 70%]  (Warmup)
Chain 17: Iteration:  400 / 4000 [ 10%]  (Warmup)
Chain 16: Iteration: 2800 / 4000 [ 70%]  (Warmup)
Chain 14: Iteration: 3001 / 4000 [ 75%]  (Sampling)
Chain 19: Iteration:  400 / 4000 [ 10%]  (Warmup)
Chain 16: Iteration: 3001 / 4000 [ 75%]  (Sampling)
Chain 19: Iteration:  800 / 4000 [ 20%]  (Warmup)
Chain 14: Iteration: 3400 / 4000 [ 85%]  (Sampling)
Chain 17: Iteration:  800 / 4000 [ 20%]  (Warmup)
Chain 16: Iteration: 3400 / 4000 [ 85%]  (Sampling)
Chain 19: Iteration: 1200 / 4000 [ 30%]  (Warmup)
Chain 14: Iteration: 3800 / 4000 [ 95%]  (Sampling)
Chain 17: Iteration: 1200 / 4000 [ 30%]  (Warmup)
Chain 14: Iteration: 4000 / 4000 [100%]  (Sampling)
Chain 14: 
Chain 14:  Elapsed Time: 178.657 seconds (Warm-up)
Chain 14:                46.8384 seconds (Sampling)
Chain 14:                225.495 seconds (Total)
Chain 14: 
Chain 16: Iteration: 3800 / 4000 [ 95%]  (Sampling)
Chain 19: Iteration: 1600 / 4000 [ 40%]  (Warmup)
Chain 17: Iteration: 1600 / 4000 [ 40%]  (Warmup)
Chain 16: Iteration: 4000 / 4000 [100%]  (Sampling)
Chain 16: 
Chain 16:  Elapsed Time: 174.819 seconds (Warm-up)
Chain 16:                49.9871 seconds (Sampling)
Chain 16:                224.806 seconds (Total)
Chain 16: 
Chain 19: Iteration: 2000 / 4000 [ 50%]  (Warmup)

SAMPLING FOR MODEL 'PA_LMAms_L_CV' NOW (CHAIN 18).
Chain 18: 
Chain 18: Gradient evaluation took 0.000187 seconds
Chain 18: 1000 transitions using 10 leapfrog steps per transition would take 1.87 seconds.
Chain 18: Adjust your expectations accordingly!
Chain 18: 
Chain 18: 
Chain 18: Iteration:    1 / 4000 [  0%]  (Warmup)
Chain 17: Iteration: 2000 / 4000 [ 50%]  (Warmup)
Chain 19: Iteration: 2400 / 4000 [ 60%]  (Warmup)

SAMPLING FOR MODEL 'PA_LMAms_L_CV' NOW (CHAIN 20).
Chain 20: 
Chain 20: Gradient evaluation took 0.000191 seconds
Chain 20: 1000 transitions using 10 leapfrog steps per transition would take 1.91 seconds.
Chain 20: Adjust your expectations accordingly!
Chain 20: 
Chain 20: 
Chain 20: Iteration:    1 / 4000 [  0%]  (Warmup)
Chain 17: Iteration: 2400 / 4000 [ 60%]  (Warmup)
Chain 19: Iteration: 2800 / 4000 [ 70%]  (Warmup)
Chain 17: Iteration: 2800 / 4000 [ 70%]  (Warmup)
Chain 19: Iteration: 3001 / 4000 [ 75%]  (Sampling)
Chain 17: Iteration: 3001 / 4000 [ 75%]  (Sampling)
Chain 17: Iteration: 3400 / 4000 [ 85%]  (Sampling)
Chain 19: Iteration: 3400 / 4000 [ 85%]  (Sampling)
Chain 20: Iteration:  400 / 4000 [ 10%]  (Warmup)
Chain 17: Iteration: 3800 / 4000 [ 95%]  (Sampling)
Chain 17: Iteration: 4000 / 4000 [100%]  (Sampling)
Chain 17: 
Chain 17:  Elapsed Time: 180.592 seconds (Warm-up)
Chain 17:                27.619 seconds (Sampling)
Chain 17:                208.211 seconds (Total)
Chain 17: 
Chain 19: Iteration: 3800 / 4000 [ 95%]  (Sampling)

SAMPLING FOR MODEL 'PA_LMAms_L_CV' NOW (CHAIN 21).
Chain 21: 
Chain 21: Gradient evaluation took 0.000207 seconds
Chain 21: 1000 transitions using 10 leapfrog steps per transition would take 2.07 seconds.
Chain 21: Adjust your expectations accordingly!
Chain 21: 
Chain 21: 
Chain 21: Iteration:    1 / 4000 [  0%]  (Warmup)
Chain 19: Iteration: 4000 / 4000 [100%]  (Sampling)
Chain 19: 
Chain 19:  Elapsed Time: 184.085 seconds (Warm-up)
Chain 19:                49.8148 seconds (Sampling)
Chain 19:                233.899 seconds (Total)
Chain 19: 
Chain 20: Iteration:  800 / 4000 [ 20%]  (Warmup)
Chain 20: Iteration: 1200 / 4000 [ 30%]  (Warmup)

SAMPLING FOR MODEL 'PA_LMAms_L_CV' NOW (CHAIN 23).
Chain 23: 
Chain 23: Gradient evaluation took 0.000215 seconds
Chain 23: 1000 transitions using 10 leapfrog steps per transition would take 2.15 seconds.
Chain 23: Adjust your expectations accordingly!
Chain 23: 
Chain 23: 
Chain 23: Iteration:    1 / 4000 [  0%]  (Warmup)
Chain 20: Iteration: 1600 / 4000 [ 40%]  (Warmup)
Chain 18: Iteration:  400 / 4000 [ 10%]  (Warmup)
Chain 20: Iteration: 2000 / 4000 [ 50%]  (Warmup)
Chain 21: Iteration:  400 / 4000 [ 10%]  (Warmup)
Chain 18: Iteration:  800 / 4000 [ 20%]  (Warmup)
Chain 20: Iteration: 2400 / 4000 [ 60%]  (Warmup)
Chain 23: Iteration:  400 / 4000 [ 10%]  (Warmup)
Chain 21: Iteration:  800 / 4000 [ 20%]  (Warmup)
Chain 18: Iteration: 1200 / 4000 [ 30%]  (Warmup)
Chain 20: Iteration: 2800 / 4000 [ 70%]  (Warmup)
Chain 21: Iteration: 1200 / 4000 [ 30%]  (Warmup)
Chain 20: Iteration: 3001 / 4000 [ 75%]  (Sampling)
Chain 23: Iteration:  800 / 4000 [ 20%]  (Warmup)
Chain 18: Iteration: 1600 / 4000 [ 40%]  (Warmup)
Chain 21: Iteration: 1600 / 4000 [ 40%]  (Warmup)
Chain 20: Iteration: 3400 / 4000 [ 85%]  (Sampling)
Chain 23: Iteration: 1200 / 4000 [ 30%]  (Warmup)
Chain 21: Iteration: 2000 / 4000 [ 50%]  (Warmup)
Chain 20: Iteration: 3800 / 4000 [ 95%]  (Sampling)
Chain 18: Iteration: 2000 / 4000 [ 50%]  (Warmup)
Chain 23: Iteration: 1600 / 4000 [ 40%]  (Warmup)
Chain 20: Iteration: 4000 / 4000 [100%]  (Sampling)
Chain 20: 
Chain 20:  Elapsed Time: 200.153 seconds (Warm-up)
Chain 20:                48.5467 seconds (Sampling)
Chain 20:                248.699 seconds (Total)
Chain 20: 
Chain 21: Iteration: 2400 / 4000 [ 60%]  (Warmup)
Chain 23: Iteration: 2000 / 4000 [ 50%]  (Warmup)
Chain 18: Iteration: 2400 / 4000 [ 60%]  (Warmup)
Chain 21: Iteration: 2800 / 4000 [ 70%]  (Warmup)

SAMPLING FOR MODEL 'PA_LMAms_L_CV' NOW (CHAIN 24).
Chain 24: 
Chain 24: Gradient evaluation took 0.000189 seconds
Chain 24: 1000 transitions using 10 leapfrog steps per transition would take 1.89 seconds.
Chain 24: Adjust your expectations accordingly!
Chain 24: 
Chain 24: 
Chain 24: Iteration:    1 / 4000 [  0%]  (Warmup)
Chain 23: Iteration: 2400 / 4000 [ 60%]  (Warmup)
Chain 18: Iteration: 2800 / 4000 [ 70%]  (Warmup)
Chain 21: Iteration: 3001 / 4000 [ 75%]  (Sampling)
Chain 18: Iteration: 3001 / 4000 [ 75%]  (Sampling)
Chain 23: Iteration: 2800 / 4000 [ 70%]  (Warmup)
Chain 23: Iteration: 3001 / 4000 [ 75%]  (Sampling)
Chain 21: Iteration: 3400 / 4000 [ 85%]  (Sampling)
Chain 18: Iteration: 3400 / 4000 [ 85%]  (Sampling)
Chain 24: Iteration:  400 / 4000 [ 10%]  (Warmup)
Chain 23: Iteration: 3400 / 4000 [ 85%]  (Sampling)
Chain 24: Iteration:  800 / 4000 [ 20%]  (Warmup)
Chain 23: Iteration: 3800 / 4000 [ 95%]  (Sampling)
Chain 23: Iteration: 4000 / 4000 [100%]  (Sampling)
Chain 23: 
Chain 23:  Elapsed Time: 187.773 seconds (Warm-up)
Chain 23:                50.2501 seconds (Sampling)
Chain 23:                238.023 seconds (Total)
Chain 23: 
Chain 18: Iteration: 3800 / 4000 [ 95%]  (Sampling)
Chain 21: Iteration: 3800 / 4000 [ 95%]  (Sampling)

SAMPLING FOR MODEL 'PA_LMAms_L_CV' NOW (CHAIN 27).
Chain 27: 
Chain 27: Gradient evaluation took 0.000205 seconds
Chain 27: 1000 transitions using 10 leapfrog steps per transition would take 2.05 seconds.
Chain 27: Adjust your expectations accordingly!
Chain 27: 
Chain 27: 
Chain 27: Iteration:    1 / 4000 [  0%]  (Warmup)
Chain 24: Iteration: 1200 / 4000 [ 30%]  (Warmup)
Chain 18: Iteration: 4000 / 4000 [100%]  (Sampling)
Chain 18: 
Chain 18:  Elapsed Time: 320.095 seconds (Warm-up)
Chain 18:                86.4708 seconds (Sampling)
Chain 18:                406.565 seconds (Total)
Chain 18: 
Chain 21: Iteration: 4000 / 4000 [100%]  (Sampling)
Chain 21: 
Chain 21:  Elapsed Time: 223.956 seconds (Warm-up)
Chain 21:                94.7057 seconds (Sampling)
Chain 21:                318.662 seconds (Total)
Chain 21: 
Chain 24: Iteration: 1600 / 4000 [ 40%]  (Warmup)

SAMPLING FOR MODEL 'PA_LMAms_L_CV' NOW (CHAIN 25).
Chain 25: 
Chain 25: Gradient evaluation took 0.000234 seconds
Chain 25: 1000 transitions using 10 leapfrog steps per transition would take 2.34 seconds.
Chain 25: Adjust your expectations accordingly!
Chain 25: 
Chain 25: 
Chain 25: Iteration:    1 / 4000 [  0%]  (Warmup)
Chain 24: Iteration: 2000 / 4000 [ 50%]  (Warmup)

SAMPLING FOR MODEL 'PA_LMAms_L_CV' NOW (CHAIN 22).
Chain 22: 
Chain 22: Gradient evaluation took 0.000199 seconds
Chain 22: 1000 transitions using 10 leapfrog steps per transition would take 1.99 seconds.
Chain 22: Adjust your expectations accordingly!
Chain 22: 
Chain 22: 
Chain 22: Iteration:    1 / 4000 [  0%]  (Warmup)
Chain 24: Iteration: 2400 / 4000 [ 60%]  (Warmup)
Chain 24: Iteration: 2800 / 4000 [ 70%]  (Warmup)
Chain 25: Iteration:  400 / 4000 [ 10%]  (Warmup)
Chain 27: Iteration:  400 / 4000 [ 10%]  (Warmup)
Chain 24: Iteration: 3001 / 4000 [ 75%]  (Sampling)
Chain 25: Iteration:  800 / 4000 [ 20%]  (Warmup)
Chain 22: Iteration:  400 / 4000 [ 10%]  (Warmup)
Chain 24: Iteration: 3400 / 4000 [ 85%]  (Sampling)
Chain 27: Iteration:  800 / 4000 [ 20%]  (Warmup)
Chain 25: Iteration: 1200 / 4000 [ 30%]  (Warmup)
Chain 24: Iteration: 3800 / 4000 [ 95%]  (Sampling)
Chain 22: Iteration:  800 / 4000 [ 20%]  (Warmup)
Chain 25: Iteration: 1600 / 4000 [ 40%]  (Warmup)
Chain 27: Iteration: 1200 / 4000 [ 30%]  (Warmup)
Chain 24: Iteration: 4000 / 4000 [100%]  (Sampling)
Chain 24: 
Chain 24:  Elapsed Time: 183.083 seconds (Warm-up)
Chain 24:                48.2616 seconds (Sampling)
Chain 24:                231.344 seconds (Total)
Chain 24: 
Chain 22: Iteration: 1200 / 4000 [ 30%]  (Warmup)
Chain 25: Iteration: 2000 / 4000 [ 50%]  (Warmup)
Chain 27: Iteration: 1600 / 4000 [ 40%]  (Warmup)

SAMPLING FOR MODEL 'PA_LMAms_L_CV' NOW (CHAIN 28).
Chain 28: 
Chain 28: Gradient evaluation took 0.0002 seconds
Chain 28: 1000 transitions using 10 leapfrog steps per transition would take 2 seconds.
Chain 28: Adjust your expectations accordingly!
Chain 28: 
Chain 28: 
Chain 28: Iteration:    1 / 4000 [  0%]  (Warmup)
Chain 25: Iteration: 2400 / 4000 [ 60%]  (Warmup)
Chain 22: Iteration: 1600 / 4000 [ 40%]  (Warmup)
Chain 27: Iteration: 2000 / 4000 [ 50%]  (Warmup)
Chain 25: Iteration: 2800 / 4000 [ 70%]  (Warmup)
Chain 22: Iteration: 2000 / 4000 [ 50%]  (Warmup)
Chain 27: Iteration: 2400 / 4000 [ 60%]  (Warmup)
Chain 25: Iteration: 3001 / 4000 [ 75%]  (Sampling)
Chain 22: Iteration: 2400 / 4000 [ 60%]  (Warmup)
Chain 28: Iteration:  400 / 4000 [ 10%]  (Warmup)
Chain 27: Iteration: 2800 / 4000 [ 70%]  (Warmup)
Chain 25: Iteration: 3400 / 4000 [ 85%]  (Sampling)
Chain 27: Iteration: 3001 / 4000 [ 75%]  (Sampling)
Chain 22: Iteration: 2800 / 4000 [ 70%]  (Warmup)
Chain 28: Iteration:  800 / 4000 [ 20%]  (Warmup)
Chain 25: Iteration: 3800 / 4000 [ 95%]  (Sampling)
Chain 22: Iteration: 3001 / 4000 [ 75%]  (Sampling)
Chain 28: Iteration: 1200 / 4000 [ 30%]  (Warmup)
Chain 25: Iteration: 4000 / 4000 [100%]  (Sampling)
Chain 25: 
Chain 25:  Elapsed Time: 171.749 seconds (Warm-up)
Chain 25:                50.2438 seconds (Sampling)
Chain 25:                221.993 seconds (Total)
Chain 25: 
Chain 27: Iteration: 3400 / 4000 [ 85%]  (Sampling)
Chain 22: Iteration: 3400 / 4000 [ 85%]  (Sampling)
Chain 28: Iteration: 1600 / 4000 [ 40%]  (Warmup)
Chain 27: Iteration: 3800 / 4000 [ 95%]  (Sampling)
Chain 22: Iteration: 3800 / 4000 [ 95%]  (Sampling)
Chain 28: Iteration: 2000 / 4000 [ 50%]  (Warmup)
Chain 22: Iteration: 4000 / 4000 [100%]  (Sampling)
Chain 22: 
Chain 22:  Elapsed Time: 203.769 seconds (Warm-up)
Chain 22:                49.0525 seconds (Sampling)
Chain 22:                252.821 seconds (Total)
Chain 22: 
Chain 27: Iteration: 4000 / 4000 [100%]  (Sampling)
Chain 27: 
Chain 27:  Elapsed Time: 225.579 seconds (Warm-up)
Chain 27:                63.4202 seconds (Sampling)
Chain 27:                288.999 seconds (Total)
Chain 27: 

SAMPLING FOR MODEL 'PA_LMAms_L_CV' NOW (CHAIN 29).
Chain 29: 
Chain 29: Gradient evaluation took 0.000308 seconds
Chain 29: 1000 transitions using 10 leapfrog steps per transition would take 3.08 seconds.
Chain 29: Adjust your expectations accordingly!
Chain 29: 
Chain 29: 
Chain 29: Iteration:    1 / 4000 [  0%]  (Warmup)
Chain 28: Iteration: 2400 / 4000 [ 60%]  (Warmup)

SAMPLING FOR MODEL 'PA_LMAms_L_CV' NOW (CHAIN 26).
Chain 26: 
Chain 26: Gradient evaluation took 0.000207 seconds
Chain 26: 1000 transitions using 10 leapfrog steps per transition would take 2.07 seconds.
Chain 26: Adjust your expectations accordingly!
Chain 26: 
Chain 26: 
Chain 26: Iteration:    1 / 4000 [  0%]  (Warmup)
Chain 28: Iteration: 2800 / 4000 [ 70%]  (Warmup)
Chain 28: Iteration: 3001 / 4000 [ 75%]  (Sampling)

SAMPLING FOR MODEL 'PA_LMAms_L_CV' NOW (CHAIN 31).
Chain 31: 
Chain 31: Gradient evaluation took 0.000211 seconds
Chain 31: 1000 transitions using 10 leapfrog steps per transition would take 2.11 seconds.
Chain 31: Adjust your expectations accordingly!
Chain 31: 
Chain 31: 
Chain 31: Iteration:    1 / 4000 [  0%]  (Warmup)
Chain 28: Iteration: 3400 / 4000 [ 85%]  (Sampling)
Chain 26: Iteration:  400 / 4000 [ 10%]  (Warmup)
Chain 29: Iteration:  400 / 4000 [ 10%]  (Warmup)
Chain 28: Iteration: 3800 / 4000 [ 95%]  (Sampling)
Chain 26: Iteration:  800 / 4000 [ 20%]  (Warmup)
Chain 28: Iteration: 4000 / 4000 [100%]  (Sampling)
Chain 28: 
Chain 28:  Elapsed Time: 180.925 seconds (Warm-up)
Chain 28:                48.1867 seconds (Sampling)
Chain 28:                229.111 seconds (Total)
Chain 28: 
Chain 31: Iteration:  400 / 4000 [ 10%]  (Warmup)
Chain 29: Iteration:  800 / 4000 [ 20%]  (Warmup)

SAMPLING FOR MODEL 'PA_LMAms_L_CV' NOW (CHAIN 32).
Chain 32: 
Chain 32: Gradient evaluation took 0.000206 seconds
Chain 32: 1000 transitions using 10 leapfrog steps per transition would take 2.06 seconds.
Chain 32: Adjust your expectations accordingly!
Chain 32: 
Chain 32: 
Chain 32: Iteration:    1 / 4000 [  0%]  (Warmup)
Chain 26: Iteration: 1200 / 4000 [ 30%]  (Warmup)
Chain 29: Iteration: 1200 / 4000 [ 30%]  (Warmup)
Chain 31: Iteration:  800 / 4000 [ 20%]  (Warmup)
Chain 26: Iteration: 1600 / 4000 [ 40%]  (Warmup)
Chain 29: Iteration: 1600 / 4000 [ 40%]  (Warmup)
Chain 31: Iteration: 1200 / 4000 [ 30%]  (Warmup)
Chain 26: Iteration: 2000 / 4000 [ 50%]  (Warmup)
Chain 32: Iteration:  400 / 4000 [ 10%]  (Warmup)
Chain 29: Iteration: 2000 / 4000 [ 50%]  (Warmup)
Chain 31: Iteration: 1600 / 4000 [ 40%]  (Warmup)
Chain 26: Iteration: 2400 / 4000 [ 60%]  (Warmup)
Chain 32: Iteration:  800 / 4000 [ 20%]  (Warmup)
Chain 29: Iteration: 2400 / 4000 [ 60%]  (Warmup)
Chain 31: Iteration: 2000 / 4000 [ 50%]  (Warmup)
Chain 26: Iteration: 2800 / 4000 [ 70%]  (Warmup)
Chain 32: Iteration: 1200 / 4000 [ 30%]  (Warmup)
Chain 29: Iteration: 2800 / 4000 [ 70%]  (Warmup)
Chain 26: Iteration: 3001 / 4000 [ 75%]  (Sampling)
Chain 31: Iteration: 2400 / 4000 [ 60%]  (Warmup)
Chain 29: Iteration: 3001 / 4000 [ 75%]  (Sampling)
Chain 32: Iteration: 1600 / 4000 [ 40%]  (Warmup)
Chain 31: Iteration: 2800 / 4000 [ 70%]  (Warmup)
Chain 29: Iteration: 3400 / 4000 [ 85%]  (Sampling)
Chain 26: Iteration: 3400 / 4000 [ 85%]  (Sampling)
Chain 32: Iteration: 2000 / 4000 [ 50%]  (Warmup)
Chain 31: Iteration: 3001 / 4000 [ 75%]  (Sampling)
Chain 29: Iteration: 3800 / 4000 [ 95%]  (Sampling)
Chain 32: Iteration: 2400 / 4000 [ 60%]  (Warmup)
Chain 31: Iteration: 3400 / 4000 [ 85%]  (Sampling)
Chain 29: Iteration: 4000 / 4000 [100%]  (Sampling)
Chain 29: 
Chain 29:  Elapsed Time: 205.101 seconds (Warm-up)
Chain 29:                51.7828 seconds (Sampling)
Chain 29:                256.883 seconds (Total)
Chain 29: 
Chain 26: Iteration: 3800 / 4000 [ 95%]  (Sampling)

SAMPLING FOR MODEL 'PA_LMAms_L_CV' NOW (CHAIN 33).
Chain 33: 
Chain 33: Gradient evaluation took 0.00021 seconds
Chain 33: 1000 transitions using 10 leapfrog steps per transition would take 2.1 seconds.
Chain 33: Adjust your expectations accordingly!
Chain 33: 
Chain 33: 
Chain 33: Iteration:    1 / 4000 [  0%]  (Warmup)
Chain 32: Iteration: 2800 / 4000 [ 70%]  (Warmup)
Chain 31: Iteration: 3800 / 4000 [ 95%]  (Sampling)
Chain 26: Iteration: 4000 / 4000 [100%]  (Sampling)
Chain 26: 
Chain 26:  Elapsed Time: 185.659 seconds (Warm-up)
Chain 26:                74.6579 seconds (Sampling)
Chain 26:                260.317 seconds (Total)
Chain 26: 

SAMPLING FOR MODEL 'PA_LMAms_L_CV' NOW (CHAIN 30).
Chain 30: 
Chain 30: Gradient evaluation took 0.00019 seconds
Chain 30: 1000 transitions using 10 leapfrog steps per transition would take 1.9 seconds.
Chain 30: Adjust your expectations accordingly!
Chain 30: 
Chain 30: 
Chain 30: Iteration:    1 / 4000 [  0%]  (Warmup)
Chain 31: Iteration: 4000 / 4000 [100%]  (Sampling)
Chain 31: 
Chain 31:  Elapsed Time: 196.524 seconds (Warm-up)
Chain 31:                49.1183 seconds (Sampling)
Chain 31:                245.642 seconds (Total)
Chain 31: 
Chain 32: Iteration: 3001 / 4000 [ 75%]  (Sampling)

SAMPLING FOR MODEL 'PA_LMAms_L_CV' NOW (CHAIN 35).
Chain 35: 
Chain 35: Gradient evaluation took 0.000209 seconds
Chain 35: 1000 transitions using 10 leapfrog steps per transition would take 2.09 seconds.
Chain 35: Adjust your expectations accordingly!
Chain 35: 
Chain 35: 
Chain 35: Iteration:    1 / 4000 [  0%]  (Warmup)
Chain 32: Iteration: 3400 / 4000 [ 85%]  (Sampling)
Chain 33: Iteration:  400 / 4000 [ 10%]  (Warmup)
Chain 32: Iteration: 3800 / 4000 [ 95%]  (Sampling)
Chain 33: Iteration:  800 / 4000 [ 20%]  (Warmup)
Chain 32: Iteration: 4000 / 4000 [100%]  (Sampling)
Chain 32: 
Chain 32:  Elapsed Time: 186.416 seconds (Warm-up)
Chain 32:                49.3399 seconds (Sampling)
Chain 32:                235.756 seconds (Total)
Chain 32: 
Chain 30: Iteration:  400 / 4000 [ 10%]  (Warmup)

SAMPLING FOR MODEL 'PA_LMAms_L_CV' NOW (CHAIN 36).
Chain 36: 
Chain 36: Gradient evaluation took 0.000213 seconds
Chain 36: 1000 transitions using 10 leapfrog steps per transition would take 2.13 seconds.
Chain 36: Adjust your expectations accordingly!
Chain 36: 
Chain 36: 
Chain 36: Iteration:    1 / 4000 [  0%]  (Warmup)
Chain 35: Iteration:  400 / 4000 [ 10%]  (Warmup)
Chain 30: Iteration:  800 / 4000 [ 20%]  (Warmup)
Chain 33: Iteration: 1200 / 4000 [ 30%]  (Warmup)
Chain 35: Iteration:  800 / 4000 [ 20%]  (Warmup)
Chain 30: Iteration: 1200 / 4000 [ 30%]  (Warmup)
Chain 33: Iteration: 1600 / 4000 [ 40%]  (Warmup)
Chain 35: Iteration: 1200 / 4000 [ 30%]  (Warmup)
Chain 36: Iteration:  400 / 4000 [ 10%]  (Warmup)
Chain 30: Iteration: 1600 / 4000 [ 40%]  (Warmup)
Chain 33: Iteration: 2000 / 4000 [ 50%]  (Warmup)
Chain 35: Iteration: 1600 / 4000 [ 40%]  (Warmup)
Chain 36: Iteration:  800 / 4000 [ 20%]  (Warmup)
Chain 30: Iteration: 2000 / 4000 [ 50%]  (Warmup)
Chain 33: Iteration: 2400 / 4000 [ 60%]  (Warmup)
Chain 35: Iteration: 2000 / 4000 [ 50%]  (Warmup)
Chain 36: Iteration: 1200 / 4000 [ 30%]  (Warmup)
Chain 30: Iteration: 2400 / 4000 [ 60%]  (Warmup)
Chain 33: Iteration: 2800 / 4000 [ 70%]  (Warmup)
Chain 35: Iteration: 2400 / 4000 [ 60%]  (Warmup)
Chain 33: Iteration: 3001 / 4000 [ 75%]  (Sampling)
Chain 36: Iteration: 1600 / 4000 [ 40%]  (Warmup)
Chain 30: Iteration: 2800 / 4000 [ 70%]  (Warmup)
Chain 30: Iteration: 3001 / 4000 [ 75%]  (Sampling)
Chain 35: Iteration: 2800 / 4000 [ 70%]  (Warmup)
Chain 36: Iteration: 2000 / 4000 [ 50%]  (Warmup)
Chain 33: Iteration: 3400 / 4000 [ 85%]  (Sampling)
Chain 35: Iteration: 3001 / 4000 [ 75%]  (Sampling)
Chain 30: Iteration: 3400 / 4000 [ 85%]  (Sampling)
Chain 36: Iteration: 2400 / 4000 [ 60%]  (Warmup)
Chain 33: Iteration: 3800 / 4000 [ 95%]  (Sampling)
Chain 35: Iteration: 3400 / 4000 [ 85%]  (Sampling)
Chain 30: Iteration: 3800 / 4000 [ 95%]  (Sampling)
Chain 33: Iteration: 4000 / 4000 [100%]  (Sampling)
Chain 33: 
Chain 33:  Elapsed Time: 181.532 seconds (Warm-up)
Chain 33:                56.1819 seconds (Sampling)
Chain 33:                237.714 seconds (Total)
Chain 33: 
Chain 36: Iteration: 2800 / 4000 [ 70%]  (Warmup)
Chain 30: Iteration: 4000 / 4000 [100%]  (Sampling)
Chain 30: 
Chain 30:  Elapsed Time: 183.241 seconds (Warm-up)
Chain 30:                49.2312 seconds (Sampling)
Chain 30:                232.472 seconds (Total)
Chain 30: 
Chain 36: Iteration: 3001 / 4000 [ 75%]  (Sampling)
Chain 35: Iteration: 3800 / 4000 [ 95%]  (Sampling)

SAMPLING FOR MODEL 'PA_LMAms_L_CV' NOW (CHAIN 34).
Chain 34: 
Chain 34: Gradient evaluation took 0.000195 seconds
Chain 34: 1000 transitions using 10 leapfrog steps per transition would take 1.95 seconds.
Chain 34: Adjust your expectations accordingly!
Chain 34: 
Chain 34: 
Chain 34: Iteration:    1 / 4000 [  0%]  (Warmup)
Chain 35: Iteration: 4000 / 4000 [100%]  (Sampling)
Chain 35: 
Chain 35:  Elapsed Time: 186.747 seconds (Warm-up)
Chain 35:                53.3166 seconds (Sampling)
Chain 35:                240.063 seconds (Total)
Chain 35: 
Chain 36: Iteration: 3400 / 4000 [ 85%]  (Sampling)
Chain 36: Iteration: 3800 / 4000 [ 95%]  (Sampling)
Chain 36: Iteration: 4000 / 4000 [100%]  (Sampling)
Chain 36: 
Chain 36:  Elapsed Time: 178.418 seconds (Warm-up)
Chain 36:                47.8749 seconds (Sampling)
Chain 36:                226.293 seconds (Total)
Chain 36: 

SAMPLING FOR MODEL 'PA_LMAms_L_CV' NOW (CHAIN 37).
Chain 37: 
Chain 37: Gradient evaluation took 0.000221 seconds
Chain 37: 1000 transitions using 10 leapfrog steps per transition would take 2.21 seconds.
Chain 37: Adjust your expectations accordingly!
Chain 37: 
Chain 37: 
Chain 37: Iteration:    1 / 4000 [  0%]  (Warmup)
Chain 34: Iteration:  400 / 4000 [ 10%]  (Warmup)

SAMPLING FOR MODEL 'PA_LMAms_L_CV' NOW (CHAIN 40).
Chain 40: 
Chain 40: Gradient evaluation took 0.000195 seconds
Chain 40: 1000 transitions using 10 leapfrog steps per transition would take 1.95 seconds.
Chain 40: Adjust your expectations accordingly!
Chain 40: 
Chain 40: 
Chain 40: Iteration:    1 / 4000 [  0%]  (Warmup)
Chain 34: Iteration:  800 / 4000 [ 20%]  (Warmup)
Chain 34: Iteration: 1200 / 4000 [ 30%]  (Warmup)
Chain 37: Iteration:  400 / 4000 [ 10%]  (Warmup)

SAMPLING FOR MODEL 'PA_LMAms_L_CV' NOW (CHAIN 39).
Chain 39: 
Chain 39: Gradient evaluation took 0.000214 seconds
Chain 39: 1000 transitions using 10 leapfrog steps per transition would take 2.14 seconds.
Chain 39: Adjust your expectations accordingly!
Chain 39: 
Chain 39: 
Chain 39: Iteration:    1 / 4000 [  0%]  (Warmup)
Chain 37: Iteration:  800 / 4000 [ 20%]  (Warmup)
Chain 34: Iteration: 1600 / 4000 [ 40%]  (Warmup)
Chain 40: Iteration:  400 / 4000 [ 10%]  (Warmup)
Chain 37: Iteration: 1200 / 4000 [ 30%]  (Warmup)
Chain 34: Iteration: 2000 / 4000 [ 50%]  (Warmup)
Chain 40: Iteration:  800 / 4000 [ 20%]  (Warmup)
Chain 37: Iteration: 1600 / 4000 [ 40%]  (Warmup)
Chain 34: Iteration: 2400 / 4000 [ 60%]  (Warmup)
Chain 39: Iteration:  400 / 4000 [ 10%]  (Warmup)
Chain 37: Iteration: 2000 / 4000 [ 50%]  (Warmup)
Chain 40: Iteration: 1200 / 4000 [ 30%]  (Warmup)
Chain 34: Iteration: 2800 / 4000 [ 70%]  (Warmup)
Chain 39: Iteration:  800 / 4000 [ 20%]  (Warmup)
Chain 37: Iteration: 2400 / 4000 [ 60%]  (Warmup)
Chain 40: Iteration: 1600 / 4000 [ 40%]  (Warmup)
Chain 34: Iteration: 3001 / 4000 [ 75%]  (Sampling)
Chain 39: Iteration: 1200 / 4000 [ 30%]  (Warmup)
Chain 37: Iteration: 2800 / 4000 [ 70%]  (Warmup)
Chain 40: Iteration: 2000 / 4000 [ 50%]  (Warmup)
Chain 37: Iteration: 3001 / 4000 [ 75%]  (Sampling)
Chain 34: Iteration: 3400 / 4000 [ 85%]  (Sampling)
Chain 39: Iteration: 1600 / 4000 [ 40%]  (Warmup)
Chain 40: Iteration: 2400 / 4000 [ 60%]  (Warmup)
Chain 37: Iteration: 3400 / 4000 [ 85%]  (Sampling)
Chain 39: Iteration: 2000 / 4000 [ 50%]  (Warmup)
Chain 37: Iteration: 3800 / 4000 [ 95%]  (Sampling)
Chain 40: Iteration: 2800 / 4000 [ 70%]  (Warmup)
Chain 34: Iteration: 3800 / 4000 [ 95%]  (Sampling)
Chain 37: Iteration: 4000 / 4000 [100%]  (Sampling)
Chain 37: 
Chain 37:  Elapsed Time: 159.637 seconds (Warm-up)
Chain 37:                37.5233 seconds (Sampling)
Chain 37:                197.16 seconds (Total)
Chain 37: 
Chain 39: Iteration: 2400 / 4000 [ 60%]  (Warmup)
Chain 40: Iteration: 3001 / 4000 [ 75%]  (Sampling)
Chain 34: Iteration: 4000 / 4000 [100%]  (Sampling)
Chain 34: 
Chain 34:  Elapsed Time: 175.018 seconds (Warm-up)
Chain 34:                77.3513 seconds (Sampling)
Chain 34:                252.37 seconds (Total)
Chain 34: 
Chain 39: Iteration: 2800 / 4000 [ 70%]  (Warmup)
Chain 40: Iteration: 3400 / 4000 [ 85%]  (Sampling)
Chain 39: Iteration: 3001 / 4000 [ 75%]  (Sampling)
Chain 40: Iteration: 3800 / 4000 [ 95%]  (Sampling)
Chain 39: Iteration: 3400 / 4000 [ 85%]  (Sampling)
Chain 40: Iteration: 4000 / 4000 [100%]  (Sampling)
Chain 40: 
Chain 40:  Elapsed Time: 178.907 seconds (Warm-up)
Chain 40:                51.9559 seconds (Sampling)
Chain 40:                230.863 seconds (Total)
Chain 40: 

SAMPLING FOR MODEL 'PA_LMAms_L_CV' NOW (CHAIN 38).
Chain 38: 
Chain 38: Gradient evaluation took 0.000206 seconds
Chain 38: 1000 transitions using 10 leapfrog steps per transition would take 2.06 seconds.
Chain 38: Adjust your expectations accordingly!
Chain 38: 
Chain 38: 
Chain 38: Iteration:    1 / 4000 [  0%]  (Warmup)
Chain 39: Iteration: 3800 / 4000 [ 95%]  (Sampling)
Chain 39: Iteration: 4000 / 4000 [100%]  (Sampling)
Chain 39: 
Chain 39:  Elapsed Time: 172.839 seconds (Warm-up)
Chain 39:                46.4162 seconds (Sampling)
Chain 39:                219.255 seconds (Total)
Chain 39: 
Chain 38: Iteration:  400 / 4000 [ 10%]  (Warmup)
Chain 38: Iteration:  800 / 4000 [ 20%]  (Warmup)
Chain 38: Iteration: 1200 / 4000 [ 30%]  (Warmup)
Chain 38: Iteration: 1600 / 4000 [ 40%]  (Warmup)
Chain 38: Iteration: 2000 / 4000 [ 50%]  (Warmup)
Chain 38: Iteration: 2400 / 4000 [ 60%]  (Warmup)
Chain 38: Iteration: 2800 / 4000 [ 70%]  (Warmup)
Chain 38: Iteration: 3001 / 4000 [ 75%]  (Sampling)
Chain 38: Iteration: 3400 / 4000 [ 85%]  (Sampling)
Chain 38: Iteration: 3800 / 4000 [ 95%]  (Sampling)
Chain 38: Iteration: 4000 / 4000 [100%]  (Sampling)
Chain 38: 
Chain 38:  Elapsed Time: 144.799 seconds (Warm-up)
Chain 38:                30.1745 seconds (Sampling)
Chain 38:                174.974 seconds (Total)
Chain 38: 
