[1] "Model: m1q_N"
[1] "Model dir: ./model/m1q_N.stan"
[1] "Data: PA"
[1] "n_iter = 2000"
[1] "n_warm = 1000"
[1] "n_thin = 1"
[1] "n_chains = 4"

SAMPLING FOR MODEL 'm1q_N' NOW (CHAIN 1).

Gradient evaluation took 0.000948 seconds
1000 transitions using 10 leapfrog steps per transition would take 9.48 seconds.
Adjust your expectations accordingly!


Iteration:    1 / 2000 [  0%]  (Warmup)

SAMPLING FOR MODEL 'm1q_N' NOW (CHAIN 2).
Rejecting initial value:
  Error evaluating the log probability at the initial value.
Exception: normal_lpdf: Location parameter[83] is nan, but must be finite!  (in 'modelf1ee28a1a3_m1q_N' at line 57)


Gradient evaluation took 0.000908 seconds
1000 transitions using 10 leapfrog steps per transition would take 9.08 seconds.
Adjust your expectations accordingly!


Iteration:    1 / 2000 [  0%]  (Warmup)

SAMPLING FOR MODEL 'm1q_N' NOW (CHAIN 3).

Gradient evaluation took 0.000292 seconds
1000 transitions using 10 leapfrog steps per transition would take 2.92 seconds.
Adjust your expectations accordingly!


Iteration:    1 / 2000 [  0%]  (Warmup)

SAMPLING FOR MODEL 'm1q_N' NOW (CHAIN 4).

Gradient evaluation took 0.000356 seconds
1000 transitions using 10 leapfrog steps per transition would take 3.56 seconds.
Adjust your expectations accordingly!


Iteration:    1 / 2000 [  0%]  (Warmup)
Iteration:  200 / 2000 [ 10%]  (Warmup)
Iteration:  200 / 2000 [ 10%]  (Warmup)
Iteration:  200 / 2000 [ 10%]  (Warmup)
Iteration:  400 / 2000 [ 20%]  (Warmup)
Iteration:  400 / 2000 [ 20%]  (Warmup)
Iteration:  400 / 2000 [ 20%]  (Warmup)
Iteration:  200 / 2000 [ 10%]  (Warmup)
Iteration:  600 / 2000 [ 30%]  (Warmup)
Iteration:  600 / 2000 [ 30%]  (Warmup)
Iteration:  600 / 2000 [ 30%]  (Warmup)
Iteration:  400 / 2000 [ 20%]  (Warmup)
Iteration:  800 / 2000 [ 40%]  (Warmup)
Iteration:  800 / 2000 [ 40%]  (Warmup)
Iteration:  800 / 2000 [ 40%]  (Warmup)
Iteration:  600 / 2000 [ 30%]  (Warmup)
Iteration: 1000 / 2000 [ 50%]  (Warmup)
Iteration: 1001 / 2000 [ 50%]  (Sampling)
Iteration: 1000 / 2000 [ 50%]  (Warmup)
Iteration: 1001 / 2000 [ 50%]  (Sampling)
Iteration: 1000 / 2000 [ 50%]  (Warmup)
Iteration: 1001 / 2000 [ 50%]  (Sampling)
Iteration:  800 / 2000 [ 40%]  (Warmup)
Iteration: 1200 / 2000 [ 60%]  (Sampling)
Iteration: 1200 / 2000 [ 60%]  (Sampling)
Iteration: 1200 / 2000 [ 60%]  (Sampling)
Iteration: 1000 / 2000 [ 50%]  (Warmup)
Iteration: 1001 / 2000 [ 50%]  (Sampling)
Iteration: 1400 / 2000 [ 70%]  (Sampling)
Iteration: 1400 / 2000 [ 70%]  (Sampling)
Iteration: 1400 / 2000 [ 70%]  (Sampling)
Iteration: 1200 / 2000 [ 60%]  (Sampling)
Iteration: 1600 / 2000 [ 80%]  (Sampling)
Iteration: 1600 / 2000 [ 80%]  (Sampling)
Iteration: 1600 / 2000 [ 80%]  (Sampling)
Iteration: 1400 / 2000 [ 70%]  (Sampling)
Iteration: 1800 / 2000 [ 90%]  (Sampling)
Iteration: 1800 / 2000 [ 90%]  (Sampling)
Iteration: 1800 / 2000 [ 90%]  (Sampling)
Iteration: 1600 / 2000 [ 80%]  (Sampling)
Iteration: 2000 / 2000 [100%]  (Sampling)

 Elapsed Time: 15.9143 seconds (Warm-up)
               9.10862 seconds (Sampling)
               25.0229 seconds (Total)

Iteration: 2000 / 2000 [100%]  (Sampling)

 Elapsed Time: 15.0807 seconds (Warm-up)
               9.17018 seconds (Sampling)
               24.2509 seconds (Total)

Iteration: 2000 / 2000 [100%]  (Sampling)

 Elapsed Time: 16.2392 seconds (Warm-up)
               8.75982 seconds (Sampling)
               24.999 seconds (Total)

Iteration: 1800 / 2000 [ 90%]  (Sampling)
Iteration: 2000 / 2000 [100%]  (Sampling)

 Elapsed Time: 17.9626 seconds (Warm-up)
               9.22854 seconds (Sampling)
               27.1911 seconds (Total)

