[1] "Model: m1q_more_N"
[1] "Model dir: ./model/m1q_more_N.stan"
[1] "Data: PA"
[1] "n_iter = 2000"
[1] "n_warm = 1000"
[1] "n_thin = 1"
[1] "n_chains = 4"

SAMPLING FOR MODEL 'm1q_more_N' NOW (CHAIN 1).
Rejecting initial value:
  Error evaluating the log probability at the initial value.
Exception: normal_lpdf: Location parameter[19] is nan, but must be finite!  (in 'model3ffe2bafd884_m1q_more_N' at line 57)

Rejecting initial value:
  Error evaluating the log probability at the initial value.
Exception: normal_lpdf: Location parameter[19] is nan, but must be finite!  (in 'model3ffe2bafd884_m1q_more_N' at line 57)


Gradient evaluation took 0.000371 seconds
1000 transitions using 10 leapfrog steps per transition would take 3.71 seconds.
Adjust your expectations accordingly!


Iteration:    1 / 2000 [  0%]  (Warmup)

SAMPLING FOR MODEL 'm1q_more_N' NOW (CHAIN 2).

Gradient evaluation took 0.000497 seconds
1000 transitions using 10 leapfrog steps per transition would take 4.97 seconds.
Adjust your expectations accordingly!


Iteration:    1 / 2000 [  0%]  (Warmup)

SAMPLING FOR MODEL 'm1q_more_N' NOW (CHAIN 3).
Rejecting initial value:
  Error evaluating the log probability at the initial value.
Exception: normal_lpdf: Location parameter[19] is nan, but must be finite!  (in 'model3ffe2bafd884_m1q_more_N' at line 57)

Rejecting initial value:
  Error evaluating the log probability at the initial value.
Exception: normal_lpdf: Location parameter[19] is nan, but must be finite!  (in 'model3ffe2bafd884_m1q_more_N' at line 57)

Rejecting initial value:
  Error evaluating the log probability at the initial value.
Exception: normal_lpdf: Location parameter[6] is nan, but must be finite!  (in 'model3ffe2bafd884_m1q_more_N' at line 57)


Gradient evaluation took 0.000749 seconds
1000 transitions using 10 leapfrog steps per transition would take 7.49 seconds.
Adjust your expectations accordingly!


Iteration:    1 / 2000 [  0%]  (Warmup)

SAMPLING FOR MODEL 'm1q_more_N' NOW (CHAIN 4).
Rejecting initial value:
  Error evaluating the log probability at the initial value.
Exception: normal_lpdf: Location parameter[19] is nan, but must be finite!  (in 'model3ffe2bafd884_m1q_more_N' at line 57)

Rejecting initial value:
  Error evaluating the log probability at the initial value.
Exception: normal_lpdf: Location parameter[19] is nan, but must be finite!  (in 'model3ffe2bafd884_m1q_more_N' at line 57)


Gradient evaluation took 0.000381 seconds
1000 transitions using 10 leapfrog steps per transition would take 3.81 seconds.
Adjust your expectations accordingly!


Iteration:    1 / 2000 [  0%]  (Warmup)
Iteration:  200 / 2000 [ 10%]  (Warmup)
Iteration:  400 / 2000 [ 20%]  (Warmup)
Iteration:  200 / 2000 [ 10%]  (Warmup)
Iteration:  200 / 2000 [ 10%]  (Warmup)
Iteration:  600 / 2000 [ 30%]  (Warmup)
Iteration:  400 / 2000 [ 20%]  (Warmup)
Iteration:  800 / 2000 [ 40%]  (Warmup)
Iteration:  400 / 2000 [ 20%]  (Warmup)
Iteration:  200 / 2000 [ 10%]  (Warmup)
Iteration: 1000 / 2000 [ 50%]  (Warmup)
Iteration: 1001 / 2000 [ 50%]  (Sampling)
Iteration:  600 / 2000 [ 30%]  (Warmup)
Iteration: 1200 / 2000 [ 60%]  (Sampling)
Iteration: 1400 / 2000 [ 70%]  (Sampling)
Iteration:  800 / 2000 [ 40%]  (Warmup)
Iteration: 1600 / 2000 [ 80%]  (Sampling)
Iteration: 1800 / 2000 [ 90%]  (Sampling)
Iteration:  600 / 2000 [ 30%]  (Warmup)
Iteration: 2000 / 2000 [100%]  (Sampling)

 Elapsed Time: 54.1405 seconds (Warm-up)
               11.6307 seconds (Sampling)
               65.7712 seconds (Total)

Iteration: 1000 / 2000 [ 50%]  (Warmup)
Iteration: 1001 / 2000 [ 50%]  (Sampling)
Iteration: 1200 / 2000 [ 60%]  (Sampling)
Iteration:  400 / 2000 [ 20%]  (Warmup)
Iteration: 1400 / 2000 [ 70%]  (Sampling)
Iteration:  800 / 2000 [ 40%]  (Warmup)
Iteration: 1600 / 2000 [ 80%]  (Sampling)
Iteration: 1800 / 2000 [ 90%]  (Sampling)
Iteration:  600 / 2000 [ 30%]  (Warmup)
Iteration: 2000 / 2000 [100%]  (Sampling)

 Elapsed Time: 66.8668 seconds (Warm-up)
               11.9704 seconds (Sampling)
               78.8372 seconds (Total)

Iteration:  800 / 2000 [ 40%]  (Warmup)
Iteration: 1000 / 2000 [ 50%]  (Warmup)
Iteration: 1001 / 2000 [ 50%]  (Sampling)
Iteration: 1000 / 2000 [ 50%]  (Warmup)
Iteration: 1001 / 2000 [ 50%]  (Sampling)
Iteration: 1200 / 2000 [ 60%]  (Sampling)
Iteration: 1200 / 2000 [ 60%]  (Sampling)
Iteration: 1400 / 2000 [ 70%]  (Sampling)
Iteration: 1400 / 2000 [ 70%]  (Sampling)
Iteration: 1600 / 2000 [ 80%]  (Sampling)
Iteration: 1600 / 2000 [ 80%]  (Sampling)
Iteration: 1800 / 2000 [ 90%]  (Sampling)
Iteration: 1800 / 2000 [ 90%]  (Sampling)
Iteration: 2000 / 2000 [100%]  (Sampling)

 Elapsed Time: 82.1639 seconds (Warm-up)
               20.504 seconds (Sampling)
               102.668 seconds (Total)

Iteration: 2000 / 2000 [100%]  (Sampling)

 Elapsed Time: 83.5011 seconds (Warm-up)
               20.5511 seconds (Sampling)
               104.052 seconds (Total)


SAMPLING FOR MODEL 'm1q_more_N' NOW (CHAIN 1).

Gradient evaluation took 0.000403 seconds
1000 transitions using 10 leapfrog steps per transition would take 4.03 seconds.
Adjust your expectations accordingly!


Iteration:    1 / 2000 [  0%]  (Warmup)

SAMPLING FOR MODEL 'm1q_more_N' NOW (CHAIN 2).

Gradient evaluation took 0.000389 seconds
1000 transitions using 10 leapfrog steps per transition would take 3.89 seconds.
Adjust your expectations accordingly!


Iteration:    1 / 2000 [  0%]  (Warmup)

SAMPLING FOR MODEL 'm1q_more_N' NOW (CHAIN 3).
Rejecting initial value:
  Error evaluating the log probability at the initial value.
Exception: normal_lpdf: Location parameter[41] is nan, but must be finite!  (in 'model3ffe2bafd884_m1q_more_N' at line 57)


Gradient evaluation took 0.000395 seconds
1000 transitions using 10 leapfrog steps per transition would take 3.95 seconds.
Adjust your expectations accordingly!


Iteration:    1 / 2000 [  0%]  (Warmup)

SAMPLING FOR MODEL 'm1q_more_N' NOW (CHAIN 4).
Rejecting initial value:
  Error evaluating the log probability at the initial value.
Exception: normal_lpdf: Location parameter[22] is nan, but must be finite!  (in 'model3ffe2bafd884_m1q_more_N' at line 57)


Gradient evaluation took 0.000379 seconds
1000 transitions using 10 leapfrog steps per transition would take 3.79 seconds.
Adjust your expectations accordingly!


Iteration:    1 / 2000 [  0%]  (Warmup)
Iteration:  200 / 2000 [ 10%]  (Warmup)
Iteration:  200 / 2000 [ 10%]  (Warmup)
Iteration:  200 / 2000 [ 10%]  (Warmup)
Iteration:  400 / 2000 [ 20%]  (Warmup)
Iteration:  400 / 2000 [ 20%]  (Warmup)
Iteration:  200 / 2000 [ 10%]  (Warmup)
Iteration:  400 / 2000 [ 20%]  (Warmup)
Iteration:  600 / 2000 [ 30%]  (Warmup)
Iteration:  600 / 2000 [ 30%]  (Warmup)
Iteration:  600 / 2000 [ 30%]  (Warmup)
Iteration:  400 / 2000 [ 20%]  (Warmup)
Iteration:  800 / 2000 [ 40%]  (Warmup)
Iteration:  800 / 2000 [ 40%]  (Warmup)
Iteration:  600 / 2000 [ 30%]  (Warmup)
Iteration: 1000 / 2000 [ 50%]  (Warmup)
Iteration: 1001 / 2000 [ 50%]  (Sampling)
Iteration: 1000 / 2000 [ 50%]  (Warmup)
Iteration: 1001 / 2000 [ 50%]  (Sampling)
Iteration:  800 / 2000 [ 40%]  (Warmup)
Iteration:  800 / 2000 [ 40%]  (Warmup)
Iteration: 1200 / 2000 [ 60%]  (Sampling)
Iteration: 1200 / 2000 [ 60%]  (Sampling)
Iteration: 1400 / 2000 [ 70%]  (Sampling)
Iteration: 1000 / 2000 [ 50%]  (Warmup)
Iteration: 1001 / 2000 [ 50%]  (Sampling)
Iteration: 1000 / 2000 [ 50%]  (Warmup)
Iteration: 1001 / 2000 [ 50%]  (Sampling)
Iteration: 1400 / 2000 [ 70%]  (Sampling)
Iteration: 1600 / 2000 [ 80%]  (Sampling)
Iteration: 1200 / 2000 [ 60%]  (Sampling)
Iteration: 1800 / 2000 [ 90%]  (Sampling)
Iteration: 1600 / 2000 [ 80%]  (Sampling)
Iteration: 1200 / 2000 [ 60%]  (Sampling)
Iteration: 2000 / 2000 [100%]  (Sampling)

 Elapsed Time: 31.4988 seconds (Warm-up)
               11.459 seconds (Sampling)
               42.9578 seconds (Total)

Iteration: 1800 / 2000 [ 90%]  (Sampling)
Iteration: 1400 / 2000 [ 70%]  (Sampling)
Iteration: 1400 / 2000 [ 70%]  (Sampling)
Iteration: 2000 / 2000 [100%]  (Sampling)

 Elapsed Time: 32.4525 seconds (Warm-up)
               16.188 seconds (Sampling)
               48.6405 seconds (Total)

Iteration: 1600 / 2000 [ 80%]  (Sampling)
Iteration: 1600 / 2000 [ 80%]  (Sampling)
Iteration: 1800 / 2000 [ 90%]  (Sampling)
Iteration: 1800 / 2000 [ 90%]  (Sampling)
Iteration: 2000 / 2000 [100%]  (Sampling)

 Elapsed Time: 37.6597 seconds (Warm-up)
               21.618 seconds (Sampling)
               59.2777 seconds (Total)

Iteration: 2000 / 2000 [100%]  (Sampling)

 Elapsed Time: 36.7938 seconds (Warm-up)
               21.7505 seconds (Sampling)
               58.5443 seconds (Total)


SAMPLING FOR MODEL 'm1q_more_N' NOW (CHAIN 1).

Gradient evaluation took 0.000362 seconds
1000 transitions using 10 leapfrog steps per transition would take 3.62 seconds.
Adjust your expectations accordingly!


Iteration:    1 / 2000 [  0%]  (Warmup)

SAMPLING FOR MODEL 'm1q_more_N' NOW (CHAIN 2).

Gradient evaluation took 0.000373 seconds
1000 transitions using 10 leapfrog steps per transition would take 3.73 seconds.
Adjust your expectations accordingly!


Iteration:    1 / 2000 [  0%]  (Warmup)

SAMPLING FOR MODEL 'm1q_more_N' NOW (CHAIN 3).

Gradient evaluation took 0.000369 seconds
1000 transitions using 10 leapfrog steps per transition would take 3.69 seconds.
Adjust your expectations accordingly!


Iteration:    1 / 2000 [  0%]  (Warmup)

SAMPLING FOR MODEL 'm1q_more_N' NOW (CHAIN 4).
Rejecting initial value:
  Error evaluating the log probability at the initial value.
Exception: normal_lpdf: Location parameter[4] is nan, but must be finite!  (in 'model3ffe2bafd884_m1q_more_N' at line 57)


Gradient evaluation took 0.00049 seconds
1000 transitions using 10 leapfrog steps per transition would take 4.9 seconds.
Adjust your expectations accordingly!


Iteration:    1 / 2000 [  0%]  (Warmup)
Iteration:  200 / 2000 [ 10%]  (Warmup)
Iteration:  200 / 2000 [ 10%]  (Warmup)
Iteration:  400 / 2000 [ 20%]  (Warmup)
Iteration:  200 / 2000 [ 10%]  (Warmup)
Iteration:  400 / 2000 [ 20%]  (Warmup)
Iteration:  600 / 2000 [ 30%]  (Warmup)
Iteration:  400 / 2000 [ 20%]  (Warmup)
Iteration:  600 / 2000 [ 30%]  (Warmup)
Iteration:  800 / 2000 [ 40%]  (Warmup)
Iteration:  800 / 2000 [ 40%]  (Warmup)
Iteration:  600 / 2000 [ 30%]  (Warmup)
Iteration: 1000 / 2000 [ 50%]  (Warmup)
Iteration: 1001 / 2000 [ 50%]  (Sampling)
Iteration:  200 / 2000 [ 10%]  (Warmup)
Iteration:  800 / 2000 [ 40%]  (Warmup)
Iteration: 1200 / 2000 [ 60%]  (Sampling)
Iteration: 1000 / 2000 [ 50%]  (Warmup)
Iteration: 1001 / 2000 [ 50%]  (Sampling)
Iteration:  400 / 2000 [ 20%]  (Warmup)
Iteration: 1000 / 2000 [ 50%]  (Warmup)
Iteration: 1001 / 2000 [ 50%]  (Sampling)
Iteration: 1400 / 2000 [ 70%]  (Sampling)
Iteration:  600 / 2000 [ 30%]  (Warmup)
Iteration: 1200 / 2000 [ 60%]  (Sampling)
Iteration: 1600 / 2000 [ 80%]  (Sampling)
Iteration: 1800 / 2000 [ 90%]  (Sampling)
Iteration: 1400 / 2000 [ 70%]  (Sampling)
Iteration:  800 / 2000 [ 40%]  (Warmup)
Iteration: 1200 / 2000 [ 60%]  (Sampling)
Iteration: 2000 / 2000 [100%]  (Sampling)

 Elapsed Time: 30.3155 seconds (Warm-up)
               11.4023 seconds (Sampling)
               41.7179 seconds (Total)

Iteration: 1600 / 2000 [ 80%]  (Sampling)
Iteration: 1000 / 2000 [ 50%]  (Warmup)
Iteration: 1001 / 2000 [ 50%]  (Sampling)
Iteration: 1800 / 2000 [ 90%]  (Sampling)
Iteration: 2000 / 2000 [100%]  (Sampling)

 Elapsed Time: 33.2541 seconds (Warm-up)
               11.6662 seconds (Sampling)
               44.9204 seconds (Total)

Iteration: 1200 / 2000 [ 60%]  (Sampling)
Iteration: 1400 / 2000 [ 70%]  (Sampling)
Iteration: 1400 / 2000 [ 70%]  (Sampling)
Iteration: 1600 / 2000 [ 80%]  (Sampling)
Iteration: 1600 / 2000 [ 80%]  (Sampling)
Iteration: 1800 / 2000 [ 90%]  (Sampling)
Iteration: 2000 / 2000 [100%]  (Sampling)

 Elapsed Time: 42.5345 seconds (Warm-up)
               20.4722 seconds (Sampling)
               63.0067 seconds (Total)

Iteration: 1800 / 2000 [ 90%]  (Sampling)
Iteration: 2000 / 2000 [100%]  (Sampling)

 Elapsed Time: 31.7851 seconds (Warm-up)
               38.8042 seconds (Sampling)
               70.5893 seconds (Total)


SAMPLING FOR MODEL 'm1q_more_N' NOW (CHAIN 1).
Rejecting initial value:
  Error evaluating the log probability at the initial value.
Exception: normal_lpdf: Location parameter[71] is nan, but must be finite!  (in 'model3ffe2bafd884_m1q_more_N' at line 57)

Rejecting initial value:
  Error evaluating the log probability at the initial value.
Exception: normal_lpdf: Location parameter[71] is nan, but must be finite!  (in 'model3ffe2bafd884_m1q_more_N' at line 57)

Rejecting initial value:
  Error evaluating the log probability at the initial value.
Exception: normal_lpdf: Location parameter[71] is nan, but must be finite!  (in 'model3ffe2bafd884_m1q_more_N' at line 57)

Rejecting initial value:
  Error evaluating the log probability at the initial value.
Exception: normal_lpdf: Location parameter[24] is nan, but must be finite!  (in 'model3ffe2bafd884_m1q_more_N' at line 57)

Rejecting initial value:
  Error evaluating the log probability at the initial value.
Exception: normal_lpdf: Location parameter[24] is nan, but must be finite!  (in 'model3ffe2bafd884_m1q_more_N' at line 57)


Gradient evaluation took 0.000358 seconds
1000 transitions using 10 leapfrog steps per transition would take 3.58 seconds.
Adjust your expectations accordingly!


Iteration:    1 / 2000 [  0%]  (Warmup)

SAMPLING FOR MODEL 'm1q_more_N' NOW (CHAIN 2).
Rejecting initial value:
  Error evaluating the log probability at the initial value.
Exception: normal_lpdf: Location parameter[71] is nan, but must be finite!  (in 'model3ffe2bafd884_m1q_more_N' at line 57)


Gradient evaluation took 0.000332 seconds
1000 transitions using 10 leapfrog steps per transition would take 3.32 seconds.
Adjust your expectations accordingly!


Iteration:    1 / 2000 [  0%]  (Warmup)

SAMPLING FOR MODEL 'm1q_more_N' NOW (CHAIN 3).
Rejecting initial value:
  Error evaluating the log probability at the initial value.
Exception: normal_lpdf: Location parameter[24] is nan, but must be finite!  (in 'model3ffe2bafd884_m1q_more_N' at line 57)

Rejecting initial value:
  Error evaluating the log probability at the initial value.
Exception: normal_lpdf: Location parameter[24] is nan, but must be finite!  (in 'model3ffe2bafd884_m1q_more_N' at line 57)

Rejecting initial value:
  Error evaluating the log probability at the initial value.
Exception: normal_lpdf: Location parameter[71] is nan, but must be finite!  (in 'model3ffe2bafd884_m1q_more_N' at line 57)

Rejecting initial value:
  Error evaluating the log probability at the initial value.
Exception: normal_lpdf: Location parameter[71] is nan, but must be finite!  (in 'model3ffe2bafd884_m1q_more_N' at line 57)

Rejecting initial value:
  Error evaluating the log probability at the initial value.
Exception: normal_lpdf: Location parameter[71] is nan, but must be finite!  (in 'model3ffe2bafd884_m1q_more_N' at line 57)

Rejecting initial value:
  Error evaluating the log probability at the initial value.
Exception: normal_lpdf: Location parameter[71] is nan, but must be finite!  (in 'model3ffe2bafd884_m1q_more_N' at line 57)

Rejecting initial value:
  Error evaluating the log probability at the initial value.
Exception: normal_lpdf: Location parameter[71] is nan, but must be finite!  (in 'model3ffe2bafd884_m1q_more_N' at line 57)


Gradient evaluation took 0.000363 seconds
1000 transitions using 10 leapfrog steps per transition would take 3.63 seconds.
Adjust your expectations accordingly!


Iteration:    1 / 2000 [  0%]  (Warmup)

SAMPLING FOR MODEL 'm1q_more_N' NOW (CHAIN 4).
Rejecting initial value:
  Error evaluating the log probability at the initial value.
Exception: normal_lpdf: Location parameter[24] is nan, but must be finite!  (in 'model3ffe2bafd884_m1q_more_N' at line 57)

Rejecting initial value:
  Error evaluating the log probability at the initial value.
Exception: normal_lpdf: Location parameter[71] is nan, but must be finite!  (in 'model3ffe2bafd884_m1q_more_N' at line 57)

Rejecting initial value:
  Error evaluating the log probability at the initial value.
Exception: normal_lpdf: Location parameter[71] is nan, but must be finite!  (in 'model3ffe2bafd884_m1q_more_N' at line 57)

Rejecting initial value:
  Error evaluating the log probability at the initial value.
Exception: normal_lpdf: Location parameter[71] is nan, but must be finite!  (in 'model3ffe2bafd884_m1q_more_N' at line 57)

Rejecting initial value:
  Error evaluating the log probability at the initial value.
Exception: normal_lpdf: Location parameter[71] is nan, but must be finite!  (in 'model3ffe2bafd884_m1q_more_N' at line 57)

Rejecting initial value:
  Error evaluating the log probability at the initial value.
Exception: normal_lpdf: Location parameter[24] is nan, but must be finite!  (in 'model3ffe2bafd884_m1q_more_N' at line 57)

Rejecting initial value:
  Error evaluating the log probability at the initial value.
Exception: normal_lpdf: Location parameter[24] is nan, but must be finite!  (in 'model3ffe2bafd884_m1q_more_N' at line 57)

Rejecting initial value:
  Error evaluating the log probability at the initial value.
Exception: normal_lpdf: Location parameter[71] is nan, but must be finite!  (in 'model3ffe2bafd884_m1q_more_N' at line 57)

Rejecting initial value:
  Error evaluating the log probability at the initial value.
Exception: normal_lpdf: Location parameter[71] is nan, but must be finite!  (in 'model3ffe2bafd884_m1q_more_N' at line 57)

Rejecting initial value:
  Error evaluating the log probability at the initial value.
Exception: normal_lpdf: Location parameter[71] is nan, but must be finite!  (in 'model3ffe2bafd884_m1q_more_N' at line 57)

Rejecting initial value:
  Error evaluating the log probability at the initial value.
Exception: normal_lpdf: Location parameter[24] is nan, but must be finite!  (in 'model3ffe2bafd884_m1q_more_N' at line 57)


Gradient evaluation took 0.000345 seconds
1000 transitions using 10 leapfrog steps per transition would take 3.45 seconds.
Adjust your expectations accordingly!


Iteration:    1 / 2000 [  0%]  (Warmup)
Iteration:  200 / 2000 [ 10%]  (Warmup)
Iteration:  200 / 2000 [ 10%]  (Warmup)
Iteration:  400 / 2000 [ 20%]  (Warmup)
Iteration:  200 / 2000 [ 10%]  (Warmup)
Iteration:  600 / 2000 [ 30%]  (Warmup)
Iteration:  400 / 2000 [ 20%]  (Warmup)
Iteration:  400 / 2000 [ 20%]  (Warmup)
Iteration:  200 / 2000 [ 10%]  (Warmup)
Iteration:  800 / 2000 [ 40%]  (Warmup)
Iteration:  400 / 2000 [ 20%]  (Warmup)
Iteration: 1000 / 2000 [ 50%]  (Warmup)
Iteration: 1001 / 2000 [ 50%]  (Sampling)
Iteration:  600 / 2000 [ 30%]  (Warmup)
Iteration:  600 / 2000 [ 30%]  (Warmup)
Iteration:  800 / 2000 [ 40%]  (Warmup)
Iteration: 1200 / 2000 [ 60%]  (Sampling)
Iteration:  800 / 2000 [ 40%]  (Warmup)
Iteration:  600 / 2000 [ 30%]  (Warmup)
Iteration: 1000 / 2000 [ 50%]  (Warmup)
Iteration: 1001 / 2000 [ 50%]  (Sampling)
Iteration: 1000 / 2000 [ 50%]  (Warmup)
Iteration: 1001 / 2000 [ 50%]  (Sampling)
Iteration: 1400 / 2000 [ 70%]  (Sampling)
Iteration:  800 / 2000 [ 40%]  (Warmup)
Iteration: 1200 / 2000 [ 60%]  (Sampling)
Iteration: 1600 / 2000 [ 80%]  (Sampling)
Iteration: 1200 / 2000 [ 60%]  (Sampling)
Iteration: 1000 / 2000 [ 50%]  (Warmup)
Iteration: 1001 / 2000 [ 50%]  (Sampling)
Iteration: 1800 / 2000 [ 90%]  (Sampling)
Iteration: 1400 / 2000 [ 70%]  (Sampling)
Iteration: 1200 / 2000 [ 60%]  (Sampling)
Iteration: 2000 / 2000 [100%]  (Sampling)

 Elapsed Time: 30.9139 seconds (Warm-up)
               23.4568 seconds (Sampling)
               54.3708 seconds (Total)

Iteration: 1600 / 2000 [ 80%]  (Sampling)
Iteration: 1400 / 2000 [ 70%]  (Sampling)
Iteration: 1400 / 2000 [ 70%]  (Sampling)
Iteration: 1800 / 2000 [ 90%]  (Sampling)
Iteration: 1600 / 2000 [ 80%]  (Sampling)
Iteration: 1600 / 2000 [ 80%]  (Sampling)
Iteration: 2000 / 2000 [100%]  (Sampling)

 Elapsed Time: 39.389 seconds (Warm-up)
               22.6862 seconds (Sampling)
               62.0752 seconds (Total)

Iteration: 1800 / 2000 [ 90%]  (Sampling)
Iteration: 2000 / 2000 [100%]  (Sampling)

 Elapsed Time: 47.7785 seconds (Warm-up)
               19.502 seconds (Sampling)
               67.2805 seconds (Total)

Iteration: 1800 / 2000 [ 90%]  (Sampling)
Iteration: 2000 / 2000 [100%]  (Sampling)

 Elapsed Time: 37.3879 seconds (Warm-up)
               39.3375 seconds (Sampling)
               76.7254 seconds (Total)


SAMPLING FOR MODEL 'm1q_more_N' NOW (CHAIN 1).

Gradient evaluation took 0.000469 seconds
1000 transitions using 10 leapfrog steps per transition would take 4.69 seconds.
Adjust your expectations accordingly!


Iteration:    1 / 2000 [  0%]  (Warmup)

SAMPLING FOR MODEL 'm1q_more_N' NOW (CHAIN 2).

Gradient evaluation took 0.000519 seconds
1000 transitions using 10 leapfrog steps per transition would take 5.19 seconds.
Adjust your expectations accordingly!


Iteration:    1 / 2000 [  0%]  (Warmup)

SAMPLING FOR MODEL 'm1q_more_N' NOW (CHAIN 3).

Gradient evaluation took 0.000376 seconds
1000 transitions using 10 leapfrog steps per transition would take 3.76 seconds.
Adjust your expectations accordingly!


Iteration:    1 / 2000 [  0%]  (Warmup)

SAMPLING FOR MODEL 'm1q_more_N' NOW (CHAIN 4).
Rejecting initial value:
  Error evaluating the log probability at the initial value.
Exception: normal_lpdf: Location parameter[4] is nan, but must be finite!  (in 'model3ffe2bafd884_m1q_more_N' at line 57)


Gradient evaluation took 0.000348 seconds
1000 transitions using 10 leapfrog steps per transition would take 3.48 seconds.
Adjust your expectations accordingly!


Iteration:    1 / 2000 [  0%]  (Warmup)
Iteration:  200 / 2000 [ 10%]  (Warmup)
Iteration:  400 / 2000 [ 20%]  (Warmup)
Iteration:  600 / 2000 [ 30%]  (Warmup)
Iteration:  200 / 2000 [ 10%]  (Warmup)
Iteration:  800 / 2000 [ 40%]  (Warmup)
Iteration:  400 / 2000 [ 20%]  (Warmup)
Iteration:  600 / 2000 [ 30%]  (Warmup)
Iteration: 1000 / 2000 [ 50%]  (Warmup)
Iteration: 1001 / 2000 [ 50%]  (Sampling)
Iteration:  800 / 2000 [ 40%]  (Warmup)
Iteration:  200 / 2000 [ 10%]  (Warmup)
Iteration:  400 / 2000 [ 20%]  (Warmup)
Iteration:  200 / 2000 [ 10%]  (Warmup)
Iteration: 1000 / 2000 [ 50%]  (Warmup)
Iteration: 1001 / 2000 [ 50%]  (Sampling)
Iteration: 1200 / 2000 [ 60%]  (Sampling)
Iteration: 1200 / 2000 [ 60%]  (Sampling)
Iteration:  600 / 2000 [ 30%]  (Warmup)
Iteration:  400 / 2000 [ 20%]  (Warmup)
Iteration: 1400 / 2000 [ 70%]  (Sampling)
Iteration:  600 / 2000 [ 30%]  (Warmup)
Iteration:  800 / 2000 [ 40%]  (Warmup)
Iteration: 1400 / 2000 [ 70%]  (Sampling)
Iteration: 1600 / 2000 [ 80%]  (Sampling)
Iteration:  800 / 2000 [ 40%]  (Warmup)
Iteration: 1000 / 2000 [ 50%]  (Warmup)
Iteration: 1001 / 2000 [ 50%]  (Sampling)
Iteration: 1000 / 2000 [ 50%]  (Warmup)
Iteration: 1001 / 2000 [ 50%]  (Sampling)
Iteration: 1800 / 2000 [ 90%]  (Sampling)
Iteration: 1200 / 2000 [ 60%]  (Sampling)
Iteration: 1200 / 2000 [ 60%]  (Sampling)
Iteration: 1600 / 2000 [ 80%]  (Sampling)
Iteration: 2000 / 2000 [100%]  (Sampling)

 Elapsed Time: 44.8128 seconds (Warm-up)
               23.1765 seconds (Sampling)
               67.9893 seconds (Total)

Iteration: 1400 / 2000 [ 70%]  (Sampling)
Iteration: 1400 / 2000 [ 70%]  (Sampling)
Iteration: 1600 / 2000 [ 80%]  (Sampling)
Iteration: 1600 / 2000 [ 80%]  (Sampling)
Iteration: 1800 / 2000 [ 90%]  (Sampling)
Iteration: 1800 / 2000 [ 90%]  (Sampling)
Iteration: 1800 / 2000 [ 90%]  (Sampling)
Iteration: 2000 / 2000 [100%]  (Sampling)

 Elapsed Time: 62.2154 seconds (Warm-up)
               19.0188 seconds (Sampling)
               81.2342 seconds (Total)

Iteration: 2000 / 2000 [100%]  (Sampling)

 Elapsed Time: 61.2001 seconds (Warm-up)
               21.6244 seconds (Sampling)
               82.8245 seconds (Total)

Iteration: 2000 / 2000 [100%]  (Sampling)

 Elapsed Time: 39.244 seconds (Warm-up)
               46.6894 seconds (Sampling)
               85.9334 seconds (Total)


SAMPLING FOR MODEL 'm1q_more_N' NOW (CHAIN 1).

Gradient evaluation took 0.000384 seconds
1000 transitions using 10 leapfrog steps per transition would take 3.84 seconds.
Adjust your expectations accordingly!


Iteration:    1 / 2000 [  0%]  (Warmup)

SAMPLING FOR MODEL 'm1q_more_N' NOW (CHAIN 2).

Gradient evaluation took 0.000329 seconds
1000 transitions using 10 leapfrog steps per transition would take 3.29 seconds.
Adjust your expectations accordingly!


Iteration:    1 / 2000 [  0%]  (Warmup)

SAMPLING FOR MODEL 'm1q_more_N' NOW (CHAIN 3).
Rejecting initial value:
  Error evaluating the log probability at the initial value.
Exception: normal_lpdf: Location parameter[71] is nan, but must be finite!  (in 'model3ffe2bafd884_m1q_more_N' at line 57)

Rejecting initial value:
  Error evaluating the log probability at the initial value.
Exception: normal_lpdf: Location parameter[71] is nan, but must be finite!  (in 'model3ffe2bafd884_m1q_more_N' at line 57)

Rejecting initial value:
  Error evaluating the log probability at the initial value.
Exception: normal_lpdf: Location parameter[19] is nan, but must be finite!  (in 'model3ffe2bafd884_m1q_more_N' at line 57)


Gradient evaluation took 0.000344 seconds
1000 transitions using 10 leapfrog steps per transition would take 3.44 seconds.
Adjust your expectations accordingly!


Iteration:    1 / 2000 [  0%]  (Warmup)

SAMPLING FOR MODEL 'm1q_more_N' NOW (CHAIN 4).
Rejecting initial value:
  Error evaluating the log probability at the initial value.
Exception: normal_lpdf: Location parameter[9] is nan, but must be finite!  (in 'model3ffe2bafd884_m1q_more_N' at line 57)

Rejecting initial value:
  Error evaluating the log probability at the initial value.
Exception: normal_lpdf: Location parameter[19] is nan, but must be finite!  (in 'model3ffe2bafd884_m1q_more_N' at line 57)


Gradient evaluation took 0.000546 seconds
1000 transitions using 10 leapfrog steps per transition would take 5.46 seconds.
Adjust your expectations accordingly!


Iteration:    1 / 2000 [  0%]  (Warmup)
Iteration:  200 / 2000 [ 10%]  (Warmup)
Iteration:  400 / 2000 [ 20%]  (Warmup)
Iteration:  200 / 2000 [ 10%]  (Warmup)
Iteration:  600 / 2000 [ 30%]  (Warmup)
Iteration:  400 / 2000 [ 20%]  (Warmup)
Iteration:  600 / 2000 [ 30%]  (Warmup)
Iteration:  800 / 2000 [ 40%]  (Warmup)
Iteration:  200 / 2000 [ 10%]  (Warmup)
Iteration:  200 / 2000 [ 10%]  (Warmup)
Iteration: 1000 / 2000 [ 50%]  (Warmup)
Iteration: 1001 / 2000 [ 50%]  (Sampling)
Iteration:  400 / 2000 [ 20%]  (Warmup)
Iteration:  800 / 2000 [ 40%]  (Warmup)
Iteration: 1200 / 2000 [ 60%]  (Sampling)
Iteration:  600 / 2000 [ 30%]  (Warmup)
Iteration: 1400 / 2000 [ 70%]  (Sampling)
Iteration:  800 / 2000 [ 40%]  (Warmup)
Iteration:  400 / 2000 [ 20%]  (Warmup)
Iteration: 1600 / 2000 [ 80%]  (Sampling)
Iteration: 1000 / 2000 [ 50%]  (Warmup)
Iteration: 1001 / 2000 [ 50%]  (Sampling)
Iteration: 1800 / 2000 [ 90%]  (Sampling)
Iteration: 1000 / 2000 [ 50%]  (Warmup)
Iteration: 1001 / 2000 [ 50%]  (Sampling)
Iteration: 2000 / 2000 [100%]  (Sampling)

 Elapsed Time: 91.0435 seconds (Warm-up)
               43.7474 seconds (Sampling)
               134.791 seconds (Total)

Iteration: 1200 / 2000 [ 60%]  (Sampling)
Iteration:  600 / 2000 [ 30%]  (Warmup)
Iteration: 1200 / 2000 [ 60%]  (Sampling)
Iteration: 1400 / 2000 [ 70%]  (Sampling)
Iteration: 1600 / 2000 [ 80%]  (Sampling)
Iteration: 1800 / 2000 [ 90%]  (Sampling)
Iteration: 1400 / 2000 [ 70%]  (Sampling)
Iteration:  800 / 2000 [ 40%]  (Warmup)
Iteration: 2000 / 2000 [100%]  (Sampling)

 Elapsed Time: 127.45 seconds (Warm-up)
               38.1154 seconds (Sampling)
               165.565 seconds (Total)

Iteration: 1600 / 2000 [ 80%]  (Sampling)
Iteration: 1000 / 2000 [ 50%]  (Warmup)
Iteration: 1001 / 2000 [ 50%]  (Sampling)
Iteration: 1200 / 2000 [ 60%]  (Sampling)
Iteration: 1800 / 2000 [ 90%]  (Sampling)
Iteration: 1400 / 2000 [ 70%]  (Sampling)
Iteration: 1600 / 2000 [ 80%]  (Sampling)
Iteration: 1800 / 2000 [ 90%]  (Sampling)
Iteration: 2000 / 2000 [100%]  (Sampling)

 Elapsed Time: 123.288 seconds (Warm-up)
               79.624 seconds (Sampling)
               202.912 seconds (Total)

Iteration: 2000 / 2000 [100%]  (Sampling)

 Elapsed Time: 176.93 seconds (Warm-up)
               32.3682 seconds (Sampling)
               209.298 seconds (Total)


SAMPLING FOR MODEL 'm1q_more_N' NOW (CHAIN 1).
Rejecting initial value:
  Error evaluating the log probability at the initial value.
Exception: normal_lpdf: Location parameter[118] is nan, but must be finite!  (in 'model3ffe2bafd884_m1q_more_N' at line 57)


Gradient evaluation took 0.000604 seconds
1000 transitions using 10 leapfrog steps per transition would take 6.04 seconds.
Adjust your expectations accordingly!


Iteration:    1 / 2000 [  0%]  (Warmup)

SAMPLING FOR MODEL 'm1q_more_N' NOW (CHAIN 2).
Rejecting initial value:
  Error evaluating the log probability at the initial value.
Exception: normal_lpdf: Location parameter[97] is nan, but must be finite!  (in 'model3ffe2bafd884_m1q_more_N' at line 57)

Rejecting initial value:
  Error evaluating the log probability at the initial value.
Exception: normal_lpdf: Location parameter[118] is nan, but must be finite!  (in 'model3ffe2bafd884_m1q_more_N' at line 57)

Rejecting initial value:
  Error evaluating the log probability at the initial value.
Exception: normal_lpdf: Location parameter[19] is nan, but must be finite!  (in 'model3ffe2bafd884_m1q_more_N' at line 57)


Gradient evaluation took 0.000328 seconds
1000 transitions using 10 leapfrog steps per transition would take 3.28 seconds.
Adjust your expectations accordingly!


Iteration:    1 / 2000 [  0%]  (Warmup)

SAMPLING FOR MODEL 'm1q_more_N' NOW (CHAIN 3).

Gradient evaluation took 0.000311 seconds
1000 transitions using 10 leapfrog steps per transition would take 3.11 seconds.
Adjust your expectations accordingly!


Iteration:    1 / 2000 [  0%]  (Warmup)

SAMPLING FOR MODEL 'm1q_more_N' NOW (CHAIN 4).
Rejecting initial value:
  Error evaluating the log probability at the initial value.
Exception: normal_lpdf: Location parameter[19] is nan, but must be finite!  (in 'model3ffe2bafd884_m1q_more_N' at line 57)


Gradient evaluation took 0.000363 seconds
1000 transitions using 10 leapfrog steps per transition would take 3.63 seconds.
Adjust your expectations accordingly!


Iteration:    1 / 2000 [  0%]  (Warmup)
Iteration:  200 / 2000 [ 10%]  (Warmup)
Iteration:  400 / 2000 [ 20%]  (Warmup)
Iteration:  200 / 2000 [ 10%]  (Warmup)
Iteration:  400 / 2000 [ 20%]  (Warmup)
Iteration:  600 / 2000 [ 30%]  (Warmup)
Iteration:  600 / 2000 [ 30%]  (Warmup)
Iteration:  800 / 2000 [ 40%]  (Warmup)
Iteration:  800 / 2000 [ 40%]  (Warmup)
Iteration: 1000 / 2000 [ 50%]  (Warmup)
Iteration: 1001 / 2000 [ 50%]  (Sampling)
Iteration:  200 / 2000 [ 10%]  (Warmup)
Iteration:  400 / 2000 [ 20%]  (Warmup)
Iteration: 1200 / 2000 [ 60%]  (Sampling)
Iteration: 1000 / 2000 [ 50%]  (Warmup)
Iteration: 1001 / 2000 [ 50%]  (Sampling)
Iteration:  600 / 2000 [ 30%]  (Warmup)
Iteration: 1400 / 2000 [ 70%]  (Sampling)
Iteration: 1200 / 2000 [ 60%]  (Sampling)
Iteration:  800 / 2000 [ 40%]  (Warmup)
Iteration: 1600 / 2000 [ 80%]  (Sampling)
Iteration: 1400 / 2000 [ 70%]  (Sampling)
Iteration: 1000 / 2000 [ 50%]  (Warmup)
Iteration: 1001 / 2000 [ 50%]  (Sampling)
Iteration: 1800 / 2000 [ 90%]  (Sampling)
Iteration: 1200 / 2000 [ 60%]  (Sampling)
Iteration: 1600 / 2000 [ 80%]  (Sampling)
Iteration: 2000 / 2000 [100%]  (Sampling)

 Elapsed Time: 49.117 seconds (Warm-up)
               38.3232 seconds (Sampling)
               87.4402 seconds (Total)

Iteration: 1400 / 2000 [ 70%]  (Sampling)
Iteration: 1800 / 2000 [ 90%]  (Sampling)
Iteration: 1600 / 2000 [ 80%]  (Sampling)
Iteration: 2000 / 2000 [100%]  (Sampling)

 Elapsed Time: 59.1913 seconds (Warm-up)
               41.9105 seconds (Sampling)
               101.102 seconds (Total)

Iteration: 1800 / 2000 [ 90%]  (Sampling)
Iteration: 2000 / 2000 [100%]  (Sampling)

 Elapsed Time: 78.7835 seconds (Warm-up)
               34.5035 seconds (Sampling)
               113.287 seconds (Total)

Iteration:  200 / 2000 [ 10%]  (Warmup)
Iteration:  400 / 2000 [ 20%]  (Warmup)
Iteration:  600 / 2000 [ 30%]  (Warmup)
Iteration:  800 / 2000 [ 40%]  (Warmup)
Iteration: 1000 / 2000 [ 50%]  (Warmup)
Iteration: 1001 / 2000 [ 50%]  (Sampling)
Iteration: 1200 / 2000 [ 60%]  (Sampling)
Iteration: 1400 / 2000 [ 70%]  (Sampling)
Iteration: 1600 / 2000 [ 80%]  (Sampling)
Iteration: 1800 / 2000 [ 90%]  (Sampling)
Iteration: 2000 / 2000 [100%]  (Sampling)

 Elapsed Time: 154.164 seconds (Warm-up)
               38.8498 seconds (Sampling)
               193.013 seconds (Total)


SAMPLING FOR MODEL 'm1q_more_N' NOW (CHAIN 1).

Gradient evaluation took 0.000361 seconds
1000 transitions using 10 leapfrog steps per transition would take 3.61 seconds.
Adjust your expectations accordingly!


Iteration:    1 / 2000 [  0%]  (Warmup)

SAMPLING FOR MODEL 'm1q_more_N' NOW (CHAIN 2).
Rejecting initial value:
  Error evaluating the log probability at the initial value.
Exception: normal_lpdf: Location parameter[43] is nan, but must be finite!  (in 'model3ffe2bafd884_m1q_more_N' at line 57)

Rejecting initial value:
  Error evaluating the log probability at the initial value.
Exception: normal_lpdf: Location parameter[9] is nan, but must be finite!  (in 'model3ffe2bafd884_m1q_more_N' at line 57)

Rejecting initial value:
  Error evaluating the log probability at the initial value.
Exception: normal_lpdf: Location parameter[43] is nan, but must be finite!  (in 'model3ffe2bafd884_m1q_more_N' at line 57)


Gradient evaluation took 0.000488 seconds
1000 transitions using 10 leapfrog steps per transition would take 4.88 seconds.
Adjust your expectations accordingly!


Iteration:    1 / 2000 [  0%]  (Warmup)

SAMPLING FOR MODEL 'm1q_more_N' NOW (CHAIN 3).
Rejecting initial value:
  Error evaluating the log probability at the initial value.
Exception: normal_lpdf: Location parameter[50] is nan, but must be finite!  (in 'model3ffe2bafd884_m1q_more_N' at line 57)


Gradient evaluation took 0.000361 seconds
1000 transitions using 10 leapfrog steps per transition would take 3.61 seconds.
Adjust your expectations accordingly!


Iteration:    1 / 2000 [  0%]  (Warmup)

SAMPLING FOR MODEL 'm1q_more_N' NOW (CHAIN 4).

Gradient evaluation took 0.000579 seconds
1000 transitions using 10 leapfrog steps per transition would take 5.79 seconds.
Adjust your expectations accordingly!


Iteration:    1 / 2000 [  0%]  (Warmup)
Iteration:  200 / 2000 [ 10%]  (Warmup)
Iteration:  200 / 2000 [ 10%]  (Warmup)
Iteration:  200 / 2000 [ 10%]  (Warmup)
Iteration:  200 / 2000 [ 10%]  (Warmup)
Iteration:  400 / 2000 [ 20%]  (Warmup)
Iteration:  400 / 2000 [ 20%]  (Warmup)
Iteration:  400 / 2000 [ 20%]  (Warmup)
Iteration:  600 / 2000 [ 30%]  (Warmup)
Iteration:  600 / 2000 [ 30%]  (Warmup)
Iteration:  400 / 2000 [ 20%]  (Warmup)
Iteration:  600 / 2000 [ 30%]  (Warmup)
Iteration:  800 / 2000 [ 40%]  (Warmup)
Iteration:  800 / 2000 [ 40%]  (Warmup)
Iteration: 1000 / 2000 [ 50%]  (Warmup)
Iteration: 1001 / 2000 [ 50%]  (Sampling)
Iteration:  800 / 2000 [ 40%]  (Warmup)
Iteration: 1200 / 2000 [ 60%]  (Sampling)
Iteration: 1400 / 2000 [ 70%]  (Sampling)
Iteration: 1000 / 2000 [ 50%]  (Warmup)
Iteration: 1001 / 2000 [ 50%]  (Sampling)
Iteration: 1000 / 2000 [ 50%]  (Warmup)
Iteration: 1001 / 2000 [ 50%]  (Sampling)
Iteration: 1600 / 2000 [ 80%]  (Sampling)
Iteration: 1200 / 2000 [ 60%]  (Sampling)
Iteration: 1800 / 2000 [ 90%]  (Sampling)
Iteration: 1400 / 2000 [ 70%]  (Sampling)
Iteration:  600 / 2000 [ 30%]  (Warmup)
Iteration: 2000 / 2000 [100%]  (Sampling)

 Elapsed Time: 35.6361 seconds (Warm-up)
               10.6599 seconds (Sampling)
               46.296 seconds (Total)

Iteration: 1600 / 2000 [ 80%]  (Sampling)
Iteration: 1800 / 2000 [ 90%]  (Sampling)
Iteration: 1200 / 2000 [ 60%]  (Sampling)
Iteration: 2000 / 2000 [100%]  (Sampling)

 Elapsed Time: 39.9662 seconds (Warm-up)
               10.4329 seconds (Sampling)
               50.3992 seconds (Total)

Iteration:  800 / 2000 [ 40%]  (Warmup)
Iteration: 1000 / 2000 [ 50%]  (Warmup)
Iteration: 1001 / 2000 [ 50%]  (Sampling)
Iteration: 1400 / 2000 [ 70%]  (Sampling)
Iteration: 1200 / 2000 [ 60%]  (Sampling)
Iteration: 1600 / 2000 [ 80%]  (Sampling)
Iteration: 1400 / 2000 [ 70%]  (Sampling)
Iteration: 1800 / 2000 [ 90%]  (Sampling)
Iteration: 1600 / 2000 [ 80%]  (Sampling)
Iteration: 2000 / 2000 [100%]  (Sampling)

 Elapsed Time: 40.5653 seconds (Warm-up)
               41.1275 seconds (Sampling)
               81.6928 seconds (Total)

Iteration: 1800 / 2000 [ 90%]  (Sampling)
Iteration: 2000 / 2000 [100%]  (Sampling)

 Elapsed Time: 57.0992 seconds (Warm-up)
               34.0324 seconds (Sampling)
               91.1316 seconds (Total)


SAMPLING FOR MODEL 'm1q_more_N' NOW (CHAIN 1).

Gradient evaluation took 0.000524 seconds
1000 transitions using 10 leapfrog steps per transition would take 5.24 seconds.
Adjust your expectations accordingly!


Iteration:    1 / 2000 [  0%]  (Warmup)

SAMPLING FOR MODEL 'm1q_more_N' NOW (CHAIN 2).
Rejecting initial value:
  Error evaluating the log probability at the initial value.
Exception: normal_lpdf: Location parameter[6] is nan, but must be finite!  (in 'model3ffe2bafd884_m1q_more_N' at line 57)


Gradient evaluation took 0.000685 seconds
1000 transitions using 10 leapfrog steps per transition would take 6.85 seconds.
Adjust your expectations accordingly!


Iteration:    1 / 2000 [  0%]  (Warmup)

SAMPLING FOR MODEL 'm1q_more_N' NOW (CHAIN 3).

Gradient evaluation took 0.00048 seconds
1000 transitions using 10 leapfrog steps per transition would take 4.8 seconds.
Adjust your expectations accordingly!


Iteration:    1 / 2000 [  0%]  (Warmup)

SAMPLING FOR MODEL 'm1q_more_N' NOW (CHAIN 4).

Gradient evaluation took 0.000828 seconds
1000 transitions using 10 leapfrog steps per transition would take 8.28 seconds.
Adjust your expectations accordingly!


Iteration:    1 / 2000 [  0%]  (Warmup)
Iteration:  200 / 2000 [ 10%]  (Warmup)
Iteration:  400 / 2000 [ 20%]  (Warmup)
Iteration:  600 / 2000 [ 30%]  (Warmup)
Iteration:  200 / 2000 [ 10%]  (Warmup)
Iteration:  800 / 2000 [ 40%]  (Warmup)
Iteration:  200 / 2000 [ 10%]  (Warmup)
Iteration:  400 / 2000 [ 20%]  (Warmup)
Iteration: 1000 / 2000 [ 50%]  (Warmup)
Iteration: 1001 / 2000 [ 50%]  (Sampling)
Iteration:  400 / 2000 [ 20%]  (Warmup)
Iteration:  600 / 2000 [ 30%]  (Warmup)
Iteration:  800 / 2000 [ 40%]  (Warmup)
Iteration: 1200 / 2000 [ 60%]  (Sampling)
Iteration:  600 / 2000 [ 30%]  (Warmup)
Iteration:  200 / 2000 [ 10%]  (Warmup)
Iteration: 1000 / 2000 [ 50%]  (Warmup)
Iteration: 1001 / 2000 [ 50%]  (Sampling)
Iteration:  800 / 2000 [ 40%]  (Warmup)
Iteration: 1400 / 2000 [ 70%]  (Sampling)
Iteration: 1200 / 2000 [ 60%]  (Sampling)
Iteration:  400 / 2000 [ 20%]  (Warmup)
Iteration: 1000 / 2000 [ 50%]  (Warmup)
Iteration: 1001 / 2000 [ 50%]  (Sampling)
Iteration: 1400 / 2000 [ 70%]  (Sampling)
Iteration:  600 / 2000 [ 30%]  (Warmup)
Iteration: 1600 / 2000 [ 80%]  (Sampling)
Iteration:  800 / 2000 [ 40%]  (Warmup)
Iteration: 1600 / 2000 [ 80%]  (Sampling)
Iteration: 1800 / 2000 [ 90%]  (Sampling)
Iteration: 1000 / 2000 [ 50%]  (Warmup)
Iteration: 1001 / 2000 [ 50%]  (Sampling)
Iteration: 1800 / 2000 [ 90%]  (Sampling)
Iteration: 1200 / 2000 [ 60%]  (Sampling)
Iteration: 2000 / 2000 [100%]  (Sampling)

 Elapsed Time: 96.7181 seconds (Warm-up)
               46.4266 seconds (Sampling)
               143.145 seconds (Total)

Iteration: 2000 / 2000 [100%]  (Sampling)

 Elapsed Time: 77.0935 seconds (Warm-up)
               71.6379 seconds (Sampling)
               148.731 seconds (Total)

Iteration: 1200 / 2000 [ 60%]  (Sampling)
Iteration: 1400 / 2000 [ 70%]  (Sampling)
Iteration: 1600 / 2000 [ 80%]  (Sampling)
Iteration: 1800 / 2000 [ 90%]  (Sampling)
Iteration: 2000 / 2000 [100%]  (Sampling)

 Elapsed Time: 134.262 seconds (Warm-up)
               42.353 seconds (Sampling)
               176.615 seconds (Total)

Iteration: 1400 / 2000 [ 70%]  (Sampling)
Iteration: 1600 / 2000 [ 80%]  (Sampling)
Iteration: 1800 / 2000 [ 90%]  (Sampling)
Iteration: 2000 / 2000 [100%]  (Sampling)

 Elapsed Time: 112.961 seconds (Warm-up)
               169.878 seconds (Sampling)
               282.839 seconds (Total)


SAMPLING FOR MODEL 'm1q_more_N' NOW (CHAIN 1).

Gradient evaluation took 0.000444 seconds
1000 transitions using 10 leapfrog steps per transition would take 4.44 seconds.
Adjust your expectations accordingly!


Iteration:    1 / 2000 [  0%]  (Warmup)

SAMPLING FOR MODEL 'm1q_more_N' NOW (CHAIN 2).

Gradient evaluation took 0.000462 seconds
1000 transitions using 10 leapfrog steps per transition would take 4.62 seconds.
Adjust your expectations accordingly!


Iteration:    1 / 2000 [  0%]  (Warmup)

SAMPLING FOR MODEL 'm1q_more_N' NOW (CHAIN 3).
Rejecting initial value:
  Error evaluating the log probability at the initial value.
Exception: normal_lpdf: Location parameter[6] is nan, but must be finite!  (in 'model3ffe2bafd884_m1q_more_N' at line 57)


Gradient evaluation took 0.000439 seconds
1000 transitions using 10 leapfrog steps per transition would take 4.39 seconds.
Adjust your expectations accordingly!


Iteration:    1 / 2000 [  0%]  (Warmup)

SAMPLING FOR MODEL 'm1q_more_N' NOW (CHAIN 4).

Gradient evaluation took 0.000413 seconds
1000 transitions using 10 leapfrog steps per transition would take 4.13 seconds.
Adjust your expectations accordingly!


Iteration:    1 / 2000 [  0%]  (Warmup)
Iteration:  200 / 2000 [ 10%]  (Warmup)
Iteration:  400 / 2000 [ 20%]  (Warmup)
Iteration:  200 / 2000 [ 10%]  (Warmup)
Iteration:  600 / 2000 [ 30%]  (Warmup)
Iteration:  400 / 2000 [ 20%]  (Warmup)
Iteration:  600 / 2000 [ 30%]  (Warmup)
Iteration:  200 / 2000 [ 10%]  (Warmup)
Iteration:  800 / 2000 [ 40%]  (Warmup)
Iteration:  800 / 2000 [ 40%]  (Warmup)
Iteration:  400 / 2000 [ 20%]  (Warmup)
Iteration: 1000 / 2000 [ 50%]  (Warmup)
Iteration: 1001 / 2000 [ 50%]  (Sampling)
Iteration:  600 / 2000 [ 30%]  (Warmup)
Iteration: 1000 / 2000 [ 50%]  (Warmup)
Iteration: 1001 / 2000 [ 50%]  (Sampling)
Iteration: 1200 / 2000 [ 60%]  (Sampling)
Iteration: 1200 / 2000 [ 60%]  (Sampling)
Iteration:  200 / 2000 [ 10%]  (Warmup)
Iteration: 1400 / 2000 [ 70%]  (Sampling)
Iteration:  800 / 2000 [ 40%]  (Warmup)
Iteration: 1400 / 2000 [ 70%]  (Sampling)
Iteration: 1600 / 2000 [ 80%]  (Sampling)
Iteration: 1000 / 2000 [ 50%]  (Warmup)
Iteration: 1001 / 2000 [ 50%]  (Sampling)
Iteration: 1600 / 2000 [ 80%]  (Sampling)
Iteration: 1800 / 2000 [ 90%]  (Sampling)
Iteration: 1800 / 2000 [ 90%]  (Sampling)
Iteration:  400 / 2000 [ 20%]  (Warmup)
Iteration: 2000 / 2000 [100%]  (Sampling)

 Elapsed Time: 30.3642 seconds (Warm-up)
               10.8364 seconds (Sampling)
               41.2006 seconds (Total)

Iteration: 1200 / 2000 [ 60%]  (Sampling)
Iteration: 2000 / 2000 [100%]  (Sampling)

 Elapsed Time: 33.1802 seconds (Warm-up)
               10.819 seconds (Sampling)
               43.9992 seconds (Total)

Iteration:  600 / 2000 [ 30%]  (Warmup)
Iteration: 1400 / 2000 [ 70%]  (Sampling)
Iteration:  800 / 2000 [ 40%]  (Warmup)
Iteration: 1000 / 2000 [ 50%]  (Warmup)
Iteration: 1001 / 2000 [ 50%]  (Sampling)
Iteration: 1600 / 2000 [ 80%]  (Sampling)
Iteration: 1800 / 2000 [ 90%]  (Sampling)
Iteration: 2000 / 2000 [100%]  (Sampling)

 Elapsed Time: 38.156 seconds (Warm-up)
               19.9131 seconds (Sampling)
               58.0691 seconds (Total)

Iteration: 1200 / 2000 [ 60%]  (Sampling)
Iteration: 1400 / 2000 [ 70%]  (Sampling)
Iteration: 1600 / 2000 [ 80%]  (Sampling)
Iteration: 1800 / 2000 [ 90%]  (Sampling)
Iteration: 2000 / 2000 [100%]  (Sampling)

 Elapsed Time: 50.6677 seconds (Warm-up)
               41.3644 seconds (Sampling)
               92.032 seconds (Total)

