[1] "Model: sitePL_LD_L_4A"
[1] "Model dir: ./model/sitePL_LD_L_4A.stan"
[1] "Data: PA"
[1] "n_iter = 3000"
[1] "n_warm = 2000"
[1] "n_thin = 1"
[1] "n_chains = 3"
In file included from /home/mattocci/R/x86_64-pc-linux-gnu-library/3.4/BH/include/boost/config.hpp:39:0,
                 from /home/mattocci/R/x86_64-pc-linux-gnu-library/3.4/BH/include/boost/math/tools/config.hpp:13,
                 from /home/mattocci/R/x86_64-pc-linux-gnu-library/3.4/StanHeaders/include/stan/math/rev/core/var.hpp:7,
                 from /home/mattocci/R/x86_64-pc-linux-gnu-library/3.4/StanHeaders/include/stan/math/rev/core/gevv_vvv_vari.hpp:5,
                 from /home/mattocci/R/x86_64-pc-linux-gnu-library/3.4/StanHeaders/include/stan/math/rev/core.hpp:12,
                 from /home/mattocci/R/x86_64-pc-linux-gnu-library/3.4/StanHeaders/include/stan/math/rev/mat.hpp:4,
                 from /home/mattocci/R/x86_64-pc-linux-gnu-library/3.4/StanHeaders/include/stan/math.hpp:4,
                 from /home/mattocci/R/x86_64-pc-linux-gnu-library/3.4/StanHeaders/include/src/stan/model/model_header.hpp:4,
                 from file511020ad4734.cpp:8:
/home/mattocci/R/x86_64-pc-linux-gnu-library/3.4/BH/include/boost/config/compiler/gcc.hpp:186:0: warning: "BOOST_NO_CXX11_RVALUE_REFERENCES" redefined
 #  define BOOST_NO_CXX11_RVALUE_REFERENCES
 ^
<command-line>:0:0: note: this is the location of the previous definition

SAMPLING FOR MODEL 'sitePL_LD_L_4A' NOW (CHAIN 1).

Gradient evaluation took 0.000172 seconds
1000 transitions using 10 leapfrog steps per transition would take 1.72 seconds.
Adjust your expectations accordingly!


WARNING: No variance estimation is
         performed for num_warmup < 20

Iteration: 1 / 1 [100%]  (Sampling)

 Elapsed Time: 2e-06 seconds (Warm-up)
               0.000399 seconds (Sampling)
               0.000401 seconds (Total)


SAMPLING FOR MODEL 'sitePL_LD_L_4A' NOW (CHAIN 1).

Gradient evaluation took 0.00023 seconds
1000 transitions using 10 leapfrog steps per transition would take 2.3 seconds.
Adjust your expectations accordingly!


Iteration:    1 / 3000 [  0%]  (Warmup)

SAMPLING FOR MODEL 'sitePL_LD_L_4A' NOW (CHAIN 2).

Gradient evaluation took 0.000257 seconds
1000 transitions using 10 leapfrog steps per transition would take 2.57 seconds.
Adjust your expectations accordingly!


Iteration:    1 / 3000 [  0%]  (Warmup)

SAMPLING FOR MODEL 'sitePL_LD_L_4A' NOW (CHAIN 3).

Gradient evaluation took 0.000245 seconds
1000 transitions using 10 leapfrog steps per transition would take 2.45 seconds.
Adjust your expectations accordingly!


Iteration:    1 / 3000 [  0%]  (Warmup)
Iteration:  300 / 3000 [ 10%]  (Warmup)
Iteration:  300 / 3000 [ 10%]  (Warmup)
Iteration:  300 / 3000 [ 10%]  (Warmup)
Iteration:  600 / 3000 [ 20%]  (Warmup)
Iteration:  600 / 3000 [ 20%]  (Warmup)
Iteration:  600 / 3000 [ 20%]  (Warmup)
Iteration:  900 / 3000 [ 30%]  (Warmup)
Iteration:  900 / 3000 [ 30%]  (Warmup)
Iteration: 1200 / 3000 [ 40%]  (Warmup)
Iteration:  900 / 3000 [ 30%]  (Warmup)
Iteration: 1200 / 3000 [ 40%]  (Warmup)
Iteration: 1500 / 3000 [ 50%]  (Warmup)
Iteration: 1500 / 3000 [ 50%]  (Warmup)
Iteration: 1200 / 3000 [ 40%]  (Warmup)
Iteration: 1800 / 3000 [ 60%]  (Warmup)
Iteration: 2001 / 3000 [ 66%]  (Sampling)
Iteration: 1800 / 3000 [ 60%]  (Warmup)
Iteration: 1500 / 3000 [ 50%]  (Warmup)
Iteration: 2300 / 3000 [ 76%]  (Sampling)
Iteration: 2001 / 3000 [ 66%]  (Sampling)
Iteration: 2600 / 3000 [ 86%]  (Sampling)
Iteration: 1800 / 3000 [ 60%]  (Warmup)
Iteration: 2300 / 3000 [ 76%]  (Sampling)
Iteration: 2900 / 3000 [ 96%]  (Sampling)
Iteration: 3000 / 3000 [100%]  (Sampling)

 Elapsed Time: 41.5636 seconds (Warm-up)
               10.6448 seconds (Sampling)
               52.2084 seconds (Total)

Iteration: 2001 / 3000 [ 66%]  (Sampling)
Iteration: 2600 / 3000 [ 86%]  (Sampling)
Iteration: 2900 / 3000 [ 96%]  (Sampling)
Iteration: 3000 / 3000 [100%]  (Sampling)

 Elapsed Time: 46.7247 seconds (Warm-up)
               12.604 seconds (Sampling)
               59.3287 seconds (Total)

Iteration: 2300 / 3000 [ 76%]  (Sampling)
Iteration: 2600 / 3000 [ 86%]  (Sampling)
Iteration: 2900 / 3000 [ 96%]  (Sampling)
Iteration: 3000 / 3000 [100%]  (Sampling)

 Elapsed Time: 52.7447 seconds (Warm-up)
               18.8713 seconds (Sampling)
               71.616 seconds (Total)

