[1] "Model: sitePL_LD_L_MVN4A"
[1] "Model dir: ./model/sitePL_LD_L_MVN4A.stan"
[1] "Data: PA"
[1] "n_iter = 10000"
[1] "n_warm = 5000"
[1] "n_thin = 10"
[1] "n_chains = 3"
In file included from /home/mattocci/R/x86_64-pc-linux-gnu-library/3.4/BH/include/boost/config.hpp:39:0,
                 from /home/mattocci/R/x86_64-pc-linux-gnu-library/3.4/BH/include/boost/math/tools/config.hpp:13,
                 from /home/mattocci/R/x86_64-pc-linux-gnu-library/3.4/StanHeaders/include/stan/math/rev/core/var.hpp:7,
                 from /home/mattocci/R/x86_64-pc-linux-gnu-library/3.4/StanHeaders/include/stan/math/rev/core/gevv_vvv_vari.hpp:5,
                 from /home/mattocci/R/x86_64-pc-linux-gnu-library/3.4/StanHeaders/include/stan/math/rev/core.hpp:12,
                 from /home/mattocci/R/x86_64-pc-linux-gnu-library/3.4/StanHeaders/include/stan/math/rev/mat.hpp:4,
                 from /home/mattocci/R/x86_64-pc-linux-gnu-library/3.4/StanHeaders/include/stan/math.hpp:4,
                 from /home/mattocci/R/x86_64-pc-linux-gnu-library/3.4/StanHeaders/include/src/stan/model/model_header.hpp:4,
                 from file27c84a8d304e.cpp:8:
/home/mattocci/R/x86_64-pc-linux-gnu-library/3.4/BH/include/boost/config/compiler/gcc.hpp:186:0: warning: "BOOST_NO_CXX11_RVALUE_REFERENCES" redefined
 #  define BOOST_NO_CXX11_RVALUE_REFERENCES
 ^
<command-line>:0:0: note: this is the location of the previous definition

SAMPLING FOR MODEL 'sitePL_LD_L_MVN4A' NOW (CHAIN 1).

Gradient evaluation took 0.000538 seconds
1000 transitions using 10 leapfrog steps per transition would take 5.38 seconds.
Adjust your expectations accordingly!


WARNING: No variance estimation is
         performed for num_warmup < 20

Iteration: 1 / 1 [100%]  (Sampling)

 Elapsed Time: 2e-06 seconds (Warm-up)
               0.000748 seconds (Sampling)
               0.00075 seconds (Total)


SAMPLING FOR MODEL 'sitePL_LD_L_MVN4A' NOW (CHAIN 1).

Gradient evaluation took 0.000669 seconds
1000 transitions using 10 leapfrog steps per transition would take 6.69 seconds.
Adjust your expectations accordingly!


Iteration:    1 / 10000 [  0%]  (Warmup)

SAMPLING FOR MODEL 'sitePL_LD_L_MVN4A' NOW (CHAIN 2).

Gradient evaluation took 0.000794 seconds
1000 transitions using 10 leapfrog steps per transition would take 7.94 seconds.
Adjust your expectations accordingly!


Iteration:    1 / 10000 [  0%]  (Warmup)

SAMPLING FOR MODEL 'sitePL_LD_L_MVN4A' NOW (CHAIN 3).

Gradient evaluation took 0.000814 seconds
1000 transitions using 10 leapfrog steps per transition would take 8.14 seconds.
Adjust your expectations accordingly!


Iteration:    1 / 10000 [  0%]  (Warmup)
Iteration: 1000 / 10000 [ 10%]  (Warmup)
Iteration: 1000 / 10000 [ 10%]  (Warmup)
Iteration: 1000 / 10000 [ 10%]  (Warmup)
Iteration: 2000 / 10000 [ 20%]  (Warmup)
Iteration: 2000 / 10000 [ 20%]  (Warmup)
Iteration: 2000 / 10000 [ 20%]  (Warmup)
Iteration: 3000 / 10000 [ 30%]  (Warmup)
Iteration: 3000 / 10000 [ 30%]  (Warmup)
Iteration: 3000 / 10000 [ 30%]  (Warmup)
Iteration: 4000 / 10000 [ 40%]  (Warmup)
Iteration: 4000 / 10000 [ 40%]  (Warmup)
Iteration: 4000 / 10000 [ 40%]  (Warmup)
Iteration: 5000 / 10000 [ 50%]  (Warmup)
Iteration: 5001 / 10000 [ 50%]  (Sampling)
Iteration: 5000 / 10000 [ 50%]  (Warmup)
Iteration: 5001 / 10000 [ 50%]  (Sampling)
Iteration: 5000 / 10000 [ 50%]  (Warmup)
Iteration: 5001 / 10000 [ 50%]  (Sampling)
Iteration: 6000 / 10000 [ 60%]  (Sampling)
Iteration: 6000 / 10000 [ 60%]  (Sampling)
Iteration: 7000 / 10000 [ 70%]  (Sampling)
Iteration: 6000 / 10000 [ 60%]  (Sampling)
Iteration: 7000 / 10000 [ 70%]  (Sampling)
Iteration: 8000 / 10000 [ 80%]  (Sampling)
Iteration: 8000 / 10000 [ 80%]  (Sampling)
Iteration: 9000 / 10000 [ 90%]  (Sampling)
Iteration: 7000 / 10000 [ 70%]  (Sampling)
Iteration: 9000 / 10000 [ 90%]  (Sampling)
Iteration: 10000 / 10000 [100%]  (Sampling)

 Elapsed Time: 563.085 seconds (Warm-up)
               526.36 seconds (Sampling)
               1089.44 seconds (Total)

Iteration: 10000 / 10000 [100%]  (Sampling)

 Elapsed Time: 553.433 seconds (Warm-up)
               577.095 seconds (Sampling)
               1130.53 seconds (Total)

Iteration: 8000 / 10000 [ 80%]  (Sampling)
Iteration: 9000 / 10000 [ 90%]  (Sampling)
Iteration: 10000 / 10000 [100%]  (Sampling)

 Elapsed Time: 630.125 seconds (Warm-up)
               754.858 seconds (Sampling)
               1384.98 seconds (Total)

