[1] "Model: sitePL_LD_L3"
[1] "Model dir: ./model/sitePL_LD_L3.stan"
[1] "Data: PA"
[1] "n_iter = 3000"
[1] "n_warm = 2500"
[1] "n_thin = 1"
[1] "n_chains = 3"
In file included from file1089d41d51969.cpp:8:
In file included from /usr/local/lib/R/3.4/site-library/StanHeaders/include/src/stan/model/model_header.hpp:4:
In file included from /usr/local/lib/R/3.4/site-library/StanHeaders/include/stan/math.hpp:4:
In file included from /usr/local/lib/R/3.4/site-library/StanHeaders/include/stan/math/rev/mat.hpp:4:
In file included from /usr/local/lib/R/3.4/site-library/StanHeaders/include/stan/math/rev/core.hpp:14:
In file included from /usr/local/lib/R/3.4/site-library/StanHeaders/include/stan/math/rev/core/matrix_vari.hpp:4:
In file included from /usr/local/lib/R/3.4/site-library/StanHeaders/include/stan/math/rev/mat/fun/Eigen_NumTraits.hpp:4:
In file included from /usr/local/lib/R/3.4/site-library/StanHeaders/include/stan/math/prim/mat/fun/Eigen.hpp:4:
In file included from /usr/local/lib/R/3.4/site-library/RcppEigen/include/Eigen/Dense:1:
In file included from /usr/local/lib/R/3.4/site-library/RcppEigen/include/Eigen/Core:531:
/usr/local/lib/R/3.4/site-library/RcppEigen/include/Eigen/src/Core/util/ReenableStupidWarnings.h:10:30: warning: pragma diagnostic pop could not pop, no matching push [-Wunknown-pragmas]
    #pragma clang diagnostic pop
                             ^
In file included from file1089d41d51969.cpp:8:
In file included from /usr/local/lib/R/3.4/site-library/StanHeaders/include/src/stan/model/model_header.hpp:4:
In file included from /usr/local/lib/R/3.4/site-library/StanHeaders/include/stan/math.hpp:4:
In file included from /usr/local/lib/R/3.4/site-library/StanHeaders/include/stan/math/rev/mat.hpp:4:
In file included from /usr/local/lib/R/3.4/site-library/StanHeaders/include/stan/math/rev/core.hpp:14:
In file included from /usr/local/lib/R/3.4/site-library/StanHeaders/include/stan/math/rev/core/matrix_vari.hpp:4:
In file included from /usr/local/lib/R/3.4/site-library/StanHeaders/include/stan/math/rev/mat/fun/Eigen_NumTraits.hpp:4:
In file included from /usr/local/lib/R/3.4/site-library/StanHeaders/include/stan/math/prim/mat/fun/Eigen.hpp:4:
In file included from /usr/local/lib/R/3.4/site-library/RcppEigen/include/Eigen/Dense:2:
In file included from /usr/local/lib/R/3.4/site-library/RcppEigen/include/Eigen/LU:47:
/usr/local/lib/R/3.4/site-library/RcppEigen/include/Eigen/src/Core/util/ReenableStupidWarnings.h:10:30: warning: pragma diagnostic pop could not pop, no matching push [-Wunknown-pragmas]
    #pragma clang diagnostic pop
                             ^
In file included from file1089d41d51969.cpp:8:
In file included from /usr/local/lib/R/3.4/site-library/StanHeaders/include/src/stan/model/model_header.hpp:4:
In file included from /usr/local/lib/R/3.4/site-library/StanHeaders/include/stan/math.hpp:4:
In file included from /usr/local/lib/R/3.4/site-library/StanHeaders/include/stan/math/rev/mat.hpp:4:
In file included from /usr/local/lib/R/3.4/site-library/StanHeaders/include/stan/math/rev/core.hpp:14:
In file included from /usr/local/lib/R/3.4/site-library/StanHeaders/include/stan/math/rev/core/matrix_vari.hpp:4:
In file included from /usr/local/lib/R/3.4/site-library/StanHeaders/include/stan/math/rev/mat/fun/Eigen_NumTraits.hpp:4:
In file included from /usr/local/lib/R/3.4/site-library/StanHeaders/include/stan/math/prim/mat/fun/Eigen.hpp:4:
In file included from /usr/local/lib/R/3.4/site-library/RcppEigen/include/Eigen/Dense:3:
In file included from /usr/local/lib/R/3.4/site-library/RcppEigen/include/Eigen/Cholesky:12:
In file included from /usr/local/lib/R/3.4/site-library/RcppEigen/include/Eigen/Jacobi:29:
/usr/local/lib/R/3.4/site-library/RcppEigen/include/Eigen/src/Core/util/ReenableStupidWarnings.h:10:30: warning: pragma diagnostic pop could not pop, no matching push [-Wunknown-pragmas]
    #pragma clang diagnostic pop
                             ^
In file included from file1089d41d51969.cpp:8:
In file included from /usr/local/lib/R/3.4/site-library/StanHeaders/include/src/stan/model/model_header.hpp:4:
In file included from /usr/local/lib/R/3.4/site-library/StanHeaders/include/stan/math.hpp:4:
In file included from /usr/local/lib/R/3.4/site-library/StanHeaders/include/stan/math/rev/mat.hpp:4:
In file included from /usr/local/lib/R/3.4/site-library/StanHeaders/include/stan/math/rev/core.hpp:14:
In file included from /usr/local/lib/R/3.4/site-library/StanHeaders/include/stan/math/rev/core/matrix_vari.hpp:4:
In file included from /usr/local/lib/R/3.4/site-library/StanHeaders/include/stan/math/rev/mat/fun/Eigen_NumTraits.hpp:4:
In file included from /usr/local/lib/R/3.4/site-library/StanHeaders/include/stan/math/prim/mat/fun/Eigen.hpp:4:
In file included from /usr/local/lib/R/3.4/site-library/RcppEigen/include/Eigen/Dense:3:
In file included from /usr/local/lib/R/3.4/site-library/RcppEigen/include/Eigen/Cholesky:43:
/usr/local/lib/R/3.4/site-library/RcppEigen/include/Eigen/src/Core/util/ReenableStupidWarnings.h:10:30: warning: pragma diagnostic pop could not pop, no matching push [-Wunknown-pragmas]
    #pragma clang diagnostic pop
                             ^
In file included from file1089d41d51969.cpp:8:
In file included from /usr/local/lib/R/3.4/site-library/StanHeaders/include/src/stan/model/model_header.hpp:4:
In file included from /usr/local/lib/R/3.4/site-library/StanHeaders/include/stan/math.hpp:4:
In file included from /usr/local/lib/R/3.4/site-library/StanHeaders/include/stan/math/rev/mat.hpp:4:
In file included from /usr/local/lib/R/3.4/site-library/StanHeaders/include/stan/math/rev/core.hpp:14:
In file included from /usr/local/lib/R/3.4/site-library/StanHeaders/include/stan/math/rev/core/matrix_vari.hpp:4:
In file included from /usr/local/lib/R/3.4/site-library/StanHeaders/include/stan/math/rev/mat/fun/Eigen_NumTraits.hpp:4:
In file included from /usr/local/lib/R/3.4/site-library/StanHeaders/include/stan/math/prim/mat/fun/Eigen.hpp:4:
In file included from /usr/local/lib/R/3.4/site-library/RcppEigen/include/Eigen/Dense:4:
In file included from /usr/local/lib/R/3.4/site-library/RcppEigen/include/Eigen/QR:17:
In file included from /usr/local/lib/R/3.4/site-library/RcppEigen/include/Eigen/Householder:27:
/usr/local/lib/R/3.4/site-library/RcppEigen/include/Eigen/src/Core/util/ReenableStupidWarnings.h:10:30: warning: pragma diagnostic pop could not pop, no matching push [-Wunknown-pragmas]
    #pragma clang diagnostic pop
                             ^
In file included from file1089d41d51969.cpp:8:
In file included from /usr/local/lib/R/3.4/site-library/StanHeaders/include/src/stan/model/model_header.hpp:4:
In file included from /usr/local/lib/R/3.4/site-library/StanHeaders/include/stan/math.hpp:4:
In file included from /usr/local/lib/R/3.4/site-library/StanHeaders/include/stan/math/rev/mat.hpp:4:
In file included from /usr/local/lib/R/3.4/site-library/StanHeaders/include/stan/math/rev/core.hpp:14:
In file included from /usr/local/lib/R/3.4/site-library/StanHeaders/include/stan/math/rev/core/matrix_vari.hpp:4:
In file included from /usr/local/lib/R/3.4/site-library/StanHeaders/include/stan/math/rev/mat/fun/Eigen_NumTraits.hpp:4:
In file included from /usr/local/lib/R/3.4/site-library/StanHeaders/include/stan/math/prim/mat/fun/Eigen.hpp:4:
In file included from /usr/local/lib/R/3.4/site-library/RcppEigen/include/Eigen/Dense:5:
In file included from /usr/local/lib/R/3.4/site-library/RcppEigen/include/Eigen/SVD:48:
/usr/local/lib/R/3.4/site-library/RcppEigen/include/Eigen/src/Core/util/ReenableStupidWarnings.h:10:30: warning: pragma diagnostic pop could not pop, no matching push [-Wunknown-pragmas]
    #pragma clang diagnostic pop
                             ^
In file included from file1089d41d51969.cpp:8:
In file included from /usr/local/lib/R/3.4/site-library/StanHeaders/include/src/stan/model/model_header.hpp:4:
In file included from /usr/local/lib/R/3.4/site-library/StanHeaders/include/stan/math.hpp:4:
In file included from /usr/local/lib/R/3.4/site-library/StanHeaders/include/stan/math/rev/mat.hpp:4:
In file included from /usr/local/lib/R/3.4/site-library/StanHeaders/include/stan/math/rev/core.hpp:14:
In file included from /usr/local/lib/R/3.4/site-library/StanHeaders/include/stan/math/rev/core/matrix_vari.hpp:4:
In file included from /usr/local/lib/R/3.4/site-library/StanHeaders/include/stan/math/rev/mat/fun/Eigen_NumTraits.hpp:4:
In file included from /usr/local/lib/R/3.4/site-library/StanHeaders/include/stan/math/prim/mat/fun/Eigen.hpp:4:
In file included from /usr/local/lib/R/3.4/site-library/RcppEigen/include/Eigen/Dense:6:
In file included from /usr/local/lib/R/3.4/site-library/RcppEigen/include/Eigen/Geometry:58:
/usr/local/lib/R/3.4/site-library/RcppEigen/include/Eigen/src/Core/util/ReenableStupidWarnings.h:10:30: warning: pragma diagnostic pop could not pop, no matching push [-Wunknown-pragmas]
    #pragma clang diagnostic pop
                             ^
In file included from file1089d41d51969.cpp:8:
In file included from /usr/local/lib/R/3.4/site-library/StanHeaders/include/src/stan/model/model_header.hpp:4:
In file included from /usr/local/lib/R/3.4/site-library/StanHeaders/include/stan/math.hpp:4:
In file included from /usr/local/lib/R/3.4/site-library/StanHeaders/include/stan/math/rev/mat.hpp:4:
In file included from /usr/local/lib/R/3.4/site-library/StanHeaders/include/stan/math/rev/core.hpp:14:
In file included from /usr/local/lib/R/3.4/site-library/StanHeaders/include/stan/math/rev/core/matrix_vari.hpp:4:
In file included from /usr/local/lib/R/3.4/site-library/StanHeaders/include/stan/math/rev/mat/fun/Eigen_NumTraits.hpp:4:
In file included from /usr/local/lib/R/3.4/site-library/StanHeaders/include/stan/math/prim/mat/fun/Eigen.hpp:4:
In file included from /usr/local/lib/R/3.4/site-library/RcppEigen/include/Eigen/Dense:7:
In file included from /usr/local/lib/R/3.4/site-library/RcppEigen/include/Eigen/Eigenvalues:58:
/usr/local/lib/R/3.4/site-library/RcppEigen/include/Eigen/src/Core/util/ReenableStupidWarnings.h:10:30: warning: pragma diagnostic pop could not pop, no matching push [-Wunknown-pragmas]
    #pragma clang diagnostic pop
                             ^
In file included from file1089d41d51969.cpp:8:
In file included from /usr/local/lib/R/3.4/site-library/StanHeaders/include/src/stan/model/model_header.hpp:4:
In file included from /usr/local/lib/R/3.4/site-library/StanHeaders/include/stan/math.hpp:4:
In file included from /usr/local/lib/R/3.4/site-library/StanHeaders/include/stan/math/rev/mat.hpp:12:
In file included from /usr/local/lib/R/3.4/site-library/StanHeaders/include/stan/math/prim/mat.hpp:83:
In file included from /usr/local/lib/R/3.4/site-library/StanHeaders/include/stan/math/prim/mat/fun/csr_extract_u.hpp:6:
In file included from /usr/local/lib/R/3.4/site-library/RcppEigen/include/Eigen/Sparse:26:
In file included from /usr/local/lib/R/3.4/site-library/RcppEigen/include/Eigen/SparseCore:66:
/usr/local/lib/R/3.4/site-library/RcppEigen/include/Eigen/src/Core/util/ReenableStupidWarnings.h:10:30: warning: pragma diagnostic pop could not pop, no matching push [-Wunknown-pragmas]
    #pragma clang diagnostic pop
                             ^
In file included from file1089d41d51969.cpp:8:
In file included from /usr/local/lib/R/3.4/site-library/StanHeaders/include/src/stan/model/model_header.hpp:4:
In file included from /usr/local/lib/R/3.4/site-library/StanHeaders/include/stan/math.hpp:4:
In file included from /usr/local/lib/R/3.4/site-library/StanHeaders/include/stan/math/rev/mat.hpp:12:
In file included from /usr/local/lib/R/3.4/site-library/StanHeaders/include/stan/math/prim/mat.hpp:83:
In file included from /usr/local/lib/R/3.4/site-library/StanHeaders/include/stan/math/prim/mat/fun/csr_extract_u.hpp:6:
In file included from /usr/local/lib/R/3.4/site-library/RcppEigen/include/Eigen/Sparse:27:
In file included from /usr/local/lib/R/3.4/site-library/RcppEigen/include/Eigen/OrderingMethods:71:
/usr/local/lib/R/3.4/site-library/RcppEigen/include/Eigen/src/Core/util/ReenableStupidWarnings.h:10:30: warning: pragma diagnostic pop could not pop, no matching push [-Wunknown-pragmas]
    #pragma clang diagnostic pop
                             ^
In file included from file1089d41d51969.cpp:8:
In file included from /usr/local/lib/R/3.4/site-library/StanHeaders/include/src/stan/model/model_header.hpp:4:
In file included from /usr/local/lib/R/3.4/site-library/StanHeaders/include/stan/math.hpp:4:
In file included from /usr/local/lib/R/3.4/site-library/StanHeaders/include/stan/math/rev/mat.hpp:12:
In file included from /usr/local/lib/R/3.4/site-library/StanHeaders/include/stan/math/prim/mat.hpp:83:
In file included from /usr/local/lib/R/3.4/site-library/StanHeaders/include/stan/math/prim/mat/fun/csr_extract_u.hpp:6:
In file included from /usr/local/lib/R/3.4/site-library/RcppEigen/include/Eigen/Sparse:29:
In file included from /usr/local/lib/R/3.4/site-library/RcppEigen/include/Eigen/SparseCholesky:43:
/usr/local/lib/R/3.4/site-library/RcppEigen/include/Eigen/src/Core/util/ReenableStupidWarnings.h:10:30: warning: pragma diagnostic pop could not pop, no matching push [-Wunknown-pragmas]
    #pragma clang diagnostic pop
                             ^
In file included from file1089d41d51969.cpp:8:
In file included from /usr/local/lib/R/3.4/site-library/StanHeaders/include/src/stan/model/model_header.hpp:4:
In file included from /usr/local/lib/R/3.4/site-library/StanHeaders/include/stan/math.hpp:4:
In file included from /usr/local/lib/R/3.4/site-library/StanHeaders/include/stan/math/rev/mat.hpp:12:
In file included from /usr/local/lib/R/3.4/site-library/StanHeaders/include/stan/math/prim/mat.hpp:83:
In file included from /usr/local/lib/R/3.4/site-library/StanHeaders/include/stan/math/prim/mat/fun/csr_extract_u.hpp:6:
In file included from /usr/local/lib/R/3.4/site-library/RcppEigen/include/Eigen/Sparse:32:
In file included from /usr/local/lib/R/3.4/site-library/RcppEigen/include/Eigen/SparseQR:35:
/usr/local/lib/R/3.4/site-library/RcppEigen/include/Eigen/src/Core/util/ReenableStupidWarnings.h:10:30: warning: pragma diagnostic pop could not pop, no matching push [-Wunknown-pragmas]
    #pragma clang diagnostic pop
                             ^
In file included from file1089d41d51969.cpp:8:
In file included from /usr/local/lib/R/3.4/site-library/StanHeaders/include/src/stan/model/model_header.hpp:4:
In file included from /usr/local/lib/R/3.4/site-library/StanHeaders/include/stan/math.hpp:4:
In file included from /usr/local/lib/R/3.4/site-library/StanHeaders/include/stan/math/rev/mat.hpp:12:
In file included from /usr/local/lib/R/3.4/site-library/StanHeaders/include/stan/math/prim/mat.hpp:83:
In file included from /usr/local/lib/R/3.4/site-library/StanHeaders/include/stan/math/prim/mat/fun/csr_extract_u.hpp:6:
In file included from /usr/local/lib/R/3.4/site-library/RcppEigen/include/Eigen/Sparse:33:
In file included from /usr/local/lib/R/3.4/site-library/RcppEigen/include/Eigen/IterativeLinearSolvers:46:
/usr/local/lib/R/3.4/site-library/RcppEigen/include/Eigen/src/Core/util/ReenableStupidWarnings.h:10:30: warning: pragma diagnostic pop could not pop, no matching push [-Wunknown-pragmas]
    #pragma clang diagnostic pop
                             ^
13 warnings generated.

SAMPLING FOR MODEL 'sitePL_LD_L3' NOW (CHAIN 1).

Gradient evaluation took 0.000173 seconds
1000 transitions using 10 leapfrog steps per transition would take 1.73 seconds.
Adjust your expectations accordingly!


WARNING: No variance estimation is
         performed for num_warmup < 20

Iteration: 1 / 1 [100%]  (Sampling)

 Elapsed Time: 2e-06 seconds (Warm-up)
               0.000492 seconds (Sampling)
               0.000494 seconds (Total)


SAMPLING FOR MODEL 'sitePL_LD_L3' NOW (CHAIN 1).

Gradient evaluation took 0.000294 seconds
1000 transitions using 10 leapfrog steps per transition would take 2.94 seconds.
Adjust your expectations accordingly!


Iteration:    1 / 3000 [  0%]  (Warmup)

SAMPLING FOR MODEL 'sitePL_LD_L3' NOW (CHAIN 2).

Gradient evaluation took 0.000299 seconds
1000 transitions using 10 leapfrog steps per transition would take 2.99 seconds.
Adjust your expectations accordingly!


Iteration:    1 / 3000 [  0%]  (Warmup)

SAMPLING FOR MODEL 'sitePL_LD_L3' NOW (CHAIN 3).

Gradient evaluation took 0.000296 seconds
1000 transitions using 10 leapfrog steps per transition would take 2.96 seconds.
Adjust your expectations accordingly!


Iteration:    1 / 3000 [  0%]  (Warmup)
Iteration:  300 / 3000 [ 10%]  (Warmup)
Iteration:  300 / 3000 [ 10%]  (Warmup)
Iteration:  600 / 3000 [ 20%]  (Warmup)
Iteration:  600 / 3000 [ 20%]  (Warmup)
Iteration:  300 / 3000 [ 10%]  (Warmup)
Iteration:  900 / 3000 [ 30%]  (Warmup)
Iteration: 1200 / 3000 [ 40%]  (Warmup)
Iteration:  900 / 3000 [ 30%]  (Warmup)
Iteration:  600 / 3000 [ 20%]  (Warmup)
Iteration:  900 / 3000 [ 30%]  (Warmup)
Iteration: 1200 / 3000 [ 40%]  (Warmup)
Iteration: 1200 / 3000 [ 40%]  (Warmup)
Iteration: 1500 / 3000 [ 50%]  (Warmup)
Iteration: 1500 / 3000 [ 50%]  (Warmup)
Iteration: 1500 / 3000 [ 50%]  (Warmup)
Iteration: 1800 / 3000 [ 60%]  (Warmup)
Iteration: 1800 / 3000 [ 60%]  (Warmup)
Iteration: 2100 / 3000 [ 70%]  (Warmup)
Iteration: 2100 / 3000 [ 70%]  (Warmup)
Iteration: 1800 / 3000 [ 60%]  (Warmup)
Iteration: 2400 / 3000 [ 80%]  (Warmup)
Iteration: 2501 / 3000 [ 83%]  (Sampling)
Iteration: 2400 / 3000 [ 80%]  (Warmup)
Iteration: 2100 / 3000 [ 70%]  (Warmup)
Iteration: 2501 / 3000 [ 83%]  (Sampling)
Iteration: 2800 / 3000 [ 93%]  (Sampling)
Iteration: 3000 / 3000 [100%]  (Sampling)

 Elapsed Time: 50.6939 seconds (Warm-up)
               3.0022 seconds (Sampling)
               53.6961 seconds (Total)

Iteration: 2800 / 3000 [ 93%]  (Sampling)
Iteration: 3000 / 3000 [100%]  (Sampling)

 Elapsed Time: 40.5044 seconds (Warm-up)
               24.3874 seconds (Sampling)
               64.8918 seconds (Total)

Iteration: 2400 / 3000 [ 80%]  (Warmup)
Iteration: 2501 / 3000 [ 83%]  (Sampling)
Iteration: 2800 / 3000 [ 93%]  (Sampling)
Iteration: 3000 / 3000 [100%]  (Sampling)

 Elapsed Time: 68.1244 seconds (Warm-up)
               10.798 seconds (Sampling)
               78.9224 seconds (Total)

