[1] "Model: sitePL"
[1] "Model dir: ./model/sitePL.stan"
[1] "Data: PA"
[1] "n_iter = 10000"
[1] "n_warm = 5000"
[1] "n_thin = 10"
[1] "n_chains = 3"
In file included from file1361a14e018ba.cpp:8:
In file included from /usr/local/lib/R/3.4/site-library/StanHeaders/include/src/stan/model/model_header.hpp:4:
In file included from /usr/local/lib/R/3.4/site-library/StanHeaders/include/stan/math.hpp:4:
In file included from /usr/local/lib/R/3.4/site-library/StanHeaders/include/stan/math/rev/mat.hpp:4:
In file included from /usr/local/lib/R/3.4/site-library/StanHeaders/include/stan/math/rev/core.hpp:14:
In file included from /usr/local/lib/R/3.4/site-library/StanHeaders/include/stan/math/rev/core/matrix_vari.hpp:4:
In file included from /usr/local/lib/R/3.4/site-library/StanHeaders/include/stan/math/rev/mat/fun/Eigen_NumTraits.hpp:4:
In file included from /usr/local/lib/R/3.4/site-library/StanHeaders/include/stan/math/prim/mat/fun/Eigen.hpp:4:
In file included from /usr/local/lib/R/3.4/site-library/RcppEigen/include/Eigen/Dense:1:
In file included from /usr/local/lib/R/3.4/site-library/RcppEigen/include/Eigen/Core:531:
/usr/local/lib/R/3.4/site-library/RcppEigen/include/Eigen/src/Core/util/ReenableStupidWarnings.h:10:30: warning: pragma diagnostic pop could not pop, no matching push [-Wunknown-pragmas]
    #pragma clang diagnostic pop
                             ^
In file included from file1361a14e018ba.cpp:8:
In file included from /usr/local/lib/R/3.4/site-library/StanHeaders/include/src/stan/model/model_header.hpp:4:
In file included from /usr/local/lib/R/3.4/site-library/StanHeaders/include/stan/math.hpp:4:
In file included from /usr/local/lib/R/3.4/site-library/StanHeaders/include/stan/math/rev/mat.hpp:4:
In file included from /usr/local/lib/R/3.4/site-library/StanHeaders/include/stan/math/rev/core.hpp:14:
In file included from /usr/local/lib/R/3.4/site-library/StanHeaders/include/stan/math/rev/core/matrix_vari.hpp:4:
In file included from /usr/local/lib/R/3.4/site-library/StanHeaders/include/stan/math/rev/mat/fun/Eigen_NumTraits.hpp:4:
In file included from /usr/local/lib/R/3.4/site-library/StanHeaders/include/stan/math/prim/mat/fun/Eigen.hpp:4:
In file included from /usr/local/lib/R/3.4/site-library/RcppEigen/include/Eigen/Dense:2:
In file included from /usr/local/lib/R/3.4/site-library/RcppEigen/include/Eigen/LU:47:
/usr/local/lib/R/3.4/site-library/RcppEigen/include/Eigen/src/Core/util/ReenableStupidWarnings.h:10:30: warning: pragma diagnostic pop could not pop, no matching push [-Wunknown-pragmas]
    #pragma clang diagnostic pop
                             ^
In file included from file1361a14e018ba.cpp:8:
In file included from /usr/local/lib/R/3.4/site-library/StanHeaders/include/src/stan/model/model_header.hpp:4:
In file included from /usr/local/lib/R/3.4/site-library/StanHeaders/include/stan/math.hpp:4:
In file included from /usr/local/lib/R/3.4/site-library/StanHeaders/include/stan/math/rev/mat.hpp:4:
In file included from /usr/local/lib/R/3.4/site-library/StanHeaders/include/stan/math/rev/core.hpp:14:
In file included from /usr/local/lib/R/3.4/site-library/StanHeaders/include/stan/math/rev/core/matrix_vari.hpp:4:
In file included from /usr/local/lib/R/3.4/site-library/StanHeaders/include/stan/math/rev/mat/fun/Eigen_NumTraits.hpp:4:
In file included from /usr/local/lib/R/3.4/site-library/StanHeaders/include/stan/math/prim/mat/fun/Eigen.hpp:4:
In file included from /usr/local/lib/R/3.4/site-library/RcppEigen/include/Eigen/Dense:3:
In file included from /usr/local/lib/R/3.4/site-library/RcppEigen/include/Eigen/Cholesky:12:
In file included from /usr/local/lib/R/3.4/site-library/RcppEigen/include/Eigen/Jacobi:29:
/usr/local/lib/R/3.4/site-library/RcppEigen/include/Eigen/src/Core/util/ReenableStupidWarnings.h:10:30: warning: pragma diagnostic pop could not pop, no matching push [-Wunknown-pragmas]
    #pragma clang diagnostic pop
                             ^
In file included from file1361a14e018ba.cpp:8:
In file included from /usr/local/lib/R/3.4/site-library/StanHeaders/include/src/stan/model/model_header.hpp:4:
In file included from /usr/local/lib/R/3.4/site-library/StanHeaders/include/stan/math.hpp:4:
In file included from /usr/local/lib/R/3.4/site-library/StanHeaders/include/stan/math/rev/mat.hpp:4:
In file included from /usr/local/lib/R/3.4/site-library/StanHeaders/include/stan/math/rev/core.hpp:14:
In file included from /usr/local/lib/R/3.4/site-library/StanHeaders/include/stan/math/rev/core/matrix_vari.hpp:4:
In file included from /usr/local/lib/R/3.4/site-library/StanHeaders/include/stan/math/rev/mat/fun/Eigen_NumTraits.hpp:4:
In file included from /usr/local/lib/R/3.4/site-library/StanHeaders/include/stan/math/prim/mat/fun/Eigen.hpp:4:
In file included from /usr/local/lib/R/3.4/site-library/RcppEigen/include/Eigen/Dense:3:
In file included from /usr/local/lib/R/3.4/site-library/RcppEigen/include/Eigen/Cholesky:43:
/usr/local/lib/R/3.4/site-library/RcppEigen/include/Eigen/src/Core/util/ReenableStupidWarnings.h:10:30: warning: pragma diagnostic pop could not pop, no matching push [-Wunknown-pragmas]
    #pragma clang diagnostic pop
                             ^
In file included from file1361a14e018ba.cpp:8:
In file included from /usr/local/lib/R/3.4/site-library/StanHeaders/include/src/stan/model/model_header.hpp:4:
In file included from /usr/local/lib/R/3.4/site-library/StanHeaders/include/stan/math.hpp:4:
In file included from /usr/local/lib/R/3.4/site-library/StanHeaders/include/stan/math/rev/mat.hpp:4:
In file included from /usr/local/lib/R/3.4/site-library/StanHeaders/include/stan/math/rev/core.hpp:14:
In file included from /usr/local/lib/R/3.4/site-library/StanHeaders/include/stan/math/rev/core/matrix_vari.hpp:4:
In file included from /usr/local/lib/R/3.4/site-library/StanHeaders/include/stan/math/rev/mat/fun/Eigen_NumTraits.hpp:4:
In file included from /usr/local/lib/R/3.4/site-library/StanHeaders/include/stan/math/prim/mat/fun/Eigen.hpp:4:
In file included from /usr/local/lib/R/3.4/site-library/RcppEigen/include/Eigen/Dense:4:
In file included from /usr/local/lib/R/3.4/site-library/RcppEigen/include/Eigen/QR:17:
In file included from /usr/local/lib/R/3.4/site-library/RcppEigen/include/Eigen/Householder:27:
/usr/local/lib/R/3.4/site-library/RcppEigen/include/Eigen/src/Core/util/ReenableStupidWarnings.h:10:30: warning: pragma diagnostic pop could not pop, no matching push [-Wunknown-pragmas]
    #pragma clang diagnostic pop
                             ^
In file included from file1361a14e018ba.cpp:8:
In file included from /usr/local/lib/R/3.4/site-library/StanHeaders/include/src/stan/model/model_header.hpp:4:
In file included from /usr/local/lib/R/3.4/site-library/StanHeaders/include/stan/math.hpp:4:
In file included from /usr/local/lib/R/3.4/site-library/StanHeaders/include/stan/math/rev/mat.hpp:4:
In file included from /usr/local/lib/R/3.4/site-library/StanHeaders/include/stan/math/rev/core.hpp:14:
In file included from /usr/local/lib/R/3.4/site-library/StanHeaders/include/stan/math/rev/core/matrix_vari.hpp:4:
In file included from /usr/local/lib/R/3.4/site-library/StanHeaders/include/stan/math/rev/mat/fun/Eigen_NumTraits.hpp:4:
In file included from /usr/local/lib/R/3.4/site-library/StanHeaders/include/stan/math/prim/mat/fun/Eigen.hpp:4:
In file included from /usr/local/lib/R/3.4/site-library/RcppEigen/include/Eigen/Dense:5:
In file included from /usr/local/lib/R/3.4/site-library/RcppEigen/include/Eigen/SVD:48:
/usr/local/lib/R/3.4/site-library/RcppEigen/include/Eigen/src/Core/util/ReenableStupidWarnings.h:10:30: warning: pragma diagnostic pop could not pop, no matching push [-Wunknown-pragmas]
    #pragma clang diagnostic pop
                             ^
In file included from file1361a14e018ba.cpp:8:
In file included from /usr/local/lib/R/3.4/site-library/StanHeaders/include/src/stan/model/model_header.hpp:4:
In file included from /usr/local/lib/R/3.4/site-library/StanHeaders/include/stan/math.hpp:4:
In file included from /usr/local/lib/R/3.4/site-library/StanHeaders/include/stan/math/rev/mat.hpp:4:
In file included from /usr/local/lib/R/3.4/site-library/StanHeaders/include/stan/math/rev/core.hpp:14:
In file included from /usr/local/lib/R/3.4/site-library/StanHeaders/include/stan/math/rev/core/matrix_vari.hpp:4:
In file included from /usr/local/lib/R/3.4/site-library/StanHeaders/include/stan/math/rev/mat/fun/Eigen_NumTraits.hpp:4:
In file included from /usr/local/lib/R/3.4/site-library/StanHeaders/include/stan/math/prim/mat/fun/Eigen.hpp:4:
In file included from /usr/local/lib/R/3.4/site-library/RcppEigen/include/Eigen/Dense:6:
In file included from /usr/local/lib/R/3.4/site-library/RcppEigen/include/Eigen/Geometry:58:
/usr/local/lib/R/3.4/site-library/RcppEigen/include/Eigen/src/Core/util/ReenableStupidWarnings.h:10:30: warning: pragma diagnostic pop could not pop, no matching push [-Wunknown-pragmas]
    #pragma clang diagnostic pop
                             ^
In file included from file1361a14e018ba.cpp:8:
In file included from /usr/local/lib/R/3.4/site-library/StanHeaders/include/src/stan/model/model_header.hpp:4:
In file included from /usr/local/lib/R/3.4/site-library/StanHeaders/include/stan/math.hpp:4:
In file included from /usr/local/lib/R/3.4/site-library/StanHeaders/include/stan/math/rev/mat.hpp:4:
In file included from /usr/local/lib/R/3.4/site-library/StanHeaders/include/stan/math/rev/core.hpp:14:
In file included from /usr/local/lib/R/3.4/site-library/StanHeaders/include/stan/math/rev/core/matrix_vari.hpp:4:
In file included from /usr/local/lib/R/3.4/site-library/StanHeaders/include/stan/math/rev/mat/fun/Eigen_NumTraits.hpp:4:
In file included from /usr/local/lib/R/3.4/site-library/StanHeaders/include/stan/math/prim/mat/fun/Eigen.hpp:4:
In file included from /usr/local/lib/R/3.4/site-library/RcppEigen/include/Eigen/Dense:7:
In file included from /usr/local/lib/R/3.4/site-library/RcppEigen/include/Eigen/Eigenvalues:58:
/usr/local/lib/R/3.4/site-library/RcppEigen/include/Eigen/src/Core/util/ReenableStupidWarnings.h:10:30: warning: pragma diagnostic pop could not pop, no matching push [-Wunknown-pragmas]
    #pragma clang diagnostic pop
                             ^
In file included from file1361a14e018ba.cpp:8:
In file included from /usr/local/lib/R/3.4/site-library/StanHeaders/include/src/stan/model/model_header.hpp:4:
In file included from /usr/local/lib/R/3.4/site-library/StanHeaders/include/stan/math.hpp:4:
In file included from /usr/local/lib/R/3.4/site-library/StanHeaders/include/stan/math/rev/mat.hpp:12:
In file included from /usr/local/lib/R/3.4/site-library/StanHeaders/include/stan/math/prim/mat.hpp:83:
In file included from /usr/local/lib/R/3.4/site-library/StanHeaders/include/stan/math/prim/mat/fun/csr_extract_u.hpp:6:
In file included from /usr/local/lib/R/3.4/site-library/RcppEigen/include/Eigen/Sparse:26:
In file included from /usr/local/lib/R/3.4/site-library/RcppEigen/include/Eigen/SparseCore:66:
/usr/local/lib/R/3.4/site-library/RcppEigen/include/Eigen/src/Core/util/ReenableStupidWarnings.h:10:30: warning: pragma diagnostic pop could not pop, no matching push [-Wunknown-pragmas]
    #pragma clang diagnostic pop
                             ^
In file included from file1361a14e018ba.cpp:8:
In file included from /usr/local/lib/R/3.4/site-library/StanHeaders/include/src/stan/model/model_header.hpp:4:
In file included from /usr/local/lib/R/3.4/site-library/StanHeaders/include/stan/math.hpp:4:
In file included from /usr/local/lib/R/3.4/site-library/StanHeaders/include/stan/math/rev/mat.hpp:12:
In file included from /usr/local/lib/R/3.4/site-library/StanHeaders/include/stan/math/prim/mat.hpp:83:
In file included from /usr/local/lib/R/3.4/site-library/StanHeaders/include/stan/math/prim/mat/fun/csr_extract_u.hpp:6:
In file included from /usr/local/lib/R/3.4/site-library/RcppEigen/include/Eigen/Sparse:27:
In file included from /usr/local/lib/R/3.4/site-library/RcppEigen/include/Eigen/OrderingMethods:71:
/usr/local/lib/R/3.4/site-library/RcppEigen/include/Eigen/src/Core/util/ReenableStupidWarnings.h:10:30: warning: pragma diagnostic pop could not pop, no matching push [-Wunknown-pragmas]
    #pragma clang diagnostic pop
                             ^
In file included from file1361a14e018ba.cpp:8:
In file included from /usr/local/lib/R/3.4/site-library/StanHeaders/include/src/stan/model/model_header.hpp:4:
In file included from /usr/local/lib/R/3.4/site-library/StanHeaders/include/stan/math.hpp:4:
In file included from /usr/local/lib/R/3.4/site-library/StanHeaders/include/stan/math/rev/mat.hpp:12:
In file included from /usr/local/lib/R/3.4/site-library/StanHeaders/include/stan/math/prim/mat.hpp:83:
In file included from /usr/local/lib/R/3.4/site-library/StanHeaders/include/stan/math/prim/mat/fun/csr_extract_u.hpp:6:
In file included from /usr/local/lib/R/3.4/site-library/RcppEigen/include/Eigen/Sparse:29:
In file included from /usr/local/lib/R/3.4/site-library/RcppEigen/include/Eigen/SparseCholesky:43:
/usr/local/lib/R/3.4/site-library/RcppEigen/include/Eigen/src/Core/util/ReenableStupidWarnings.h:10:30: warning: pragma diagnostic pop could not pop, no matching push [-Wunknown-pragmas]
    #pragma clang diagnostic pop
                             ^
In file included from file1361a14e018ba.cpp:8:
In file included from /usr/local/lib/R/3.4/site-library/StanHeaders/include/src/stan/model/model_header.hpp:4:
In file included from /usr/local/lib/R/3.4/site-library/StanHeaders/include/stan/math.hpp:4:
In file included from /usr/local/lib/R/3.4/site-library/StanHeaders/include/stan/math/rev/mat.hpp:12:
In file included from /usr/local/lib/R/3.4/site-library/StanHeaders/include/stan/math/prim/mat.hpp:83:
In file included from /usr/local/lib/R/3.4/site-library/StanHeaders/include/stan/math/prim/mat/fun/csr_extract_u.hpp:6:
In file included from /usr/local/lib/R/3.4/site-library/RcppEigen/include/Eigen/Sparse:32:
In file included from /usr/local/lib/R/3.4/site-library/RcppEigen/include/Eigen/SparseQR:35:
/usr/local/lib/R/3.4/site-library/RcppEigen/include/Eigen/src/Core/util/ReenableStupidWarnings.h:10:30: warning: pragma diagnostic pop could not pop, no matching push [-Wunknown-pragmas]
    #pragma clang diagnostic pop
                             ^
In file included from file1361a14e018ba.cpp:8:
In file included from /usr/local/lib/R/3.4/site-library/StanHeaders/include/src/stan/model/model_header.hpp:4:
In file included from /usr/local/lib/R/3.4/site-library/StanHeaders/include/stan/math.hpp:4:
In file included from /usr/local/lib/R/3.4/site-library/StanHeaders/include/stan/math/rev/mat.hpp:12:
In file included from /usr/local/lib/R/3.4/site-library/StanHeaders/include/stan/math/prim/mat.hpp:83:
In file included from /usr/local/lib/R/3.4/site-library/StanHeaders/include/stan/math/prim/mat/fun/csr_extract_u.hpp:6:
In file included from /usr/local/lib/R/3.4/site-library/RcppEigen/include/Eigen/Sparse:33:
In file included from /usr/local/lib/R/3.4/site-library/RcppEigen/include/Eigen/IterativeLinearSolvers:46:
/usr/local/lib/R/3.4/site-library/RcppEigen/include/Eigen/src/Core/util/ReenableStupidWarnings.h:10:30: warning: pragma diagnostic pop could not pop, no matching push [-Wunknown-pragmas]
    #pragma clang diagnostic pop
                             ^
13 warnings generated.

SAMPLING FOR MODEL 'sitePL' NOW (CHAIN 1).

Gradient evaluation took 0.000303 seconds
1000 transitions using 10 leapfrog steps per transition would take 3.03 seconds.
Adjust your expectations accordingly!


WARNING: No variance estimation is
         performed for num_warmup < 20

Iteration: 1 / 1 [100%]  (Sampling)

 Elapsed Time: 4e-06 seconds (Warm-up)
               0.000719 seconds (Sampling)
               0.000723 seconds (Total)


SAMPLING FOR MODEL 'sitePL' NOW (CHAIN 1).

Gradient evaluation took 0.000263 seconds
1000 transitions using 10 leapfrog steps per transition would take 2.63 seconds.
Adjust your expectations accordingly!


Iteration:    1 / 10000 [  0%]  (Warmup)

SAMPLING FOR MODEL 'sitePL' NOW (CHAIN 2).

Gradient evaluation took 0.000264 seconds
1000 transitions using 10 leapfrog steps per transition would take 2.64 seconds.
Adjust your expectations accordingly!


Iteration:    1 / 10000 [  0%]  (Warmup)

SAMPLING FOR MODEL 'sitePL' NOW (CHAIN 3).

Gradient evaluation took 0.00026 seconds
1000 transitions using 10 leapfrog steps per transition would take 2.6 seconds.
Adjust your expectations accordingly!


Iteration:    1 / 10000 [  0%]  (Warmup)
Iteration: 1000 / 10000 [ 10%]  (Warmup)
Iteration: 1000 / 10000 [ 10%]  (Warmup)
Iteration: 1000 / 10000 [ 10%]  (Warmup)
Iteration: 2000 / 10000 [ 20%]  (Warmup)
Iteration: 2000 / 10000 [ 20%]  (Warmup)
Iteration: 2000 / 10000 [ 20%]  (Warmup)
Iteration: 3000 / 10000 [ 30%]  (Warmup)
Iteration: 3000 / 10000 [ 30%]  (Warmup)
Iteration: 3000 / 10000 [ 30%]  (Warmup)
Iteration: 4000 / 10000 [ 40%]  (Warmup)
Iteration: 4000 / 10000 [ 40%]  (Warmup)
Iteration: 4000 / 10000 [ 40%]  (Warmup)
Iteration: 5000 / 10000 [ 50%]  (Warmup)
Iteration: 5001 / 10000 [ 50%]  (Sampling)
Iteration: 5000 / 10000 [ 50%]  (Warmup)
Iteration: 5001 / 10000 [ 50%]  (Sampling)
Iteration: 5000 / 10000 [ 50%]  (Warmup)
Iteration: 5001 / 10000 [ 50%]  (Sampling)
Iteration: 6000 / 10000 [ 60%]  (Sampling)
Iteration: 6000 / 10000 [ 60%]  (Sampling)
Iteration: 6000 / 10000 [ 60%]  (Sampling)
Iteration: 7000 / 10000 [ 70%]  (Sampling)
Iteration: 7000 / 10000 [ 70%]  (Sampling)
Iteration: 7000 / 10000 [ 70%]  (Sampling)
Iteration: 8000 / 10000 [ 80%]  (Sampling)
Iteration: 8000 / 10000 [ 80%]  (Sampling)
Iteration: 9000 / 10000 [ 90%]  (Sampling)
Iteration: 8000 / 10000 [ 80%]  (Sampling)
Iteration: 9000 / 10000 [ 90%]  (Sampling)
Iteration: 10000 / 10000 [100%]  (Sampling)

 Elapsed Time: 62.3069 seconds (Warm-up)
               44.5635 seconds (Sampling)
               106.87 seconds (Total)

Iteration: 9000 / 10000 [ 90%]  (Sampling)
Iteration: 10000 / 10000 [100%]  (Sampling)

 Elapsed Time: 62.1991 seconds (Warm-up)
               50.2338 seconds (Sampling)
               112.433 seconds (Total)

Iteration: 10000 / 10000 [100%]  (Sampling)

 Elapsed Time: 65.8444 seconds (Warm-up)
               54.4144 seconds (Sampling)
               120.259 seconds (Total)

