[1] "Model: sitePL_LD"
[1] "Model dir: ./model/sitePL_LD.stan"
[1] "Data: PA"
[1] "n_iter = 6000"
[1] "n_warm = 3000"
[1] "n_thin = 2"
[1] "n_chains = 3"

SAMPLING FOR MODEL 'sitePL_LD' NOW (CHAIN 1).

Gradient evaluation took 0.000174 seconds
1000 transitions using 10 leapfrog steps per transition would take 1.74 seconds.
Adjust your expectations accordingly!


WARNING: No variance estimation is
         performed for num_warmup < 20

Iteration: 1 / 1 [100%]  (Sampling)

 Elapsed Time: 2e-06 seconds (Warm-up)
               0.000472 seconds (Sampling)
               0.000474 seconds (Total)


SAMPLING FOR MODEL 'sitePL_LD' NOW (CHAIN 1).

Gradient evaluation took 0.000312 seconds
1000 transitions using 10 leapfrog steps per transition would take 3.12 seconds.
Adjust your expectations accordingly!


Iteration:    1 / 6000 [  0%]  (Warmup)

SAMPLING FOR MODEL 'sitePL_LD' NOW (CHAIN 2).

SAMPLING FOR MODEL 'sitePL_LD' NOW (CHAIN 3).

Gradient evaluation took 0.00055 seconds
1000 transitions using 10 leapfrog steps per transition would take 5.5 seconds.
Adjust your expectations accordingly!


Iteration:    1 / 6000 [  0%]  (Warmup)

Gradient evaluation took 0.000271 seconds
1000 transitions using 10 leapfrog steps per transition would take 2.71 seconds.
Adjust your expectations accordingly!


Iteration:    1 / 6000 [  0%]  (Warmup)
Iteration:  600 / 6000 [ 10%]  (Warmup)
Iteration:  600 / 6000 [ 10%]  (Warmup)
Iteration:  600 / 6000 [ 10%]  (Warmup)
Iteration: 1200 / 6000 [ 20%]  (Warmup)
Iteration: 1200 / 6000 [ 20%]  (Warmup)
Iteration: 1200 / 6000 [ 20%]  (Warmup)
Iteration: 1800 / 6000 [ 30%]  (Warmup)
Iteration: 1800 / 6000 [ 30%]  (Warmup)
Iteration: 1800 / 6000 [ 30%]  (Warmup)
Iteration: 2400 / 6000 [ 40%]  (Warmup)
Iteration: 2400 / 6000 [ 40%]  (Warmup)
Iteration: 2400 / 6000 [ 40%]  (Warmup)
Iteration: 3000 / 6000 [ 50%]  (Warmup)
Iteration: 3001 / 6000 [ 50%]  (Sampling)
Iteration: 3000 / 6000 [ 50%]  (Warmup)
Iteration: 3001 / 6000 [ 50%]  (Sampling)
Iteration: 3000 / 6000 [ 50%]  (Warmup)
Iteration: 3001 / 6000 [ 50%]  (Sampling)
Iteration: 3600 / 6000 [ 60%]  (Sampling)
Iteration: 3600 / 6000 [ 60%]  (Sampling)
Iteration: 3600 / 6000 [ 60%]  (Sampling)
Iteration: 4200 / 6000 [ 70%]  (Sampling)
Iteration: 4200 / 6000 [ 70%]  (Sampling)
Iteration: 4200 / 6000 [ 70%]  (Sampling)
Iteration: 4800 / 6000 [ 80%]  (Sampling)
Iteration: 4800 / 6000 [ 80%]  (Sampling)
Iteration: 4800 / 6000 [ 80%]  (Sampling)
Iteration: 5400 / 6000 [ 90%]  (Sampling)
Iteration: 5400 / 6000 [ 90%]  (Sampling)
Iteration: 5400 / 6000 [ 90%]  (Sampling)
Iteration: 6000 / 6000 [100%]  (Sampling)

 Elapsed Time: 40.1244 seconds (Warm-up)
               28.1446 seconds (Sampling)
               68.269 seconds (Total)

Iteration: 6000 / 6000 [100%]  (Sampling)

 Elapsed Time: 40.7415 seconds (Warm-up)
               28.0983 seconds (Sampling)
               68.8398 seconds (Total)

Iteration: 6000 / 6000 [100%]  (Sampling)

 Elapsed Time: 41.3028 seconds (Warm-up)
               28.2167 seconds (Sampling)
               69.5195 seconds (Total)

